2022/05/02 11:27:01 0 节点转变为Follower
2022/05/02 11:27:01 创建节点0成功
2022/05/02 11:27:01 1 节点转变为Follower
2022/05/02 11:27:01 创建节点1成功
2022/05/02 11:27:01 2 节点转变为Follower
2022/05/02 11:27:01 创建节点2成功
Test (2A): initial election ...
2022/05/02 11:27:02 1 节点转变为Candidate
2022/05/02 11:27:02 1 开始竞选
2022/05/02 11:27:02 2 节点转变为Follower
2022/05/02 11:27:02 0 节点转变为Follower
2022/05/02 11:27:02 1 节点转变为Leader
  ... Passed --   3.1  3   60   16216    0
2022/05/02 11:27:05 0 节点转变为Follower
2022/05/02 11:27:05 创建节点0成功
2022/05/02 11:27:05 1 节点转变为Follower
2022/05/02 11:27:05 创建节点1成功
2022/05/02 11:27:05 2 节点转变为Follower
2022/05/02 11:27:05 创建节点2成功
Test (2A): election after network failure ...
2022/05/02 11:27:05 0 节点转变为Candidate
2022/05/02 11:27:05 0 开始竞选
2022/05/02 11:27:05 1 节点转变为Candidate
2022/05/02 11:27:05 1 开始竞选
2022/05/02 11:27:05 2 节点转变为Follower
2022/05/02 11:27:05 0 节点转变为Follower
2022/05/02 11:27:05 1 节点转变为Leader
2022/05/02 11:27:05 2 节点转变为Candidate
2022/05/02 11:27:05 2 开始竞选
2022/05/02 11:27:05 2 节点转变为Candidate
2022/05/02 11:27:05 2 开始竞选
2022/05/02 11:27:05 2 节点转变为Candidate
2022/05/02 11:27:05 2 开始竞选
2022/05/02 11:27:05 2 节点转变为Candidate
2022/05/02 11:27:05 2 开始竞选
2022/05/02 11:27:05 0 节点转变为Candidate
2022/05/02 11:27:05 0 开始竞选
2022/05/02 11:27:05 0 节点转变为Candidate
2022/05/02 11:27:05 0 开始竞选
2022/05/02 11:27:05 2 节点转变为Candidate
2022/05/02 11:27:05 2 开始竞选
2022/05/02 11:27:05 0 节点转变为Candidate
2022/05/02 11:27:05 0 开始竞选
2022/05/02 11:27:05 2 节点转变为Candidate
2022/05/02 11:27:05 2 开始竞选
2022/05/02 11:27:06 0 节点转变为Candidate
2022/05/02 11:27:06 0 开始竞选
2022/05/02 11:27:06 2 节点转变为Candidate
2022/05/02 11:27:06 2 开始竞选
2022/05/02 11:27:06 2 节点转变为Candidate
2022/05/02 11:27:06 2 开始竞选
2022/05/02 11:27:06 0 节点转变为Candidate
2022/05/02 11:27:06 0 开始竞选
2022/05/02 11:27:06 0 节点转变为Candidate
2022/05/02 11:27:06 0 开始竞选
2022/05/02 11:27:06 2 节点转变为Candidate
2022/05/02 11:27:06 2 开始竞选
2022/05/02 11:27:06 0 节点转变为Candidate
2022/05/02 11:27:06 0 开始竞选
2022/05/02 11:27:06 2 节点转变为Candidate
2022/05/02 11:27:06 2 开始竞选
2022/05/02 11:27:06 0 节点转变为Candidate
2022/05/02 11:27:06 0 开始竞选
2022/05/02 11:27:06 2 节点转变为Candidate
2022/05/02 11:27:06 2 开始竞选
2022/05/02 11:27:06 2 节点转变为Candidate
2022/05/02 11:27:06 2 开始竞选
2022/05/02 11:27:06 0 节点转变为Candidate
2022/05/02 11:27:06 0 开始竞选
2022/05/02 11:27:06 2 节点转变为Candidate
2022/05/02 11:27:06 2 开始竞选
2022/05/02 11:27:06 0 节点转变为Candidate
2022/05/02 11:27:06 0 开始竞选
2022/05/02 11:27:07 0 节点转变为Candidate
2022/05/02 11:27:07 0 开始竞选
2022/05/02 11:27:07 2 节点转变为Candidate
2022/05/02 11:27:07 2 开始竞选
2022/05/02 11:27:07 2 节点转变为Candidate
2022/05/02 11:27:07 2 开始竞选
2022/05/02 11:27:07 0 节点转变为Candidate
2022/05/02 11:27:07 0 开始竞选
2022/05/02 11:27:07 2 节点转变为Candidate
2022/05/02 11:27:07 2 开始竞选
2022/05/02 11:27:07 0 节点转变为Candidate
2022/05/02 11:27:07 0 开始竞选
2022/05/02 11:27:07 2 节点转变为Candidate
2022/05/02 11:27:07 2 开始竞选
2022/05/02 11:27:07 0 节点转变为Candidate
2022/05/02 11:27:07 0 开始竞选
2022/05/02 11:27:07 0 节点转变为Candidate
2022/05/02 11:27:07 0 开始竞选
2022/05/02 11:27:07 2 节点转变为Candidate
2022/05/02 11:27:07 2 开始竞选
2022/05/02 11:27:07 0 节点转变为Candidate
2022/05/02 11:27:07 0 开始竞选
2022/05/02 11:27:07 2 节点转变为Candidate
2022/05/02 11:27:07 2 开始竞选
2022/05/02 11:27:07 0 节点转变为Candidate
2022/05/02 11:27:07 0 开始竞选
2022/05/02 11:27:08 2 节点转变为Candidate
2022/05/02 11:27:08 2 开始竞选
2022/05/02 11:27:08 0 节点转变为Candidate
2022/05/02 11:27:08 0 开始竞选
2022/05/02 11:27:08 0 节点转变为Candidate
2022/05/02 11:27:08 2 节点转变为Candidate
2022/05/02 11:27:08 0 开始竞选
2022/05/02 11:27:08 2 开始竞选
2022/05/02 11:27:08 2 节点转变为Candidate
2022/05/02 11:27:08 2 开始竞选
2022/05/02 11:27:08 0 节点转变为Candidate
2022/05/02 11:27:08 0 开始竞选
2022/05/02 11:27:08 2 节点转变为Candidate
2022/05/02 11:27:08 2 开始竞选
2022/05/02 11:27:08 0 节点转变为Candidate
2022/05/02 11:27:08 0 开始竞选
2022/05/02 11:27:08 0 节点转变为Candidate
2022/05/02 11:27:08 0 开始竞选
2022/05/02 11:27:08 2 节点转变为Candidate
2022/05/02 11:27:08 2 开始竞选
2022/05/02 11:27:08 0 节点转变为Candidate
2022/05/02 11:27:08 0 开始竞选
2022/05/02 11:27:08 2 节点转变为Candidate
2022/05/02 11:27:08 2 开始竞选
2022/05/02 11:27:09 0 节点转变为Candidate
2022/05/02 11:27:09 0 开始竞选
2022/05/02 11:27:09 2 节点转变为Candidate
2022/05/02 11:27:09 2 开始竞选
2022/05/02 11:27:09 0 节点转变为Candidate
2022/05/02 11:27:09 0 开始竞选
2022/05/02 11:27:09 2 节点转变为Candidate
2022/05/02 11:27:09 2 开始竞选
2022/05/02 11:27:09 0 节点转变为Candidate
2022/05/02 11:27:09 0 开始竞选
2022/05/02 11:27:09 2 节点转变为Candidate
2022/05/02 11:27:09 2 开始竞选
2022/05/02 11:27:09 0 节点转变为Candidate
2022/05/02 11:27:09 0 开始竞选
2022/05/02 11:27:09 2 节点转变为Candidate
2022/05/02 11:27:09 2 开始竞选
2022/05/02 11:27:09 0 节点转变为Candidate
2022/05/02 11:27:09 0 开始竞选
2022/05/02 11:27:09 2 节点转变为Candidate
2022/05/02 11:27:09 2 开始竞选
2022/05/02 11:27:09 0 节点转变为Candidate
2022/05/02 11:27:09 0 开始竞选
2022/05/02 11:27:09 2 节点转变为Candidate
2022/05/02 11:27:09 2 开始竞选
2022/05/02 11:27:09 2 节点转变为Candidate
2022/05/02 11:27:09 2 开始竞选
2022/05/02 11:27:09 0 节点转变为Candidate
2022/05/02 11:27:09 0 开始竞选
2022/05/02 11:27:10 0 节点转变为Candidate
2022/05/02 11:27:10 0 开始竞选
2022/05/02 11:27:10 2 节点转变为Candidate
2022/05/02 11:27:10 2 开始竞选
2022/05/02 11:27:10 0 节点转变为Candidate
2022/05/02 11:27:10 0 开始竞选
2022/05/02 11:27:10 2 节点转变为Candidate
2022/05/02 11:27:10 2 开始竞选
2022/05/02 11:27:10 0 节点转变为Candidate
2022/05/02 11:27:10 0 开始竞选
2022/05/02 11:27:10 2 节点转变为Candidate
2022/05/02 11:27:10 2 开始竞选
2022/05/02 11:27:10 0 节点转变为Candidate
2022/05/02 11:27:10 0 开始竞选
2022/05/02 11:27:10 2 节点转变为Candidate
2022/05/02 11:27:10 2 开始竞选
--- FAIL: TestReElection2A (5.54s)
    config.go:460: expected one leader, got none
2022/05/02 11:27:10 0 节点转变为Follower
2022/05/02 11:27:10 创建节点0成功
2022/05/02 11:27:10 1 节点转变为Follower
2022/05/02 11:27:10 创建节点1成功
2022/05/02 11:27:10 2 节点转变为Follower
2022/05/02 11:27:10 创建节点2成功
2022/05/02 11:27:10 3 节点转变为Follower
2022/05/02 11:27:10 创建节点3成功
2022/05/02 11:27:10 4 节点转变为Follower
2022/05/02 11:27:10 创建节点4成功
2022/05/02 11:27:10 5 节点转变为Follower
2022/05/02 11:27:10 创建节点5成功
2022/05/02 11:27:10 6 节点转变为Follower
2022/05/02 11:27:10 创建节点6成功
Test (2A): multiple elections ...
2022/05/02 11:27:10 0 节点转变为Candidate
2022/05/02 11:27:10 0 开始竞选
2022/05/02 11:27:10 2 节点转变为Candidate
2022/05/02 11:27:10 2 开始竞选
2022/05/02 11:27:10 0 节点转变为Candidate
2022/05/02 11:27:10 0 开始竞选
2022/05/02 11:27:10 4 节点转变为Follower
2022/05/02 11:27:10 6 节点转变为Follower
2022/05/02 11:27:10 2 节点转变为Follower
2022/05/02 11:27:10 3 节点转变为Follower
2022/05/02 11:27:10 1 节点转变为Follower
2022/05/02 11:27:10 0 节点转变为Leader
2022/05/02 11:27:10 5 节点转变为Follower
2022/05/02 11:27:10 5 节点转变为Candidate
2022/05/02 11:27:10 5 开始竞选
2022/05/02 11:27:10 1 节点转变为Candidate
2022/05/02 11:27:10 1 开始竞选
2022/05/02 11:27:10 1 节点转变为Candidate
2022/05/02 11:27:10 1 开始竞选
2022/05/02 11:27:10 5 节点转变为Candidate
2022/05/02 11:27:10 5 开始竞选
2022/05/02 11:27:11 5 节点转变为Candidate
2022/05/02 11:27:11 5 开始竞选
2022/05/02 11:27:11 1 节点转变为Candidate
2022/05/02 11:27:11 1 开始竞选
2022/05/02 11:27:11 6 节点转变为Candidate
2022/05/02 11:27:11 6 开始竞选
2022/05/02 11:27:11 3 节点转变为Candidate
2022/05/02 11:27:11 3 开始竞选
2022/05/02 11:27:11 2 节点转变为Candidate
2022/05/02 11:27:11 2 开始竞选
2022/05/02 11:27:11 4 节点转变为Candidate
2022/05/02 11:27:11 4 开始竞选
2022/05/02 11:27:11 1 节点转变为Candidate
2022/05/02 11:27:11 1 开始竞选
2022/05/02 11:27:11 5 节点转变为Candidate
2022/05/02 11:27:11 5 开始竞选
2022/05/02 11:27:11 3 节点转变为Candidate
2022/05/02 11:27:11 3 开始竞选
2022/05/02 11:27:11 2 节点转变为Candidate
2022/05/02 11:27:11 2 开始竞选
2022/05/02 11:27:11 6 节点转变为Candidate
2022/05/02 11:27:11 6 开始竞选
2022/05/02 11:27:11 4 节点转变为Candidate
2022/05/02 11:27:11 4 开始竞选
2022/05/02 11:27:11 1 节点转变为Candidate
2022/05/02 11:27:11 1 开始竞选
2022/05/02 11:27:11 5 节点转变为Candidate
2022/05/02 11:27:11 5 开始竞选
2022/05/02 11:27:11 3 节点转变为Candidate
2022/05/02 11:27:11 3 开始竞选
2022/05/02 11:27:11 2 节点转变为Candidate
2022/05/02 11:27:11 2 开始竞选
2022/05/02 11:27:11 4 节点转变为Candidate
2022/05/02 11:27:11 4 开始竞选
2022/05/02 11:27:11 1 节点转变为Candidate
2022/05/02 11:27:11 1 开始竞选
2022/05/02 11:27:11 6 节点转变为Candidate
2022/05/02 11:27:11 6 开始竞选
2022/05/02 11:27:11 5 节点转变为Candidate
2022/05/02 11:27:11 5 开始竞选
2022/05/02 11:27:11 2 节点转变为Candidate
2022/05/02 11:27:11 2 开始竞选
2022/05/02 11:27:11 6 节点转变为Candidate
2022/05/02 11:27:11 6 开始竞选
2022/05/02 11:27:11 3 节点转变为Candidate
2022/05/02 11:27:11 3 开始竞选
2022/05/02 11:27:11 1 节点转变为Candidate
2022/05/02 11:27:11 1 开始竞选
2022/05/02 11:27:11 5 节点转变为Candidate
2022/05/02 11:27:11 5 开始竞选
2022/05/02 11:27:11 4 节点转变为Candidate
2022/05/02 11:27:11 4 开始竞选
2022/05/02 11:27:11 6 节点转变为Candidate
2022/05/02 11:27:11 6 开始竞选
2022/05/02 11:27:11 2 节点转变为Candidate
2022/05/02 11:27:11 2 开始竞选
2022/05/02 11:27:11 1 节点转变为Candidate
2022/05/02 11:27:11 1 开始竞选
2022/05/02 11:27:11 5 节点转变为Candidate
2022/05/02 11:27:11 5 开始竞选
2022/05/02 11:27:11 3 节点转变为Candidate
2022/05/02 11:27:11 3 开始竞选
2022/05/02 11:27:11 4 节点转变为Candidate
2022/05/02 11:27:11 4 开始竞选
2022/05/02 11:27:11 6 节点转变为Candidate
2022/05/02 11:27:11 6 开始竞选
2022/05/02 11:27:11 1 节点转变为Candidate
2022/05/02 11:27:11 1 开始竞选
2022/05/02 11:27:11 3 节点转变为Candidate
2022/05/02 11:27:11 3 开始竞选
2022/05/02 11:27:11 2 节点转变为Candidate
2022/05/02 11:27:11 2 开始竞选
2022/05/02 11:27:11 4 节点转变为Candidate
2022/05/02 11:27:11 4 开始竞选
2022/05/02 11:27:11 6 节点转变为Candidate
2022/05/02 11:27:11 6 开始竞选
2022/05/02 11:27:11 5 节点转变为Candidate
2022/05/02 11:27:11 5 开始竞选
2022/05/02 11:27:11 1 节点转变为Candidate
2022/05/02 11:27:11 1 开始竞选
2022/05/02 11:27:12 4 节点转变为Candidate
2022/05/02 11:27:12 4 开始竞选
2022/05/02 11:27:12 3 节点转变为Candidate
2022/05/02 11:27:12 3 开始竞选
2022/05/02 11:27:12 2 节点转变为Candidate
2022/05/02 11:27:12 2 开始竞选
2022/05/02 11:27:12 1 节点转变为Candidate
2022/05/02 11:27:12 1 开始竞选
2022/05/02 11:27:12 5 节点转变为Candidate
2022/05/02 11:27:12 5 开始竞选
2022/05/02 11:27:12 6 节点转变为Candidate
2022/05/02 11:27:12 6 开始竞选
2022/05/02 11:27:12 3 节点转变为Candidate
2022/05/02 11:27:12 3 开始竞选
2022/05/02 11:27:12 4 节点转变为Candidate
2022/05/02 11:27:12 4 开始竞选
2022/05/02 11:27:12 2 节点转变为Candidate
2022/05/02 11:27:12 2 开始竞选
2022/05/02 11:27:12 1 节点转变为Candidate
2022/05/02 11:27:12 1 开始竞选
2022/05/02 11:27:12 6 节点转变为Candidate
2022/05/02 11:27:12 6 开始竞选
2022/05/02 11:27:12 3 节点转变为Candidate
2022/05/02 11:27:12 3 开始竞选
2022/05/02 11:27:12 4 节点转变为Candidate
2022/05/02 11:27:12 4 开始竞选
2022/05/02 11:27:12 5 节点转变为Candidate
2022/05/02 11:27:12 5 开始竞选
2022/05/02 11:27:12 1 节点转变为Candidate
2022/05/02 11:27:12 1 开始竞选
2022/05/02 11:27:12 2 节点转变为Candidate
2022/05/02 11:27:12 2 开始竞选
2022/05/02 11:27:12 3 节点转变为Candidate
2022/05/02 11:27:12 3 开始竞选
2022/05/02 11:27:12 6 节点转变为Candidate
2022/05/02 11:27:12 6 开始竞选
2022/05/02 11:27:12 5 节点转变为Candidate
2022/05/02 11:27:12 5 开始竞选
2022/05/02 11:27:12 4 节点转变为Candidate
2022/05/02 11:27:12 4 开始竞选
2022/05/02 11:27:12 1 节点转变为Candidate
2022/05/02 11:27:12 1 开始竞选
2022/05/02 11:27:12 3 节点转变为Candidate
2022/05/02 11:27:12 3 开始竞选
2022/05/02 11:27:12 5 节点转变为Candidate
2022/05/02 11:27:12 5 开始竞选
2022/05/02 11:27:12 2 节点转变为Candidate
2022/05/02 11:27:12 2 开始竞选
2022/05/02 11:27:12 6 节点转变为Candidate
2022/05/02 11:27:12 6 开始竞选
2022/05/02 11:27:12 4 节点转变为Candidate
2022/05/02 11:27:12 4 开始竞选
2022/05/02 11:27:12 3 节点转变为Candidate
2022/05/02 11:27:12 3 开始竞选
2022/05/02 11:27:12 1 节点转变为Candidate
2022/05/02 11:27:12 1 开始竞选
2022/05/02 11:27:12 2 节点转变为Candidate
2022/05/02 11:27:12 2 开始竞选
2022/05/02 11:27:12 5 节点转变为Candidate
2022/05/02 11:27:12 5 开始竞选
2022/05/02 11:27:12 4 节点转变为Candidate
2022/05/02 11:27:12 4 开始竞选
2022/05/02 11:27:12 6 节点转变为Candidate
2022/05/02 11:27:12 6 开始竞选
2022/05/02 11:27:12 1 节点转变为Candidate
2022/05/02 11:27:12 1 开始竞选
2022/05/02 11:27:12 3 节点转变为Candidate
2022/05/02 11:27:12 3 开始竞选
2022/05/02 11:27:12 5 节点转变为Candidate
2022/05/02 11:27:12 5 开始竞选
2022/05/02 11:27:12 2 节点转变为Candidate
2022/05/02 11:27:12 2 开始竞选
2022/05/02 11:27:12 6 节点转变为Candidate
2022/05/02 11:27:12 6 开始竞选
2022/05/02 11:27:12 4 节点转变为Candidate
2022/05/02 11:27:12 4 开始竞选
2022/05/02 11:27:13 1 节点转变为Candidate
2022/05/02 11:27:13 1 开始竞选
2022/05/02 11:27:13 3 节点转变为Candidate
2022/05/02 11:27:13 3 开始竞选
2022/05/02 11:27:13 6 节点转变为Candidate
2022/05/02 11:27:13 6 开始竞选
2022/05/02 11:27:13 5 节点转变为Candidate
2022/05/02 11:27:13 5 开始竞选
2022/05/02 11:27:13 2 节点转变为Candidate
2022/05/02 11:27:13 2 开始竞选
2022/05/02 11:27:13 4 节点转变为Candidate
2022/05/02 11:27:13 4 开始竞选
2022/05/02 11:27:13 3 节点转变为Candidate
2022/05/02 11:27:13 3 开始竞选
2022/05/02 11:27:13 2 节点转变为Candidate
2022/05/02 11:27:13 2 开始竞选
2022/05/02 11:27:13 1 节点转变为Candidate
2022/05/02 11:27:13 1 开始竞选
2022/05/02 11:27:13 6 节点转变为Candidate
2022/05/02 11:27:13 6 开始竞选
2022/05/02 11:27:13 5 节点转变为Candidate
2022/05/02 11:27:13 5 开始竞选
2022/05/02 11:27:13 4 节点转变为Candidate
2022/05/02 11:27:13 4 开始竞选
2022/05/02 11:27:13 1 节点转变为Candidate
2022/05/02 11:27:13 1 开始竞选
2022/05/02 11:27:13 3 节点转变为Candidate
2022/05/02 11:27:13 3 开始竞选
2022/05/02 11:27:13 2 节点转变为Candidate
2022/05/02 11:27:13 2 开始竞选
2022/05/02 11:27:13 5 节点转变为Candidate
2022/05/02 11:27:13 5 开始竞选
2022/05/02 11:27:13 6 节点转变为Candidate
2022/05/02 11:27:13 6 开始竞选
2022/05/02 11:27:13 4 节点转变为Candidate
2022/05/02 11:27:13 4 开始竞选
2022/05/02 11:27:13 1 节点转变为Candidate
2022/05/02 11:27:13 1 开始竞选
2022/05/02 11:27:13 2 节点转变为Candidate
2022/05/02 11:27:13 2 开始竞选
2022/05/02 11:27:13 3 节点转变为Candidate
2022/05/02 11:27:13 3 开始竞选
2022/05/02 11:27:13 5 节点转变为Candidate
2022/05/02 11:27:13 5 开始竞选
2022/05/02 11:27:13 4 节点转变为Candidate
2022/05/02 11:27:13 4 开始竞选
2022/05/02 11:27:13 1 节点转变为Candidate
2022/05/02 11:27:13 1 开始竞选
2022/05/02 11:27:13 6 节点转变为Candidate
2022/05/02 11:27:13 6 开始竞选
2022/05/02 11:27:13 3 节点转变为Candidate
2022/05/02 11:27:13 3 开始竞选
2022/05/02 11:27:13 4 节点转变为Candidate
2022/05/02 11:27:13 4 开始竞选
2022/05/02 11:27:13 2 节点转变为Candidate
2022/05/02 11:27:13 2 开始竞选
2022/05/02 11:27:13 5 节点转变为Candidate
2022/05/02 11:27:13 5 开始竞选
2022/05/02 11:27:13 1 节点转变为Candidate
2022/05/02 11:27:13 1 开始竞选
2022/05/02 11:27:13 6 节点转变为Candidate
2022/05/02 11:27:13 6 开始竞选
2022/05/02 11:27:13 3 节点转变为Candidate
2022/05/02 11:27:13 3 开始竞选
2022/05/02 11:27:13 4 节点转变为Candidate
2022/05/02 11:27:13 4 开始竞选
2022/05/02 11:27:13 1 节点转变为Candidate
2022/05/02 11:27:13 1 开始竞选
2022/05/02 11:27:13 5 节点转变为Candidate
2022/05/02 11:27:13 5 开始竞选
2022/05/02 11:27:13 2 节点转变为Candidate
2022/05/02 11:27:13 2 开始竞选
2022/05/02 11:27:13 6 节点转变为Candidate
2022/05/02 11:27:13 6 开始竞选
2022/05/02 11:27:13 4 节点转变为Candidate
2022/05/02 11:27:13 4 开始竞选
2022/05/02 11:27:13 3 节点转变为Candidate
2022/05/02 11:27:13 3 开始竞选
2022/05/02 11:27:13 5 节点转变为Candidate
2022/05/02 11:27:13 5 开始竞选
2022/05/02 11:27:14 6 节点转变为Candidate
2022/05/02 11:27:14 6 开始竞选
2022/05/02 11:27:14 1 节点转变为Candidate
2022/05/02 11:27:14 1 开始竞选
2022/05/02 11:27:14 2 节点转变为Candidate
2022/05/02 11:27:14 2 开始竞选
2022/05/02 11:27:14 4 节点转变为Candidate
2022/05/02 11:27:14 4 开始竞选
2022/05/02 11:27:14 3 节点转变为Candidate
2022/05/02 11:27:14 3 开始竞选
2022/05/02 11:27:14 5 节点转变为Candidate
2022/05/02 11:27:14 5 开始竞选
2022/05/02 11:27:14 2 节点转变为Candidate
2022/05/02 11:27:14 2 开始竞选
2022/05/02 11:27:14 4 节点转变为Candidate
2022/05/02 11:27:14 4 开始竞选
2022/05/02 11:27:14 1 节点转变为Candidate
2022/05/02 11:27:14 1 开始竞选
2022/05/02 11:27:14 6 节点转变为Candidate
2022/05/02 11:27:14 6 开始竞选
2022/05/02 11:27:14 5 节点转变为Candidate
2022/05/02 11:27:14 5 开始竞选
2022/05/02 11:27:14 3 节点转变为Candidate
2022/05/02 11:27:14 3 开始竞选
2022/05/02 11:27:14 2 节点转变为Candidate
2022/05/02 11:27:14 2 开始竞选
2022/05/02 11:27:14 4 节点转变为Candidate
2022/05/02 11:27:14 4 开始竞选
2022/05/02 11:27:14 1 节点转变为Candidate
2022/05/02 11:27:14 1 开始竞选
2022/05/02 11:27:14 3 节点转变为Candidate
2022/05/02 11:27:14 3 开始竞选
2022/05/02 11:27:14 6 节点转变为Candidate
2022/05/02 11:27:14 6 开始竞选
2022/05/02 11:27:14 5 节点转变为Candidate
2022/05/02 11:27:14 5 开始竞选
2022/05/02 11:27:14 4 节点转变为Candidate
2022/05/02 11:27:14 4 开始竞选
2022/05/02 11:27:14 2 节点转变为Candidate
2022/05/02 11:27:14 2 开始竞选
2022/05/02 11:27:14 6 节点转变为Candidate
2022/05/02 11:27:14 6 开始竞选
2022/05/02 11:27:14 3 节点转变为Candidate
2022/05/02 11:27:14 3 开始竞选
2022/05/02 11:27:14 1 节点转变为Candidate
2022/05/02 11:27:14 1 开始竞选
2022/05/02 11:27:14 5 节点转变为Candidate
2022/05/02 11:27:14 5 开始竞选
2022/05/02 11:27:14 4 节点转变为Candidate
2022/05/02 11:27:14 4 开始竞选
2022/05/02 11:27:14 2 节点转变为Candidate
2022/05/02 11:27:14 2 开始竞选
2022/05/02 11:27:14 5 节点转变为Candidate
2022/05/02 11:27:14 5 开始竞选
2022/05/02 11:27:14 6 节点转变为Candidate
2022/05/02 11:27:14 6 开始竞选
2022/05/02 11:27:14 3 节点转变为Candidate
2022/05/02 11:27:14 3 开始竞选
2022/05/02 11:27:14 1 节点转变为Candidate
2022/05/02 11:27:14 1 开始竞选
2022/05/02 11:27:14 5 节点转变为Candidate
2022/05/02 11:27:14 5 开始竞选
2022/05/02 11:27:14 2 节点转变为Candidate
2022/05/02 11:27:14 2 开始竞选
2022/05/02 11:27:14 4 节点转变为Candidate
2022/05/02 11:27:14 4 开始竞选
2022/05/02 11:27:14 6 节点转变为Candidate
2022/05/02 11:27:14 6 开始竞选
2022/05/02 11:27:14 1 节点转变为Candidate
2022/05/02 11:27:14 1 开始竞选
2022/05/02 11:27:14 3 节点转变为Candidate
2022/05/02 11:27:14 3 开始竞选
2022/05/02 11:27:14 4 节点转变为Candidate
2022/05/02 11:27:14 4 开始竞选
2022/05/02 11:27:14 2 节点转变为Candidate
2022/05/02 11:27:14 2 开始竞选
2022/05/02 11:27:14 5 节点转变为Candidate
2022/05/02 11:27:14 5 开始竞选
2022/05/02 11:27:14 6 节点转变为Candidate
2022/05/02 11:27:14 6 开始竞选
2022/05/02 11:27:15 1 节点转变为Candidate
2022/05/02 11:27:15 1 开始竞选
2022/05/02 11:27:15 3 节点转变为Candidate
2022/05/02 11:27:15 3 开始竞选
2022/05/02 11:27:15 4 节点转变为Candidate
2022/05/02 11:27:15 4 开始竞选
2022/05/02 11:27:15 5 节点转变为Candidate
2022/05/02 11:27:15 5 开始竞选
2022/05/02 11:27:15 2 节点转变为Candidate
2022/05/02 11:27:15 2 开始竞选
2022/05/02 11:27:15 6 节点转变为Candidate
2022/05/02 11:27:15 6 开始竞选
2022/05/02 11:27:15 1 节点转变为Candidate
2022/05/02 11:27:15 1 开始竞选
2022/05/02 11:27:15 5 节点转变为Candidate
2022/05/02 11:27:15 5 开始竞选
2022/05/02 11:27:15 4 节点转变为Candidate
2022/05/02 11:27:15 4 开始竞选
2022/05/02 11:27:15 3 节点转变为Candidate
2022/05/02 11:27:15 3 开始竞选
2022/05/02 11:27:15 2 节点转变为Candidate
2022/05/02 11:27:15 2 开始竞选
2022/05/02 11:27:15 6 节点转变为Candidate
2022/05/02 11:27:15 6 开始竞选
2022/05/02 11:27:15 1 节点转变为Candidate
2022/05/02 11:27:15 1 开始竞选
2022/05/02 11:27:15 5 节点转变为Candidate
2022/05/02 11:27:15 5 开始竞选
2022/05/02 11:27:15 3 节点转变为Candidate
2022/05/02 11:27:15 3 开始竞选
2022/05/02 11:27:15 2 节点转变为Candidate
2022/05/02 11:27:15 2 开始竞选
2022/05/02 11:27:15 4 节点转变为Candidate
2022/05/02 11:27:15 4 开始竞选
2022/05/02 11:27:15 1 节点转变为Candidate
2022/05/02 11:27:15 1 开始竞选
2022/05/02 11:27:15 6 节点转变为Candidate
2022/05/02 11:27:15 6 开始竞选
2022/05/02 11:27:15 5 节点转变为Candidate
2022/05/02 11:27:15 5 开始竞选
2022/05/02 11:27:15 4 节点转变为Candidate
2022/05/02 11:27:15 4 开始竞选
2022/05/02 11:27:15 3 节点转变为Candidate
2022/05/02 11:27:15 3 开始竞选
2022/05/02 11:27:15 2 节点转变为Candidate
2022/05/02 11:27:15 2 开始竞选
2022/05/02 11:27:15 6 节点转变为Candidate
2022/05/02 11:27:15 6 开始竞选
2022/05/02 11:27:15 1 节点转变为Candidate
2022/05/02 11:27:15 1 开始竞选
2022/05/02 11:27:15 5 节点转变为Candidate
2022/05/02 11:27:15 5 开始竞选
2022/05/02 11:27:15 3 节点转变为Candidate
2022/05/02 11:27:15 3 开始竞选
2022/05/02 11:27:15 4 节点转变为Candidate
2022/05/02 11:27:15 4 开始竞选
2022/05/02 11:27:15 5 节点转变为Candidate
2022/05/02 11:27:15 5 开始竞选
2022/05/02 11:27:15 2 节点转变为Candidate
2022/05/02 11:27:15 2 开始竞选
2022/05/02 11:27:15 1 节点转变为Candidate
2022/05/02 11:27:15 1 开始竞选
2022/05/02 11:27:15 6 节点转变为Candidate
2022/05/02 11:27:15 6 开始竞选
2022/05/02 11:27:15 3 节点转变为Candidate
2022/05/02 11:27:15 3 开始竞选
2022/05/02 11:27:15 2 节点转变为Candidate
2022/05/02 11:27:15 2 开始竞选
2022/05/02 11:27:15 6 节点转变为Candidate
2022/05/02 11:27:15 6 开始竞选
2022/05/02 11:27:15 5 节点转变为Candidate
2022/05/02 11:27:15 5 开始竞选
2022/05/02 11:27:15 4 节点转变为Candidate
2022/05/02 11:27:15 4 开始竞选
2022/05/02 11:27:15 3 节点转变为Candidate
2022/05/02 11:27:15 3 开始竞选
2022/05/02 11:27:15 1 节点转变为Candidate
2022/05/02 11:27:15 1 开始竞选
2022/05/02 11:27:16 2 节点转变为Candidate
2022/05/02 11:27:16 2 开始竞选
2022/05/02 11:27:16 5 节点转变为Candidate
2022/05/02 11:27:16 5 开始竞选
2022/05/02 11:27:16 3 节点转变为Candidate
2022/05/02 11:27:16 3 开始竞选
--- FAIL: TestManyElections2A (5.51s)
    config.go:460: expected one leader, got none
FAIL
exit status 1
FAIL	6.824/raft	14.121s
