2022/05/03 19:34:25 0 节点转变为Follower
2022/05/03 19:34:25 0 任期为1 重置心跳超时时间 为 343000000
2022/05/03 19:34:25 创建节点0成功
2022/05/03 19:34:25 1 节点转变为Follower
2022/05/03 19:34:25 1 任期为1 重置心跳超时时间 为 290000000
2022/05/03 19:34:25 创建节点1成功
2022/05/03 19:34:25 2 节点转变为Follower
2022/05/03 19:34:25 2 任期为1 重置心跳超时时间 为 374000000
2022/05/03 19:34:25 创建节点2成功
Test (2A): initial election ...
2022/05/03 19:34:26 1 心跳超时 290000000,转换为Candidate
2022/05/03 19:34:26 1 节点转变为Candidate
2022/05/03 19:34:26 1 任期为2 重置选举超时时间 为 309000000
2022/05/03 19:34:26 1 开始竞选
2022/05/03 19:34:26 2 节点转变为Follower
2022/05/03 19:34:26 0 节点转变为Follower
2022/05/03 19:34:26 0 任期为2 重置心跳超时时间 为 292000000
2022/05/03 19:34:26 2 任期为2 重置心跳超时时间 为 355000000
2022/05/03 19:34:26 1 节点转变为Leader
2022/05/03 19:34:26 2 收到心跳
2022/05/03 19:34:26 2 任期为2 重置心跳超时时间 为 358000000
2022/05/03 19:34:26 0 收到心跳
2022/05/03 19:34:26 0 任期为2 重置心跳超时时间 为 253000000
2022/05/03 19:34:26 0 心跳超时 253000000,转换为Candidate
2022/05/03 19:34:26 0 节点转变为Candidate
2022/05/03 19:34:26 0 任期为3 重置选举超时时间 为 246000000
2022/05/03 19:34:26 0 开始竞选
--- FAIL: TestInitialElection2A (0.60s)
    config.go:473: servers disagree on term
2022/05/03 19:34:26 0 节点转变为Follower
2022/05/03 19:34:26 0 任期为1 重置心跳超时时间 为 314000000
2022/05/03 19:34:26 创建节点0成功
2022/05/03 19:34:26 1 节点转变为Follower
2022/05/03 19:34:26 1 任期为1 重置心跳超时时间 为 216000000
2022/05/03 19:34:26 创建节点1成功
2022/05/03 19:34:26 2 节点转变为Follower
2022/05/03 19:34:26 2 任期为1 重置心跳超时时间 为 358000000
2022/05/03 19:34:26 创建节点2成功
Test (2A): election after network failure ...
2022/05/03 19:34:26 1 选举超时,开始新一轮选举
2022/05/03 19:34:26 2 心跳超时 358000000,转换为Candidate
2022/05/03 19:34:26 2 节点转变为Candidate
2022/05/03 19:34:26 2 任期为3 重置选举超时时间 为 240000000
2022/05/03 19:34:26 2 开始竞选
2022/05/03 19:34:26 0 选举超时,开始新一轮选举
2022/05/03 19:34:26 0 节点转变为Candidate
2022/05/03 19:34:26 0 任期为4 重置选举超时时间 为 286000000
2022/05/03 19:34:26 0 开始竞选
2022/05/03 19:34:26 1 心跳超时 216000000,转换为Candidate
2022/05/03 19:34:26 1 节点转变为Candidate
2022/05/03 19:34:26 1 任期为2 重置选举超时时间 为 326000000
2022/05/03 19:34:26 1 开始竞选
2022/05/03 19:34:26 0 节点转变为Follower
2022/05/03 19:34:26 2 节点转变为Follower
2022/05/03 19:34:26 2 任期为2 重置心跳超时时间 为 230000000
2022/05/03 19:34:26 0 任期为2 重置心跳超时时间 为 269000000
2022/05/03 19:34:26 1 节点转变为Leader
2022/05/03 19:34:26 0 收到心跳
2022/05/03 19:34:26 2 收到心跳
2022/05/03 19:34:26 0 任期为2 重置心跳超时时间 为 356000000
2022/05/03 19:34:26 2 任期为2 重置心跳超时时间 为 318000000
2022/05/03 19:34:27 2 心跳超时 318000000,转换为Candidate
2022/05/03 19:34:27 2 节点转变为Candidate
2022/05/03 19:34:27 2 任期为3 重置选举超时时间 为 332000000
2022/05/03 19:34:27 2 开始竞选
2022/05/03 19:34:27 1 选举超时,开始新一轮选举
2022/05/03 19:34:27 0 心跳超时 356000000,转换为Candidate
2022/05/03 19:34:27 0 节点转变为Candidate
2022/05/03 19:34:27 0 任期为3 重置选举超时时间 为 387000000
2022/05/03 19:34:27 0 开始竞选
2022/05/03 19:34:27 1 发送心跳
2022/05/03 19:34:27 1 发送心跳
2022/05/03 19:34:27 1 发送心跳
2022/05/03 19:34:27 2 选举超时,开始新一轮选举
2022/05/03 19:34:27 2 节点转变为Candidate
2022/05/03 19:34:27 2 任期为4 重置选举超时时间 为 224000000
2022/05/03 19:34:27 2 开始竞选
2022/05/03 19:34:27 1 发送心跳
2022/05/03 19:34:27 0 选举超时,开始新一轮选举
2022/05/03 19:34:27 0 节点转变为Candidate
2022/05/03 19:34:27 0 任期为4 重置选举超时时间 为 335000000
2022/05/03 19:34:27 0 开始竞选
2022/05/03 19:34:27 1 发送心跳
2022/05/03 19:34:27 2 选举超时,开始新一轮选举
2022/05/03 19:34:27 2 节点转变为Candidate
2022/05/03 19:34:27 2 任期为5 重置选举超时时间 为 297000000
2022/05/03 19:34:27 2 开始竞选
2022/05/03 19:34:27 1 发送心跳
2022/05/03 19:34:27 1 发送心跳
2022/05/03 19:34:27 0 选举超时,开始新一轮选举
2022/05/03 19:34:27 0 节点转变为Candidate
2022/05/03 19:34:27 0 任期为5 重置选举超时时间 为 366000000
2022/05/03 19:34:27 0 开始竞选
2022/05/03 19:34:27 1 发送心跳
2022/05/03 19:34:27 2 选举超时,开始新一轮选举
2022/05/03 19:34:27 2 节点转变为Candidate
2022/05/03 19:34:27 2 任期为6 重置选举超时时间 为 298000000
2022/05/03 19:34:27 2 开始竞选
2022/05/03 19:34:28 1 发送心跳
2022/05/03 19:34:28 1 发送心跳
2022/05/03 19:34:28 1 发送心跳
2022/05/03 19:34:28 0 选举超时,开始新一轮选举
2022/05/03 19:34:28 0 节点转变为Candidate
2022/05/03 19:34:28 0 任期为6 重置选举超时时间 为 323000000
2022/05/03 19:34:28 0 开始竞选
2022/05/03 19:34:28 2 选举超时,开始新一轮选举
2022/05/03 19:34:28 2 节点转变为Candidate
2022/05/03 19:34:28 2 任期为7 重置选举超时时间 为 347000000
2022/05/03 19:34:28 2 开始竞选
2022/05/03 19:34:28 1 发送心跳
2022/05/03 19:34:28 1 发送心跳
2022/05/03 19:34:28 1 发送心跳
2022/05/03 19:34:28 0 选举超时,开始新一轮选举
2022/05/03 19:34:28 0 节点转变为Candidate
2022/05/03 19:34:28 0 任期为7 重置选举超时时间 为 258000000
2022/05/03 19:34:28 0 开始竞选
2022/05/03 19:34:28 2 选举超时,开始新一轮选举
2022/05/03 19:34:28 2 节点转变为Candidate
2022/05/03 19:34:28 2 任期为8 重置选举超时时间 为 267000000
2022/05/03 19:34:28 2 开始竞选
2022/05/03 19:34:28 1 发送心跳
2022/05/03 19:34:28 1 发送心跳
2022/05/03 19:34:28 0 选举超时,开始新一轮选举
2022/05/03 19:34:28 0 节点转变为Candidate
2022/05/03 19:34:28 0 任期为8 重置选举超时时间 为 250000000
2022/05/03 19:34:28 0 开始竞选
2022/05/03 19:34:28 1 发送心跳
2022/05/03 19:34:28 2 选举超时,开始新一轮选举
2022/05/03 19:34:28 2 节点转变为Candidate
2022/05/03 19:34:28 2 任期为9 重置选举超时时间 为 359000000
2022/05/03 19:34:28 2 开始竞选
2022/05/03 19:34:28 1 发送心跳
2022/05/03 19:34:29 1 发送心跳
2022/05/03 19:34:29 0 选举超时,开始新一轮选举
2022/05/03 19:34:29 0 节点转变为Candidate
2022/05/03 19:34:29 0 任期为9 重置选举超时时间 为 347000000
2022/05/03 19:34:29 0 开始竞选
2022/05/03 19:34:29 1 发送心跳
2022/05/03 19:34:29 1 发送心跳
2022/05/03 19:34:29 2 选举超时,开始新一轮选举
2022/05/03 19:34:29 2 节点转变为Candidate
2022/05/03 19:34:29 2 任期为10 重置选举超时时间 为 314000000
2022/05/03 19:34:29 2 开始竞选
2022/05/03 19:34:29 1 发送心跳
2022/05/03 19:34:29 0 选举超时,开始新一轮选举
2022/05/03 19:34:29 0 节点转变为Candidate
2022/05/03 19:34:29 0 任期为10 重置选举超时时间 为 297000000
2022/05/03 19:34:29 0 开始竞选
2022/05/03 19:34:29 1 发送心跳
2022/05/03 19:34:29 1 发送心跳
2022/05/03 19:34:29 2 选举超时,开始新一轮选举
2022/05/03 19:34:29 2 节点转变为Candidate
2022/05/03 19:34:29 2 任期为11 重置选举超时时间 为 363000000
2022/05/03 19:34:29 2 开始竞选
2022/05/03 19:34:29 1 发送心跳
2022/05/03 19:34:29 0 选举超时,开始新一轮选举
2022/05/03 19:34:29 0 节点转变为Candidate
2022/05/03 19:34:29 0 任期为11 重置选举超时时间 为 259000000
2022/05/03 19:34:29 0 开始竞选
2022/05/03 19:34:29 1 发送心跳
2022/05/03 19:34:29 1 发送心跳
2022/05/03 19:34:29 2 选举超时,开始新一轮选举
2022/05/03 19:34:29 2 节点转变为Candidate
2022/05/03 19:34:29 2 任期为12 重置选举超时时间 为 211000000
2022/05/03 19:34:29 2 开始竞选
2022/05/03 19:34:29 1 发送心跳
2022/05/03 19:34:29 0 选举超时,开始新一轮选举
2022/05/03 19:34:29 0 节点转变为Candidate
2022/05/03 19:34:29 0 任期为12 重置选举超时时间 为 369000000
2022/05/03 19:34:29 0 开始竞选
2022/05/03 19:34:30 1 发送心跳
2022/05/03 19:34:30 2 选举超时,开始新一轮选举
2022/05/03 19:34:30 2 节点转变为Candidate
2022/05/03 19:34:30 2 任期为13 重置选举超时时间 为 231000000
2022/05/03 19:34:30 2 开始竞选
2022/05/03 19:34:30 1 发送心跳
2022/05/03 19:34:30 1 发送心跳
2022/05/03 19:34:30 1 发送心跳
2022/05/03 19:34:30 0 选举超时,开始新一轮选举
2022/05/03 19:34:30 0 节点转变为Candidate
2022/05/03 19:34:30 0 任期为13 重置选举超时时间 为 344000000
2022/05/03 19:34:30 0 开始竞选
2022/05/03 19:34:30 2 选举超时,开始新一轮选举
2022/05/03 19:34:30 2 节点转变为Candidate
2022/05/03 19:34:30 2 任期为14 重置选举超时时间 为 339000000
2022/05/03 19:34:30 2 开始竞选
2022/05/03 19:34:30 1 发送心跳
2022/05/03 19:34:30 1 发送心跳
2022/05/03 19:34:30 1 发送心跳
2022/05/03 19:34:30 0 选举超时,开始新一轮选举
2022/05/03 19:34:30 0 节点转变为Candidate
2022/05/03 19:34:30 0 任期为14 重置选举超时时间 为 322000000
2022/05/03 19:34:30 0 开始竞选
2022/05/03 19:34:30 2 选举超时,开始新一轮选举
2022/05/03 19:34:30 2 节点转变为Candidate
2022/05/03 19:34:30 2 任期为15 重置选举超时时间 为 233000000
2022/05/03 19:34:30 2 开始竞选
2022/05/03 19:34:30 1 发送心跳
2022/05/03 19:34:30 1 发送心跳
2022/05/03 19:34:30 2 选举超时,开始新一轮选举
2022/05/03 19:34:30 2 节点转变为Candidate
2022/05/03 19:34:30 2 任期为16 重置选举超时时间 为 247000000
2022/05/03 19:34:30 2 开始竞选
2022/05/03 19:34:30 1 发送心跳
2022/05/03 19:34:30 0 选举超时,开始新一轮选举
2022/05/03 19:34:30 0 节点转变为Candidate
2022/05/03 19:34:30 0 任期为15 重置选举超时时间 为 353000000
2022/05/03 19:34:30 0 开始竞选
2022/05/03 19:34:31 1 发送心跳
2022/05/03 19:34:31 1 发送心跳
2022/05/03 19:34:31 2 选举超时,开始新一轮选举
2022/05/03 19:34:31 2 节点转变为Candidate
2022/05/03 19:34:31 2 任期为17 重置选举超时时间 为 315000000
2022/05/03 19:34:31 2 开始竞选
2022/05/03 19:34:31 1 发送心跳
2022/05/03 19:34:31 1 发送心跳
2022/05/03 19:34:31 0 选举超时,开始新一轮选举
2022/05/03 19:34:31 0 节点转变为Candidate
2022/05/03 19:34:31 0 任期为16 重置选举超时时间 为 289000000
2022/05/03 19:34:31 0 开始竞选
2022/05/03 19:34:31 1 发送心跳
2022/05/03 19:34:31 2 选举超时,开始新一轮选举
2022/05/03 19:34:31 2 节点转变为Candidate
2022/05/03 19:34:31 2 任期为18 重置选举超时时间 为 247000000
2022/05/03 19:34:31 2 开始竞选
2022/05/03 19:34:31 1 发送心跳
2022/05/03 19:34:31 1 发送心跳
2022/05/03 19:34:31 0 选举超时,开始新一轮选举
2022/05/03 19:34:31 0 节点转变为Candidate
2022/05/03 19:34:31 0 任期为17 重置选举超时时间 为 359000000
2022/05/03 19:34:31 0 开始竞选
2022/05/03 19:34:31 2 选举超时,开始新一轮选举
2022/05/03 19:34:31 2 节点转变为Candidate
2022/05/03 19:34:31 2 任期为19 重置选举超时时间 为 311000000
2022/05/03 19:34:31 2 开始竞选
2022/05/03 19:34:31 1 发送心跳
2022/05/03 19:34:31 1 发送心跳
2022/05/03 19:34:31 1 发送心跳
2022/05/03 19:34:31 0 选举超时,开始新一轮选举
2022/05/03 19:34:31 0 节点转变为Candidate
2022/05/03 19:34:31 0 任期为18 重置选举超时时间 为 216000000
2022/05/03 19:34:31 0 开始竞选
2022/05/03 19:34:32 1 发送心跳
2022/05/03 19:34:32 2 选举超时,开始新一轮选举
2022/05/03 19:34:32 2 节点转变为Candidate
2022/05/03 19:34:32 2 任期为20 重置选举超时时间 为 226000000
2022/05/03 19:34:32 2 开始竞选
--- FAIL: TestReElection2A (5.55s)
    config.go:460: expected one leader, got none
2022/05/03 19:34:32 0 节点转变为Follower
2022/05/03 19:34:32 0 任期为1 重置心跳超时时间 为 285000000
2022/05/03 19:34:32 创建节点0成功
2022/05/03 19:34:32 1 节点转变为Follower
2022/05/03 19:34:32 1 任期为1 重置心跳超时时间 为 253000000
2022/05/03 19:34:32 创建节点1成功
2022/05/03 19:34:32 2 节点转变为Follower
2022/05/03 19:34:32 2 任期为1 重置心跳超时时间 为 210000000
2022/05/03 19:34:32 创建节点2成功
2022/05/03 19:34:32 3 节点转变为Follower
2022/05/03 19:34:32 3 任期为1 重置心跳超时时间 为 399000000
2022/05/03 19:34:32 创建节点3成功
2022/05/03 19:34:32 4 节点转变为Follower
2022/05/03 19:34:32 4 任期为1 重置心跳超时时间 为 280000000
2022/05/03 19:34:32 创建节点4成功
2022/05/03 19:34:32 5 节点转变为Follower
2022/05/03 19:34:32 5 任期为1 重置心跳超时时间 为 377000000
2022/05/03 19:34:32 创建节点5成功
2022/05/03 19:34:32 6 节点转变为Follower
2022/05/03 19:34:32 6 任期为1 重置心跳超时时间 为 270000000
2022/05/03 19:34:32 创建节点6成功
Test (2A): multiple elections ...
2022/05/03 19:34:32 1 发送心跳
2022/05/03 19:34:32 0 选举超时,开始新一轮选举
2022/05/03 19:34:32 0 节点转变为Candidate
2022/05/03 19:34:32 0 任期为19 重置选举超时时间 为 286000000
2022/05/03 19:34:32 0 开始竞选
2022/05/03 19:34:32 2 选举超时,开始新一轮选举
2022/05/03 19:34:32 2 节点转变为Candidate
2022/05/03 19:34:32 2 任期为21 重置选举超时时间 为 372000000
2022/05/03 19:34:32 2 开始竞选
2022/05/03 19:34:32 2 心跳超时 210000000,转换为Candidate
2022/05/03 19:34:32 2 节点转变为Candidate
2022/05/03 19:34:32 2 任期为2 重置选举超时时间 为 238000000
2022/05/03 19:34:32 2 开始竞选
2022/05/03 19:34:32 6 节点转变为Follower
2022/05/03 19:34:32 1 节点转变为Follower
2022/05/03 19:34:32 3 节点转变为Follower
2022/05/03 19:34:32 6 任期为2 重置心跳超时时间 为 360000000
2022/05/03 19:34:32 0 节点转变为Follower
2022/05/03 19:34:32 4 节点转变为Follower
2022/05/03 19:34:32 3 任期为2 重置心跳超时时间 为 254000000
2022/05/03 19:34:32 5 节点转变为Follower
2022/05/03 19:34:32 1 任期为2 重置心跳超时时间 为 237000000
2022/05/03 19:34:32 2 节点转变为Leader
2022/05/03 19:34:32 4 任期为2 重置心跳超时时间 为 235000000
2022/05/03 19:34:32 0 任期为2 重置心跳超时时间 为 291000000
2022/05/03 19:34:32 5 任期为2 重置心跳超时时间 为 267000000
2022/05/03 19:34:32 3 收到心跳
2022/05/03 19:34:32 4 收到心跳
2022/05/03 19:34:32 6 收到心跳
2022/05/03 19:34:32 4 任期为2 重置心跳超时时间 为 233000000
2022/05/03 19:34:32 3 任期为2 重置心跳超时时间 为 395000000
2022/05/03 19:34:32 1 收到心跳
2022/05/03 19:34:32 0 收到心跳
2022/05/03 19:34:32 6 任期为2 重置心跳超时时间 为 335000000
2022/05/03 19:34:32 0 任期为2 重置心跳超时时间 为 266000000
2022/05/03 19:34:32 1 任期为2 重置心跳超时时间 为 322000000
2022/05/03 19:34:32 5 收到心跳
2022/05/03 19:34:32 5 任期为2 重置心跳超时时间 为 346000000
2022/05/03 19:34:32 4 心跳超时 233000000,转换为Candidate
2022/05/03 19:34:32 4 节点转变为Candidate
2022/05/03 19:34:32 4 任期为3 重置选举超时时间 为 261000000
2022/05/03 19:34:32 4 开始竞选
2022/05/03 19:34:32 2 选举超时,开始新一轮选举
2022/05/03 19:34:32 6 收到心跳
2022/05/03 19:34:32 3 收到心跳
2022/05/03 19:34:32 3 任期为2 重置心跳超时时间 为 318000000
2022/05/03 19:34:32 0 收到心跳
2022/05/03 19:34:32 6 任期为2 重置心跳超时时间 为 292000000
2022/05/03 19:34:32 1 收到心跳
2022/05/03 19:34:32 5 收到心跳
2022/05/03 19:34:32 1 任期为2 重置心跳超时时间 为 352000000
2022/05/03 19:34:32 5 任期为2 重置心跳超时时间 为 376000000
2022/05/03 19:34:32 0 任期为2 重置心跳超时时间 为 211000000
2022/05/03 19:34:32 2 发送心跳
2022/05/03 19:34:32 2 发送心跳
2022/05/03 19:34:32 0 心跳超时 211000000,转换为Candidate
2022/05/03 19:34:32 0 节点转变为Candidate
2022/05/03 19:34:32 0 任期为3 重置选举超时时间 为 239000000
2022/05/03 19:34:32 0 开始竞选
2022/05/03 19:34:32 4 选举超时,开始新一轮选举
2022/05/03 19:34:32 4 节点转变为Candidate
2022/05/03 19:34:32 4 任期为4 重置选举超时时间 为 228000000
2022/05/03 19:34:32 4 开始竞选
2022/05/03 19:34:32 6 心跳超时 292000000,转换为Candidate
2022/05/03 19:34:32 6 节点转变为Candidate
2022/05/03 19:34:32 6 任期为3 重置选举超时时间 为 398000000
2022/05/03 19:34:32 6 开始竞选
2022/05/03 19:34:32 2 发送心跳
2022/05/03 19:34:32 3 心跳超时 318000000,转换为Candidate
2022/05/03 19:34:32 3 节点转变为Candidate
2022/05/03 19:34:32 3 任期为3 重置选举超时时间 为 231000000
2022/05/03 19:34:32 3 开始竞选
2022/05/03 19:34:32 1 心跳超时 352000000,转换为Candidate
2022/05/03 19:34:32 1 节点转变为Candidate
2022/05/03 19:34:32 1 任期为3 重置选举超时时间 为 361000000
2022/05/03 19:34:32 1 开始竞选
2022/05/03 19:34:32 5 心跳超时 376000000,转换为Candidate
2022/05/03 19:34:32 5 节点转变为Candidate
2022/05/03 19:34:32 5 任期为3 重置选举超时时间 为 335000000
2022/05/03 19:34:32 5 开始竞选
2022/05/03 19:34:32 2 发送心跳
2022/05/03 19:34:33 0 选举超时,开始新一轮选举
2022/05/03 19:34:33 0 节点转变为Candidate
2022/05/03 19:34:33 0 任期为4 重置选举超时时间 为 325000000
2022/05/03 19:34:33 0 开始竞选
2022/05/03 19:34:33 4 选举超时,开始新一轮选举
2022/05/03 19:34:33 4 节点转变为Candidate
2022/05/03 19:34:33 4 任期为5 重置选举超时时间 为 213000000
2022/05/03 19:34:33 4 开始竞选
2022/05/03 19:34:33 2 发送心跳
2022/05/03 19:34:33 3 选举超时,开始新一轮选举
2022/05/03 19:34:33 3 节点转变为Candidate
2022/05/03 19:34:33 3 任期为4 重置选举超时时间 为 352000000
2022/05/03 19:34:33 3 开始竞选
2022/05/03 19:34:33 2 发送心跳
2022/05/03 19:34:33 6 选举超时,开始新一轮选举
2022/05/03 19:34:33 6 节点转变为Candidate
2022/05/03 19:34:33 6 任期为4 重置选举超时时间 为 240000000
2022/05/03 19:34:33 6 开始竞选
2022/05/03 19:34:33 4 选举超时,开始新一轮选举
2022/05/03 19:34:33 4 节点转变为Candidate
2022/05/03 19:34:33 4 任期为6 重置选举超时时间 为 207000000
2022/05/03 19:34:33 4 开始竞选
2022/05/03 19:34:33 2 发送心跳
2022/05/03 19:34:33 5 选举超时,开始新一轮选举
2022/05/03 19:34:33 5 节点转变为Candidate
2022/05/03 19:34:33 5 任期为4 重置选举超时时间 为 239000000
2022/05/03 19:34:33 5 开始竞选
2022/05/03 19:34:33 1 选举超时,开始新一轮选举
2022/05/03 19:34:33 1 节点转变为Candidate
2022/05/03 19:34:33 1 任期为4 重置选举超时时间 为 288000000
2022/05/03 19:34:33 1 开始竞选
2022/05/03 19:34:33 0 选举超时,开始新一轮选举
2022/05/03 19:34:33 0 节点转变为Candidate
2022/05/03 19:34:33 0 任期为5 重置选举超时时间 为 354000000
2022/05/03 19:34:33 0 开始竞选
2022/05/03 19:34:33 2 发送心跳
2022/05/03 19:34:33 3 选举超时,开始新一轮选举
2022/05/03 19:34:33 3 节点转变为Candidate
2022/05/03 19:34:33 3 任期为5 重置选举超时时间 为 282000000
2022/05/03 19:34:33 3 开始竞选
2022/05/03 19:34:33 2 发送心跳
2022/05/03 19:34:33 4 选举超时,开始新一轮选举
2022/05/03 19:34:33 4 节点转变为Candidate
2022/05/03 19:34:33 4 任期为7 重置选举超时时间 为 294000000
2022/05/03 19:34:33 4 开始竞选
2022/05/03 19:34:33 6 选举超时,开始新一轮选举
2022/05/03 19:34:33 6 节点转变为Candidate
2022/05/03 19:34:33 6 任期为5 重置选举超时时间 为 265000000
2022/05/03 19:34:33 6 开始竞选
2022/05/03 19:34:33 5 选举超时,开始新一轮选举
2022/05/03 19:34:33 5 节点转变为Candidate
2022/05/03 19:34:33 5 任期为5 重置选举超时时间 为 340000000
2022/05/03 19:34:33 5 开始竞选
2022/05/03 19:34:33 1 选举超时,开始新一轮选举
2022/05/03 19:34:33 1 节点转变为Candidate
2022/05/03 19:34:33 1 任期为5 重置选举超时时间 为 290000000
2022/05/03 19:34:33 1 开始竞选
2022/05/03 19:34:33 2 发送心跳
2022/05/03 19:34:33 2 发送心跳
2022/05/03 19:34:33 0 选举超时,开始新一轮选举
2022/05/03 19:34:33 0 节点转变为Candidate
2022/05/03 19:34:33 0 任期为6 重置选举超时时间 为 376000000
2022/05/03 19:34:33 0 开始竞选
2022/05/03 19:34:33 3 选举超时,开始新一轮选举
2022/05/03 19:34:33 3 节点转变为Candidate
2022/05/03 19:34:33 3 任期为6 重置选举超时时间 为 318000000
2022/05/03 19:34:33 3 开始竞选
2022/05/03 19:34:33 6 选举超时,开始新一轮选举
2022/05/03 19:34:33 6 节点转变为Candidate
2022/05/03 19:34:33 6 任期为6 重置选举超时时间 为 225000000
2022/05/03 19:34:33 6 开始竞选
2022/05/03 19:34:33 4 选举超时,开始新一轮选举
2022/05/03 19:34:33 4 节点转变为Candidate
2022/05/03 19:34:33 4 任期为8 重置选举超时时间 为 349000000
2022/05/03 19:34:33 4 开始竞选
2022/05/03 19:34:33 2 发送心跳
2022/05/03 19:34:33 1 选举超时,开始新一轮选举
2022/05/03 19:34:33 1 节点转变为Candidate
2022/05/03 19:34:33 5 选举超时,开始新一轮选举
2022/05/03 19:34:33 5 节点转变为Candidate
2022/05/03 19:34:33 1 任期为6 重置选举超时时间 为 252000000
2022/05/03 19:34:33 1 开始竞选
2022/05/03 19:34:33 5 任期为6 重置选举超时时间 为 210000000
2022/05/03 19:34:33 5 开始竞选
2022/05/03 19:34:33 2 发送心跳
2022/05/03 19:34:33 2 发送心跳
2022/05/03 19:34:33 6 选举超时,开始新一轮选举
2022/05/03 19:34:33 6 节点转变为Candidate
2022/05/03 19:34:33 6 任期为7 重置选举超时时间 为 326000000
2022/05/03 19:34:33 6 开始竞选
2022/05/03 19:34:34 3 选举超时,开始新一轮选举
2022/05/03 19:34:34 3 节点转变为Candidate
2022/05/03 19:34:34 5 选举超时,开始新一轮选举
2022/05/03 19:34:34 5 节点转变为Candidate
2022/05/03 19:34:34 5 任期为7 重置选举超时时间 为 238000000
2022/05/03 19:34:34 5 开始竞选
2022/05/03 19:34:34 3 任期为7 重置选举超时时间 为 392000000
2022/05/03 19:34:34 3 开始竞选
2022/05/03 19:34:34 2 发送心跳
2022/05/03 19:34:34 0 选举超时,开始新一轮选举
2022/05/03 19:34:34 0 节点转变为Candidate
2022/05/03 19:34:34 0 任期为7 重置选举超时时间 为 381000000
2022/05/03 19:34:34 0 开始竞选
2022/05/03 19:34:34 1 选举超时,开始新一轮选举
2022/05/03 19:34:34 1 节点转变为Candidate
2022/05/03 19:34:34 1 任期为7 重置选举超时时间 为 212000000
2022/05/03 19:34:34 1 开始竞选
2022/05/03 19:34:34 4 选举超时,开始新一轮选举
2022/05/03 19:34:34 4 节点转变为Candidate
2022/05/03 19:34:34 4 任期为9 重置选举超时时间 为 387000000
2022/05/03 19:34:34 4 开始竞选
2022/05/03 19:34:34 2 发送心跳
2022/05/03 19:34:34 2 发送心跳
2022/05/03 19:34:34 5 选举超时,开始新一轮选举
2022/05/03 19:34:34 5 节点转变为Candidate
2022/05/03 19:34:34 5 任期为8 重置选举超时时间 为 227000000
2022/05/03 19:34:34 5 开始竞选
2022/05/03 19:34:34 6 选举超时,开始新一轮选举
2022/05/03 19:34:34 6 节点转变为Candidate
2022/05/03 19:34:34 6 任期为8 重置选举超时时间 为 236000000
2022/05/03 19:34:34 6 开始竞选
2022/05/03 19:34:34 1 选举超时,开始新一轮选举
2022/05/03 19:34:34 1 节点转变为Candidate
2022/05/03 19:34:34 1 任期为8 重置选举超时时间 为 313000000
2022/05/03 19:34:34 1 开始竞选
2022/05/03 19:34:34 2 发送心跳
2022/05/03 19:34:34 0 选举超时,开始新一轮选举
2022/05/03 19:34:34 0 节点转变为Candidate
2022/05/03 19:34:34 0 任期为8 重置选举超时时间 为 359000000
2022/05/03 19:34:34 0 开始竞选
2022/05/03 19:34:34 3 选举超时,开始新一轮选举
2022/05/03 19:34:34 3 节点转变为Candidate
2022/05/03 19:34:34 3 任期为8 重置选举超时时间 为 387000000
2022/05/03 19:34:34 3 开始竞选
2022/05/03 19:34:34 2 发送心跳
2022/05/03 19:34:34 4 选举超时,开始新一轮选举
2022/05/03 19:34:34 4 节点转变为Candidate
2022/05/03 19:34:34 4 任期为10 重置选举超时时间 为 273000000
2022/05/03 19:34:34 4 开始竞选
2022/05/03 19:34:34 5 选举超时,开始新一轮选举
2022/05/03 19:34:34 5 节点转变为Candidate
2022/05/03 19:34:34 5 任期为9 重置选举超时时间 为 396000000
2022/05/03 19:34:34 5 开始竞选
2022/05/03 19:34:34 6 选举超时,开始新一轮选举
2022/05/03 19:34:34 6 节点转变为Candidate
2022/05/03 19:34:34 6 任期为9 重置选举超时时间 为 309000000
2022/05/03 19:34:34 6 开始竞选
2022/05/03 19:34:34 2 发送心跳
2022/05/03 19:34:34 1 选举超时,开始新一轮选举
2022/05/03 19:34:34 1 节点转变为Candidate
2022/05/03 19:34:34 1 任期为9 重置选举超时时间 为 374000000
2022/05/03 19:34:34 1 开始竞选
2022/05/03 19:34:34 2 发送心跳
2022/05/03 19:34:34 4 选举超时,开始新一轮选举
2022/05/03 19:34:34 4 节点转变为Candidate
2022/05/03 19:34:34 4 任期为11 重置选举超时时间 为 350000000
2022/05/03 19:34:34 4 开始竞选
2022/05/03 19:34:34 2 发送心跳
2022/05/03 19:34:34 0 选举超时,开始新一轮选举
2022/05/03 19:34:34 0 节点转变为Candidate
2022/05/03 19:34:34 0 任期为9 重置选举超时时间 为 333000000
2022/05/03 19:34:34 0 开始竞选
2022/05/03 19:34:34 3 选举超时,开始新一轮选举
2022/05/03 19:34:34 3 节点转变为Candidate
2022/05/03 19:34:34 3 任期为9 重置选举超时时间 为 242000000
2022/05/03 19:34:34 3 开始竞选
2022/05/03 19:34:34 6 选举超时,开始新一轮选举
2022/05/03 19:34:34 6 节点转变为Candidate
2022/05/03 19:34:34 6 任期为10 重置选举超时时间 为 233000000
2022/05/03 19:34:34 6 开始竞选
2022/05/03 19:34:34 2 发送心跳
2022/05/03 19:34:34 5 选举超时,开始新一轮选举
2022/05/03 19:34:34 5 节点转变为Candidate
2022/05/03 19:34:34 5 任期为10 重置选举超时时间 为 206000000
2022/05/03 19:34:34 5 开始竞选
2022/05/03 19:34:34 2 发送心跳
2022/05/03 19:34:34 1 选举超时,开始新一轮选举
2022/05/03 19:34:34 1 节点转变为Candidate
2022/05/03 19:34:34 1 任期为10 重置选举超时时间 为 345000000
2022/05/03 19:34:34 1 开始竞选
2022/05/03 19:34:35 2 发送心跳
2022/05/03 19:34:35 3 选举超时,开始新一轮选举
2022/05/03 19:34:35 3 节点转变为Candidate
2022/05/03 19:34:35 3 任期为10 重置选举超时时间 为 393000000
2022/05/03 19:34:35 3 开始竞选
2022/05/03 19:34:35 6 选举超时,开始新一轮选举
2022/05/03 19:34:35 6 节点转变为Candidate
2022/05/03 19:34:35 6 任期为11 重置选举超时时间 为 258000000
2022/05/03 19:34:35 6 开始竞选
2022/05/03 19:34:35 4 选举超时,开始新一轮选举
2022/05/03 19:34:35 4 节点转变为Candidate
2022/05/03 19:34:35 4 任期为12 重置选举超时时间 为 268000000
2022/05/03 19:34:35 4 开始竞选
2022/05/03 19:34:35 5 选举超时,开始新一轮选举
2022/05/03 19:34:35 5 节点转变为Candidate
2022/05/03 19:34:35 5 任期为11 重置选举超时时间 为 232000000
2022/05/03 19:34:35 5 开始竞选
2022/05/03 19:34:35 0 选举超时,开始新一轮选举
2022/05/03 19:34:35 0 节点转变为Candidate
2022/05/03 19:34:35 0 任期为10 重置选举超时时间 为 217000000
2022/05/03 19:34:35 0 开始竞选
2022/05/03 19:34:35 2 发送心跳
2022/05/03 19:34:35 2 发送心跳
2022/05/03 19:34:35 6 选举超时,开始新一轮选举
2022/05/03 19:34:35 6 节点转变为Candidate
2022/05/03 19:34:35 6 任期为12 重置选举超时时间 为 333000000
2022/05/03 19:34:35 6 开始竞选
2022/05/03 19:34:35 1 选举超时,开始新一轮选举
2022/05/03 19:34:35 1 节点转变为Candidate
2022/05/03 19:34:35 1 任期为11 重置选举超时时间 为 387000000
2022/05/03 19:34:35 1 开始竞选
2022/05/03 19:34:35 0 选举超时,开始新一轮选举
2022/05/03 19:34:35 0 节点转变为Candidate
2022/05/03 19:34:35 0 任期为11 重置选举超时时间 为 331000000
2022/05/03 19:34:35 0 开始竞选
2022/05/03 19:34:35 5 选举超时,开始新一轮选举
2022/05/03 19:34:35 5 节点转变为Candidate
2022/05/03 19:34:35 5 任期为12 重置选举超时时间 为 312000000
2022/05/03 19:34:35 5 开始竞选
2022/05/03 19:34:35 2 发送心跳
2022/05/03 19:34:35 4 选举超时,开始新一轮选举
2022/05/03 19:34:35 4 节点转变为Candidate
2022/05/03 19:34:35 4 任期为13 重置选举超时时间 为 224000000
2022/05/03 19:34:35 4 开始竞选
2022/05/03 19:34:35 3 选举超时,开始新一轮选举
2022/05/03 19:34:35 3 节点转变为Candidate
2022/05/03 19:34:35 3 任期为11 重置选举超时时间 为 262000000
2022/05/03 19:34:35 3 开始竞选
2022/05/03 19:34:35 2 发送心跳
2022/05/03 19:34:35 2 发送心跳
2022/05/03 19:34:35 4 选举超时,开始新一轮选举
2022/05/03 19:34:35 4 节点转变为Candidate
2022/05/03 19:34:35 4 任期为14 重置选举超时时间 为 272000000
2022/05/03 19:34:35 4 开始竞选
2022/05/03 19:34:35 5 选举超时,开始新一轮选举
2022/05/03 19:34:35 5 节点转变为Candidate
2022/05/03 19:34:35 5 任期为13 重置选举超时时间 为 302000000
2022/05/03 19:34:35 5 开始竞选
2022/05/03 19:34:35 2 发送心跳
2022/05/03 19:34:35 6 选举超时,开始新一轮选举
2022/05/03 19:34:35 6 节点转变为Candidate
2022/05/03 19:34:35 6 任期为13 重置选举超时时间 为 362000000
2022/05/03 19:34:35 6 开始竞选
2022/05/03 19:34:35 0 选举超时,开始新一轮选举
2022/05/03 19:34:35 0 节点转变为Candidate
2022/05/03 19:34:35 0 任期为12 重置选举超时时间 为 326000000
2022/05/03 19:34:35 0 开始竞选
2022/05/03 19:34:35 1 选举超时,开始新一轮选举
2022/05/03 19:34:35 1 节点转变为Candidate
2022/05/03 19:34:35 1 任期为12 重置选举超时时间 为 309000000
2022/05/03 19:34:35 1 开始竞选
2022/05/03 19:34:35 3 选举超时,开始新一轮选举
2022/05/03 19:34:35 3 节点转变为Candidate
2022/05/03 19:34:35 3 任期为12 重置选举超时时间 为 313000000
2022/05/03 19:34:35 3 开始竞选
2022/05/03 19:34:35 2 发送心跳
2022/05/03 19:34:35 2 发送心跳
2022/05/03 19:34:35 4 选举超时,开始新一轮选举
2022/05/03 19:34:35 4 节点转变为Candidate
2022/05/03 19:34:35 4 任期为15 重置选举超时时间 为 253000000
2022/05/03 19:34:35 4 开始竞选
2022/05/03 19:34:35 5 选举超时,开始新一轮选举
2022/05/03 19:34:35 5 节点转变为Candidate
2022/05/03 19:34:35 5 任期为14 重置选举超时时间 为 337000000
2022/05/03 19:34:35 5 开始竞选
2022/05/03 19:34:35 2 发送心跳
2022/05/03 19:34:36 0 选举超时,开始新一轮选举
2022/05/03 19:34:36 0 节点转变为Candidate
2022/05/03 19:34:36 0 任期为13 重置选举超时时间 为 338000000
2022/05/03 19:34:36 0 开始竞选
2022/05/03 19:34:36 6 选举超时,开始新一轮选举
2022/05/03 19:34:36 6 节点转变为Candidate
2022/05/03 19:34:36 6 任期为14 重置选举超时时间 为 277000000
2022/05/03 19:34:36 6 开始竞选
2022/05/03 19:34:36 1 选举超时,开始新一轮选举
2022/05/03 19:34:36 1 节点转变为Candidate
2022/05/03 19:34:36 1 任期为13 重置选举超时时间 为 321000000
2022/05/03 19:34:36 1 开始竞选
2022/05/03 19:34:36 3 选举超时,开始新一轮选举
2022/05/03 19:34:36 3 节点转变为Candidate
2022/05/03 19:34:36 3 任期为13 重置选举超时时间 为 267000000
2022/05/03 19:34:36 3 开始竞选
2022/05/03 19:34:36 2 发送心跳
2022/05/03 19:34:36 4 选举超时,开始新一轮选举
2022/05/03 19:34:36 4 节点转变为Candidate
2022/05/03 19:34:36 4 任期为16 重置选举超时时间 为 308000000
2022/05/03 19:34:36 4 开始竞选
2022/05/03 19:34:36 2 发送心跳
2022/05/03 19:34:36 2 发送心跳
2022/05/03 19:34:36 5 选举超时,开始新一轮选举
2022/05/03 19:34:36 5 节点转变为Candidate
2022/05/03 19:34:36 5 任期为15 重置选举超时时间 为 308000000
2022/05/03 19:34:36 5 开始竞选
2022/05/03 19:34:36 6 选举超时,开始新一轮选举
2022/05/03 19:34:36 6 节点转变为Candidate
2022/05/03 19:34:36 6 任期为15 重置选举超时时间 为 315000000
2022/05/03 19:34:36 3 选举超时,开始新一轮选举
2022/05/03 19:34:36 3 节点转变为Candidate
2022/05/03 19:34:36 3 任期为14 重置选举超时时间 为 250000000
2022/05/03 19:34:36 3 开始竞选
2022/05/03 19:34:36 6 开始竞选
2022/05/03 19:34:36 0 选举超时,开始新一轮选举
2022/05/03 19:34:36 0 节点转变为Candidate
2022/05/03 19:34:36 0 任期为14 重置选举超时时间 为 281000000
2022/05/03 19:34:36 0 开始竞选
2022/05/03 19:34:36 1 选举超时,开始新一轮选举
2022/05/03 19:34:36 1 节点转变为Candidate
2022/05/03 19:34:36 1 任期为14 重置选举超时时间 为 341000000
2022/05/03 19:34:36 1 开始竞选
2022/05/03 19:34:36 2 发送心跳
2022/05/03 19:34:36 4 选举超时,开始新一轮选举
2022/05/03 19:34:36 4 节点转变为Candidate
2022/05/03 19:34:36 4 任期为17 重置选举超时时间 为 223000000
2022/05/03 19:34:36 4 开始竞选
2022/05/03 19:34:36 2 发送心跳
2022/05/03 19:34:36 3 选举超时,开始新一轮选举
2022/05/03 19:34:36 3 节点转变为Candidate
2022/05/03 19:34:36 3 任期为15 重置选举超时时间 为 378000000
2022/05/03 19:34:36 3 开始竞选
2022/05/03 19:34:36 2 发送心跳
2022/05/03 19:34:36 5 选举超时,开始新一轮选举
2022/05/03 19:34:36 5 节点转变为Candidate
2022/05/03 19:34:36 5 任期为16 重置选举超时时间 为 381000000
2022/05/03 19:34:36 5 开始竞选
2022/05/03 19:34:36 6 选举超时,开始新一轮选举
2022/05/03 19:34:36 6 节点转变为Candidate
2022/05/03 19:34:36 6 任期为16 重置选举超时时间 为 328000000
2022/05/03 19:34:36 6 开始竞选
2022/05/03 19:34:36 0 选举超时,开始新一轮选举
2022/05/03 19:34:36 0 节点转变为Candidate
2022/05/03 19:34:36 0 任期为15 重置选举超时时间 为 257000000
2022/05/03 19:34:36 0 开始竞选
2022/05/03 19:34:36 4 选举超时,开始新一轮选举
2022/05/03 19:34:36 4 节点转变为Candidate
2022/05/03 19:34:36 4 任期为18 重置选举超时时间 为 253000000
2022/05/03 19:34:36 4 开始竞选
2022/05/03 19:34:36 2 发送心跳
2022/05/03 19:34:36 1 选举超时,开始新一轮选举
2022/05/03 19:34:36 1 节点转变为Candidate
2022/05/03 19:34:36 1 任期为15 重置选举超时时间 为 346000000
2022/05/03 19:34:36 1 开始竞选
2022/05/03 19:34:36 2 发送心跳
2022/05/03 19:34:36 2 发送心跳
2022/05/03 19:34:36 0 选举超时,开始新一轮选举
2022/05/03 19:34:36 0 节点转变为Candidate
2022/05/03 19:34:36 0 任期为16 重置选举超时时间 为 370000000
2022/05/03 19:34:36 0 开始竞选
2022/05/03 19:34:36 4 选举超时,开始新一轮选举
2022/05/03 19:34:36 4 节点转变为Candidate
2022/05/03 19:34:36 4 任期为19 重置选举超时时间 为 254000000
2022/05/03 19:34:36 4 开始竞选
2022/05/03 19:34:36 3 选举超时,开始新一轮选举
2022/05/03 19:34:36 3 节点转变为Candidate
2022/05/03 19:34:36 3 任期为16 重置选举超时时间 为 284000000
2022/05/03 19:34:36 3 开始竞选
2022/05/03 19:34:36 6 选举超时,开始新一轮选举
2022/05/03 19:34:36 6 节点转变为Candidate
2022/05/03 19:34:36 6 任期为17 重置选举超时时间 为 370000000
2022/05/03 19:34:36 6 开始竞选
2022/05/03 19:34:36 2 发送心跳
2022/05/03 19:34:37 5 选举超时,开始新一轮选举
2022/05/03 19:34:37 5 节点转变为Candidate
2022/05/03 19:34:37 5 任期为17 重置选举超时时间 为 370000000
2022/05/03 19:34:37 5 开始竞选
2022/05/03 19:34:37 1 选举超时,开始新一轮选举
2022/05/03 19:34:37 1 节点转变为Candidate
2022/05/03 19:34:37 1 任期为16 重置选举超时时间 为 351000000
2022/05/03 19:34:37 1 开始竞选
2022/05/03 19:34:37 2 发送心跳
2022/05/03 19:34:37 4 选举超时,开始新一轮选举
2022/05/03 19:34:37 4 节点转变为Candidate
2022/05/03 19:34:37 4 任期为20 重置选举超时时间 为 298000000
2022/05/03 19:34:37 4 开始竞选
2022/05/03 19:34:37 2 发送心跳
2022/05/03 19:34:37 3 选举超时,开始新一轮选举
2022/05/03 19:34:37 3 节点转变为Candidate
2022/05/03 19:34:37 3 任期为17 重置选举超时时间 为 381000000
2022/05/03 19:34:37 3 开始竞选
2022/05/03 19:34:37 0 选举超时,开始新一轮选举
2022/05/03 19:34:37 0 节点转变为Candidate
2022/05/03 19:34:37 0 任期为17 重置选举超时时间 为 393000000
2022/05/03 19:34:37 0 开始竞选
2022/05/03 19:34:37 2 发送心跳
2022/05/03 19:34:37 6 选举超时,开始新一轮选举
2022/05/03 19:34:37 6 节点转变为Candidate
2022/05/03 19:34:37 6 任期为18 重置选举超时时间 为 306000000
2022/05/03 19:34:37 6 开始竞选
2022/05/03 19:34:37 5 选举超时,开始新一轮选举
2022/05/03 19:34:37 5 节点转变为Candidate
2022/05/03 19:34:37 5 任期为18 重置选举超时时间 为 260000000
2022/05/03 19:34:37 5 开始竞选
2022/05/03 19:34:37 2 发送心跳
2022/05/03 19:34:37 1 选举超时,开始新一轮选举
2022/05/03 19:34:37 1 节点转变为Candidate
2022/05/03 19:34:37 1 任期为17 重置选举超时时间 为 277000000
2022/05/03 19:34:37 1 开始竞选
--- FAIL: TestManyElections2A (5.36s)
    config.go:460: expected one leader, got none
FAIL
exit status 1
FAIL	6.824/raft	11.516s
