2022/05/03 19:34:41 0 节点转变为Follower
2022/05/03 19:34:41 0 任期为1 重置心跳超时时间 为 200000000
2022/05/03 19:34:41 创建节点0成功
2022/05/03 19:34:41 1 节点转变为Follower
2022/05/03 19:34:41 1 任期为1 重置心跳超时时间 为 318000000
2022/05/03 19:34:41 创建节点1成功
2022/05/03 19:34:41 2 节点转变为Follower
2022/05/03 19:34:41 2 任期为1 重置心跳超时时间 为 244000000
2022/05/03 19:34:41 创建节点2成功
Test (2A): initial election ...
2022/05/03 19:34:41 0 心跳超时 200000000,转换为Candidate
2022/05/03 19:34:41 0 节点转变为Candidate
2022/05/03 19:34:41 0 任期为2 重置选举超时时间 为 224000000
2022/05/03 19:34:41 0 开始竞选
2022/05/03 19:34:41 2 节点转变为Follower
2022/05/03 19:34:41 1 节点转变为Follower
2022/05/03 19:34:41 1 任期为2 重置心跳超时时间 为 225000000
2022/05/03 19:34:41 2 任期为2 重置心跳超时时间 为 283000000
2022/05/03 19:34:41 0 节点转变为Leader
2022/05/03 19:34:41 2 收到心跳
2022/05/03 19:34:41 2 任期为2 重置心跳超时时间 为 288000000
2022/05/03 19:34:41 1 收到心跳
2022/05/03 19:34:41 1 任期为2 重置心跳超时时间 为 319000000
2022/05/03 19:34:42 0 选举超时,开始新一轮选举
2022/05/03 19:34:42 1 收到心跳
2022/05/03 19:34:42 2 收到心跳
2022/05/03 19:34:42 1 任期为2 重置心跳超时时间 为 232000000
2022/05/03 19:34:42 2 任期为2 重置心跳超时时间 为 371000000
2022/05/03 19:34:42 0 发送心跳
2022/05/03 19:34:42 2 收到心跳
2022/05/03 19:34:42 2 任期为2 重置心跳超时时间 为 201000000
2022/05/03 19:34:42 1 收到心跳
2022/05/03 19:34:42 1 任期为2 重置心跳超时时间 为 377000000
2022/05/03 19:34:42 0 发送心跳
2022/05/03 19:34:42 2 收到心跳
2022/05/03 19:34:42 1 收到心跳
2022/05/03 19:34:42 2 任期为2 重置心跳超时时间 为 204000000
2022/05/03 19:34:42 1 任期为2 重置心跳超时时间 为 286000000
2022/05/03 19:34:42 0 发送心跳
2022/05/03 19:34:42 2 收到心跳
2022/05/03 19:34:42 2 任期为2 重置心跳超时时间 为 232000000
2022/05/03 19:34:42 1 收到心跳
2022/05/03 19:34:42 1 任期为2 重置心跳超时时间 为 275000000
2022/05/03 19:34:42 0 发送心跳
2022/05/03 19:34:42 2 收到心跳
2022/05/03 19:34:42 1 收到心跳
2022/05/03 19:34:42 2 任期为2 重置心跳超时时间 为 281000000
2022/05/03 19:34:42 1 任期为2 重置心跳超时时间 为 320000000
2022/05/03 19:34:42 0 发送心跳
2022/05/03 19:34:42 1 收到心跳
2022/05/03 19:34:42 2 收到心跳
2022/05/03 19:34:42 2 任期为2 重置心跳超时时间 为 262000000
2022/05/03 19:34:42 1 任期为2 重置心跳超时时间 为 329000000
2022/05/03 19:34:42 0 发送心跳
2022/05/03 19:34:42 2 收到心跳
2022/05/03 19:34:42 1 收到心跳
2022/05/03 19:34:42 1 任期为2 重置心跳超时时间 为 234000000
2022/05/03 19:34:42 2 任期为2 重置心跳超时时间 为 234000000
2022/05/03 19:34:42 0 发送心跳
2022/05/03 19:34:42 2 收到心跳
2022/05/03 19:34:42 1 收到心跳
2022/05/03 19:34:42 2 任期为2 重置心跳超时时间 为 305000000
2022/05/03 19:34:42 1 任期为2 重置心跳超时时间 为 208000000
2022/05/03 19:34:43 0 发送心跳
2022/05/03 19:34:43 2 收到心跳
2022/05/03 19:34:43 1 收到心跳
2022/05/03 19:34:43 1 任期为2 重置心跳超时时间 为 252000000
2022/05/03 19:34:43 2 任期为2 重置心跳超时时间 为 315000000
2022/05/03 19:34:43 0 发送心跳
2022/05/03 19:34:43 1 收到心跳
2022/05/03 19:34:43 2 收到心跳
2022/05/03 19:34:43 1 任期为2 重置心跳超时时间 为 260000000
2022/05/03 19:34:43 2 任期为2 重置心跳超时时间 为 249000000
2022/05/03 19:34:43 0 发送心跳
2022/05/03 19:34:43 2 收到心跳
2022/05/03 19:34:43 2 任期为2 重置心跳超时时间 为 377000000
2022/05/03 19:34:43 1 收到心跳
2022/05/03 19:34:43 1 任期为2 重置心跳超时时间 为 216000000
2022/05/03 19:34:43 0 发送心跳
2022/05/03 19:34:43 1 收到心跳
2022/05/03 19:34:43 2 收到心跳
2022/05/03 19:34:43 1 任期为2 重置心跳超时时间 为 223000000
2022/05/03 19:34:43 2 任期为2 重置心跳超时时间 为 209000000
2022/05/03 19:34:43 0 发送心跳
2022/05/03 19:34:43 2 收到心跳
2022/05/03 19:34:43 1 收到心跳
2022/05/03 19:34:43 2 任期为2 重置心跳超时时间 为 209000000
2022/05/03 19:34:43 1 任期为2 重置心跳超时时间 为 227000000
2022/05/03 19:34:43 0 发送心跳
2022/05/03 19:34:43 2 收到心跳
2022/05/03 19:34:43 1 收到心跳
2022/05/03 19:34:43 2 任期为2 重置心跳超时时间 为 210000000
2022/05/03 19:34:43 1 任期为2 重置心跳超时时间 为 219000000
2022/05/03 19:34:43 0 发送心跳
2022/05/03 19:34:43 2 收到心跳
2022/05/03 19:34:43 1 收到心跳
2022/05/03 19:34:43 2 任期为2 重置心跳超时时间 为 345000000
2022/05/03 19:34:43 1 任期为2 重置心跳超时时间 为 314000000
2022/05/03 19:34:43 0 发送心跳
2022/05/03 19:34:43 2 收到心跳
2022/05/03 19:34:43 1 收到心跳
2022/05/03 19:34:43 2 任期为2 重置心跳超时时间 为 314000000
2022/05/03 19:34:43 1 任期为2 重置心跳超时时间 为 215000000
2022/05/03 19:34:43 0 发送心跳
2022/05/03 19:34:43 2 收到心跳
2022/05/03 19:34:43 1 收到心跳
2022/05/03 19:34:43 2 任期为2 重置心跳超时时间 为 398000000
2022/05/03 19:34:43 1 任期为2 重置心跳超时时间 为 318000000
2022/05/03 19:34:43 0 发送心跳
2022/05/03 19:34:43 2 收到心跳
2022/05/03 19:34:43 1 收到心跳
2022/05/03 19:34:43 2 任期为2 重置心跳超时时间 为 342000000
2022/05/03 19:34:43 1 任期为2 重置心跳超时时间 为 244000000
2022/05/03 19:34:44 0 发送心跳
2022/05/03 19:34:44 1 收到心跳
2022/05/03 19:34:44 1 任期为2 重置心跳超时时间 为 375000000
2022/05/03 19:34:44 2 收到心跳
2022/05/03 19:34:44 2 任期为2 重置心跳超时时间 为 272000000
2022/05/03 19:34:44 0 发送心跳
2022/05/03 19:34:44 2 收到心跳
2022/05/03 19:34:44 1 收到心跳
2022/05/03 19:34:44 2 任期为2 重置心跳超时时间 为 346000000
2022/05/03 19:34:44 1 任期为2 重置心跳超时时间 为 231000000
2022/05/03 19:34:44 0 发送心跳
2022/05/03 19:34:44 1 收到心跳
2022/05/03 19:34:44 2 收到心跳
2022/05/03 19:34:44 2 任期为2 重置心跳超时时间 为 214000000
2022/05/03 19:34:44 1 任期为2 重置心跳超时时间 为 262000000
2022/05/03 19:34:44 0 发送心跳
2022/05/03 19:34:44 2 收到心跳
2022/05/03 19:34:44 1 收到心跳
2022/05/03 19:34:44 2 任期为2 重置心跳超时时间 为 340000000
2022/05/03 19:34:44 1 任期为2 重置心跳超时时间 为 237000000
2022/05/03 19:34:44 0 发送心跳
2022/05/03 19:34:44 2 收到心跳
2022/05/03 19:34:44 1 收到心跳
2022/05/03 19:34:44 1 任期为2 重置心跳超时时间 为 219000000
2022/05/03 19:34:44 2 任期为2 重置心跳超时时间 为 300000000
2022/05/03 19:34:44 0 发送心跳
2022/05/03 19:34:44 1 收到心跳
2022/05/03 19:34:44 2 收到心跳
2022/05/03 19:34:44 2 任期为2 重置心跳超时时间 为 219000000
2022/05/03 19:34:44 1 任期为2 重置心跳超时时间 为 357000000
2022/05/03 19:34:44 0 发送心跳
2022/05/03 19:34:44 2 收到心跳
2022/05/03 19:34:44 1 收到心跳
2022/05/03 19:34:44 2 任期为2 重置心跳超时时间 为 284000000
2022/05/03 19:34:44 1 任期为2 重置心跳超时时间 为 370000000
2022/05/03 19:34:44 0 发送心跳
2022/05/03 19:34:44 2 收到心跳
2022/05/03 19:34:44 1 收到心跳
2022/05/03 19:34:44 2 任期为2 重置心跳超时时间 为 345000000
2022/05/03 19:34:44 1 任期为2 重置心跳超时时间 为 340000000
  ... Passed --   3.0  3   56   15008    0
2022/05/03 19:34:44 0 节点转变为Follower
2022/05/03 19:34:44 0 任期为1 重置心跳超时时间 为 346000000
2022/05/03 19:34:44 创建节点0成功
2022/05/03 19:34:44 1 节点转变为Follower
2022/05/03 19:34:44 1 任期为1 重置心跳超时时间 为 202000000
2022/05/03 19:34:44 创建节点1成功
2022/05/03 19:34:44 2 节点转变为Follower
2022/05/03 19:34:44 2 任期为1 重置心跳超时时间 为 361000000
2022/05/03 19:34:44 创建节点2成功
Test (2A): election after network failure ...
2022/05/03 19:34:44 0 发送心跳
2022/05/03 19:34:45 1 心跳超时 202000000,转换为Candidate
2022/05/03 19:34:45 1 节点转变为Candidate
2022/05/03 19:34:45 1 任期为2 重置选举超时时间 为 251000000
2022/05/03 19:34:45 1 开始竞选
2022/05/03 19:34:45 2 节点转变为Follower
2022/05/03 19:34:45 0 节点转变为Follower
2022/05/03 19:34:45 2 任期为2 重置心跳超时时间 为 374000000
2022/05/03 19:34:45 0 任期为2 重置心跳超时时间 为 275000000
2022/05/03 19:34:45 1 节点转变为Leader
2022/05/03 19:34:45 2 收到心跳
2022/05/03 19:34:45 2 任期为2 重置心跳超时时间 为 242000000
2022/05/03 19:34:45 0 收到心跳
2022/05/03 19:34:45 0 任期为2 重置心跳超时时间 为 204000000
2022/05/03 19:34:45 1 心跳超时 340000000,转换为Candidate
2022/05/03 19:34:45 1 节点转变为Candidate
2022/05/03 19:34:45 1 任期为3 重置选举超时时间 为 320000000
2022/05/03 19:34:45 1 开始竞选
2022/05/03 19:34:45 2 心跳超时 345000000,转换为Candidate
2022/05/03 19:34:45 2 节点转变为Candidate
2022/05/03 19:34:45 2 任期为3 重置选举超时时间 为 292000000
2022/05/03 19:34:45 2 开始竞选
2022/05/03 19:34:45 0 心跳超时 204000000,转换为Candidate
2022/05/03 19:34:45 0 节点转变为Candidate
2022/05/03 19:34:45 0 任期为3 重置选举超时时间 为 252000000
2022/05/03 19:34:45 0 开始竞选
2022/05/03 19:34:45 2 心跳超时 242000000,转换为Candidate
2022/05/03 19:34:45 2 节点转变为Candidate
2022/05/03 19:34:45 2 任期为3 重置选举超时时间 为 208000000
2022/05/03 19:34:45 2 开始竞选
2022/05/03 19:34:45 1 选举超时,开始新一轮选举
2022/05/03 19:34:45 1 发送心跳
2022/05/03 19:34:45 1 发送心跳
2022/05/03 19:34:45 2 选举超时,开始新一轮选举
2022/05/03 19:34:45 2 节点转变为Candidate
2022/05/03 19:34:45 2 任期为4 重置选举超时时间 为 347000000
2022/05/03 19:34:45 2 开始竞选
2022/05/03 19:34:45 0 选举超时,开始新一轮选举
2022/05/03 19:34:45 0 节点转变为Candidate
2022/05/03 19:34:45 0 任期为4 重置选举超时时间 为 270000000
2022/05/03 19:34:45 0 开始竞选
2022/05/03 19:34:45 1 发送心跳
2022/05/03 19:34:45 1 发送心跳
2022/05/03 19:34:45 0 选举超时,开始新一轮选举
2022/05/03 19:34:45 0 节点转变为Candidate
2022/05/03 19:34:45 0 任期为5 重置选举超时时间 为 248000000
2022/05/03 19:34:45 0 开始竞选
2022/05/03 19:34:45 1 发送心跳
2022/05/03 19:34:45 2 选举超时,开始新一轮选举
2022/05/03 19:34:45 2 节点转变为Candidate
2022/05/03 19:34:45 2 任期为5 重置选举超时时间 为 292000000
2022/05/03 19:34:45 2 开始竞选
2022/05/03 19:34:45 1 发送心跳
2022/05/03 19:34:45 1 发送心跳
2022/05/03 19:34:46 0 选举超时,开始新一轮选举
2022/05/03 19:34:46 0 节点转变为Candidate
2022/05/03 19:34:46 0 任期为6 重置选举超时时间 为 278000000
2022/05/03 19:34:46 0 开始竞选
2022/05/03 19:34:46 1 发送心跳
2022/05/03 19:34:46 2 选举超时,开始新一轮选举
2022/05/03 19:34:46 2 节点转变为Candidate
2022/05/03 19:34:46 2 任期为6 重置选举超时时间 为 203000000
2022/05/03 19:34:46 2 开始竞选
2022/05/03 19:34:46 1 发送心跳
2022/05/03 19:34:46 0 选举超时,开始新一轮选举
2022/05/03 19:34:46 0 节点转变为Candidate
2022/05/03 19:34:46 0 任期为7 重置选举超时时间 为 204000000
2022/05/03 19:34:46 0 开始竞选
2022/05/03 19:34:46 1 发送心跳
2022/05/03 19:34:46 2 选举超时,开始新一轮选举
2022/05/03 19:34:46 2 节点转变为Candidate
2022/05/03 19:34:46 2 任期为7 重置选举超时时间 为 327000000
2022/05/03 19:34:46 2 开始竞选
2022/05/03 19:34:46 1 发送心跳
2022/05/03 19:34:46 1 发送心跳
2022/05/03 19:34:46 0 选举超时,开始新一轮选举
2022/05/03 19:34:46 0 节点转变为Candidate
2022/05/03 19:34:46 0 任期为8 重置选举超时时间 为 342000000
2022/05/03 19:34:46 0 开始竞选
2022/05/03 19:34:46 1 发送心跳
2022/05/03 19:34:46 2 选举超时,开始新一轮选举
2022/05/03 19:34:46 2 节点转变为Candidate
2022/05/03 19:34:46 2 任期为8 重置选举超时时间 为 398000000
2022/05/03 19:34:46 2 开始竞选
2022/05/03 19:34:46 1 发送心跳
2022/05/03 19:34:46 1 发送心跳
2022/05/03 19:34:46 0 选举超时,开始新一轮选举
2022/05/03 19:34:46 0 节点转变为Candidate
2022/05/03 19:34:46 0 任期为9 重置选举超时时间 为 215000000
2022/05/03 19:34:46 0 开始竞选
2022/05/03 19:34:46 1 发送心跳
2022/05/03 19:34:46 1 发送心跳
2022/05/03 19:34:47 0 选举超时,开始新一轮选举
2022/05/03 19:34:47 0 节点转变为Candidate
2022/05/03 19:34:47 0 任期为10 重置选举超时时间 为 254000000
2022/05/03 19:34:47 0 开始竞选
2022/05/03 19:34:47 2 选举超时,开始新一轮选举
2022/05/03 19:34:47 2 节点转变为Candidate
2022/05/03 19:34:47 2 任期为9 重置选举超时时间 为 369000000
2022/05/03 19:34:47 2 开始竞选
2022/05/03 19:34:47 1 发送心跳
2022/05/03 19:34:47 1 发送心跳
2022/05/03 19:34:47 1 发送心跳
2022/05/03 19:34:47 0 选举超时,开始新一轮选举
2022/05/03 19:34:47 0 节点转变为Candidate
2022/05/03 19:34:47 0 任期为11 重置选举超时时间 为 293000000
2022/05/03 19:34:47 0 开始竞选
2022/05/03 19:34:47 1 发送心跳
2022/05/03 19:34:47 2 选举超时,开始新一轮选举
2022/05/03 19:34:47 2 节点转变为Candidate
2022/05/03 19:34:47 2 任期为10 重置选举超时时间 为 293000000
2022/05/03 19:34:47 2 开始竞选
2022/05/03 19:34:47 1 发送心跳
2022/05/03 19:34:47 0 选举超时,开始新一轮选举
2022/05/03 19:34:47 0 节点转变为Candidate
2022/05/03 19:34:47 0 任期为12 重置选举超时时间 为 322000000
2022/05/03 19:34:47 1 发送心跳
2022/05/03 19:34:47 0 开始竞选
2022/05/03 19:34:47 1 发送心跳
2022/05/03 19:34:47 2 选举超时,开始新一轮选举
2022/05/03 19:34:47 2 节点转变为Candidate
2022/05/03 19:34:47 2 任期为11 重置选举超时时间 为 284000000
2022/05/03 19:34:47 2 开始竞选
2022/05/03 19:34:47 1 发送心跳
2022/05/03 19:34:47 1 发送心跳
2022/05/03 19:34:47 0 选举超时,开始新一轮选举
2022/05/03 19:34:47 0 节点转变为Candidate
2022/05/03 19:34:47 0 任期为13 重置选举超时时间 为 217000000
2022/05/03 19:34:47 0 开始竞选
2022/05/03 19:34:48 2 选举超时,开始新一轮选举
2022/05/03 19:34:48 2 节点转变为Candidate
2022/05/03 19:34:48 2 任期为12 重置选举超时时间 为 388000000
2022/05/03 19:34:48 2 开始竞选
2022/05/03 19:34:48 1 发送心跳
2022/05/03 19:34:48 1 发送心跳
2022/05/03 19:34:48 0 选举超时,开始新一轮选举
2022/05/03 19:34:48 0 节点转变为Candidate
2022/05/03 19:34:48 0 任期为14 重置选举超时时间 为 390000000
2022/05/03 19:34:48 0 开始竞选
2022/05/03 19:34:48 1 发送心跳
2022/05/03 19:34:48 1 发送心跳
2022/05/03 19:34:48 2 选举超时,开始新一轮选举
2022/05/03 19:34:48 2 节点转变为Candidate
2022/05/03 19:34:48 2 任期为13 重置选举超时时间 为 359000000
2022/05/03 19:34:48 2 开始竞选
2022/05/03 19:34:48 1 发送心跳
2022/05/03 19:34:48 1 发送心跳
2022/05/03 19:34:48 0 选举超时,开始新一轮选举
2022/05/03 19:34:48 0 节点转变为Candidate
2022/05/03 19:34:48 0 任期为15 重置选举超时时间 为 238000000
2022/05/03 19:34:48 0 开始竞选
2022/05/03 19:34:48 1 发送心跳
2022/05/03 19:34:48 1 发送心跳
2022/05/03 19:34:48 2 选举超时,开始新一轮选举
2022/05/03 19:34:48 2 节点转变为Candidate
2022/05/03 19:34:48 2 任期为14 重置选举超时时间 为 290000000
2022/05/03 19:34:48 2 开始竞选
2022/05/03 19:34:48 0 选举超时,开始新一轮选举
2022/05/03 19:34:48 0 节点转变为Candidate
2022/05/03 19:34:48 0 任期为16 重置选举超时时间 为 294000000
2022/05/03 19:34:48 0 开始竞选
2022/05/03 19:34:48 1 发送心跳
2022/05/03 19:34:48 1 发送心跳
2022/05/03 19:34:49 1 发送心跳
2022/05/03 19:34:49 2 选举超时,开始新一轮选举
2022/05/03 19:34:49 2 节点转变为Candidate
2022/05/03 19:34:49 2 任期为15 重置选举超时时间 为 233000000
2022/05/03 19:34:49 2 开始竞选
2022/05/03 19:34:49 0 选举超时,开始新一轮选举
2022/05/03 19:34:49 0 节点转变为Candidate
2022/05/03 19:34:49 0 任期为17 重置选举超时时间 为 294000000
2022/05/03 19:34:49 0 开始竞选
2022/05/03 19:34:49 1 发送心跳
2022/05/03 19:34:49 1 发送心跳
2022/05/03 19:34:49 2 选举超时,开始新一轮选举
2022/05/03 19:34:49 2 节点转变为Candidate
2022/05/03 19:34:49 2 任期为16 重置选举超时时间 为 332000000
2022/05/03 19:34:49 2 开始竞选
2022/05/03 19:34:49 1 发送心跳
2022/05/03 19:34:49 0 选举超时,开始新一轮选举
2022/05/03 19:34:49 0 节点转变为Candidate
2022/05/03 19:34:49 0 任期为18 重置选举超时时间 为 314000000
2022/05/03 19:34:49 0 开始竞选
2022/05/03 19:34:49 1 发送心跳
2022/05/03 19:34:49 1 发送心跳
2022/05/03 19:34:49 2 选举超时,开始新一轮选举
2022/05/03 19:34:49 2 节点转变为Candidate
2022/05/03 19:34:49 2 任期为17 重置选举超时时间 为 229000000
2022/05/03 19:34:49 2 开始竞选
2022/05/03 19:34:49 1 发送心跳
2022/05/03 19:34:49 0 选举超时,开始新一轮选举
2022/05/03 19:34:49 0 节点转变为Candidate
2022/05/03 19:34:49 0 任期为19 重置选举超时时间 为 295000000
2022/05/03 19:34:49 0 开始竞选
2022/05/03 19:34:49 1 发送心跳
2022/05/03 19:34:49 1 发送心跳
2022/05/03 19:34:49 2 选举超时,开始新一轮选举
2022/05/03 19:34:49 2 节点转变为Candidate
2022/05/03 19:34:49 2 任期为18 重置选举超时时间 为 324000000
2022/05/03 19:34:49 2 开始竞选
2022/05/03 19:34:49 1 发送心跳
2022/05/03 19:34:49 0 选举超时,开始新一轮选举
2022/05/03 19:34:49 0 节点转变为Candidate
2022/05/03 19:34:49 0 任期为20 重置选举超时时间 为 376000000
2022/05/03 19:34:49 0 开始竞选
2022/05/03 19:34:50 1 发送心跳
2022/05/03 19:34:50 1 发送心跳
2022/05/03 19:34:50 2 选举超时,开始新一轮选举
2022/05/03 19:34:50 2 节点转变为Candidate
2022/05/03 19:34:50 2 任期为19 重置选举超时时间 为 208000000
2022/05/03 19:34:50 2 开始竞选
2022/05/03 19:34:50 1 发送心跳
--- FAIL: TestReElection2A (5.46s)
    config.go:460: expected one leader, got none
2022/05/03 19:34:50 0 节点转变为Follower
2022/05/03 19:34:50 0 任期为1 重置心跳超时时间 为 298000000
2022/05/03 19:34:50 创建节点0成功
2022/05/03 19:34:50 1 节点转变为Follower
2022/05/03 19:34:50 1 任期为1 重置心跳超时时间 为 323000000
2022/05/03 19:34:50 创建节点1成功
2022/05/03 19:34:50 2 节点转变为Follower
2022/05/03 19:34:50 2 任期为1 重置心跳超时时间 为 261000000
2022/05/03 19:34:50 创建节点2成功
2022/05/03 19:34:50 3 节点转变为Follower
2022/05/03 19:34:50 3 任期为1 重置心跳超时时间 为 351000000
2022/05/03 19:34:50 创建节点3成功
2022/05/03 19:34:50 4 节点转变为Follower
2022/05/03 19:34:50 4 任期为1 重置心跳超时时间 为 279000000
2022/05/03 19:34:50 创建节点4成功
2022/05/03 19:34:50 5 节点转变为Follower
2022/05/03 19:34:50 5 任期为1 重置心跳超时时间 为 244000000
2022/05/03 19:34:50 创建节点5成功
2022/05/03 19:34:50 6 节点转变为Follower
2022/05/03 19:34:50 6 任期为1 重置心跳超时时间 为 326000000
2022/05/03 19:34:50 创建节点6成功
Test (2A): multiple elections ...
2022/05/03 19:34:50 1 发送心跳
2022/05/03 19:34:50 0 选举超时,开始新一轮选举
2022/05/03 19:34:50 0 节点转变为Candidate
2022/05/03 19:34:50 0 任期为21 重置选举超时时间 为 238000000
2022/05/03 19:34:50 0 开始竞选
2022/05/03 19:34:50 2 选举超时,开始新一轮选举
2022/05/03 19:34:50 2 节点转变为Candidate
2022/05/03 19:34:50 2 任期为20 重置选举超时时间 为 209000000
2022/05/03 19:34:50 2 开始竞选
2022/05/03 19:34:50 5 心跳超时 244000000,转换为Candidate
2022/05/03 19:34:50 5 节点转变为Candidate
2022/05/03 19:34:50 5 任期为2 重置选举超时时间 为 399000000
2022/05/03 19:34:50 5 开始竞选
2022/05/03 19:34:50 6 节点转变为Follower
2022/05/03 19:34:50 3 节点转变为Follower
2022/05/03 19:34:50 2 节点转变为Follower
2022/05/03 19:34:50 4 节点转变为Follower
2022/05/03 19:34:50 6 任期为2 重置心跳超时时间 为 330000000
2022/05/03 19:34:50 3 任期为2 重置心跳超时时间 为 395000000
2022/05/03 19:34:50 4 任期为2 重置心跳超时时间 为 327000000
2022/05/03 19:34:50 2 任期为2 重置心跳超时时间 为 363000000
2022/05/03 19:34:50 1 节点转变为Follower
2022/05/03 19:34:50 5 节点转变为Leader
2022/05/03 19:34:50 0 节点转变为Follower
2022/05/03 19:34:50 0 任期为2 重置心跳超时时间 为 354000000
2022/05/03 19:34:50 1 任期为2 重置心跳超时时间 为 331000000
2022/05/03 19:34:50 2 收到心跳
2022/05/03 19:34:50 6 收到心跳
2022/05/03 19:34:50 0 收到心跳
2022/05/03 19:34:50 1 收到心跳
2022/05/03 19:34:50 2 任期为2 重置心跳超时时间 为 365000000
2022/05/03 19:34:50 0 任期为2 重置心跳超时时间 为 297000000
2022/05/03 19:34:50 1 任期为2 重置心跳超时时间 为 392000000
2022/05/03 19:34:50 6 任期为2 重置心跳超时时间 为 280000000
2022/05/03 19:34:50 4 收到心跳
2022/05/03 19:34:50 3 收到心跳
2022/05/03 19:34:50 3 任期为2 重置心跳超时时间 为 380000000
2022/05/03 19:34:50 4 任期为2 重置心跳超时时间 为 328000000
2022/05/03 19:34:50 6 心跳超时 280000000,转换为Candidate
2022/05/03 19:34:50 6 节点转变为Candidate
2022/05/03 19:34:50 6 任期为3 重置选举超时时间 为 228000000
2022/05/03 19:34:50 6 开始竞选
2022/05/03 19:34:50 0 心跳超时 297000000,转换为Candidate
2022/05/03 19:34:50 0 节点转变为Candidate
2022/05/03 19:34:50 0 任期为3 重置选举超时时间 为 393000000
2022/05/03 19:34:50 0 开始竞选
2022/05/03 19:34:50 4 心跳超时 328000000,转换为Candidate
2022/05/03 19:34:50 4 节点转变为Candidate
2022/05/03 19:34:50 4 任期为3 重置选举超时时间 为 358000000
2022/05/03 19:34:50 4 开始竞选
2022/05/03 19:34:50 2 心跳超时 365000000,转换为Candidate
2022/05/03 19:34:50 2 节点转变为Candidate
2022/05/03 19:34:50 2 任期为3 重置选举超时时间 为 278000000
2022/05/03 19:34:50 2 开始竞选
2022/05/03 19:34:50 3 心跳超时 380000000,转换为Candidate
2022/05/03 19:34:50 3 节点转变为Candidate
2022/05/03 19:34:50 3 任期为3 重置选举超时时间 为 228000000
2022/05/03 19:34:50 3 开始竞选
2022/05/03 19:34:50 1 心跳超时 392000000,转换为Candidate
2022/05/03 19:34:50 1 节点转变为Candidate
2022/05/03 19:34:50 1 任期为3 重置选举超时时间 为 379000000
2022/05/03 19:34:50 1 开始竞选
2022/05/03 19:34:50 5 选举超时,开始新一轮选举
2022/05/03 19:34:51 5 发送心跳
2022/05/03 19:34:51 6 选举超时,开始新一轮选举
2022/05/03 19:34:51 6 节点转变为Candidate
2022/05/03 19:34:51 6 任期为4 重置选举超时时间 为 299000000
2022/05/03 19:34:51 6 开始竞选
2022/05/03 19:34:51 5 发送心跳
2022/05/03 19:34:51 3 选举超时,开始新一轮选举
2022/05/03 19:34:51 3 节点转变为Candidate
2022/05/03 19:34:51 3 任期为4 重置选举超时时间 为 285000000
2022/05/03 19:34:51 3 开始竞选
2022/05/03 19:34:51 2 选举超时,开始新一轮选举
2022/05/03 19:34:51 2 节点转变为Candidate
2022/05/03 19:34:51 2 任期为4 重置选举超时时间 为 396000000
2022/05/03 19:34:51 2 开始竞选
2022/05/03 19:34:51 4 选举超时,开始新一轮选举
2022/05/03 19:34:51 4 节点转变为Candidate
2022/05/03 19:34:51 4 任期为4 重置选举超时时间 为 211000000
2022/05/03 19:34:51 4 开始竞选
2022/05/03 19:34:51 0 选举超时,开始新一轮选举
2022/05/03 19:34:51 0 节点转变为Candidate
2022/05/03 19:34:51 0 任期为4 重置选举超时时间 为 398000000
2022/05/03 19:34:51 0 开始竞选
2022/05/03 19:34:51 5 发送心跳
2022/05/03 19:34:51 1 选举超时,开始新一轮选举
2022/05/03 19:34:51 1 节点转变为Candidate
2022/05/03 19:34:51 1 任期为4 重置选举超时时间 为 243000000
2022/05/03 19:34:51 1 开始竞选
2022/05/03 19:34:51 5 发送心跳
2022/05/03 19:34:51 6 选举超时,开始新一轮选举
2022/05/03 19:34:51 6 节点转变为Candidate
2022/05/03 19:34:51 6 任期为5 重置选举超时时间 为 274000000
2022/05/03 19:34:51 6 开始竞选
2022/05/03 19:34:51 3 选举超时,开始新一轮选举
2022/05/03 19:34:51 3 节点转变为Candidate
2022/05/03 19:34:51 3 任期为5 重置选举超时时间 为 324000000
2022/05/03 19:34:51 3 开始竞选
2022/05/03 19:34:51 4 选举超时,开始新一轮选举
2022/05/03 19:34:51 4 节点转变为Candidate
2022/05/03 19:34:51 4 任期为5 重置选举超时时间 为 377000000
2022/05/03 19:34:51 4 开始竞选
2022/05/03 19:34:51 5 发送心跳
2022/05/03 19:34:51 5 发送心跳
2022/05/03 19:34:51 1 选举超时,开始新一轮选举
2022/05/03 19:34:51 1 节点转变为Candidate
2022/05/03 19:34:51 1 任期为5 重置选举超时时间 为 379000000
2022/05/03 19:34:51 1 开始竞选
2022/05/03 19:34:51 2 选举超时,开始新一轮选举
2022/05/03 19:34:51 2 节点转变为Candidate
2022/05/03 19:34:51 2 任期为5 重置选举超时时间 为 225000000
2022/05/03 19:34:51 2 开始竞选
2022/05/03 19:34:51 6 选举超时,开始新一轮选举
2022/05/03 19:34:51 6 节点转变为Candidate
2022/05/03 19:34:51 6 任期为6 重置选举超时时间 为 285000000
2022/05/03 19:34:51 6 开始竞选
2022/05/03 19:34:51 0 选举超时,开始新一轮选举
2022/05/03 19:34:51 0 节点转变为Candidate
2022/05/03 19:34:51 0 任期为5 重置选举超时时间 为 381000000
2022/05/03 19:34:51 0 开始竞选
2022/05/03 19:34:51 5 发送心跳
2022/05/03 19:34:51 5 发送心跳
2022/05/03 19:34:51 3 选举超时,开始新一轮选举
2022/05/03 19:34:51 3 节点转变为Candidate
2022/05/03 19:34:51 3 任期为6 重置选举超时时间 为 278000000
2022/05/03 19:34:51 3 开始竞选
2022/05/03 19:34:51 2 选举超时,开始新一轮选举
2022/05/03 19:34:51 2 节点转变为Candidate
2022/05/03 19:34:51 2 任期为6 重置选举超时时间 为 355000000
2022/05/03 19:34:51 2 开始竞选
2022/05/03 19:34:51 4 选举超时,开始新一轮选举
2022/05/03 19:34:51 4 节点转变为Candidate
2022/05/03 19:34:51 4 任期为6 重置选举超时时间 为 370000000
2022/05/03 19:34:51 4 开始竞选
2022/05/03 19:34:51 5 发送心跳
2022/05/03 19:34:51 6 选举超时,开始新一轮选举
2022/05/03 19:34:51 6 节点转变为Candidate
2022/05/03 19:34:51 6 任期为7 重置选举超时时间 为 343000000
2022/05/03 19:34:51 6 开始竞选
2022/05/03 19:34:51 1 选举超时,开始新一轮选举
2022/05/03 19:34:51 1 节点转变为Candidate
2022/05/03 19:34:51 1 任期为6 重置选举超时时间 为 377000000
2022/05/03 19:34:51 1 开始竞选
2022/05/03 19:34:51 5 发送心跳
2022/05/03 19:34:52 0 选举超时,开始新一轮选举
2022/05/03 19:34:52 0 节点转变为Candidate
2022/05/03 19:34:52 0 任期为6 重置选举超时时间 为 287000000
2022/05/03 19:34:52 0 开始竞选
2022/05/03 19:34:52 3 选举超时,开始新一轮选举
2022/05/03 19:34:52 3 节点转变为Candidate
2022/05/03 19:34:52 3 任期为7 重置选举超时时间 为 243000000
2022/05/03 19:34:52 3 开始竞选
2022/05/03 19:34:52 5 发送心跳
2022/05/03 19:34:52 5 发送心跳
2022/05/03 19:34:52 2 选举超时,开始新一轮选举
2022/05/03 19:34:52 2 节点转变为Candidate
2022/05/03 19:34:52 2 任期为7 重置选举超时时间 为 202000000
2022/05/03 19:34:52 2 开始竞选
2022/05/03 19:34:52 4 选举超时,开始新一轮选举
2022/05/03 19:34:52 4 节点转变为Candidate
2022/05/03 19:34:52 4 任期为7 重置选举超时时间 为 318000000
2022/05/03 19:34:52 4 开始竞选
2022/05/03 19:34:52 5 发送心跳
2022/05/03 19:34:52 6 选举超时,开始新一轮选举
2022/05/03 19:34:52 6 节点转变为Candidate
2022/05/03 19:34:52 6 任期为8 重置选举超时时间 为 250000000
2022/05/03 19:34:52 6 开始竞选
2022/05/03 19:34:52 3 选举超时,开始新一轮选举
2022/05/03 19:34:52 3 节点转变为Candidate
2022/05/03 19:34:52 3 任期为8 重置选举超时时间 为 349000000
2022/05/03 19:34:52 3 开始竞选
2022/05/03 19:34:52 0 选举超时,开始新一轮选举
2022/05/03 19:34:52 0 节点转变为Candidate
2022/05/03 19:34:52 0 任期为7 重置选举超时时间 为 386000000
2022/05/03 19:34:52 0 开始竞选
2022/05/03 19:34:52 1 选举超时,开始新一轮选举
2022/05/03 19:34:52 1 节点转变为Candidate
2022/05/03 19:34:52 1 任期为7 重置选举超时时间 为 278000000
2022/05/03 19:34:52 1 开始竞选
2022/05/03 19:34:52 5 发送心跳
2022/05/03 19:34:52 2 选举超时,开始新一轮选举
2022/05/03 19:34:52 2 节点转变为Candidate
2022/05/03 19:34:52 2 任期为8 重置选举超时时间 为 318000000
2022/05/03 19:34:52 2 开始竞选
2022/05/03 19:34:52 5 发送心跳
2022/05/03 19:34:52 6 选举超时,开始新一轮选举
2022/05/03 19:34:52 6 节点转变为Candidate
2022/05/03 19:34:52 6 任期为9 重置选举超时时间 为 339000000
2022/05/03 19:34:52 6 开始竞选
2022/05/03 19:34:52 4 选举超时,开始新一轮选举
2022/05/03 19:34:52 4 节点转变为Candidate
2022/05/03 19:34:52 4 任期为8 重置选举超时时间 为 204000000
2022/05/03 19:34:52 4 开始竞选
2022/05/03 19:34:52 5 发送心跳
2022/05/03 19:34:52 1 选举超时,开始新一轮选举
2022/05/03 19:34:52 1 节点转变为Candidate
2022/05/03 19:34:52 1 任期为8 重置选举超时时间 为 213000000
2022/05/03 19:34:52 1 开始竞选
2022/05/03 19:34:52 3 选举超时,开始新一轮选举
2022/05/03 19:34:52 3 节点转变为Candidate
2022/05/03 19:34:52 3 任期为9 重置选举超时时间 为 268000000
2022/05/03 19:34:52 3 开始竞选
2022/05/03 19:34:52 5 发送心跳
2022/05/03 19:34:52 2 选举超时,开始新一轮选举
2022/05/03 19:34:52 2 节点转变为Candidate
2022/05/03 19:34:52 2 任期为9 重置选举超时时间 为 341000000
2022/05/03 19:34:52 2 开始竞选
2022/05/03 19:34:52 0 选举超时,开始新一轮选举
2022/05/03 19:34:52 0 节点转变为Candidate
2022/05/03 19:34:52 0 任期为8 重置选举超时时间 为 367000000
2022/05/03 19:34:52 0 开始竞选
2022/05/03 19:34:52 4 选举超时,开始新一轮选举
2022/05/03 19:34:52 4 节点转变为Candidate
2022/05/03 19:34:52 4 任期为9 重置选举超时时间 为 315000000
2022/05/03 19:34:52 4 开始竞选
2022/05/03 19:34:52 5 发送心跳
2022/05/03 19:34:52 1 选举超时,开始新一轮选举
2022/05/03 19:34:52 1 节点转变为Candidate
2022/05/03 19:34:52 1 任期为9 重置选举超时时间 为 288000000
2022/05/03 19:34:52 1 开始竞选
2022/05/03 19:34:52 6 选举超时,开始新一轮选举
2022/05/03 19:34:52 6 节点转变为Candidate
2022/05/03 19:34:52 6 任期为10 重置选举超时时间 为 306000000
2022/05/03 19:34:52 6 开始竞选
2022/05/03 19:34:52 5 发送心跳
2022/05/03 19:34:52 3 选举超时,开始新一轮选举
2022/05/03 19:34:52 3 节点转变为Candidate
2022/05/03 19:34:52 3 任期为10 重置选举超时时间 为 241000000
2022/05/03 19:34:52 3 开始竞选
2022/05/03 19:34:52 5 发送心跳
2022/05/03 19:34:53 2 选举超时,开始新一轮选举
2022/05/03 19:34:53 2 节点转变为Candidate
2022/05/03 19:34:53 2 任期为10 重置选举超时时间 为 399000000
2022/05/03 19:34:53 2 开始竞选
2022/05/03 19:34:53 4 选举超时,开始新一轮选举
2022/05/03 19:34:53 4 节点转变为Candidate
2022/05/03 19:34:53 4 任期为10 重置选举超时时间 为 395000000
2022/05/03 19:34:53 4 开始竞选
2022/05/03 19:34:53 5 发送心跳
2022/05/03 19:34:53 0 选举超时,开始新一轮选举
2022/05/03 19:34:53 0 节点转变为Candidate
2022/05/03 19:34:53 0 任期为9 重置选举超时时间 为 224000000
2022/05/03 19:34:53 0 开始竞选
2022/05/03 19:34:53 1 选举超时,开始新一轮选举
2022/05/03 19:34:53 1 节点转变为Candidate
2022/05/03 19:34:53 1 任期为10 重置选举超时时间 为 208000000
2022/05/03 19:34:53 1 开始竞选
2022/05/03 19:34:53 3 选举超时,开始新一轮选举
2022/05/03 19:34:53 3 节点转变为Candidate
2022/05/03 19:34:53 3 任期为11 重置选举超时时间 为 369000000
2022/05/03 19:34:53 3 开始竞选
2022/05/03 19:34:53 6 选举超时,开始新一轮选举
2022/05/03 19:34:53 6 节点转变为Candidate
2022/05/03 19:34:53 6 任期为11 重置选举超时时间 为 278000000
2022/05/03 19:34:53 6 开始竞选
2022/05/03 19:34:53 5 发送心跳
2022/05/03 19:34:53 5 发送心跳
2022/05/03 19:34:53 0 选举超时,开始新一轮选举
2022/05/03 19:34:53 0 节点转变为Candidate
2022/05/03 19:34:53 0 任期为10 重置选举超时时间 为 373000000
2022/05/03 19:34:53 0 开始竞选
2022/05/03 19:34:53 1 选举超时,开始新一轮选举
2022/05/03 19:34:53 1 节点转变为Candidate
2022/05/03 19:34:53 1 任期为11 重置选举超时时间 为 267000000
2022/05/03 19:34:53 1 开始竞选
2022/05/03 19:34:53 5 发送心跳
2022/05/03 19:34:53 2 选举超时,开始新一轮选举
2022/05/03 19:34:53 2 节点转变为Candidate
2022/05/03 19:34:53 2 任期为11 重置选举超时时间 为 254000000
2022/05/03 19:34:53 2 开始竞选
2022/05/03 19:34:53 4 选举超时,开始新一轮选举
2022/05/03 19:34:53 4 节点转变为Candidate
2022/05/03 19:34:53 4 任期为11 重置选举超时时间 为 259000000
2022/05/03 19:34:53 4 开始竞选
2022/05/03 19:34:53 6 选举超时,开始新一轮选举
2022/05/03 19:34:53 6 节点转变为Candidate
2022/05/03 19:34:53 6 任期为12 重置选举超时时间 为 294000000
2022/05/03 19:34:53 6 开始竞选
2022/05/03 19:34:53 5 发送心跳
2022/05/03 19:34:53 3 选举超时,开始新一轮选举
2022/05/03 19:34:53 3 节点转变为Candidate
2022/05/03 19:34:53 3 任期为12 重置选举超时时间 为 316000000
2022/05/03 19:34:53 3 开始竞选
2022/05/03 19:34:53 5 发送心跳
2022/05/03 19:34:53 1 选举超时,开始新一轮选举
2022/05/03 19:34:53 1 节点转变为Candidate
2022/05/03 19:34:53 1 任期为12 重置选举超时时间 为 390000000
2022/05/03 19:34:53 1 开始竞选
2022/05/03 19:34:53 0 选举超时,开始新一轮选举
2022/05/03 19:34:53 0 节点转变为Candidate
2022/05/03 19:34:53 0 任期为11 重置选举超时时间 为 232000000
2022/05/03 19:34:53 0 开始竞选
2022/05/03 19:34:53 5 发送心跳
2022/05/03 19:34:53 2 选举超时,开始新一轮选举
2022/05/03 19:34:53 2 节点转变为Candidate
2022/05/03 19:34:53 2 任期为12 重置选举超时时间 为 290000000
2022/05/03 19:34:53 2 开始竞选
2022/05/03 19:34:53 4 选举超时,开始新一轮选举
2022/05/03 19:34:53 4 节点转变为Candidate
2022/05/03 19:34:53 4 任期为12 重置选举超时时间 为 255000000
2022/05/03 19:34:53 4 开始竞选
2022/05/03 19:34:53 6 选举超时,开始新一轮选举
2022/05/03 19:34:53 6 节点转变为Candidate
2022/05/03 19:34:53 6 任期为13 重置选举超时时间 为 226000000
2022/05/03 19:34:53 6 开始竞选
2022/05/03 19:34:53 5 发送心跳
2022/05/03 19:34:53 3 选举超时,开始新一轮选举
2022/05/03 19:34:53 3 节点转变为Candidate
2022/05/03 19:34:53 3 任期为13 重置选举超时时间 为 288000000
2022/05/03 19:34:53 3 开始竞选
2022/05/03 19:34:53 5 发送心跳
2022/05/03 19:34:53 0 选举超时,开始新一轮选举
2022/05/03 19:34:53 0 节点转变为Candidate
2022/05/03 19:34:53 0 任期为12 重置选举超时时间 为 380000000
2022/05/03 19:34:53 0 开始竞选
2022/05/03 19:34:53 4 选举超时,开始新一轮选举
2022/05/03 19:34:53 4 节点转变为Candidate
2022/05/03 19:34:53 4 任期为13 重置选举超时时间 为 391000000
2022/05/03 19:34:53 4 开始竞选
2022/05/03 19:34:53 6 选举超时,开始新一轮选举
2022/05/03 19:34:53 6 节点转变为Candidate
2022/05/03 19:34:53 6 任期为14 重置选举超时时间 为 284000000
2022/05/03 19:34:53 6 开始竞选
2022/05/03 19:34:53 5 发送心跳
2022/05/03 19:34:53 1 选举超时,开始新一轮选举
2022/05/03 19:34:53 1 节点转变为Candidate
2022/05/03 19:34:53 1 任期为13 重置选举超时时间 为 320000000
2022/05/03 19:34:53 1 开始竞选
2022/05/03 19:34:53 2 选举超时,开始新一轮选举
2022/05/03 19:34:53 2 节点转变为Candidate
2022/05/03 19:34:53 2 任期为13 重置选举超时时间 为 269000000
2022/05/03 19:34:53 2 开始竞选
2022/05/03 19:34:54 5 发送心跳
2022/05/03 19:34:54 3 选举超时,开始新一轮选举
2022/05/03 19:34:54 3 节点转变为Candidate
2022/05/03 19:34:54 3 任期为14 重置选举超时时间 为 371000000
2022/05/03 19:34:54 3 开始竞选
2022/05/03 19:34:54 5 发送心跳
2022/05/03 19:34:54 6 选举超时,开始新一轮选举
2022/05/03 19:34:54 6 节点转变为Candidate
2022/05/03 19:34:54 6 任期为15 重置选举超时时间 为 201000000
2022/05/03 19:34:54 6 开始竞选
2022/05/03 19:34:54 2 选举超时,开始新一轮选举
2022/05/03 19:34:54 2 节点转变为Candidate
2022/05/03 19:34:54 2 任期为14 重置选举超时时间 为 356000000
2022/05/03 19:34:54 2 开始竞选
2022/05/03 19:34:54 5 发送心跳
2022/05/03 19:34:54 0 选举超时,开始新一轮选举
2022/05/03 19:34:54 0 节点转变为Candidate
2022/05/03 19:34:54 0 任期为13 重置选举超时时间 为 364000000
2022/05/03 19:34:54 0 开始竞选
2022/05/03 19:34:54 1 选举超时,开始新一轮选举
2022/05/03 19:34:54 1 节点转变为Candidate
2022/05/03 19:34:54 1 任期为14 重置选举超时时间 为 375000000
2022/05/03 19:34:54 1 开始竞选
2022/05/03 19:34:54 4 选举超时,开始新一轮选举
2022/05/03 19:34:54 4 节点转变为Candidate
2022/05/03 19:34:54 4 任期为14 重置选举超时时间 为 382000000
2022/05/03 19:34:54 4 开始竞选
2022/05/03 19:34:54 5 发送心跳
2022/05/03 19:34:54 6 选举超时,开始新一轮选举
2022/05/03 19:34:54 6 节点转变为Candidate
2022/05/03 19:34:54 6 任期为16 重置选举超时时间 为 201000000
2022/05/03 19:34:54 6 开始竞选
2022/05/03 19:34:54 5 发送心跳
2022/05/03 19:34:54 3 选举超时,开始新一轮选举
2022/05/03 19:34:54 3 节点转变为Candidate
2022/05/03 19:34:54 3 任期为15 重置选举超时时间 为 378000000
2022/05/03 19:34:54 3 开始竞选
2022/05/03 19:34:54 5 发送心跳
2022/05/03 19:34:54 2 选举超时,开始新一轮选举
2022/05/03 19:34:54 2 节点转变为Candidate
2022/05/03 19:34:54 2 任期为15 重置选举超时时间 为 282000000
2022/05/03 19:34:54 2 开始竞选
2022/05/03 19:34:54 0 选举超时,开始新一轮选举
2022/05/03 19:34:54 0 节点转变为Candidate
2022/05/03 19:34:54 0 任期为14 重置选举超时时间 为 221000000
2022/05/03 19:34:54 0 开始竞选
2022/05/03 19:34:54 6 选举超时,开始新一轮选举
2022/05/03 19:34:54 6 节点转变为Candidate
2022/05/03 19:34:54 6 任期为17 重置选举超时时间 为 236000000
2022/05/03 19:34:54 6 开始竞选
2022/05/03 19:34:54 1 选举超时,开始新一轮选举
2022/05/03 19:34:54 1 节点转变为Candidate
2022/05/03 19:34:54 1 任期为15 重置选举超时时间 为 224000000
2022/05/03 19:34:54 1 开始竞选
2022/05/03 19:34:54 5 发送心跳
2022/05/03 19:34:54 4 选举超时,开始新一轮选举
2022/05/03 19:34:54 4 节点转变为Candidate
2022/05/03 19:34:54 4 任期为15 重置选举超时时间 为 376000000
2022/05/03 19:34:54 4 开始竞选
2022/05/03 19:34:54 5 发送心跳
2022/05/03 19:34:54 0 选举超时,开始新一轮选举
2022/05/03 19:34:54 0 节点转变为Candidate
2022/05/03 19:34:54 0 任期为15 重置选举超时时间 为 262000000
2022/05/03 19:34:54 0 开始竞选
2022/05/03 19:34:54 5 发送心跳
2022/05/03 19:34:54 3 选举超时,开始新一轮选举
2022/05/03 19:34:54 3 节点转变为Candidate
2022/05/03 19:34:54 3 任期为16 重置选举超时时间 为 260000000
2022/05/03 19:34:54 3 开始竞选
2022/05/03 19:34:54 6 选举超时,开始新一轮选举
2022/05/03 19:34:54 6 节点转变为Candidate
2022/05/03 19:34:54 6 任期为18 重置选举超时时间 为 396000000
2022/05/03 19:34:54 6 开始竞选
2022/05/03 19:34:54 2 选举超时,开始新一轮选举
2022/05/03 19:34:54 2 节点转变为Candidate
2022/05/03 19:34:54 2 任期为16 重置选举超时时间 为 292000000
2022/05/03 19:34:54 2 开始竞选
2022/05/03 19:34:54 1 选举超时,开始新一轮选举
2022/05/03 19:34:54 1 节点转变为Candidate
2022/05/03 19:34:54 1 任期为16 重置选举超时时间 为 305000000
2022/05/03 19:34:54 1 开始竞选
2022/05/03 19:34:54 5 发送心跳
2022/05/03 19:34:55 5 发送心跳
2022/05/03 19:34:55 4 选举超时,开始新一轮选举
2022/05/03 19:34:55 4 节点转变为Candidate
2022/05/03 19:34:55 4 任期为16 重置选举超时时间 为 244000000
2022/05/03 19:34:55 4 开始竞选
2022/05/03 19:34:55 0 选举超时,开始新一轮选举
2022/05/03 19:34:55 0 节点转变为Candidate
2022/05/03 19:34:55 0 任期为16 重置选举超时时间 为 379000000
2022/05/03 19:34:55 0 开始竞选
2022/05/03 19:34:55 3 选举超时,开始新一轮选举
2022/05/03 19:34:55 3 节点转变为Candidate
2022/05/03 19:34:55 3 任期为17 重置选举超时时间 为 277000000
2022/05/03 19:34:55 3 开始竞选
2022/05/03 19:34:55 5 发送心跳
2022/05/03 19:34:55 2 选举超时,开始新一轮选举
2022/05/03 19:34:55 2 节点转变为Candidate
2022/05/03 19:34:55 2 任期为17 重置选举超时时间 为 338000000
2022/05/03 19:34:55 2 开始竞选
2022/05/03 19:34:55 1 选举超时,开始新一轮选举
2022/05/03 19:34:55 1 节点转变为Candidate
2022/05/03 19:34:55 1 任期为17 重置选举超时时间 为 333000000
2022/05/03 19:34:55 1 开始竞选
2022/05/03 19:34:55 5 发送心跳
2022/05/03 19:34:55 6 选举超时,开始新一轮选举
2022/05/03 19:34:55 6 节点转变为Candidate
2022/05/03 19:34:55 6 任期为19 重置选举超时时间 为 393000000
2022/05/03 19:34:55 6 开始竞选
2022/05/03 19:34:55 4 选举超时,开始新一轮选举
2022/05/03 19:34:55 4 节点转变为Candidate
2022/05/03 19:34:55 4 任期为17 重置选举超时时间 为 312000000
2022/05/03 19:34:55 4 开始竞选
2022/05/03 19:34:55 5 发送心跳
2022/05/03 19:34:55 3 选举超时,开始新一轮选举
2022/05/03 19:34:55 3 节点转变为Candidate
2022/05/03 19:34:55 3 任期为18 重置选举超时时间 为 241000000
2022/05/03 19:34:55 3 开始竞选
2022/05/03 19:34:55 5 发送心跳
2022/05/03 19:34:55 0 选举超时,开始新一轮选举
2022/05/03 19:34:55 0 节点转变为Candidate
2022/05/03 19:34:55 0 任期为17 重置选举超时时间 为 250000000
2022/05/03 19:34:55 0 开始竞选
2022/05/03 19:34:55 2 选举超时,开始新一轮选举
2022/05/03 19:34:55 2 节点转变为Candidate
2022/05/03 19:34:55 2 任期为18 重置选举超时时间 为 296000000
2022/05/03 19:34:55 2 开始竞选
2022/05/03 19:34:55 1 选举超时,开始新一轮选举
2022/05/03 19:34:55 1 节点转变为Candidate
2022/05/03 19:34:55 1 任期为18 重置选举超时时间 为 304000000
2022/05/03 19:34:55 1 开始竞选
2022/05/03 19:34:55 5 发送心跳
2022/05/03 19:34:55 4 选举超时,开始新一轮选举
2022/05/03 19:34:55 4 节点转变为Candidate
2022/05/03 19:34:55 4 任期为18 重置选举超时时间 为 235000000
2022/05/03 19:34:55 4 开始竞选
2022/05/03 19:34:55 3 选举超时,开始新一轮选举
2022/05/03 19:34:55 3 节点转变为Candidate
2022/05/03 19:34:55 3 任期为19 重置选举超时时间 为 320000000
2022/05/03 19:34:55 3 开始竞选
2022/05/03 19:34:55 6 选举超时,开始新一轮选举
2022/05/03 19:34:55 6 节点转变为Candidate
2022/05/03 19:34:55 6 任期为20 重置选举超时时间 为 216000000
2022/05/03 19:34:55 6 开始竞选
2022/05/03 19:34:55 5 发送心跳
2022/05/03 19:34:55 0 选举超时,开始新一轮选举
2022/05/03 19:34:55 0 节点转变为Candidate
2022/05/03 19:34:55 0 任期为18 重置选举超时时间 为 294000000
2022/05/03 19:34:55 0 开始竞选
2022/05/03 19:34:55 5 发送心跳
2022/05/03 19:34:55 2 选举超时,开始新一轮选举
2022/05/03 19:34:55 2 节点转变为Candidate
2022/05/03 19:34:55 2 任期为19 重置选举超时时间 为 255000000
2022/05/03 19:34:55 2 开始竞选
2022/05/03 19:34:55 1 选举超时,开始新一轮选举
2022/05/03 19:34:55 1 节点转变为Candidate
2022/05/03 19:34:55 1 任期为19 重置选举超时时间 为 369000000
2022/05/03 19:34:55 1 开始竞选
2022/05/03 19:34:55 5 发送心跳
2022/05/03 19:34:55 6 选举超时,开始新一轮选举
2022/05/03 19:34:55 6 节点转变为Candidate
2022/05/03 19:34:55 6 任期为21 重置选举超时时间 为 311000000
2022/05/03 19:34:55 6 开始竞选
2022/05/03 19:34:55 4 选举超时,开始新一轮选举
2022/05/03 19:34:55 4 节点转变为Candidate
2022/05/03 19:34:55 4 任期为19 重置选举超时时间 为 203000000
2022/05/03 19:34:55 4 开始竞选
2022/05/03 19:34:55 5 发送心跳
2022/05/03 19:34:55 3 选举超时,开始新一轮选举
2022/05/03 19:34:55 3 节点转变为Candidate
2022/05/03 19:34:55 3 任期为20 重置选举超时时间 为 234000000
2022/05/03 19:34:55 3 开始竞选
2022/05/03 19:34:56 0 选举超时,开始新一轮选举
2022/05/03 19:34:56 0 节点转变为Candidate
2022/05/03 19:34:56 0 任期为19 重置选举超时时间 为 285000000
2022/05/03 19:34:56 0 开始竞选
2022/05/03 19:34:56 2 选举超时,开始新一轮选举
2022/05/03 19:34:56 2 节点转变为Candidate
2022/05/03 19:34:56 2 任期为20 重置选举超时时间 为 276000000
2022/05/03 19:34:56 2 开始竞选
2022/05/03 19:34:56 5 发送心跳
2022/05/03 19:34:56 4 选举超时,开始新一轮选举
2022/05/03 19:34:56 4 节点转变为Candidate
2022/05/03 19:34:56 4 任期为20 重置选举超时时间 为 397000000
2022/05/03 19:34:56 4 开始竞选
2022/05/03 19:34:56 5 发送心跳
2022/05/03 19:34:56 6 选举超时,开始新一轮选举
2022/05/03 19:34:56 6 节点转变为Candidate
2022/05/03 19:34:56 6 任期为22 重置选举超时时间 为 398000000
2022/05/03 19:34:56 6 开始竞选
2022/05/03 19:34:56 1 选举超时,开始新一轮选举
2022/05/03 19:34:56 1 节点转变为Candidate
2022/05/03 19:34:56 1 任期为20 重置选举超时时间 为 351000000
2022/05/03 19:34:56 1 开始竞选
2022/05/03 19:34:56 3 选举超时,开始新一轮选举
2022/05/03 19:34:56 3 节点转变为Candidate
2022/05/03 19:34:56 3 任期为21 重置选举超时时间 为 208000000
2022/05/03 19:34:56 3 开始竞选
2022/05/03 19:34:56 5 发送心跳
2022/05/03 19:34:56 0 选举超时,开始新一轮选举
2022/05/03 19:34:56 0 节点转变为Candidate
2022/05/03 19:34:56 0 任期为20 重置选举超时时间 为 289000000
2022/05/03 19:34:56 0 开始竞选
2022/05/03 19:34:56 2 选举超时,开始新一轮选举
2022/05/03 19:34:56 2 节点转变为Candidate
2022/05/03 19:34:56 2 任期为21 重置选举超时时间 为 233000000
2022/05/03 19:34:56 2 开始竞选
2022/05/03 19:34:56 5 发送心跳
--- FAIL: TestManyElections2A (6.08s)
    config.go:460: expected one leader, got none
FAIL
exit status 1
FAIL	6.824/raft	14.593s
