2022/05/03 19:34:57 0 节点转变为Follower
2022/05/03 19:34:57 0 任期为1 重置心跳超时时间 为 322000000
2022/05/03 19:34:57 创建节点0成功
2022/05/03 19:34:57 1 节点转变为Follower
2022/05/03 19:34:57 1 任期为1 重置心跳超时时间 为 318000000
2022/05/03 19:34:57 创建节点1成功
2022/05/03 19:34:57 2 节点转变为Follower
2022/05/03 19:34:57 2 任期为1 重置心跳超时时间 为 320000000
2022/05/03 19:34:57 创建节点2成功
Test (2A): initial election ...
2022/05/03 19:34:57 1 心跳超时 318000000,转换为Candidate
2022/05/03 19:34:57 1 节点转变为Candidate
2022/05/03 19:34:57 1 任期为2 重置选举超时时间 为 200000000
2022/05/03 19:34:57 1 开始竞选
2022/05/03 19:34:57 2 节点转变为Follower
2022/05/03 19:34:57 2 心跳超时 320000000,转换为Candidate
2022/05/03 19:34:57 2 节点转变为Candidate
2022/05/03 19:34:57 2 任期为3 重置选举超时时间 为 234000000
2022/05/03 19:34:57 2 开始竞选
2022/05/03 19:34:57 0 节点转变为Follower
2022/05/03 19:34:57 2 任期为3 重置选举超时时间 为 240000000
2022/05/03 19:34:57 0 任期为2 重置心跳超时时间 为 344000000
2022/05/03 19:34:57 1 节点转变为Leader
2022/05/03 19:34:57 0 收到心跳
2022/05/03 19:34:57 0 任期为2 重置心跳超时时间 为 234000000
--- FAIL: TestInitialElection2A (0.52s)
    config.go:473: servers disagree on term
2022/05/03 19:34:57 0 节点转变为Follower
2022/05/03 19:34:57 0 任期为1 重置心跳超时时间 为 225000000
2022/05/03 19:34:57 创建节点0成功
2022/05/03 19:34:57 1 节点转变为Follower
2022/05/03 19:34:57 1 任期为1 重置心跳超时时间 为 204000000
2022/05/03 19:34:57 创建节点1成功
2022/05/03 19:34:57 2 节点转变为Follower
2022/05/03 19:34:57 2 任期为1 重置心跳超时时间 为 381000000
2022/05/03 19:34:57 创建节点2成功
Test (2A): election after network failure ...
2022/05/03 19:34:57 1 选举超时,开始新一轮选举
2022/05/03 19:34:57 0 心跳超时 234000000,转换为Candidate
2022/05/03 19:34:57 0 节点转变为Candidate
2022/05/03 19:34:57 0 任期为3 重置选举超时时间 为 361000000
2022/05/03 19:34:57 0 开始竞选
2022/05/03 19:34:57 2 选举超时,开始新一轮选举
2022/05/03 19:34:57 2 节点转变为Candidate
2022/05/03 19:34:57 2 任期为4 重置选举超时时间 为 232000000
2022/05/03 19:34:57 2 开始竞选
2022/05/03 19:34:57 1 心跳超时 204000000,转换为Candidate
2022/05/03 19:34:57 1 节点转变为Candidate
2022/05/03 19:34:57 1 任期为2 重置选举超时时间 为 288000000
2022/05/03 19:34:57 1 开始竞选
2022/05/03 19:34:57 0 节点转变为Follower
2022/05/03 19:34:57 2 节点转变为Follower
2022/05/03 19:34:57 0 任期为2 重置心跳超时时间 为 378000000
2022/05/03 19:34:57 2 任期为2 重置心跳超时时间 为 273000000
2022/05/03 19:34:57 1 节点转变为Leader
2022/05/03 19:34:57 2 收到心跳
2022/05/03 19:34:57 0 收到心跳
2022/05/03 19:34:57 2 任期为2 重置心跳超时时间 为 228000000
2022/05/03 19:34:57 0 任期为2 重置心跳超时时间 为 349000000
2022/05/03 19:34:57 2 心跳超时 228000000,转换为Candidate
2022/05/03 19:34:57 2 节点转变为Candidate
2022/05/03 19:34:57 2 任期为3 重置选举超时时间 为 229000000
2022/05/03 19:34:57 2 开始竞选
2022/05/03 19:34:58 1 选举超时,开始新一轮选举
2022/05/03 19:34:58 0 心跳超时 349000000,转换为Candidate
2022/05/03 19:34:58 0 节点转变为Candidate
2022/05/03 19:34:58 0 任期为3 重置选举超时时间 为 391000000
2022/05/03 19:34:58 0 开始竞选
2022/05/03 19:34:58 1 发送心跳
2022/05/03 19:34:58 2 选举超时,开始新一轮选举
2022/05/03 19:34:58 2 节点转变为Candidate
2022/05/03 19:34:58 2 任期为4 重置选举超时时间 为 288000000
2022/05/03 19:34:58 2 开始竞选
2022/05/03 19:34:58 1 发送心跳
2022/05/03 19:34:58 1 发送心跳
2022/05/03 19:34:58 1 发送心跳
2022/05/03 19:34:58 0 选举超时,开始新一轮选举
2022/05/03 19:34:58 0 节点转变为Candidate
2022/05/03 19:34:58 0 任期为4 重置选举超时时间 为 376000000
2022/05/03 19:34:58 0 开始竞选
2022/05/03 19:34:58 2 选举超时,开始新一轮选举
2022/05/03 19:34:58 2 节点转变为Candidate
2022/05/03 19:34:58 2 任期为5 重置选举超时时间 为 213000000
2022/05/03 19:34:58 2 开始竞选
2022/05/03 19:34:58 1 发送心跳
2022/05/03 19:34:58 1 发送心跳
2022/05/03 19:34:58 2 选举超时,开始新一轮选举
2022/05/03 19:34:58 2 节点转变为Candidate
2022/05/03 19:34:58 2 任期为6 重置选举超时时间 为 250000000
2022/05/03 19:34:58 2 开始竞选
2022/05/03 19:34:58 1 发送心跳
2022/05/03 19:34:58 1 发送心跳
2022/05/03 19:34:58 0 选举超时,开始新一轮选举
2022/05/03 19:34:58 0 节点转变为Candidate
2022/05/03 19:34:58 0 任期为5 重置选举超时时间 为 286000000
2022/05/03 19:34:58 0 开始竞选
2022/05/03 19:34:58 1 发送心跳
2022/05/03 19:34:58 2 选举超时,开始新一轮选举
2022/05/03 19:34:58 2 节点转变为Candidate
2022/05/03 19:34:58 2 任期为7 重置选举超时时间 为 209000000
2022/05/03 19:34:58 2 开始竞选
2022/05/03 19:34:59 1 发送心跳
2022/05/03 19:34:59 1 发送心跳
2022/05/03 19:34:59 0 选举超时,开始新一轮选举
2022/05/03 19:34:59 0 节点转变为Candidate
2022/05/03 19:34:59 0 任期为6 重置选举超时时间 为 259000000
2022/05/03 19:34:59 0 开始竞选
2022/05/03 19:34:59 2 选举超时,开始新一轮选举
2022/05/03 19:34:59 2 节点转变为Candidate
2022/05/03 19:34:59 2 任期为8 重置选举超时时间 为 380000000
2022/05/03 19:34:59 2 开始竞选
2022/05/03 19:34:59 1 发送心跳
2022/05/03 19:34:59 1 发送心跳
2022/05/03 19:34:59 0 选举超时,开始新一轮选举
2022/05/03 19:34:59 0 节点转变为Candidate
2022/05/03 19:34:59 0 任期为7 重置选举超时时间 为 398000000
2022/05/03 19:34:59 0 开始竞选
2022/05/03 19:34:59 1 发送心跳
2022/05/03 19:34:59 1 发送心跳
2022/05/03 19:34:59 2 选举超时,开始新一轮选举
2022/05/03 19:34:59 2 节点转变为Candidate
2022/05/03 19:34:59 2 任期为9 重置选举超时时间 为 326000000
2022/05/03 19:34:59 2 开始竞选
2022/05/03 19:34:59 1 发送心跳
2022/05/03 19:34:59 1 发送心跳
2022/05/03 19:34:59 0 选举超时,开始新一轮选举
2022/05/03 19:34:59 0 节点转变为Candidate
2022/05/03 19:34:59 0 任期为8 重置选举超时时间 为 381000000
2022/05/03 19:34:59 0 开始竞选
2022/05/03 19:34:59 1 发送心跳
2022/05/03 19:34:59 2 选举超时,开始新一轮选举
2022/05/03 19:34:59 2 节点转变为Candidate
2022/05/03 19:34:59 2 任期为10 重置选举超时时间 为 372000000
2022/05/03 19:34:59 2 开始竞选
2022/05/03 19:34:59 1 发送心跳
2022/05/03 19:35:00 1 发送心跳
2022/05/03 19:35:00 1 发送心跳
2022/05/03 19:35:00 0 选举超时,开始新一轮选举
2022/05/03 19:35:00 0 节点转变为Candidate
2022/05/03 19:35:00 0 任期为9 重置选举超时时间 为 325000000
2022/05/03 19:35:00 0 开始竞选
2022/05/03 19:35:00 2 选举超时,开始新一轮选举
2022/05/03 19:35:00 2 节点转变为Candidate
2022/05/03 19:35:00 2 任期为11 重置选举超时时间 为 349000000
2022/05/03 19:35:00 2 开始竞选
2022/05/03 19:35:00 1 发送心跳
2022/05/03 19:35:00 1 发送心跳
2022/05/03 19:35:00 1 发送心跳
2022/05/03 19:35:00 0 选举超时,开始新一轮选举
2022/05/03 19:35:00 0 节点转变为Candidate
2022/05/03 19:35:00 0 任期为10 重置选举超时时间 为 379000000
2022/05/03 19:35:00 0 开始竞选
2022/05/03 19:35:00 1 发送心跳
2022/05/03 19:35:00 2 选举超时,开始新一轮选举
2022/05/03 19:35:00 2 节点转变为Candidate
2022/05/03 19:35:00 2 任期为12 重置选举超时时间 为 278000000
2022/05/03 19:35:00 2 开始竞选
2022/05/03 19:35:00 1 发送心跳
2022/05/03 19:35:00 1 发送心跳
2022/05/03 19:35:00 1 发送心跳
2022/05/03 19:35:00 2 选举超时,开始新一轮选举
2022/05/03 19:35:00 2 节点转变为Candidate
2022/05/03 19:35:00 2 任期为13 重置选举超时时间 为 326000000
2022/05/03 19:35:00 2 开始竞选
2022/05/03 19:35:00 0 选举超时,开始新一轮选举
2022/05/03 19:35:00 0 节点转变为Candidate
2022/05/03 19:35:00 0 任期为11 重置选举超时时间 为 373000000
2022/05/03 19:35:00 0 开始竞选
2022/05/03 19:35:00 1 发送心跳
2022/05/03 19:35:01 1 发送心跳
2022/05/03 19:35:01 1 发送心跳
2022/05/03 19:35:01 2 选举超时,开始新一轮选举
2022/05/03 19:35:01 2 节点转变为Candidate
2022/05/03 19:35:01 2 任期为14 重置选举超时时间 为 281000000
2022/05/03 19:35:01 2 开始竞选
2022/05/03 19:35:01 1 发送心跳
2022/05/03 19:35:01 0 选举超时,开始新一轮选举
2022/05/03 19:35:01 0 节点转变为Candidate
2022/05/03 19:35:01 0 任期为12 重置选举超时时间 为 398000000
2022/05/03 19:35:01 0 开始竞选
2022/05/03 19:35:01 1 发送心跳
2022/05/03 19:35:01 1 发送心跳
2022/05/03 19:35:01 2 选举超时,开始新一轮选举
2022/05/03 19:35:01 2 节点转变为Candidate
2022/05/03 19:35:01 2 任期为15 重置选举超时时间 为 213000000
2022/05/03 19:35:01 2 开始竞选
2022/05/03 19:35:01 1 发送心跳
2022/05/03 19:35:01 1 发送心跳
2022/05/03 19:35:01 0 选举超时,开始新一轮选举
2022/05/03 19:35:01 0 节点转变为Candidate
2022/05/03 19:35:01 0 任期为13 重置选举超时时间 为 273000000
2022/05/03 19:35:01 0 开始竞选
2022/05/03 19:35:01 2 选举超时,开始新一轮选举
2022/05/03 19:35:01 2 节点转变为Candidate
2022/05/03 19:35:01 2 任期为16 重置选举超时时间 为 255000000
2022/05/03 19:35:01 2 开始竞选
2022/05/03 19:35:01 1 发送心跳
2022/05/03 19:35:01 1 发送心跳
2022/05/03 19:35:01 0 选举超时,开始新一轮选举
2022/05/03 19:35:01 0 节点转变为Candidate
2022/05/03 19:35:01 0 任期为14 重置选举超时时间 为 395000000
2022/05/03 19:35:01 0 开始竞选
2022/05/03 19:35:01 2 选举超时,开始新一轮选举
2022/05/03 19:35:01 2 节点转变为Candidate
2022/05/03 19:35:01 2 任期为17 重置选举超时时间 为 385000000
2022/05/03 19:35:01 2 开始竞选
2022/05/03 19:35:01 1 发送心跳
2022/05/03 19:35:02 1 发送心跳
2022/05/03 19:35:02 1 发送心跳
2022/05/03 19:35:02 1 发送心跳
2022/05/03 19:35:02 0 选举超时,开始新一轮选举
2022/05/03 19:35:02 0 节点转变为Candidate
2022/05/03 19:35:02 0 任期为15 重置选举超时时间 为 369000000
2022/05/03 19:35:02 0 开始竞选
2022/05/03 19:35:02 2 选举超时,开始新一轮选举
2022/05/03 19:35:02 2 节点转变为Candidate
2022/05/03 19:35:02 2 任期为18 重置选举超时时间 为 201000000
2022/05/03 19:35:02 2 开始竞选
2022/05/03 19:35:02 1 发送心跳
2022/05/03 19:35:02 1 发送心跳
2022/05/03 19:35:02 2 选举超时,开始新一轮选举
2022/05/03 19:35:02 2 节点转变为Candidate
2022/05/03 19:35:02 2 任期为19 重置选举超时时间 为 385000000
2022/05/03 19:35:02 2 开始竞选
2022/05/03 19:35:02 1 发送心跳
2022/05/03 19:35:02 1 发送心跳
2022/05/03 19:35:02 0 选举超时,开始新一轮选举
2022/05/03 19:35:02 0 节点转变为Candidate
2022/05/03 19:35:02 0 任期为16 重置选举超时时间 为 317000000
2022/05/03 19:35:02 0 开始竞选
2022/05/03 19:35:02 1 发送心跳
2022/05/03 19:35:02 1 发送心跳
2022/05/03 19:35:02 2 选举超时,开始新一轮选举
2022/05/03 19:35:02 2 节点转变为Candidate
2022/05/03 19:35:02 2 任期为20 重置选举超时时间 为 248000000
2022/05/03 19:35:02 2 开始竞选
2022/05/03 19:35:02 1 发送心跳
--- FAIL: TestReElection2A (5.47s)
    config.go:460: expected one leader, got none
2022/05/03 19:35:03 0 节点转变为Follower
2022/05/03 19:35:03 0 任期为1 重置心跳超时时间 为 214000000
2022/05/03 19:35:03 创建节点0成功
2022/05/03 19:35:03 1 节点转变为Follower
2022/05/03 19:35:03 1 任期为1 重置心跳超时时间 为 378000000
2022/05/03 19:35:03 创建节点1成功
2022/05/03 19:35:03 2 节点转变为Follower
2022/05/03 19:35:03 2 任期为1 重置心跳超时时间 为 261000000
2022/05/03 19:35:03 创建节点2成功
2022/05/03 19:35:03 3 节点转变为Follower
2022/05/03 19:35:03 3 任期为1 重置心跳超时时间 为 384000000
2022/05/03 19:35:03 创建节点3成功
2022/05/03 19:35:03 4 节点转变为Follower
2022/05/03 19:35:03 4 任期为1 重置心跳超时时间 为 217000000
2022/05/03 19:35:03 创建节点4成功
2022/05/03 19:35:03 5 节点转变为Follower
2022/05/03 19:35:03 5 任期为1 重置心跳超时时间 为 284000000
2022/05/03 19:35:03 创建节点5成功
2022/05/03 19:35:03 6 节点转变为Follower
2022/05/03 19:35:03 6 任期为1 重置心跳超时时间 为 213000000
2022/05/03 19:35:03 创建节点6成功
Test (2A): multiple elections ...
2022/05/03 19:35:03 0 选举超时,开始新一轮选举
2022/05/03 19:35:03 0 节点转变为Candidate
2022/05/03 19:35:03 0 任期为17 重置选举超时时间 为 240000000
2022/05/03 19:35:03 0 开始竞选
2022/05/03 19:35:03 1 发送心跳
2022/05/03 19:35:03 2 选举超时,开始新一轮选举
2022/05/03 19:35:03 2 节点转变为Candidate
2022/05/03 19:35:03 2 任期为21 重置选举超时时间 为 278000000
2022/05/03 19:35:03 2 开始竞选
2022/05/03 19:35:03 0 心跳超时 214000000,转换为Candidate
2022/05/03 19:35:03 0 节点转变为Candidate
2022/05/03 19:35:03 0 任期为2 重置选举超时时间 为 246000000
2022/05/03 19:35:03 0 开始竞选
2022/05/03 19:35:03 6 心跳超时 213000000,转换为Candidate
2022/05/03 19:35:03 6 节点转变为Candidate
2022/05/03 19:35:03 6 任期为2 重置选举超时时间 为 378000000
2022/05/03 19:35:03 6 开始竞选
2022/05/03 19:35:03 1 节点转变为Follower
2022/05/03 19:35:03 5 节点转变为Follower
2022/05/03 19:35:03 5 任期为2 重置心跳超时时间 为 315000000
2022/05/03 19:35:03 2 节点转变为Follower
2022/05/03 19:35:03 1 任期为2 重置心跳超时时间 为 280000000
2022/05/03 19:35:03 3 节点转变为Follower
2022/05/03 19:35:03 4 节点转变为Follower
2022/05/03 19:35:03 3 任期为2 重置心跳超时时间 为 398000000
2022/05/03 19:35:03 0 节点转变为Leader
2022/05/03 19:35:03 2 任期为2 重置心跳超时时间 为 205000000
2022/05/03 19:35:03 6 节点转变为Follower
2022/05/03 19:35:03 2 收到心跳
2022/05/03 19:35:03 4 任期为2 重置心跳超时时间 为 396000000
2022/05/03 19:35:03 4 收到心跳
2022/05/03 19:35:03 5 收到心跳
2022/05/03 19:35:03 3 收到心跳
2022/05/03 19:35:03 1 收到心跳
2022/05/03 19:35:03 5 任期为2 重置心跳超时时间 为 259000000
2022/05/03 19:35:03 4 任期为2 重置心跳超时时间 为 395000000
2022/05/03 19:35:03 3 任期为2 重置心跳超时时间 为 376000000
2022/05/03 19:35:03 2 任期为2 重置心跳超时时间 为 346000000
2022/05/03 19:35:03 1 任期为2 重置心跳超时时间 为 218000000
2022/05/03 19:35:03 1 心跳超时 218000000,转换为Candidate
2022/05/03 19:35:03 1 节点转变为Candidate
2022/05/03 19:35:03 1 任期为3 重置选举超时时间 为 309000000
2022/05/03 19:35:03 1 开始竞选
2022/05/03 19:35:03 6 节点转变为Follower
2022/05/03 19:35:03 6 任期为3 重置心跳超时时间 为 394000000
2022/05/03 19:35:03 0 选举超时,开始新一轮选举
2022/05/03 19:35:03 3 收到心跳
2022/05/03 19:35:03 3 任期为2 重置心跳超时时间 为 375000000
2022/05/03 19:35:03 4 收到心跳
2022/05/03 19:35:03 5 收到心跳
2022/05/03 19:35:03 2 收到心跳
2022/05/03 19:35:03 4 任期为2 重置心跳超时时间 为 248000000
2022/05/03 19:35:03 5 任期为2 重置心跳超时时间 为 359000000
2022/05/03 19:35:03 2 任期为2 重置心跳超时时间 为 294000000
2022/05/03 19:35:03 0 发送心跳
2022/05/03 19:35:03 3 收到心跳
2022/05/03 19:35:03 5 收到心跳
2022/05/03 19:35:03 3 任期为2 重置心跳超时时间 为 265000000
2022/05/03 19:35:03 4 收到心跳
2022/05/03 19:35:03 5 任期为2 重置心跳超时时间 为 380000000
2022/05/03 19:35:03 4 任期为2 重置心跳超时时间 为 289000000
2022/05/03 19:35:03 0 发送心跳
2022/05/03 19:35:03 3 收到心跳
2022/05/03 19:35:03 4 收到心跳
2022/05/03 19:35:03 3 任期为2 重置心跳超时时间 为 243000000
2022/05/03 19:35:03 5 收到心跳
2022/05/03 19:35:03 4 任期为2 重置心跳超时时间 为 228000000
2022/05/03 19:35:03 5 任期为2 重置心跳超时时间 为 347000000
2022/05/03 19:35:03 1 选举超时,开始新一轮选举
2022/05/03 19:35:03 1 节点转变为Candidate
2022/05/03 19:35:03 1 任期为4 重置选举超时时间 为 318000000
2022/05/03 19:35:03 1 开始竞选
2022/05/03 19:35:03 2 心跳超时 294000000,转换为Candidate
2022/05/03 19:35:03 2 节点转变为Candidate
2022/05/03 19:35:03 2 任期为3 重置选举超时时间 为 305000000
2022/05/03 19:35:03 2 开始竞选
2022/05/03 19:35:03 0 发送心跳
2022/05/03 19:35:03 3 收到心跳
2022/05/03 19:35:03 5 收到心跳
2022/05/03 19:35:03 3 任期为2 重置心跳超时时间 为 297000000
2022/05/03 19:35:03 4 收到心跳
2022/05/03 19:35:03 5 任期为2 重置心跳超时时间 为 264000000
2022/05/03 19:35:03 4 任期为2 重置心跳超时时间 为 379000000
2022/05/03 19:35:03 6 心跳超时 394000000,转换为Candidate
2022/05/03 19:35:03 6 节点转变为Candidate
2022/05/03 19:35:03 6 任期为4 重置选举超时时间 为 323000000
2022/05/03 19:35:03 6 开始竞选
2022/05/03 19:35:03 0 发送心跳
2022/05/03 19:35:03 4 收到心跳
2022/05/03 19:35:03 4 任期为2 重置心跳超时时间 为 372000000
2022/05/03 19:35:03 5 收到心跳
2022/05/03 19:35:03 3 收到心跳
2022/05/03 19:35:03 5 任期为2 重置心跳超时时间 为 323000000
2022/05/03 19:35:03 3 任期为2 重置心跳超时时间 为 326000000
2022/05/03 19:35:03 0 发送心跳
2022/05/03 19:35:03 4 收到心跳
2022/05/03 19:35:03 3 收到心跳
2022/05/03 19:35:03 4 任期为2 重置心跳超时时间 为 322000000
2022/05/03 19:35:03 5 收到心跳
2022/05/03 19:35:03 3 任期为2 重置心跳超时时间 为 350000000
2022/05/03 19:35:03 5 任期为2 重置心跳超时时间 为 367000000
2022/05/03 19:35:04 2 选举超时,开始新一轮选举
2022/05/03 19:35:04 2 节点转变为Candidate
2022/05/03 19:35:04 2 任期为4 重置选举超时时间 为 282000000
2022/05/03 19:35:04 2 开始竞选
2022/05/03 19:35:04 1 选举超时,开始新一轮选举
2022/05/03 19:35:04 1 节点转变为Candidate
2022/05/03 19:35:04 1 任期为5 重置选举超时时间 为 337000000
2022/05/03 19:35:04 1 开始竞选
2022/05/03 19:35:04 0 发送心跳
2022/05/03 19:35:04 5 收到心跳
2022/05/03 19:35:04 5 任期为2 重置心跳超时时间 为 329000000
2022/05/03 19:35:04 4 收到心跳
2022/05/03 19:35:04 3 收到心跳
2022/05/03 19:35:04 4 任期为2 重置心跳超时时间 为 352000000
2022/05/03 19:35:04 3 任期为2 重置心跳超时时间 为 385000000
2022/05/03 19:35:04 6 选举超时,开始新一轮选举
2022/05/03 19:35:04 6 节点转变为Candidate
2022/05/03 19:35:04 6 任期为5 重置选举超时时间 为 394000000
2022/05/03 19:35:04 6 开始竞选
2022/05/03 19:35:04 0 发送心跳
2022/05/03 19:35:04 4 收到心跳
2022/05/03 19:35:04 5 收到心跳
2022/05/03 19:35:04 4 任期为2 重置心跳超时时间 为 232000000
2022/05/03 19:35:04 5 任期为2 重置心跳超时时间 为 202000000
2022/05/03 19:35:04 0 发送心跳
2022/05/03 19:35:04 5 收到心跳
2022/05/03 19:35:04 4 收到心跳
2022/05/03 19:35:04 4 任期为2 重置心跳超时时间 为 238000000
2022/05/03 19:35:04 5 任期为2 重置心跳超时时间 为 243000000
2022/05/03 19:35:04 2 选举超时,开始新一轮选举
2022/05/03 19:35:04 2 节点转变为Candidate
2022/05/03 19:35:04 2 任期为5 重置选举超时时间 为 247000000
2022/05/03 19:35:04 2 开始竞选
2022/05/03 19:35:04 0 发送心跳
2022/05/03 19:35:04 4 收到心跳
2022/05/03 19:35:04 4 任期为2 重置心跳超时时间 为 340000000
2022/05/03 19:35:04 5 收到心跳
2022/05/03 19:35:04 5 任期为2 重置心跳超时时间 为 241000000
2022/05/03 19:35:04 1 选举超时,开始新一轮选举
2022/05/03 19:35:04 1 节点转变为Candidate
2022/05/03 19:35:04 1 任期为6 重置选举超时时间 为 283000000
2022/05/03 19:35:04 1 开始竞选
2022/05/03 19:35:04 3 心跳超时 385000000,转换为Candidate
2022/05/03 19:35:04 3 节点转变为Candidate
2022/05/03 19:35:04 3 任期为3 重置选举超时时间 为 370000000
2022/05/03 19:35:04 3 开始竞选
2022/05/03 19:35:04 0 发送心跳
2022/05/03 19:35:04 4 收到心跳
2022/05/03 19:35:04 5 收到心跳
2022/05/03 19:35:04 4 任期为2 重置心跳超时时间 为 281000000
2022/05/03 19:35:04 5 任期为2 重置心跳超时时间 为 381000000
2022/05/03 19:35:04 6 选举超时,开始新一轮选举
2022/05/03 19:35:04 6 节点转变为Candidate
2022/05/03 19:35:04 6 任期为6 重置选举超时时间 为 279000000
2022/05/03 19:35:04 6 开始竞选
2022/05/03 19:35:04 0 发送心跳
2022/05/03 19:35:04 2 选举超时,开始新一轮选举
2022/05/03 19:35:04 2 节点转变为Candidate
2022/05/03 19:35:04 2 任期为6 重置选举超时时间 为 211000000
2022/05/03 19:35:04 2 开始竞选
2022/05/03 19:35:04 0 发送心跳
2022/05/03 19:35:04 1 选举超时,开始新一轮选举
2022/05/03 19:35:04 1 节点转变为Candidate
2022/05/03 19:35:04 1 任期为7 重置选举超时时间 为 331000000
2022/05/03 19:35:04 1 开始竞选
2022/05/03 19:35:04 4 心跳超时 281000000,转换为Candidate
2022/05/03 19:35:04 4 节点转变为Candidate
2022/05/03 19:35:04 4 任期为3 重置选举超时时间 为 300000000
2022/05/03 19:35:04 4 开始竞选
2022/05/03 19:35:04 0 发送心跳
2022/05/03 19:35:04 2 选举超时,开始新一轮选举
2022/05/03 19:35:04 2 节点转变为Candidate
2022/05/03 19:35:04 2 任期为7 重置选举超时时间 为 262000000
2022/05/03 19:35:04 2 开始竞选
2022/05/03 19:35:04 3 选举超时,开始新一轮选举
2022/05/03 19:35:04 3 节点转变为Candidate
2022/05/03 19:35:04 3 任期为4 重置选举超时时间 为 318000000
2022/05/03 19:35:04 3 开始竞选
2022/05/03 19:35:04 6 选举超时,开始新一轮选举
2022/05/03 19:35:04 6 节点转变为Candidate
2022/05/03 19:35:04 6 任期为7 重置选举超时时间 为 392000000
2022/05/03 19:35:04 6 开始竞选
2022/05/03 19:35:04 5 心跳超时 381000000,转换为Candidate
2022/05/03 19:35:04 5 节点转变为Candidate
2022/05/03 19:35:04 5 任期为3 重置选举超时时间 为 314000000
2022/05/03 19:35:04 5 开始竞选
2022/05/03 19:35:04 0 发送心跳
2022/05/03 19:35:04 0 发送心跳
2022/05/03 19:35:05 1 选举超时,开始新一轮选举
2022/05/03 19:35:05 1 节点转变为Candidate
2022/05/03 19:35:05 1 任期为8 重置选举超时时间 为 245000000
2022/05/03 19:35:05 1 开始竞选
2022/05/03 19:35:05 4 选举超时,开始新一轮选举
2022/05/03 19:35:05 4 节点转变为Candidate
2022/05/03 19:35:05 4 任期为4 重置选举超时时间 为 313000000
2022/05/03 19:35:05 4 开始竞选
2022/05/03 19:35:05 2 选举超时,开始新一轮选举
2022/05/03 19:35:05 2 节点转变为Candidate
2022/05/03 19:35:05 2 任期为8 重置选举超时时间 为 222000000
2022/05/03 19:35:05 2 开始竞选
2022/05/03 19:35:05 0 发送心跳
2022/05/03 19:35:05 3 选举超时,开始新一轮选举
2022/05/03 19:35:05 3 节点转变为Candidate
2022/05/03 19:35:05 3 任期为5 重置选举超时时间 为 371000000
2022/05/03 19:35:05 3 开始竞选
2022/05/03 19:35:05 5 选举超时,开始新一轮选举
2022/05/03 19:35:05 5 节点转变为Candidate
2022/05/03 19:35:05 5 任期为4 重置选举超时时间 为 395000000
2022/05/03 19:35:05 5 开始竞选
2022/05/03 19:35:05 0 发送心跳
2022/05/03 19:35:05 6 选举超时,开始新一轮选举
2022/05/03 19:35:05 6 节点转变为Candidate
2022/05/03 19:35:05 6 任期为8 重置选举超时时间 为 233000000
2022/05/03 19:35:05 6 开始竞选
2022/05/03 19:35:05 1 选举超时,开始新一轮选举
2022/05/03 19:35:05 1 节点转变为Candidate
2022/05/03 19:35:05 1 任期为9 重置选举超时时间 为 388000000
2022/05/03 19:35:05 1 开始竞选
2022/05/03 19:35:05 0 发送心跳
2022/05/03 19:35:05 2 选举超时,开始新一轮选举
2022/05/03 19:35:05 2 节点转变为Candidate
2022/05/03 19:35:05 2 任期为9 重置选举超时时间 为 260000000
2022/05/03 19:35:05 2 开始竞选
2022/05/03 19:35:05 4 选举超时,开始新一轮选举
2022/05/03 19:35:05 4 节点转变为Candidate
2022/05/03 19:35:05 4 任期为5 重置选举超时时间 为 254000000
2022/05/03 19:35:05 4 开始竞选
2022/05/03 19:35:05 0 发送心跳
2022/05/03 19:35:05 6 选举超时,开始新一轮选举
2022/05/03 19:35:05 6 节点转变为Candidate
2022/05/03 19:35:05 6 任期为9 重置选举超时时间 为 256000000
2022/05/03 19:35:05 6 开始竞选
2022/05/03 19:35:05 0 发送心跳
2022/05/03 19:35:05 3 选举超时,开始新一轮选举
2022/05/03 19:35:05 3 节点转变为Candidate
2022/05/03 19:35:05 3 任期为6 重置选举超时时间 为 386000000
2022/05/03 19:35:05 3 开始竞选
2022/05/03 19:35:05 2 选举超时,开始新一轮选举
2022/05/03 19:35:05 2 节点转变为Candidate
2022/05/03 19:35:05 2 任期为10 重置选举超时时间 为 206000000
2022/05/03 19:35:05 2 开始竞选
2022/05/03 19:35:05 5 选举超时,开始新一轮选举
2022/05/03 19:35:05 5 节点转变为Candidate
2022/05/03 19:35:05 5 任期为5 重置选举超时时间 为 233000000
2022/05/03 19:35:05 5 开始竞选
2022/05/03 19:35:05 0 发送心跳
2022/05/03 19:35:05 4 选举超时,开始新一轮选举
2022/05/03 19:35:05 4 节点转变为Candidate
2022/05/03 19:35:05 4 任期为6 重置选举超时时间 为 359000000
2022/05/03 19:35:05 4 开始竞选
2022/05/03 19:35:05 1 选举超时,开始新一轮选举
2022/05/03 19:35:05 1 节点转变为Candidate
2022/05/03 19:35:05 1 任期为10 重置选举超时时间 为 306000000
2022/05/03 19:35:05 1 开始竞选
2022/05/03 19:35:05 0 发送心跳
2022/05/03 19:35:05 6 选举超时,开始新一轮选举
2022/05/03 19:35:05 6 节点转变为Candidate
2022/05/03 19:35:05 6 任期为10 重置选举超时时间 为 229000000
2022/05/03 19:35:05 6 开始竞选
2022/05/03 19:35:05 2 选举超时,开始新一轮选举
2022/05/03 19:35:05 2 节点转变为Candidate
2022/05/03 19:35:05 2 任期为11 重置选举超时时间 为 342000000
2022/05/03 19:35:05 2 开始竞选
2022/05/03 19:35:05 0 发送心跳
2022/05/03 19:35:05 5 选举超时,开始新一轮选举
2022/05/03 19:35:05 5 节点转变为Candidate
2022/05/03 19:35:05 5 任期为6 重置选举超时时间 为 317000000
2022/05/03 19:35:05 5 开始竞选
2022/05/03 19:35:05 0 发送心跳
2022/05/03 19:35:05 3 选举超时,开始新一轮选举
2022/05/03 19:35:05 3 节点转变为Candidate
2022/05/03 19:35:05 3 任期为7 重置选举超时时间 为 213000000
2022/05/03 19:35:05 3 开始竞选
2022/05/03 19:35:05 6 选举超时,开始新一轮选举
2022/05/03 19:35:05 6 节点转变为Candidate
2022/05/03 19:35:05 6 任期为11 重置选举超时时间 为 349000000
2022/05/03 19:35:05 6 开始竞选
2022/05/03 19:35:05 1 选举超时,开始新一轮选举
2022/05/03 19:35:05 1 节点转变为Candidate
2022/05/03 19:35:05 1 任期为11 重置选举超时时间 为 336000000
2022/05/03 19:35:05 1 开始竞选
2022/05/03 19:35:05 0 发送心跳
2022/05/03 19:35:05 4 选举超时,开始新一轮选举
2022/05/03 19:35:05 4 节点转变为Candidate
2022/05/03 19:35:05 4 任期为7 重置选举超时时间 为 347000000
2022/05/03 19:35:05 4 开始竞选
2022/05/03 19:35:06 0 发送心跳
2022/05/03 19:35:06 2 选举超时,开始新一轮选举
2022/05/03 19:35:06 2 节点转变为Candidate
2022/05/03 19:35:06 2 任期为12 重置选举超时时间 为 344000000
2022/05/03 19:35:06 2 开始竞选
2022/05/03 19:35:06 5 选举超时,开始新一轮选举
2022/05/03 19:35:06 5 节点转变为Candidate
2022/05/03 19:35:06 3 选举超时,开始新一轮选举
2022/05/03 19:35:06 3 节点转变为Candidate
2022/05/03 19:35:06 3 任期为8 重置选举超时时间 为 346000000
2022/05/03 19:35:06 3 开始竞选
2022/05/03 19:35:06 5 任期为7 重置选举超时时间 为 290000000
2022/05/03 19:35:06 5 开始竞选
2022/05/03 19:35:06 0 发送心跳
2022/05/03 19:35:06 0 发送心跳
2022/05/03 19:35:06 6 选举超时,开始新一轮选举
2022/05/03 19:35:06 6 节点转变为Candidate
2022/05/03 19:35:06 6 任期为12 重置选举超时时间 为 312000000
2022/05/03 19:35:06 6 开始竞选
2022/05/03 19:35:06 1 选举超时,开始新一轮选举
2022/05/03 19:35:06 1 节点转变为Candidate
2022/05/03 19:35:06 1 任期为12 重置选举超时时间 为 328000000
2022/05/03 19:35:06 1 开始竞选
2022/05/03 19:35:06 4 选举超时,开始新一轮选举
2022/05/03 19:35:06 4 节点转变为Candidate
2022/05/03 19:35:06 4 任期为8 重置选举超时时间 为 326000000
2022/05/03 19:35:06 4 开始竞选
2022/05/03 19:35:06 0 发送心跳
2022/05/03 19:35:06 5 选举超时,开始新一轮选举
2022/05/03 19:35:06 5 节点转变为Candidate
2022/05/03 19:35:06 5 任期为8 重置选举超时时间 为 251000000
2022/05/03 19:35:06 5 开始竞选
2022/05/03 19:35:06 2 选举超时,开始新一轮选举
2022/05/03 19:35:06 2 节点转变为Candidate
2022/05/03 19:35:06 2 任期为13 重置选举超时时间 为 278000000
2022/05/03 19:35:06 2 开始竞选
2022/05/03 19:35:06 3 选举超时,开始新一轮选举
2022/05/03 19:35:06 3 节点转变为Candidate
2022/05/03 19:35:06 3 任期为9 重置选举超时时间 为 308000000
2022/05/03 19:35:06 3 开始竞选
2022/05/03 19:35:06 0 发送心跳
2022/05/03 19:35:06 0 发送心跳
2022/05/03 19:35:06 6 选举超时,开始新一轮选举
2022/05/03 19:35:06 6 节点转变为Candidate
2022/05/03 19:35:06 6 任期为13 重置选举超时时间 为 223000000
2022/05/03 19:35:06 6 开始竞选
2022/05/03 19:35:06 1 选举超时,开始新一轮选举
2022/05/03 19:35:06 1 节点转变为Candidate
2022/05/03 19:35:06 1 任期为13 重置选举超时时间 为 218000000
2022/05/03 19:35:06 1 开始竞选
2022/05/03 19:35:06 4 选举超时,开始新一轮选举
2022/05/03 19:35:06 4 节点转变为Candidate
2022/05/03 19:35:06 4 任期为9 重置选举超时时间 为 267000000
2022/05/03 19:35:06 4 开始竞选
2022/05/03 19:35:06 5 选举超时,开始新一轮选举
2022/05/03 19:35:06 5 节点转变为Candidate
2022/05/03 19:35:06 5 任期为9 重置选举超时时间 为 396000000
2022/05/03 19:35:06 5 开始竞选
2022/05/03 19:35:06 0 发送心跳
2022/05/03 19:35:06 2 选举超时,开始新一轮选举
2022/05/03 19:35:06 2 节点转变为Candidate
2022/05/03 19:35:06 2 任期为14 重置选举超时时间 为 325000000
2022/05/03 19:35:06 2 开始竞选
2022/05/03 19:35:06 3 选举超时,开始新一轮选举
2022/05/03 19:35:06 3 节点转变为Candidate
2022/05/03 19:35:06 3 任期为10 重置选举超时时间 为 303000000
2022/05/03 19:35:06 3 开始竞选
2022/05/03 19:35:06 0 发送心跳
2022/05/03 19:35:06 6 选举超时,开始新一轮选举
2022/05/03 19:35:06 6 节点转变为Candidate
2022/05/03 19:35:06 6 任期为14 重置选举超时时间 为 344000000
2022/05/03 19:35:06 6 开始竞选
2022/05/03 19:35:06 1 选举超时,开始新一轮选举
2022/05/03 19:35:06 1 节点转变为Candidate
2022/05/03 19:35:06 1 任期为14 重置选举超时时间 为 261000000
2022/05/03 19:35:06 1 开始竞选
2022/05/03 19:35:06 0 发送心跳
2022/05/03 19:35:06 4 选举超时,开始新一轮选举
2022/05/03 19:35:06 4 节点转变为Candidate
2022/05/03 19:35:06 4 任期为10 重置选举超时时间 为 287000000
2022/05/03 19:35:06 4 开始竞选
2022/05/03 19:35:06 0 发送心跳
2022/05/03 19:35:07 2 选举超时,开始新一轮选举
2022/05/03 19:35:07 2 节点转变为Candidate
2022/05/03 19:35:07 2 任期为15 重置选举超时时间 为 365000000
2022/05/03 19:35:07 2 开始竞选
2022/05/03 19:35:07 5 选举超时,开始新一轮选举
2022/05/03 19:35:07 5 节点转变为Candidate
2022/05/03 19:35:07 5 任期为10 重置选举超时时间 为 212000000
2022/05/03 19:35:07 5 开始竞选
2022/05/03 19:35:07 3 选举超时,开始新一轮选举
2022/05/03 19:35:07 3 节点转变为Candidate
2022/05/03 19:35:07 3 任期为11 重置选举超时时间 为 251000000
2022/05/03 19:35:07 3 开始竞选
2022/05/03 19:35:07 0 发送心跳
2022/05/03 19:35:07 1 选举超时,开始新一轮选举
2022/05/03 19:35:07 1 节点转变为Candidate
2022/05/03 19:35:07 1 任期为15 重置选举超时时间 为 360000000
2022/05/03 19:35:07 1 开始竞选
2022/05/03 19:35:07 6 选举超时,开始新一轮选举
2022/05/03 19:35:07 6 节点转变为Candidate
2022/05/03 19:35:07 6 任期为15 重置选举超时时间 为 277000000
2022/05/03 19:35:07 6 开始竞选
2022/05/03 19:35:07 0 发送心跳
2022/05/03 19:35:07 4 选举超时,开始新一轮选举
2022/05/03 19:35:07 4 节点转变为Candidate
2022/05/03 19:35:07 4 任期为11 重置选举超时时间 为 249000000
2022/05/03 19:35:07 4 开始竞选
2022/05/03 19:35:07 5 选举超时,开始新一轮选举
2022/05/03 19:35:07 5 节点转变为Candidate
2022/05/03 19:35:07 5 任期为11 重置选举超时时间 为 351000000
2022/05/03 19:35:07 5 开始竞选
2022/05/03 19:35:07 0 发送心跳
2022/05/03 19:35:07 3 选举超时,开始新一轮选举
2022/05/03 19:35:07 3 节点转变为Candidate
2022/05/03 19:35:07 3 任期为12 重置选举超时时间 为 218000000
2022/05/03 19:35:07 3 开始竞选
2022/05/03 19:35:07 0 发送心跳
2022/05/03 19:35:07 2 选举超时,开始新一轮选举
2022/05/03 19:35:07 2 节点转变为Candidate
2022/05/03 19:35:07 2 任期为16 重置选举超时时间 为 224000000
2022/05/03 19:35:07 2 开始竞选
2022/05/03 19:35:07 6 选举超时,开始新一轮选举
2022/05/03 19:35:07 6 节点转变为Candidate
2022/05/03 19:35:07 6 任期为16 重置选举超时时间 为 273000000
2022/05/03 19:35:07 6 开始竞选
2022/05/03 19:35:07 4 选举超时,开始新一轮选举
2022/05/03 19:35:07 4 节点转变为Candidate
2022/05/03 19:35:07 4 任期为12 重置选举超时时间 为 339000000
2022/05/03 19:35:07 4 开始竞选
2022/05/03 19:35:07 1 选举超时,开始新一轮选举
2022/05/03 19:35:07 1 节点转变为Candidate
2022/05/03 19:35:07 1 任期为16 重置选举超时时间 为 325000000
2022/05/03 19:35:07 1 开始竞选
2022/05/03 19:35:07 0 发送心跳
2022/05/03 19:35:07 3 选举超时,开始新一轮选举
2022/05/03 19:35:07 3 节点转变为Candidate
2022/05/03 19:35:07 3 任期为13 重置选举超时时间 为 230000000
2022/05/03 19:35:07 3 开始竞选
2022/05/03 19:35:07 0 发送心跳
2022/05/03 19:35:07 5 选举超时,开始新一轮选举
2022/05/03 19:35:07 5 节点转变为Candidate
2022/05/03 19:35:07 5 任期为12 重置选举超时时间 为 349000000
2022/05/03 19:35:07 5 开始竞选
2022/05/03 19:35:07 2 选举超时,开始新一轮选举
2022/05/03 19:35:07 2 节点转变为Candidate
2022/05/03 19:35:07 2 任期为17 重置选举超时时间 为 255000000
2022/05/03 19:35:07 2 开始竞选
2022/05/03 19:35:07 0 发送心跳
2022/05/03 19:35:07 6 选举超时,开始新一轮选举
2022/05/03 19:35:07 6 节点转变为Candidate
2022/05/03 19:35:07 6 任期为17 重置选举超时时间 为 306000000
2022/05/03 19:35:07 6 开始竞选
2022/05/03 19:35:07 3 选举超时,开始新一轮选举
2022/05/03 19:35:07 3 节点转变为Candidate
2022/05/03 19:35:07 3 任期为14 重置选举超时时间 为 329000000
2022/05/03 19:35:07 3 开始竞选
2022/05/03 19:35:07 0 发送心跳
2022/05/03 19:35:07 1 选举超时,开始新一轮选举
2022/05/03 19:35:07 1 节点转变为Candidate
2022/05/03 19:35:07 1 任期为17 重置选举超时时间 为 368000000
2022/05/03 19:35:07 1 开始竞选
2022/05/03 19:35:07 4 选举超时,开始新一轮选举
2022/05/03 19:35:07 4 节点转变为Candidate
2022/05/03 19:35:07 4 任期为13 重置选举超时时间 为 318000000
2022/05/03 19:35:07 4 开始竞选
2022/05/03 19:35:07 0 发送心跳
2022/05/03 19:35:07 2 选举超时,开始新一轮选举
2022/05/03 19:35:07 2 节点转变为Candidate
2022/05/03 19:35:07 2 任期为18 重置选举超时时间 为 244000000
2022/05/03 19:35:07 2 开始竞选
2022/05/03 19:35:07 5 选举超时,开始新一轮选举
2022/05/03 19:35:07 5 节点转变为Candidate
2022/05/03 19:35:07 5 任期为13 重置选举超时时间 为 384000000
2022/05/03 19:35:07 5 开始竞选
2022/05/03 19:35:08 0 发送心跳
2022/05/03 19:35:08 6 选举超时,开始新一轮选举
2022/05/03 19:35:08 6 节点转变为Candidate
2022/05/03 19:35:08 6 任期为18 重置选举超时时间 为 389000000
2022/05/03 19:35:08 6 开始竞选
2022/05/03 19:35:08 0 发送心跳
2022/05/03 19:35:08 3 选举超时,开始新一轮选举
2022/05/03 19:35:08 3 节点转变为Candidate
2022/05/03 19:35:08 3 任期为15 重置选举超时时间 为 296000000
2022/05/03 19:35:08 3 开始竞选
2022/05/03 19:35:08 4 选举超时,开始新一轮选举
2022/05/03 19:35:08 4 节点转变为Candidate
2022/05/03 19:35:08 4 任期为14 重置选举超时时间 为 357000000
2022/05/03 19:35:08 4 开始竞选
2022/05/03 19:35:08 2 选举超时,开始新一轮选举
2022/05/03 19:35:08 2 节点转变为Candidate
2022/05/03 19:35:08 2 任期为19 重置选举超时时间 为 294000000
2022/05/03 19:35:08 2 开始竞选
2022/05/03 19:35:08 1 选举超时,开始新一轮选举
2022/05/03 19:35:08 1 节点转变为Candidate
2022/05/03 19:35:08 1 任期为18 重置选举超时时间 为 239000000
2022/05/03 19:35:08 1 开始竞选
2022/05/03 19:35:08 0 发送心跳
2022/05/03 19:35:08 0 发送心跳
2022/05/03 19:35:08 5 选举超时,开始新一轮选举
2022/05/03 19:35:08 5 节点转变为Candidate
2022/05/03 19:35:08 5 任期为14 重置选举超时时间 为 255000000
2022/05/03 19:35:08 5 开始竞选
2022/05/03 19:35:08 0 发送心跳
2022/05/03 19:35:08 1 选举超时,开始新一轮选举
2022/05/03 19:35:08 1 节点转变为Candidate
2022/05/03 19:35:08 1 任期为19 重置选举超时时间 为 260000000
2022/05/03 19:35:08 1 开始竞选
2022/05/03 19:35:08 3 选举超时,开始新一轮选举
2022/05/03 19:35:08 3 节点转变为Candidate
2022/05/03 19:35:08 3 任期为16 重置选举超时时间 为 215000000
2022/05/03 19:35:08 3 开始竞选
2022/05/03 19:35:08 6 选举超时,开始新一轮选举
2022/05/03 19:35:08 6 节点转变为Candidate
2022/05/03 19:35:08 6 任期为19 重置选举超时时间 为 277000000
2022/05/03 19:35:08 6 开始竞选
2022/05/03 19:35:08 2 选举超时,开始新一轮选举
2022/05/03 19:35:08 2 节点转变为Candidate
2022/05/03 19:35:08 2 任期为20 重置选举超时时间 为 278000000
2022/05/03 19:35:08 2 开始竞选
2022/05/03 19:35:08 4 选举超时,开始新一轮选举
2022/05/03 19:35:08 4 节点转变为Candidate
2022/05/03 19:35:08 4 任期为15 重置选举超时时间 为 212000000
2022/05/03 19:35:08 4 开始竞选
2022/05/03 19:35:08 0 发送心跳
2022/05/03 19:35:08 0 发送心跳
2022/05/03 19:35:08 5 选举超时,开始新一轮选举
2022/05/03 19:35:08 5 节点转变为Candidate
2022/05/03 19:35:08 5 任期为15 重置选举超时时间 为 244000000
2022/05/03 19:35:08 5 开始竞选
2022/05/03 19:35:08 3 选举超时,开始新一轮选举
2022/05/03 19:35:08 3 节点转变为Candidate
2022/05/03 19:35:08 3 任期为17 重置选举超时时间 为 348000000
2022/05/03 19:35:08 3 开始竞选
2022/05/03 19:35:08 1 选举超时,开始新一轮选举
2022/05/03 19:35:08 1 节点转变为Candidate
2022/05/03 19:35:08 1 任期为20 重置选举超时时间 为 231000000
2022/05/03 19:35:08 1 开始竞选
2022/05/03 19:35:08 4 选举超时,开始新一轮选举
2022/05/03 19:35:08 4 节点转变为Candidate
2022/05/03 19:35:08 4 任期为16 重置选举超时时间 为 368000000
2022/05/03 19:35:08 4 开始竞选
2022/05/03 19:35:08 0 发送心跳
2022/05/03 19:35:08 6 选举超时,开始新一轮选举
2022/05/03 19:35:08 6 节点转变为Candidate
2022/05/03 19:35:08 6 任期为20 重置选举超时时间 为 294000000
2022/05/03 19:35:08 6 开始竞选
2022/05/03 19:35:08 2 选举超时,开始新一轮选举
2022/05/03 19:35:08 2 节点转变为Candidate
2022/05/03 19:35:08 2 任期为21 重置选举超时时间 为 260000000
2022/05/03 19:35:08 2 开始竞选
2022/05/03 19:35:08 0 发送心跳
2022/05/03 19:35:08 5 选举超时,开始新一轮选举
2022/05/03 19:35:08 5 节点转变为Candidate
2022/05/03 19:35:08 5 任期为16 重置选举超时时间 为 297000000
2022/05/03 19:35:08 5 开始竞选
2022/05/03 19:35:08 1 选举超时,开始新一轮选举
2022/05/03 19:35:08 1 节点转变为Candidate
2022/05/03 19:35:08 1 任期为21 重置选举超时时间 为 395000000
2022/05/03 19:35:08 1 开始竞选
2022/05/03 19:35:08 0 发送心跳
2022/05/03 19:35:08 3 选举超时,开始新一轮选举
2022/05/03 19:35:08 3 节点转变为Candidate
2022/05/03 19:35:08 3 任期为18 重置选举超时时间 为 293000000
2022/05/03 19:35:08 3 开始竞选
2022/05/03 19:35:08 2 选举超时,开始新一轮选举
2022/05/03 19:35:08 2 节点转变为Candidate
2022/05/03 19:35:08 2 任期为22 重置选举超时时间 为 306000000
2022/05/03 19:35:08 2 开始竞选
2022/05/03 19:35:09 6 选举超时,开始新一轮选举
2022/05/03 19:35:09 6 节点转变为Candidate
2022/05/03 19:35:09 6 任期为21 重置选举超时时间 为 265000000
2022/05/03 19:35:09 6 开始竞选
2022/05/03 19:35:09 0 发送心跳
2022/05/03 19:35:09 4 选举超时,开始新一轮选举
2022/05/03 19:35:09 4 节点转变为Candidate
2022/05/03 19:35:09 4 任期为17 重置选举超时时间 为 257000000
2022/05/03 19:35:09 4 开始竞选
2022/05/03 19:35:09 0 发送心跳
2022/05/03 19:35:09 5 选举超时,开始新一轮选举
2022/05/03 19:35:09 5 节点转变为Candidate
2022/05/03 19:35:09 5 任期为17 重置选举超时时间 为 397000000
2022/05/03 19:35:09 5 开始竞选
2022/05/03 19:35:09 0 发送心跳
2022/05/03 19:35:09 3 选举超时,开始新一轮选举
2022/05/03 19:35:09 3 节点转变为Candidate
2022/05/03 19:35:09 3 任期为19 重置选举超时时间 为 218000000
2022/05/03 19:35:09 3 开始竞选
2022/05/03 19:35:09 6 选举超时,开始新一轮选举
2022/05/03 19:35:09 6 节点转变为Candidate
2022/05/03 19:35:09 6 任期为22 重置选举超时时间 为 381000000
2022/05/03 19:35:09 6 开始竞选
2022/05/03 19:35:09 2 选举超时,开始新一轮选举
2022/05/03 19:35:09 2 节点转变为Candidate
2022/05/03 19:35:09 2 任期为23 重置选举超时时间 为 355000000
2022/05/03 19:35:09 2 开始竞选
2022/05/03 19:35:09 1 选举超时,开始新一轮选举
2022/05/03 19:35:09 1 节点转变为Candidate
2022/05/03 19:35:09 1 任期为22 重置选举超时时间 为 206000000
2022/05/03 19:35:09 1 开始竞选
2022/05/03 19:35:09 0 发送心跳
2022/05/03 19:35:09 4 选举超时,开始新一轮选举
2022/05/03 19:35:09 4 节点转变为Candidate
2022/05/03 19:35:09 4 任期为18 重置选举超时时间 为 265000000
2022/05/03 19:35:09 4 开始竞选
2022/05/03 19:35:09 0 发送心跳
2022/05/03 19:35:09 3 选举超时,开始新一轮选举
2022/05/03 19:35:09 3 节点转变为Candidate
2022/05/03 19:35:09 3 任期为20 重置选举超时时间 为 220000000
2022/05/03 19:35:09 3 开始竞选
2022/05/03 19:35:09 1 选举超时,开始新一轮选举
2022/05/03 19:35:09 1 节点转变为Candidate
2022/05/03 19:35:09 1 任期为23 重置选举超时时间 为 277000000
2022/05/03 19:35:09 1 开始竞选
2022/05/03 19:35:09 0 发送心跳
2022/05/03 19:35:09 5 选举超时,开始新一轮选举
2022/05/03 19:35:09 5 节点转变为Candidate
2022/05/03 19:35:09 5 任期为18 重置选举超时时间 为 342000000
2022/05/03 19:35:09 5 开始竞选
2022/05/03 19:35:09 4 选举超时,开始新一轮选举
2022/05/03 19:35:09 4 节点转变为Candidate
2022/05/03 19:35:09 4 任期为19 重置选举超时时间 为 315000000
2022/05/03 19:35:09 4 开始竞选
2022/05/03 19:35:09 0 发送心跳
2022/05/03 19:35:09 2 选举超时,开始新一轮选举
2022/05/03 19:35:09 2 节点转变为Candidate
2022/05/03 19:35:09 2 任期为24 重置选举超时时间 为 276000000
2022/05/03 19:35:09 2 开始竞选
2022/05/03 19:35:09 6 选举超时,开始新一轮选举
2022/05/03 19:35:09 6 节点转变为Candidate
2022/05/03 19:35:09 6 任期为23 重置选举超时时间 为 385000000
2022/05/03 19:35:09 6 开始竞选
--- FAIL: TestManyElections2A (6.68s)
    config.go:460: expected one leader, got none
FAIL
exit status 1
FAIL	6.824/raft	12.680s
