2022/05/03 19:35:10 0 节点转变为Follower
2022/05/03 19:35:10 0 任期为1 重置心跳超时时间 为 251000000
2022/05/03 19:35:10 创建节点0成功
2022/05/03 19:35:10 1 节点转变为Follower
2022/05/03 19:35:10 1 任期为1 重置心跳超时时间 为 282000000
2022/05/03 19:35:10 创建节点1成功
2022/05/03 19:35:10 2 节点转变为Follower
2022/05/03 19:35:10 2 任期为1 重置心跳超时时间 为 387000000
2022/05/03 19:35:10 创建节点2成功
Test (2A): initial election ...
2022/05/03 19:35:10 0 心跳超时 251000000,转换为Candidate
2022/05/03 19:35:10 0 节点转变为Candidate
2022/05/03 19:35:10 0 任期为2 重置选举超时时间 为 260000000
2022/05/03 19:35:10 0 开始竞选
2022/05/03 19:35:10 2 节点转变为Follower
2022/05/03 19:35:10 2 任期为2 重置心跳超时时间 为 215000000
2022/05/03 19:35:10 1 节点转变为Follower
2022/05/03 19:35:10 1 任期为2 重置心跳超时时间 为 334000000
2022/05/03 19:35:10 0 节点转变为Leader
2022/05/03 19:35:10 2 收到心跳
2022/05/03 19:35:10 1 收到心跳
2022/05/03 19:35:10 2 任期为2 重置心跳超时时间 为 200000000
2022/05/03 19:35:10 1 任期为2 重置心跳超时时间 为 204000000
2022/05/03 19:35:10 2 心跳超时 200000000,转换为Candidate
2022/05/03 19:35:10 2 节点转变为Candidate
2022/05/03 19:35:10 2 任期为3 重置选举超时时间 为 296000000
2022/05/03 19:35:10 2 开始竞选
2022/05/03 19:35:10 1 心跳超时 204000000,转换为Candidate
2022/05/03 19:35:10 1 节点转变为Candidate
2022/05/03 19:35:10 1 任期为3 重置选举超时时间 为 215000000
2022/05/03 19:35:10 1 开始竞选
--- FAIL: TestInitialElection2A (0.50s)
    config.go:473: servers disagree on term
2022/05/03 19:35:10 0 节点转变为Follower
2022/05/03 19:35:10 0 任期为1 重置心跳超时时间 为 388000000
2022/05/03 19:35:10 创建节点0成功
2022/05/03 19:35:10 1 节点转变为Follower
2022/05/03 19:35:10 1 任期为1 重置心跳超时时间 为 345000000
2022/05/03 19:35:10 创建节点1成功
2022/05/03 19:35:10 2 节点转变为Follower
2022/05/03 19:35:10 2 任期为1 重置心跳超时时间 为 222000000
2022/05/03 19:35:10 创建节点2成功
Test (2A): election after network failure ...
2022/05/03 19:35:10 0 选举超时,开始新一轮选举
2022/05/03 19:35:10 1 选举超时,开始新一轮选举
2022/05/03 19:35:10 1 节点转变为Candidate
2022/05/03 19:35:10 1 任期为4 重置选举超时时间 为 360000000
2022/05/03 19:35:10 1 开始竞选
2022/05/03 19:35:11 2 心跳超时 222000000,转换为Candidate
2022/05/03 19:35:11 2 节点转变为Candidate
2022/05/03 19:35:11 2 任期为2 重置选举超时时间 为 263000000
2022/05/03 19:35:11 2 开始竞选
2022/05/03 19:35:11 1 节点转变为Follower
2022/05/03 19:35:11 0 节点转变为Follower
2022/05/03 19:35:11 1 任期为2 重置心跳超时时间 为 291000000
2022/05/03 19:35:11 0 任期为2 重置心跳超时时间 为 279000000
2022/05/03 19:35:11 2 节点转变为Leader
2022/05/03 19:35:11 1 收到心跳
2022/05/03 19:35:11 0 收到心跳
2022/05/03 19:35:11 1 任期为2 重置心跳超时时间 为 333000000
2022/05/03 19:35:11 0 任期为2 重置心跳超时时间 为 309000000
2022/05/03 19:35:11 2 选举超时,开始新一轮选举
2022/05/03 19:35:11 2 节点转变为Candidate
2022/05/03 19:35:11 2 任期为4 重置选举超时时间 为 214000000
2022/05/03 19:35:11 2 开始竞选
2022/05/03 19:35:11 2 选举超时,开始新一轮选举
2022/05/03 19:35:11 0 心跳超时 309000000,转换为Candidate
2022/05/03 19:35:11 0 节点转变为Candidate
2022/05/03 19:35:11 0 任期为3 重置选举超时时间 为 219000000
2022/05/03 19:35:11 0 开始竞选
2022/05/03 19:35:11 1 心跳超时 333000000,转换为Candidate
2022/05/03 19:35:11 1 节点转变为Candidate
2022/05/03 19:35:11 1 任期为3 重置选举超时时间 为 300000000
2022/05/03 19:35:11 1 开始竞选
2022/05/03 19:35:11 2 发送心跳
2022/05/03 19:35:11 2 发送心跳
2022/05/03 19:35:11 0 选举超时,开始新一轮选举
2022/05/03 19:35:11 0 节点转变为Candidate
2022/05/03 19:35:11 0 任期为4 重置选举超时时间 为 336000000
2022/05/03 19:35:11 0 开始竞选
2022/05/03 19:35:11 2 发送心跳
2022/05/03 19:35:11 1 选举超时,开始新一轮选举
2022/05/03 19:35:11 1 节点转变为Candidate
2022/05/03 19:35:11 1 任期为4 重置选举超时时间 为 298000000
2022/05/03 19:35:11 1 开始竞选
2022/05/03 19:35:11 2 发送心跳
2022/05/03 19:35:11 2 发送心跳
2022/05/03 19:35:11 2 发送心跳
2022/05/03 19:35:11 0 选举超时,开始新一轮选举
2022/05/03 19:35:11 0 节点转变为Candidate
2022/05/03 19:35:11 0 任期为5 重置选举超时时间 为 236000000
2022/05/03 19:35:11 0 开始竞选
2022/05/03 19:35:11 1 选举超时,开始新一轮选举
2022/05/03 19:35:11 1 节点转变为Candidate
2022/05/03 19:35:11 1 任期为5 重置选举超时时间 为 313000000
2022/05/03 19:35:11 1 开始竞选
2022/05/03 19:35:12 2 发送心跳
2022/05/03 19:35:12 2 发送心跳
2022/05/03 19:35:12 0 选举超时,开始新一轮选举
2022/05/03 19:35:12 0 节点转变为Candidate
2022/05/03 19:35:12 0 任期为6 重置选举超时时间 为 312000000
2022/05/03 19:35:12 0 开始竞选
2022/05/03 19:35:12 2 发送心跳
2022/05/03 19:35:12 1 选举超时,开始新一轮选举
2022/05/03 19:35:12 1 节点转变为Candidate
2022/05/03 19:35:12 1 任期为6 重置选举超时时间 为 292000000
2022/05/03 19:35:12 1 开始竞选
2022/05/03 19:35:12 2 发送心跳
2022/05/03 19:35:12 2 发送心跳
2022/05/03 19:35:12 0 选举超时,开始新一轮选举
2022/05/03 19:35:12 0 节点转变为Candidate
2022/05/03 19:35:12 0 任期为7 重置选举超时时间 为 281000000
2022/05/03 19:35:12 0 开始竞选
2022/05/03 19:35:12 2 发送心跳
2022/05/03 19:35:12 1 选举超时,开始新一轮选举
2022/05/03 19:35:12 1 节点转变为Candidate
2022/05/03 19:35:12 1 任期为7 重置选举超时时间 为 253000000
2022/05/03 19:35:12 1 开始竞选
2022/05/03 19:35:12 2 发送心跳
2022/05/03 19:35:12 2 发送心跳
2022/05/03 19:35:12 0 选举超时,开始新一轮选举
2022/05/03 19:35:12 0 节点转变为Candidate
2022/05/03 19:35:12 0 任期为8 重置选举超时时间 为 300000000
2022/05/03 19:35:12 0 开始竞选
2022/05/03 19:35:12 2 发送心跳
2022/05/03 19:35:12 1 选举超时,开始新一轮选举
2022/05/03 19:35:12 1 节点转变为Candidate
2022/05/03 19:35:12 1 任期为8 重置选举超时时间 为 389000000
2022/05/03 19:35:12 1 开始竞选
2022/05/03 19:35:12 2 发送心跳
2022/05/03 19:35:13 2 发送心跳
2022/05/03 19:35:13 0 选举超时,开始新一轮选举
2022/05/03 19:35:13 0 节点转变为Candidate
2022/05/03 19:35:13 0 任期为9 重置选举超时时间 为 268000000
2022/05/03 19:35:13 0 开始竞选
2022/05/03 19:35:13 2 发送心跳
2022/05/03 19:35:13 2 发送心跳
2022/05/03 19:35:13 1 选举超时,开始新一轮选举
2022/05/03 19:35:13 1 节点转变为Candidate
2022/05/03 19:35:13 1 任期为9 重置选举超时时间 为 341000000
2022/05/03 19:35:13 1 开始竞选
2022/05/03 19:35:13 0 选举超时,开始新一轮选举
2022/05/03 19:35:13 0 节点转变为Candidate
2022/05/03 19:35:13 0 任期为10 重置选举超时时间 为 393000000
2022/05/03 19:35:13 0 开始竞选
2022/05/03 19:35:13 2 发送心跳
2022/05/03 19:35:13 2 发送心跳
2022/05/03 19:35:13 2 发送心跳
2022/05/03 19:35:13 1 选举超时,开始新一轮选举
2022/05/03 19:35:13 1 节点转变为Candidate
2022/05/03 19:35:13 1 任期为10 重置选举超时时间 为 330000000
2022/05/03 19:35:13 1 开始竞选
2022/05/03 19:35:13 2 发送心跳
2022/05/03 19:35:13 0 选举超时,开始新一轮选举
2022/05/03 19:35:13 0 节点转变为Candidate
2022/05/03 19:35:13 0 任期为11 重置选举超时时间 为 322000000
2022/05/03 19:35:13 0 开始竞选
2022/05/03 19:35:13 2 发送心跳
2022/05/03 19:35:13 2 发送心跳
2022/05/03 19:35:13 1 选举超时,开始新一轮选举
2022/05/03 19:35:13 1 节点转变为Candidate
2022/05/03 19:35:13 1 任期为11 重置选举超时时间 为 307000000
2022/05/03 19:35:13 1 开始竞选
2022/05/03 19:35:13 2 发送心跳
2022/05/03 19:35:14 0 选举超时,开始新一轮选举
2022/05/03 19:35:14 0 节点转变为Candidate
2022/05/03 19:35:14 0 任期为12 重置选举超时时间 为 267000000
2022/05/03 19:35:14 0 开始竞选
2022/05/03 19:35:14 2 发送心跳
2022/05/03 19:35:14 2 发送心跳
2022/05/03 19:35:14 1 选举超时,开始新一轮选举
2022/05/03 19:35:14 1 节点转变为Candidate
2022/05/03 19:35:14 1 任期为12 重置选举超时时间 为 242000000
2022/05/03 19:35:14 1 开始竞选
2022/05/03 19:35:14 2 发送心跳
2022/05/03 19:35:14 0 选举超时,开始新一轮选举
2022/05/03 19:35:14 0 节点转变为Candidate
2022/05/03 19:35:14 0 任期为13 重置选举超时时间 为 251000000
2022/05/03 19:35:14 0 开始竞选
2022/05/03 19:35:14 2 发送心跳
2022/05/03 19:35:14 2 发送心跳
2022/05/03 19:35:14 1 选举超时,开始新一轮选举
2022/05/03 19:35:14 1 节点转变为Candidate
2022/05/03 19:35:14 1 任期为13 重置选举超时时间 为 275000000
2022/05/03 19:35:14 1 开始竞选
2022/05/03 19:35:14 2 发送心跳
2022/05/03 19:35:14 0 选举超时,开始新一轮选举
2022/05/03 19:35:14 0 节点转变为Candidate
2022/05/03 19:35:14 0 任期为14 重置选举超时时间 为 274000000
2022/05/03 19:35:14 0 开始竞选
2022/05/03 19:35:14 2 发送心跳
2022/05/03 19:35:14 1 选举超时,开始新一轮选举
2022/05/03 19:35:14 1 节点转变为Candidate
2022/05/03 19:35:14 1 任期为14 重置选举超时时间 为 260000000
2022/05/03 19:35:14 1 开始竞选
2022/05/03 19:35:14 2 发送心跳
2022/05/03 19:35:14 0 选举超时,开始新一轮选举
2022/05/03 19:35:14 0 节点转变为Candidate
2022/05/03 19:35:14 0 任期为15 重置选举超时时间 为 333000000
2022/05/03 19:35:14 0 开始竞选
2022/05/03 19:35:14 2 发送心跳
2022/05/03 19:35:14 2 发送心跳
2022/05/03 19:35:14 1 选举超时,开始新一轮选举
2022/05/03 19:35:14 1 节点转变为Candidate
2022/05/03 19:35:14 1 任期为15 重置选举超时时间 为 309000000
2022/05/03 19:35:14 1 开始竞选
2022/05/03 19:35:15 2 发送心跳
2022/05/03 19:35:15 2 发送心跳
2022/05/03 19:35:15 0 选举超时,开始新一轮选举
2022/05/03 19:35:15 0 节点转变为Candidate
2022/05/03 19:35:15 0 任期为16 重置选举超时时间 为 350000000
2022/05/03 19:35:15 0 开始竞选
2022/05/03 19:35:15 2 发送心跳
2022/05/03 19:35:15 1 选举超时,开始新一轮选举
2022/05/03 19:35:15 1 节点转变为Candidate
2022/05/03 19:35:15 1 任期为16 重置选举超时时间 为 359000000
2022/05/03 19:35:15 1 开始竞选
2022/05/03 19:35:15 2 发送心跳
2022/05/03 19:35:15 2 发送心跳
2022/05/03 19:35:15 0 选举超时,开始新一轮选举
2022/05/03 19:35:15 0 节点转变为Candidate
2022/05/03 19:35:15 0 任期为17 重置选举超时时间 为 376000000
2022/05/03 19:35:15 0 开始竞选
2022/05/03 19:35:15 2 发送心跳
2022/05/03 19:35:15 2 发送心跳
2022/05/03 19:35:15 1 选举超时,开始新一轮选举
2022/05/03 19:35:15 1 节点转变为Candidate
2022/05/03 19:35:15 1 任期为17 重置选举超时时间 为 233000000
2022/05/03 19:35:15 1 开始竞选
2022/05/03 19:35:15 2 发送心跳
2022/05/03 19:35:15 2 发送心跳
2022/05/03 19:35:15 0 选举超时,开始新一轮选举
2022/05/03 19:35:15 0 节点转变为Candidate
2022/05/03 19:35:15 0 任期为18 重置选举超时时间 为 384000000
2022/05/03 19:35:15 0 开始竞选
2022/05/03 19:35:15 1 选举超时,开始新一轮选举
2022/05/03 19:35:15 1 节点转变为Candidate
2022/05/03 19:35:15 1 任期为18 重置选举超时时间 为 390000000
2022/05/03 19:35:15 1 开始竞选
2022/05/03 19:35:15 2 发送心跳
2022/05/03 19:35:16 2 发送心跳
2022/05/03 19:35:16 2 发送心跳
2022/05/03 19:35:16 2 发送心跳
2022/05/03 19:35:16 0 选举超时,开始新一轮选举
2022/05/03 19:35:16 0 节点转变为Candidate
2022/05/03 19:35:16 0 任期为19 重置选举超时时间 为 377000000
2022/05/03 19:35:16 0 开始竞选
2022/05/03 19:35:16 1 选举超时,开始新一轮选举
2022/05/03 19:35:16 1 节点转变为Candidate
2022/05/03 19:35:16 1 任期为19 重置选举超时时间 为 237000000
2022/05/03 19:35:16 1 开始竞选
--- FAIL: TestReElection2A (5.49s)
    config.go:460: expected one leader, got none
2022/05/03 19:35:16 0 节点转变为Follower
2022/05/03 19:35:16 0 任期为1 重置心跳超时时间 为 336000000
2022/05/03 19:35:16 创建节点0成功
2022/05/03 19:35:16 1 节点转变为Follower
2022/05/03 19:35:16 1 任期为1 重置心跳超时时间 为 265000000
2022/05/03 19:35:16 创建节点1成功
2022/05/03 19:35:16 2 节点转变为Follower
2022/05/03 19:35:16 2 任期为1 重置心跳超时时间 为 271000000
2022/05/03 19:35:16 创建节点2成功
2022/05/03 19:35:16 3 节点转变为Follower
2022/05/03 19:35:16 3 任期为1 重置心跳超时时间 为 291000000
2022/05/03 19:35:16 创建节点3成功
2022/05/03 19:35:16 4 节点转变为Follower
2022/05/03 19:35:16 4 任期为1 重置心跳超时时间 为 281000000
2022/05/03 19:35:16 创建节点4成功
2022/05/03 19:35:16 5 节点转变为Follower
2022/05/03 19:35:16 5 任期为1 重置心跳超时时间 为 241000000
2022/05/03 19:35:16 创建节点5成功
2022/05/03 19:35:16 6 节点转变为Follower
2022/05/03 19:35:16 6 任期为1 重置心跳超时时间 为 338000000
2022/05/03 19:35:16 创建节点6成功
Test (2A): multiple elections ...
2022/05/03 19:35:16 2 发送心跳
2022/05/03 19:35:16 1 选举超时,开始新一轮选举
2022/05/03 19:35:16 1 节点转变为Candidate
2022/05/03 19:35:16 1 任期为20 重置选举超时时间 为 299000000
2022/05/03 19:35:16 1 开始竞选
2022/05/03 19:35:16 5 心跳超时 241000000,转换为Candidate
2022/05/03 19:35:16 5 节点转变为Candidate
2022/05/03 19:35:16 5 任期为2 重置选举超时时间 为 396000000
2022/05/03 19:35:16 5 开始竞选
2022/05/03 19:35:16 2 节点转变为Follower
2022/05/03 19:35:16 0 节点转变为Follower
2022/05/03 19:35:16 6 节点转变为Follower
2022/05/03 19:35:16 3 节点转变为Follower
2022/05/03 19:35:16 0 任期为2 重置心跳超时时间 为 279000000
2022/05/03 19:35:16 1 节点转变为Follower
2022/05/03 19:35:16 5 节点转变为Leader
2022/05/03 19:35:16 3 任期为2 重置心跳超时时间 为 301000000
2022/05/03 19:35:16 4 节点转变为Follower
2022/05/03 19:35:16 2 任期为2 重置心跳超时时间 为 303000000
2022/05/03 19:35:16 4 任期为2 重置心跳超时时间 为 355000000
2022/05/03 19:35:16 1 任期为2 重置心跳超时时间 为 312000000
2022/05/03 19:35:16 6 任期为2 重置心跳超时时间 为 343000000
2022/05/03 19:35:16 6 收到心跳
2022/05/03 19:35:16 0 收到心跳
2022/05/03 19:35:16 1 收到心跳
2022/05/03 19:35:16 3 收到心跳
2022/05/03 19:35:16 2 收到心跳
2022/05/03 19:35:16 3 任期为2 重置心跳超时时间 为 343000000
2022/05/03 19:35:16 1 任期为2 重置心跳超时时间 为 398000000
2022/05/03 19:35:16 0 任期为2 重置心跳超时时间 为 223000000
2022/05/03 19:35:16 6 任期为2 重置心跳超时时间 为 229000000
2022/05/03 19:35:16 2 任期为2 重置心跳超时时间 为 298000000
2022/05/03 19:35:16 4 收到心跳
2022/05/03 19:35:16 4 任期为2 重置心跳超时时间 为 358000000
2022/05/03 19:35:16 0 选举超时,开始新一轮选举
2022/05/03 19:35:16 0 节点转变为Candidate
2022/05/03 19:35:16 0 任期为20 重置选举超时时间 为 367000000
2022/05/03 19:35:16 0 开始竞选
2022/05/03 19:35:16 0 心跳超时 223000000,转换为Candidate
2022/05/03 19:35:16 0 节点转变为Candidate
2022/05/03 19:35:16 0 任期为3 重置选举超时时间 为 393000000
2022/05/03 19:35:16 0 开始竞选
2022/05/03 19:35:16 6 心跳超时 229000000,转换为Candidate
2022/05/03 19:35:16 6 节点转变为Candidate
2022/05/03 19:35:16 6 任期为3 重置选举超时时间 为 331000000
2022/05/03 19:35:16 6 开始竞选
2022/05/03 19:35:16 2 心跳超时 298000000,转换为Candidate
2022/05/03 19:35:16 2 节点转变为Candidate
2022/05/03 19:35:16 2 任期为3 重置选举超时时间 为 370000000
2022/05/03 19:35:16 2 开始竞选
2022/05/03 19:35:16 3 心跳超时 343000000,转换为Candidate
2022/05/03 19:35:16 3 节点转变为Candidate
2022/05/03 19:35:16 3 任期为3 重置选举超时时间 为 380000000
2022/05/03 19:35:16 3 开始竞选
2022/05/03 19:35:16 4 心跳超时 358000000,转换为Candidate
2022/05/03 19:35:16 4 节点转变为Candidate
2022/05/03 19:35:16 4 任期为3 重置选举超时时间 为 373000000
2022/05/03 19:35:16 4 开始竞选
2022/05/03 19:35:16 5 选举超时,开始新一轮选举
2022/05/03 19:35:16 1 收到心跳
2022/05/03 19:35:16 1 任期为2 重置心跳超时时间 为 392000000
2022/05/03 19:35:17 5 发送心跳
2022/05/03 19:35:17 1 收到心跳
2022/05/03 19:35:17 1 任期为2 重置心跳超时时间 为 329000000
2022/05/03 19:35:17 6 选举超时,开始新一轮选举
2022/05/03 19:35:17 6 节点转变为Candidate
2022/05/03 19:35:17 6 任期为4 重置选举超时时间 为 361000000
2022/05/03 19:35:17 6 开始竞选
2022/05/03 19:35:17 5 发送心跳
2022/05/03 19:35:17 1 收到心跳
2022/05/03 19:35:17 1 任期为2 重置心跳超时时间 为 365000000
2022/05/03 19:35:17 0 选举超时,开始新一轮选举
2022/05/03 19:35:17 0 节点转变为Candidate
2022/05/03 19:35:17 0 任期为4 重置选举超时时间 为 351000000
2022/05/03 19:35:17 0 开始竞选
2022/05/03 19:35:17 2 选举超时,开始新一轮选举
2022/05/03 19:35:17 2 节点转变为Candidate
2022/05/03 19:35:17 2 任期为4 重置选举超时时间 为 285000000
2022/05/03 19:35:17 2 开始竞选
2022/05/03 19:35:17 5 发送心跳
2022/05/03 19:35:17 1 收到心跳
2022/05/03 19:35:17 1 任期为2 重置心跳超时时间 为 217000000
2022/05/03 19:35:17 3 选举超时,开始新一轮选举
2022/05/03 19:35:17 3 节点转变为Candidate
2022/05/03 19:35:17 3 任期为4 重置选举超时时间 为 354000000
2022/05/03 19:35:17 3 开始竞选
2022/05/03 19:35:17 4 选举超时,开始新一轮选举
2022/05/03 19:35:17 4 节点转变为Candidate
2022/05/03 19:35:17 4 任期为4 重置选举超时时间 为 368000000
2022/05/03 19:35:17 4 开始竞选
2022/05/03 19:35:17 5 发送心跳
2022/05/03 19:35:17 1 收到心跳
2022/05/03 19:35:17 1 任期为2 重置心跳超时时间 为 289000000
2022/05/03 19:35:17 5 发送心跳
2022/05/03 19:35:17 6 选举超时,开始新一轮选举
2022/05/03 19:35:17 6 节点转变为Candidate
2022/05/03 19:35:17 6 任期为5 重置选举超时时间 为 268000000
2022/05/03 19:35:17 6 开始竞选
2022/05/03 19:35:17 2 选举超时,开始新一轮选举
2022/05/03 19:35:17 2 节点转变为Candidate
2022/05/03 19:35:17 2 任期为5 重置选举超时时间 为 338000000
2022/05/03 19:35:17 2 开始竞选
2022/05/03 19:35:17 0 选举超时,开始新一轮选举
2022/05/03 19:35:17 0 节点转变为Candidate
2022/05/03 19:35:17 0 任期为5 重置选举超时时间 为 341000000
2022/05/03 19:35:17 0 开始竞选
2022/05/03 19:35:17 5 发送心跳
2022/05/03 19:35:17 3 选举超时,开始新一轮选举
2022/05/03 19:35:17 3 节点转变为Candidate
2022/05/03 19:35:17 3 任期为5 重置选举超时时间 为 308000000
2022/05/03 19:35:17 3 开始竞选
2022/05/03 19:35:17 1 心跳超时 289000000,转换为Candidate
2022/05/03 19:35:17 1 节点转变为Candidate
2022/05/03 19:35:17 1 任期为3 重置选举超时时间 为 299000000
2022/05/03 19:35:17 1 开始竞选
2022/05/03 19:35:17 5 发送心跳
2022/05/03 19:35:17 4 选举超时,开始新一轮选举
2022/05/03 19:35:17 4 节点转变为Candidate
2022/05/03 19:35:17 4 任期为5 重置选举超时时间 为 280000000
2022/05/03 19:35:17 4 开始竞选
2022/05/03 19:35:17 6 选举超时,开始新一轮选举
2022/05/03 19:35:17 6 节点转变为Candidate
2022/05/03 19:35:17 6 任期为6 重置选举超时时间 为 313000000
2022/05/03 19:35:17 6 开始竞选
2022/05/03 19:35:17 5 发送心跳
2022/05/03 19:35:17 2 选举超时,开始新一轮选举
2022/05/03 19:35:17 2 节点转变为Candidate
2022/05/03 19:35:17 2 任期为6 重置选举超时时间 为 301000000
2022/05/03 19:35:17 2 开始竞选
2022/05/03 19:35:17 5 发送心跳
2022/05/03 19:35:17 0 选举超时,开始新一轮选举
2022/05/03 19:35:17 0 节点转变为Candidate
2022/05/03 19:35:17 0 任期为6 重置选举超时时间 为 300000000
2022/05/03 19:35:17 0 开始竞选
2022/05/03 19:35:17 4 选举超时,开始新一轮选举
2022/05/03 19:35:17 4 节点转变为Candidate
2022/05/03 19:35:17 4 任期为6 重置选举超时时间 为 207000000
2022/05/03 19:35:17 4 开始竞选
2022/05/03 19:35:17 1 选举超时,开始新一轮选举
2022/05/03 19:35:17 1 节点转变为Candidate
2022/05/03 19:35:17 1 任期为4 重置选举超时时间 为 239000000
2022/05/03 19:35:17 1 开始竞选
2022/05/03 19:35:17 3 选举超时,开始新一轮选举
2022/05/03 19:35:17 3 节点转变为Candidate
2022/05/03 19:35:17 3 任期为6 重置选举超时时间 为 310000000
2022/05/03 19:35:17 3 开始竞选
2022/05/03 19:35:17 5 发送心跳
2022/05/03 19:35:18 5 发送心跳
2022/05/03 19:35:18 6 选举超时,开始新一轮选举
2022/05/03 19:35:18 6 节点转变为Candidate
2022/05/03 19:35:18 6 任期为7 重置选举超时时间 为 200000000
2022/05/03 19:35:18 6 开始竞选
2022/05/03 19:35:18 4 选举超时,开始新一轮选举
2022/05/03 19:35:18 4 节点转变为Candidate
2022/05/03 19:35:18 4 任期为7 重置选举超时时间 为 368000000
2022/05/03 19:35:18 4 开始竞选
2022/05/03 19:35:18 2 选举超时,开始新一轮选举
2022/05/03 19:35:18 2 节点转变为Candidate
2022/05/03 19:35:18 2 任期为7 重置选举超时时间 为 325000000
2022/05/03 19:35:18 2 开始竞选
2022/05/03 19:35:18 5 发送心跳
2022/05/03 19:35:18 0 选举超时,开始新一轮选举
2022/05/03 19:35:18 0 节点转变为Candidate
2022/05/03 19:35:18 0 任期为7 重置选举超时时间 为 346000000
2022/05/03 19:35:18 0 开始竞选
2022/05/03 19:35:18 1 选举超时,开始新一轮选举
2022/05/03 19:35:18 1 节点转变为Candidate
2022/05/03 19:35:18 1 任期为5 重置选举超时时间 为 315000000
2022/05/03 19:35:18 1 开始竞选
2022/05/03 19:35:18 3 选举超时,开始新一轮选举
2022/05/03 19:35:18 3 节点转变为Candidate
2022/05/03 19:35:18 3 任期为7 重置选举超时时间 为 339000000
2022/05/03 19:35:18 3 开始竞选
2022/05/03 19:35:18 5 发送心跳
2022/05/03 19:35:18 6 选举超时,开始新一轮选举
2022/05/03 19:35:18 6 节点转变为Candidate
2022/05/03 19:35:18 6 任期为8 重置选举超时时间 为 286000000
2022/05/03 19:35:18 6 开始竞选
2022/05/03 19:35:18 5 发送心跳
2022/05/03 19:35:18 5 发送心跳
2022/05/03 19:35:18 2 选举超时,开始新一轮选举
2022/05/03 19:35:18 2 节点转变为Candidate
2022/05/03 19:35:18 2 任期为8 重置选举超时时间 为 273000000
2022/05/03 19:35:18 2 开始竞选
2022/05/03 19:35:18 1 选举超时,开始新一轮选举
2022/05/03 19:35:18 1 节点转变为Candidate
2022/05/03 19:35:18 1 任期为6 重置选举超时时间 为 337000000
2022/05/03 19:35:18 1 开始竞选
2022/05/03 19:35:18 0 选举超时,开始新一轮选举
2022/05/03 19:35:18 0 节点转变为Candidate
2022/05/03 19:35:18 0 任期为8 重置选举超时时间 为 292000000
2022/05/03 19:35:18 0 开始竞选
2022/05/03 19:35:18 4 选举超时,开始新一轮选举
2022/05/03 19:35:18 4 节点转变为Candidate
2022/05/03 19:35:18 4 任期为8 重置选举超时时间 为 289000000
2022/05/03 19:35:18 4 开始竞选
2022/05/03 19:35:18 6 选举超时,开始新一轮选举
2022/05/03 19:35:18 6 节点转变为Candidate
2022/05/03 19:35:18 6 任期为9 重置选举超时时间 为 370000000
2022/05/03 19:35:18 6 开始竞选
2022/05/03 19:35:18 5 发送心跳
2022/05/03 19:35:18 3 选举超时,开始新一轮选举
2022/05/03 19:35:18 3 节点转变为Candidate
2022/05/03 19:35:18 3 任期为8 重置选举超时时间 为 341000000
2022/05/03 19:35:18 3 开始竞选
2022/05/03 19:35:18 5 发送心跳
2022/05/03 19:35:18 2 选举超时,开始新一轮选举
2022/05/03 19:35:18 2 节点转变为Candidate
2022/05/03 19:35:18 2 任期为9 重置选举超时时间 为 361000000
2022/05/03 19:35:18 2 开始竞选
2022/05/03 19:35:18 5 发送心跳
2022/05/03 19:35:18 4 选举超时,开始新一轮选举
2022/05/03 19:35:18 4 节点转变为Candidate
2022/05/03 19:35:18 4 任期为9 重置选举超时时间 为 389000000
2022/05/03 19:35:18 4 开始竞选
2022/05/03 19:35:18 0 选举超时,开始新一轮选举
2022/05/03 19:35:18 0 节点转变为Candidate
2022/05/03 19:35:18 0 任期为9 重置选举超时时间 为 312000000
2022/05/03 19:35:18 0 开始竞选
2022/05/03 19:35:18 1 选举超时,开始新一轮选举
2022/05/03 19:35:18 1 节点转变为Candidate
2022/05/03 19:35:18 1 任期为7 重置选举超时时间 为 204000000
2022/05/03 19:35:18 1 开始竞选
2022/05/03 19:35:18 5 发送心跳
2022/05/03 19:35:18 6 选举超时,开始新一轮选举
2022/05/03 19:35:18 6 节点转变为Candidate
2022/05/03 19:35:18 6 任期为10 重置选举超时时间 为 317000000
2022/05/03 19:35:18 6 开始竞选
2022/05/03 19:35:18 3 选举超时,开始新一轮选举
2022/05/03 19:35:18 3 节点转变为Candidate
2022/05/03 19:35:18 3 任期为9 重置选举超时时间 为 391000000
2022/05/03 19:35:18 3 开始竞选
2022/05/03 19:35:18 5 发送心跳
2022/05/03 19:35:19 1 选举超时,开始新一轮选举
2022/05/03 19:35:19 1 节点转变为Candidate
2022/05/03 19:35:19 1 任期为8 重置选举超时时间 为 264000000
2022/05/03 19:35:19 1 开始竞选
2022/05/03 19:35:19 5 发送心跳
2022/05/03 19:35:19 2 选举超时,开始新一轮选举
2022/05/03 19:35:19 2 节点转变为Candidate
2022/05/03 19:35:19 2 任期为10 重置选举超时时间 为 292000000
2022/05/03 19:35:19 2 开始竞选
2022/05/03 19:35:19 0 选举超时,开始新一轮选举
2022/05/03 19:35:19 0 节点转变为Candidate
2022/05/03 19:35:19 0 任期为10 重置选举超时时间 为 242000000
2022/05/03 19:35:19 0 开始竞选
2022/05/03 19:35:19 5 发送心跳
2022/05/03 19:35:19 4 选举超时,开始新一轮选举
2022/05/03 19:35:19 4 节点转变为Candidate
2022/05/03 19:35:19 4 任期为10 重置选举超时时间 为 336000000
2022/05/03 19:35:19 4 开始竞选
2022/05/03 19:35:19 6 选举超时,开始新一轮选举
2022/05/03 19:35:19 6 节点转变为Candidate
2022/05/03 19:35:19 6 任期为11 重置选举超时时间 为 267000000
2022/05/03 19:35:19 6 开始竞选
2022/05/03 19:35:19 5 发送心跳
2022/05/03 19:35:19 1 选举超时,开始新一轮选举
2022/05/03 19:35:19 1 节点转变为Candidate
2022/05/03 19:35:19 1 任期为9 重置选举超时时间 为 317000000
2022/05/03 19:35:19 1 开始竞选
2022/05/03 19:35:19 3 选举超时,开始新一轮选举
2022/05/03 19:35:19 3 节点转变为Candidate
2022/05/03 19:35:19 3 任期为10 重置选举超时时间 为 239000000
2022/05/03 19:35:19 3 开始竞选
2022/05/03 19:35:19 0 选举超时,开始新一轮选举
2022/05/03 19:35:19 0 节点转变为Candidate
2022/05/03 19:35:19 0 任期为11 重置选举超时时间 为 272000000
2022/05/03 19:35:19 0 开始竞选
2022/05/03 19:35:19 5 发送心跳
2022/05/03 19:35:19 2 选举超时,开始新一轮选举
2022/05/03 19:35:19 2 节点转变为Candidate
2022/05/03 19:35:19 2 任期为11 重置选举超时时间 为 333000000
2022/05/03 19:35:19 2 开始竞选
2022/05/03 19:35:19 5 发送心跳
2022/05/03 19:35:19 6 选举超时,开始新一轮选举
2022/05/03 19:35:19 6 节点转变为Candidate
2022/05/03 19:35:19 6 任期为12 重置选举超时时间 为 330000000
2022/05/03 19:35:19 6 开始竞选
2022/05/03 19:35:19 4 选举超时,开始新一轮选举
2022/05/03 19:35:19 4 节点转变为Candidate
2022/05/03 19:35:19 4 任期为11 重置选举超时时间 为 235000000
2022/05/03 19:35:19 4 开始竞选
2022/05/03 19:35:19 5 发送心跳
2022/05/03 19:35:19 3 选举超时,开始新一轮选举
2022/05/03 19:35:19 3 节点转变为Candidate
2022/05/03 19:35:19 3 任期为11 重置选举超时时间 为 385000000
2022/05/03 19:35:19 3 开始竞选
2022/05/03 19:35:19 1 选举超时,开始新一轮选举
2022/05/03 19:35:19 1 节点转变为Candidate
2022/05/03 19:35:19 1 任期为10 重置选举超时时间 为 396000000
2022/05/03 19:35:19 1 开始竞选
2022/05/03 19:35:19 0 选举超时,开始新一轮选举
2022/05/03 19:35:19 0 节点转变为Candidate
2022/05/03 19:35:19 0 任期为12 重置选举超时时间 为 216000000
2022/05/03 19:35:19 0 开始竞选
2022/05/03 19:35:19 5 发送心跳
2022/05/03 19:35:19 2 选举超时,开始新一轮选举
2022/05/03 19:35:19 2 节点转变为Candidate
2022/05/03 19:35:19 2 任期为12 重置选举超时时间 为 284000000
2022/05/03 19:35:19 2 开始竞选
2022/05/03 19:35:19 4 选举超时,开始新一轮选举
2022/05/03 19:35:19 4 节点转变为Candidate
2022/05/03 19:35:19 4 任期为12 重置选举超时时间 为 265000000
2022/05/03 19:35:19 4 开始竞选
2022/05/03 19:35:19 5 发送心跳
2022/05/03 19:35:19 6 选举超时,开始新一轮选举
2022/05/03 19:35:19 6 节点转变为Candidate
2022/05/03 19:35:19 6 任期为13 重置选举超时时间 为 277000000
2022/05/03 19:35:19 6 开始竞选
2022/05/03 19:35:19 0 选举超时,开始新一轮选举
2022/05/03 19:35:19 0 节点转变为Candidate
2022/05/03 19:35:19 0 任期为13 重置选举超时时间 为 206000000
2022/05/03 19:35:19 0 开始竞选
2022/05/03 19:35:19 5 发送心跳
2022/05/03 19:35:19 3 选举超时,开始新一轮选举
2022/05/03 19:35:19 3 节点转变为Candidate
2022/05/03 19:35:19 3 任期为12 重置选举超时时间 为 359000000
2022/05/03 19:35:19 3 开始竞选
2022/05/03 19:35:19 5 发送心跳
2022/05/03 19:35:20 1 选举超时,开始新一轮选举
2022/05/03 19:35:20 1 节点转变为Candidate
2022/05/03 19:35:20 1 任期为11 重置选举超时时间 为 249000000
2022/05/03 19:35:20 1 开始竞选
2022/05/03 19:35:20 2 选举超时,开始新一轮选举
2022/05/03 19:35:20 2 节点转变为Candidate
2022/05/03 19:35:20 2 任期为13 重置选举超时时间 为 394000000
2022/05/03 19:35:20 2 开始竞选
2022/05/03 19:35:20 4 选举超时,开始新一轮选举
2022/05/03 19:35:20 4 节点转变为Candidate
2022/05/03 19:35:20 4 任期为13 重置选举超时时间 为 348000000
2022/05/03 19:35:20 4 开始竞选
2022/05/03 19:35:20 0 选举超时,开始新一轮选举
2022/05/03 19:35:20 0 节点转变为Candidate
2022/05/03 19:35:20 0 任期为14 重置选举超时时间 为 207000000
2022/05/03 19:35:20 0 开始竞选
2022/05/03 19:35:20 5 发送心跳
2022/05/03 19:35:20 6 选举超时,开始新一轮选举
2022/05/03 19:35:20 6 节点转变为Candidate
2022/05/03 19:35:20 6 任期为14 重置选举超时时间 为 247000000
2022/05/03 19:35:20 6 开始竞选
2022/05/03 19:35:20 5 发送心跳
2022/05/03 19:35:20 0 选举超时,开始新一轮选举
2022/05/03 19:35:20 0 节点转变为Candidate
2022/05/03 19:35:20 0 任期为15 重置选举超时时间 为 224000000
2022/05/03 19:35:20 0 开始竞选
2022/05/03 19:35:20 1 选举超时,开始新一轮选举
2022/05/03 19:35:20 1 节点转变为Candidate
2022/05/03 19:35:20 1 任期为12 重置选举超时时间 为 290000000
2022/05/03 19:35:20 1 开始竞选
2022/05/03 19:35:20 5 发送心跳
2022/05/03 19:35:20 3 选举超时,开始新一轮选举
2022/05/03 19:35:20 3 节点转变为Candidate
2022/05/03 19:35:20 3 任期为13 重置选举超时时间 为 306000000
2022/05/03 19:35:20 3 开始竞选
2022/05/03 19:35:20 6 选举超时,开始新一轮选举
2022/05/03 19:35:20 6 节点转变为Candidate
2022/05/03 19:35:20 6 任期为15 重置选举超时时间 为 381000000
2022/05/03 19:35:20 6 开始竞选
2022/05/03 19:35:20 5 发送心跳
2022/05/03 19:35:20 4 选举超时,开始新一轮选举
2022/05/03 19:35:20 4 节点转变为Candidate
2022/05/03 19:35:20 4 任期为14 重置选举超时时间 为 305000000
2022/05/03 19:35:20 4 开始竞选
2022/05/03 19:35:20 2 选举超时,开始新一轮选举
2022/05/03 19:35:20 2 节点转变为Candidate
2022/05/03 19:35:20 2 任期为14 重置选举超时时间 为 383000000
2022/05/03 19:35:20 2 开始竞选
2022/05/03 19:35:20 5 发送心跳
2022/05/03 19:35:20 0 选举超时,开始新一轮选举
2022/05/03 19:35:20 0 节点转变为Candidate
2022/05/03 19:35:20 0 任期为16 重置选举超时时间 为 206000000
2022/05/03 19:35:20 0 开始竞选
2022/05/03 19:35:20 1 选举超时,开始新一轮选举
2022/05/03 19:35:20 1 节点转变为Candidate
2022/05/03 19:35:20 1 任期为13 重置选举超时时间 为 363000000
2022/05/03 19:35:20 1 开始竞选
2022/05/03 19:35:20 5 发送心跳
2022/05/03 19:35:20 3 选举超时,开始新一轮选举
2022/05/03 19:35:20 3 节点转变为Candidate
2022/05/03 19:35:20 3 任期为14 重置选举超时时间 为 240000000
2022/05/03 19:35:20 3 开始竞选
2022/05/03 19:35:20 5 发送心跳
2022/05/03 19:35:20 4 选举超时,开始新一轮选举
2022/05/03 19:35:20 4 节点转变为Candidate
2022/05/03 19:35:20 4 任期为15 重置选举超时时间 为 205000000
2022/05/03 19:35:20 4 开始竞选
2022/05/03 19:35:20 0 选举超时,开始新一轮选举
2022/05/03 19:35:20 0 节点转变为Candidate
2022/05/03 19:35:20 0 任期为17 重置选举超时时间 为 355000000
2022/05/03 19:35:20 0 开始竞选
2022/05/03 19:35:20 6 选举超时,开始新一轮选举
2022/05/03 19:35:20 6 节点转变为Candidate
2022/05/03 19:35:20 6 任期为16 重置选举超时时间 为 291000000
2022/05/03 19:35:20 6 开始竞选
2022/05/03 19:35:20 5 发送心跳
2022/05/03 19:35:20 2 选举超时,开始新一轮选举
2022/05/03 19:35:20 2 节点转变为Candidate
2022/05/03 19:35:20 2 任期为15 重置选举超时时间 为 320000000
2022/05/03 19:35:20 2 开始竞选
2022/05/03 19:35:20 3 选举超时,开始新一轮选举
2022/05/03 19:35:20 3 节点转变为Candidate
2022/05/03 19:35:20 3 任期为15 重置选举超时时间 为 385000000
2022/05/03 19:35:20 3 开始竞选
2022/05/03 19:35:20 5 发送心跳
2022/05/03 19:35:20 4 选举超时,开始新一轮选举
2022/05/03 19:35:20 4 节点转变为Candidate
2022/05/03 19:35:20 4 任期为16 重置选举超时时间 为 264000000
2022/05/03 19:35:20 4 开始竞选
2022/05/03 19:35:20 1 选举超时,开始新一轮选举
2022/05/03 19:35:20 1 节点转变为Candidate
2022/05/03 19:35:20 1 任期为14 重置选举超时时间 为 242000000
2022/05/03 19:35:20 1 开始竞选
2022/05/03 19:35:20 5 发送心跳
2022/05/03 19:35:21 6 选举超时,开始新一轮选举
2022/05/03 19:35:21 6 节点转变为Candidate
2022/05/03 19:35:21 6 任期为17 重置选举超时时间 为 273000000
2022/05/03 19:35:21 6 开始竞选
2022/05/03 19:35:21 0 选举超时,开始新一轮选举
2022/05/03 19:35:21 0 节点转变为Candidate
2022/05/03 19:35:21 0 任期为18 重置选举超时时间 为 319000000
2022/05/03 19:35:21 0 开始竞选
2022/05/03 19:35:21 5 发送心跳
2022/05/03 19:35:21 2 选举超时,开始新一轮选举
2022/05/03 19:35:21 2 节点转变为Candidate
2022/05/03 19:35:21 2 任期为16 重置选举超时时间 为 222000000
2022/05/03 19:35:21 2 开始竞选
2022/05/03 19:35:21 4 选举超时,开始新一轮选举
2022/05/03 19:35:21 4 节点转变为Candidate
2022/05/03 19:35:21 4 任期为17 重置选举超时时间 为 242000000
2022/05/03 19:35:21 4 开始竞选
2022/05/03 19:35:21 1 选举超时,开始新一轮选举
2022/05/03 19:35:21 1 节点转变为Candidate
2022/05/03 19:35:21 1 任期为15 重置选举超时时间 为 335000000
2022/05/03 19:35:21 1 开始竞选
2022/05/03 19:35:21 5 发送心跳
2022/05/03 19:35:21 3 选举超时,开始新一轮选举
2022/05/03 19:35:21 3 节点转变为Candidate
2022/05/03 19:35:21 3 任期为16 重置选举超时时间 为 305000000
2022/05/03 19:35:21 3 开始竞选
2022/05/03 19:35:21 5 发送心跳
2022/05/03 19:35:21 6 选举超时,开始新一轮选举
2022/05/03 19:35:21 6 节点转变为Candidate
2022/05/03 19:35:21 6 任期为18 重置选举超时时间 为 368000000
2022/05/03 19:35:21 6 开始竞选
2022/05/03 19:35:21 2 选举超时,开始新一轮选举
2022/05/03 19:35:21 2 节点转变为Candidate
2022/05/03 19:35:21 2 任期为17 重置选举超时时间 为 361000000
2022/05/03 19:35:21 2 开始竞选
2022/05/03 19:35:21 0 选举超时,开始新一轮选举
2022/05/03 19:35:21 0 节点转变为Candidate
2022/05/03 19:35:21 0 任期为19 重置选举超时时间 为 227000000
2022/05/03 19:35:21 0 开始竞选
2022/05/03 19:35:21 5 发送心跳
2022/05/03 19:35:21 4 选举超时,开始新一轮选举
2022/05/03 19:35:21 4 节点转变为Candidate
2022/05/03 19:35:21 4 任期为18 重置选举超时时间 为 242000000
2022/05/03 19:35:21 4 开始竞选
2022/05/03 19:35:21 5 发送心跳
2022/05/03 19:35:21 1 选举超时,开始新一轮选举
2022/05/03 19:35:21 1 节点转变为Candidate
2022/05/03 19:35:21 1 任期为16 重置选举超时时间 为 385000000
2022/05/03 19:35:21 1 开始竞选
2022/05/03 19:35:21 3 选举超时,开始新一轮选举
2022/05/03 19:35:21 3 节点转变为Candidate
2022/05/03 19:35:21 3 任期为17 重置选举超时时间 为 352000000
2022/05/03 19:35:21 3 开始竞选
2022/05/03 19:35:21 5 发送心跳
2022/05/03 19:35:21 0 选举超时,开始新一轮选举
2022/05/03 19:35:21 0 节点转变为Candidate
2022/05/03 19:35:21 0 任期为20 重置选举超时时间 为 389000000
2022/05/03 19:35:21 0 开始竞选
2022/05/03 19:35:21 4 选举超时,开始新一轮选举
2022/05/03 19:35:21 4 节点转变为Candidate
2022/05/03 19:35:21 4 任期为19 重置选举超时时间 为 290000000
2022/05/03 19:35:21 4 开始竞选
2022/05/03 19:35:21 6 选举超时,开始新一轮选举
2022/05/03 19:35:21 6 节点转变为Candidate
2022/05/03 19:35:21 6 任期为19 重置选举超时时间 为 325000000
2022/05/03 19:35:21 6 开始竞选
2022/05/03 19:35:21 5 发送心跳
2022/05/03 19:35:21 2 选举超时,开始新一轮选举
2022/05/03 19:35:21 2 节点转变为Candidate
2022/05/03 19:35:21 2 任期为18 重置选举超时时间 为 217000000
2022/05/03 19:35:21 2 开始竞选
2022/05/03 19:35:21 5 发送心跳
2022/05/03 19:35:21 5 发送心跳
2022/05/03 19:35:21 1 选举超时,开始新一轮选举
2022/05/03 19:35:21 1 节点转变为Candidate
2022/05/03 19:35:21 1 任期为17 重置选举超时时间 为 322000000
2022/05/03 19:35:21 1 开始竞选
2022/05/03 19:35:21 3 选举超时,开始新一轮选举
2022/05/03 19:35:21 3 节点转变为Candidate
2022/05/03 19:35:21 3 任期为18 重置选举超时时间 为 291000000
2022/05/03 19:35:21 3 开始竞选
2022/05/03 19:35:21 2 选举超时,开始新一轮选举
2022/05/03 19:35:21 2 节点转变为Candidate
2022/05/03 19:35:21 2 任期为19 重置选举超时时间 为 232000000
2022/05/03 19:35:21 2 开始竞选
2022/05/03 19:35:21 4 选举超时,开始新一轮选举
2022/05/03 19:35:21 4 节点转变为Candidate
2022/05/03 19:35:21 4 任期为20 重置选举超时时间 为 242000000
2022/05/03 19:35:21 4 开始竞选
2022/05/03 19:35:21 5 发送心跳
2022/05/03 19:35:21 0 选举超时,开始新一轮选举
2022/05/03 19:35:21 0 节点转变为Candidate
2022/05/03 19:35:21 0 任期为21 重置选举超时时间 为 236000000
2022/05/03 19:35:21 0 开始竞选
2022/05/03 19:35:21 6 选举超时,开始新一轮选举
2022/05/03 19:35:21 6 节点转变为Candidate
2022/05/03 19:35:21 6 任期为20 重置选举超时时间 为 272000000
2022/05/03 19:35:21 6 开始竞选
2022/05/03 19:35:22 5 发送心跳
--- FAIL: TestManyElections2A (5.83s)
    config.go:460: expected one leader, got none
FAIL
exit status 1
FAIL	6.824/raft	11.831s
