2022/05/03 19:35:22 0 节点转变为Follower
2022/05/03 19:35:22 0 任期为1 重置心跳超时时间 为 246000000
2022/05/03 19:35:22 创建节点0成功
2022/05/03 19:35:22 1 节点转变为Follower
2022/05/03 19:35:22 1 任期为1 重置心跳超时时间 为 373000000
2022/05/03 19:35:22 创建节点1成功
2022/05/03 19:35:22 2 节点转变为Follower
2022/05/03 19:35:22 2 任期为1 重置心跳超时时间 为 333000000
2022/05/03 19:35:22 创建节点2成功
Test (2A): initial election ...
2022/05/03 19:35:22 0 心跳超时 246000000,转换为Candidate
2022/05/03 19:35:22 0 节点转变为Candidate
2022/05/03 19:35:22 0 任期为2 重置选举超时时间 为 308000000
2022/05/03 19:35:22 0 开始竞选
2022/05/03 19:35:22 2 节点转变为Follower
2022/05/03 19:35:22 1 节点转变为Follower
2022/05/03 19:35:22 2 任期为2 重置心跳超时时间 为 302000000
2022/05/03 19:35:22 1 任期为2 重置心跳超时时间 为 257000000
2022/05/03 19:35:22 0 节点转变为Leader
2022/05/03 19:35:22 2 收到心跳
2022/05/03 19:35:22 2 任期为2 重置心跳超时时间 为 285000000
2022/05/03 19:35:22 1 收到心跳
2022/05/03 19:35:22 1 任期为2 重置心跳超时时间 为 268000000
2022/05/03 19:35:23 1 心跳超时 268000000,转换为Candidate
2022/05/03 19:35:23 1 节点转变为Candidate
2022/05/03 19:35:23 1 任期为3 重置选举超时时间 为 221000000
2022/05/03 19:35:23 1 开始竞选
--- FAIL: TestInitialElection2A (0.53s)
    config.go:473: servers disagree on term
2022/05/03 19:35:23 0 节点转变为Follower
2022/05/03 19:35:23 0 任期为1 重置心跳超时时间 为 200000000
2022/05/03 19:35:23 创建节点0成功
2022/05/03 19:35:23 1 节点转变为Follower
2022/05/03 19:35:23 1 任期为1 重置心跳超时时间 为 200000000
2022/05/03 19:35:23 创建节点1成功
2022/05/03 19:35:23 2 节点转变为Follower
2022/05/03 19:35:23 2 任期为1 重置心跳超时时间 为 305000000
2022/05/03 19:35:23 创建节点2成功
Test (2A): election after network failure ...
2022/05/03 19:35:23 2 心跳超时 285000000,转换为Candidate
2022/05/03 19:35:23 2 节点转变为Candidate
2022/05/03 19:35:23 2 任期为3 重置选举超时时间 为 390000000
2022/05/03 19:35:23 2 开始竞选
2022/05/03 19:35:23 0 选举超时,开始新一轮选举
2022/05/03 19:35:23 1 心跳超时 200000000,转换为Candidate
2022/05/03 19:35:23 1 节点转变为Candidate
2022/05/03 19:35:23 1 任期为2 重置选举超时时间 为 273000000
2022/05/03 19:35:23 1 开始竞选
2022/05/03 19:35:23 0 心跳超时 200000000,转换为Candidate
2022/05/03 19:35:23 0 节点转变为Candidate
2022/05/03 19:35:23 0 任期为2 重置选举超时时间 为 268000000
2022/05/03 19:35:23 0 开始竞选
2022/05/03 19:35:23 2 节点转变为Follower
2022/05/03 19:35:23 2 任期为2 重置心跳超时时间 为 220000000
2022/05/03 19:35:23 1 选举超时,开始新一轮选举
2022/05/03 19:35:23 1 节点转变为Candidate
2022/05/03 19:35:23 1 任期为4 重置选举超时时间 为 346000000
2022/05/03 19:35:23 1 开始竞选
2022/05/03 19:35:23 2 心跳超时 220000000,转换为Candidate
2022/05/03 19:35:23 2 节点转变为Candidate
2022/05/03 19:35:23 2 任期为3 重置选举超时时间 为 269000000
2022/05/03 19:35:23 2 开始竞选
2022/05/03 19:35:23 0 选举超时,开始新一轮选举
2022/05/03 19:35:23 0 节点转变为Candidate
2022/05/03 19:35:23 0 任期为3 重置选举超时时间 为 391000000
2022/05/03 19:35:23 0 开始竞选
2022/05/03 19:35:23 1 选举超时,开始新一轮选举
2022/05/03 19:35:23 1 节点转变为Candidate
2022/05/03 19:35:23 1 任期为3 重置选举超时时间 为 243000000
2022/05/03 19:35:23 1 开始竞选
2022/05/03 19:35:23 2 选举超时,开始新一轮选举
2022/05/03 19:35:23 2 节点转变为Candidate
2022/05/03 19:35:23 2 任期为4 重置选举超时时间 为 398000000
2022/05/03 19:35:23 2 开始竞选
2022/05/03 19:35:23 1 选举超时,开始新一轮选举
2022/05/03 19:35:23 1 节点转变为Candidate
2022/05/03 19:35:23 1 任期为4 重置选举超时时间 为 259000000
2022/05/03 19:35:23 1 开始竞选
2022/05/03 19:35:24 0 选举超时,开始新一轮选举
2022/05/03 19:35:24 0 节点转变为Candidate
2022/05/03 19:35:24 0 任期为4 重置选举超时时间 为 247000000
2022/05/03 19:35:24 0 开始竞选
2022/05/03 19:35:24 1 选举超时,开始新一轮选举
2022/05/03 19:35:24 1 节点转变为Candidate
2022/05/03 19:35:24 1 任期为5 重置选举超时时间 为 287000000
2022/05/03 19:35:24 1 开始竞选
2022/05/03 19:35:24 2 选举超时,开始新一轮选举
2022/05/03 19:35:24 2 节点转变为Candidate
2022/05/03 19:35:24 2 任期为5 重置选举超时时间 为 362000000
2022/05/03 19:35:24 2 开始竞选
2022/05/03 19:35:24 0 选举超时,开始新一轮选举
2022/05/03 19:35:24 0 节点转变为Candidate
2022/05/03 19:35:24 0 任期为5 重置选举超时时间 为 240000000
2022/05/03 19:35:24 0 开始竞选
2022/05/03 19:35:24 1 选举超时,开始新一轮选举
2022/05/03 19:35:24 1 节点转变为Candidate
2022/05/03 19:35:24 1 任期为6 重置选举超时时间 为 290000000
2022/05/03 19:35:24 1 开始竞选
2022/05/03 19:35:24 0 选举超时,开始新一轮选举
2022/05/03 19:35:24 0 节点转变为Candidate
2022/05/03 19:35:24 0 任期为6 重置选举超时时间 为 230000000
2022/05/03 19:35:24 0 开始竞选
2022/05/03 19:35:24 2 选举超时,开始新一轮选举
2022/05/03 19:35:24 2 节点转变为Candidate
2022/05/03 19:35:24 2 任期为6 重置选举超时时间 为 243000000
2022/05/03 19:35:24 2 开始竞选
2022/05/03 19:35:24 1 选举超时,开始新一轮选举
2022/05/03 19:35:24 1 节点转变为Candidate
2022/05/03 19:35:24 1 任期为7 重置选举超时时间 为 354000000
2022/05/03 19:35:24 1 开始竞选
2022/05/03 19:35:24 0 选举超时,开始新一轮选举
2022/05/03 19:35:24 0 节点转变为Candidate
2022/05/03 19:35:24 0 任期为7 重置选举超时时间 为 328000000
2022/05/03 19:35:24 0 开始竞选
2022/05/03 19:35:24 2 选举超时,开始新一轮选举
2022/05/03 19:35:24 2 节点转变为Candidate
2022/05/03 19:35:24 2 任期为7 重置选举超时时间 为 220000000
2022/05/03 19:35:24 2 开始竞选
2022/05/03 19:35:25 0 选举超时,开始新一轮选举
2022/05/03 19:35:25 0 节点转变为Candidate
2022/05/03 19:35:25 0 任期为8 重置选举超时时间 为 292000000
2022/05/03 19:35:25 0 开始竞选
2022/05/03 19:35:25 1 选举超时,开始新一轮选举
2022/05/03 19:35:25 1 节点转变为Candidate
2022/05/03 19:35:25 1 任期为8 重置选举超时时间 为 204000000
2022/05/03 19:35:25 1 开始竞选
2022/05/03 19:35:25 2 选举超时,开始新一轮选举
2022/05/03 19:35:25 2 节点转变为Candidate
2022/05/03 19:35:25 2 任期为8 重置选举超时时间 为 373000000
2022/05/03 19:35:25 2 开始竞选
2022/05/03 19:35:25 1 选举超时,开始新一轮选举
2022/05/03 19:35:25 1 节点转变为Candidate
2022/05/03 19:35:25 1 任期为9 重置选举超时时间 为 384000000
2022/05/03 19:35:25 1 开始竞选
2022/05/03 19:35:25 0 选举超时,开始新一轮选举
2022/05/03 19:35:25 0 节点转变为Candidate
2022/05/03 19:35:25 0 任期为9 重置选举超时时间 为 254000000
2022/05/03 19:35:25 0 开始竞选
2022/05/03 19:35:25 2 选举超时,开始新一轮选举
2022/05/03 19:35:25 2 节点转变为Candidate
2022/05/03 19:35:25 2 任期为9 重置选举超时时间 为 249000000
2022/05/03 19:35:25 2 开始竞选
2022/05/03 19:35:25 0 选举超时,开始新一轮选举
2022/05/03 19:35:25 0 节点转变为Candidate
2022/05/03 19:35:25 0 任期为10 重置选举超时时间 为 270000000
2022/05/03 19:35:25 0 开始竞选
2022/05/03 19:35:25 1 选举超时,开始新一轮选举
2022/05/03 19:35:25 1 节点转变为Candidate
2022/05/03 19:35:25 1 任期为10 重置选举超时时间 为 316000000
2022/05/03 19:35:25 1 开始竞选
2022/05/03 19:35:25 2 选举超时,开始新一轮选举
2022/05/03 19:35:25 2 节点转变为Candidate
2022/05/03 19:35:25 2 任期为10 重置选举超时时间 为 394000000
2022/05/03 19:35:25 2 开始竞选
2022/05/03 19:35:25 0 选举超时,开始新一轮选举
2022/05/03 19:35:25 0 节点转变为Candidate
2022/05/03 19:35:25 0 任期为11 重置选举超时时间 为 278000000
2022/05/03 19:35:25 0 开始竞选
2022/05/03 19:35:26 1 选举超时,开始新一轮选举
2022/05/03 19:35:26 1 节点转变为Candidate
2022/05/03 19:35:26 1 任期为11 重置选举超时时间 为 299000000
2022/05/03 19:35:26 1 开始竞选
2022/05/03 19:35:26 2 选举超时,开始新一轮选举
2022/05/03 19:35:26 2 节点转变为Candidate
2022/05/03 19:35:26 2 任期为11 重置选举超时时间 为 232000000
2022/05/03 19:35:26 2 开始竞选
2022/05/03 19:35:26 0 选举超时,开始新一轮选举
2022/05/03 19:35:26 0 节点转变为Candidate
2022/05/03 19:35:26 0 任期为12 重置选举超时时间 为 213000000
2022/05/03 19:35:26 0 开始竞选
2022/05/03 19:35:26 1 选举超时,开始新一轮选举
2022/05/03 19:35:26 1 节点转变为Candidate
2022/05/03 19:35:26 1 任期为12 重置选举超时时间 为 212000000
2022/05/03 19:35:26 1 开始竞选
2022/05/03 19:35:26 2 选举超时,开始新一轮选举
2022/05/03 19:35:26 2 节点转变为Candidate
2022/05/03 19:35:26 2 任期为12 重置选举超时时间 为 292000000
2022/05/03 19:35:26 2 开始竞选
2022/05/03 19:35:26 0 选举超时,开始新一轮选举
2022/05/03 19:35:26 0 节点转变为Candidate
2022/05/03 19:35:26 0 任期为13 重置选举超时时间 为 376000000
2022/05/03 19:35:26 0 开始竞选
2022/05/03 19:35:26 1 选举超时,开始新一轮选举
2022/05/03 19:35:26 1 节点转变为Candidate
2022/05/03 19:35:26 1 任期为13 重置选举超时时间 为 223000000
2022/05/03 19:35:26 1 开始竞选
2022/05/03 19:35:26 2 选举超时,开始新一轮选举
2022/05/03 19:35:26 2 节点转变为Candidate
2022/05/03 19:35:26 2 任期为13 重置选举超时时间 为 384000000
2022/05/03 19:35:26 2 开始竞选
2022/05/03 19:35:26 1 选举超时,开始新一轮选举
2022/05/03 19:35:26 1 节点转变为Candidate
2022/05/03 19:35:26 1 任期为14 重置选举超时时间 为 305000000
2022/05/03 19:35:26 1 开始竞选
2022/05/03 19:35:26 0 选举超时,开始新一轮选举
2022/05/03 19:35:26 0 节点转变为Candidate
2022/05/03 19:35:26 0 任期为14 重置选举超时时间 为 235000000
2022/05/03 19:35:26 0 开始竞选
2022/05/03 19:35:27 0 选举超时,开始新一轮选举
2022/05/03 19:35:27 0 节点转变为Candidate
2022/05/03 19:35:27 0 任期为15 重置选举超时时间 为 305000000
2022/05/03 19:35:27 0 开始竞选
2022/05/03 19:35:27 2 选举超时,开始新一轮选举
2022/05/03 19:35:27 2 节点转变为Candidate
2022/05/03 19:35:27 2 任期为14 重置选举超时时间 为 340000000
2022/05/03 19:35:27 2 开始竞选
2022/05/03 19:35:27 1 选举超时,开始新一轮选举
2022/05/03 19:35:27 1 节点转变为Candidate
2022/05/03 19:35:27 1 任期为15 重置选举超时时间 为 243000000
2022/05/03 19:35:27 1 开始竞选
2022/05/03 19:35:27 1 选举超时,开始新一轮选举
2022/05/03 19:35:27 1 节点转变为Candidate
2022/05/03 19:35:27 1 任期为16 重置选举超时时间 为 218000000
2022/05/03 19:35:27 1 开始竞选
2022/05/03 19:35:27 0 选举超时,开始新一轮选举
2022/05/03 19:35:27 0 节点转变为Candidate
2022/05/03 19:35:27 0 任期为16 重置选举超时时间 为 236000000
2022/05/03 19:35:27 0 开始竞选
2022/05/03 19:35:27 2 选举超时,开始新一轮选举
2022/05/03 19:35:27 2 节点转变为Candidate
2022/05/03 19:35:27 2 任期为15 重置选举超时时间 为 315000000
2022/05/03 19:35:27 2 开始竞选
2022/05/03 19:35:27 1 选举超时,开始新一轮选举
2022/05/03 19:35:27 1 节点转变为Candidate
2022/05/03 19:35:27 1 任期为17 重置选举超时时间 为 234000000
2022/05/03 19:35:27 1 开始竞选
2022/05/03 19:35:27 0 选举超时,开始新一轮选举
2022/05/03 19:35:27 0 节点转变为Candidate
2022/05/03 19:35:27 0 任期为17 重置选举超时时间 为 264000000
2022/05/03 19:35:27 0 开始竞选
2022/05/03 19:35:27 2 选举超时,开始新一轮选举
2022/05/03 19:35:27 2 节点转变为Candidate
2022/05/03 19:35:27 2 任期为16 重置选举超时时间 为 283000000
2022/05/03 19:35:27 2 开始竞选
2022/05/03 19:35:27 1 选举超时,开始新一轮选举
2022/05/03 19:35:27 1 节点转变为Candidate
2022/05/03 19:35:27 1 任期为18 重置选举超时时间 为 298000000
2022/05/03 19:35:27 1 开始竞选
2022/05/03 19:35:27 0 选举超时,开始新一轮选举
2022/05/03 19:35:27 0 节点转变为Candidate
2022/05/03 19:35:27 0 任期为18 重置选举超时时间 为 318000000
2022/05/03 19:35:27 0 开始竞选
2022/05/03 19:35:28 2 选举超时,开始新一轮选举
2022/05/03 19:35:28 2 节点转变为Candidate
2022/05/03 19:35:28 2 任期为17 重置选举超时时间 为 295000000
2022/05/03 19:35:28 2 开始竞选
2022/05/03 19:35:28 1 选举超时,开始新一轮选举
2022/05/03 19:35:28 1 节点转变为Candidate
2022/05/03 19:35:28 1 任期为19 重置选举超时时间 为 217000000
2022/05/03 19:35:28 1 开始竞选
2022/05/03 19:35:28 0 选举超时,开始新一轮选举
2022/05/03 19:35:28 0 节点转变为Candidate
2022/05/03 19:35:28 0 任期为19 重置选举超时时间 为 234000000
2022/05/03 19:35:28 0 开始竞选
--- FAIL: TestReElection2A (5.06s)
    config.go:460: expected one leader, got none
2022/05/03 19:35:28 0 节点转变为Follower
2022/05/03 19:35:28 0 任期为1 重置心跳超时时间 为 265000000
2022/05/03 19:35:28 创建节点0成功
2022/05/03 19:35:28 1 节点转变为Follower
2022/05/03 19:35:28 1 任期为1 重置心跳超时时间 为 392000000
2022/05/03 19:35:28 创建节点1成功
2022/05/03 19:35:28 2 节点转变为Follower
2022/05/03 19:35:28 2 任期为1 重置心跳超时时间 为 205000000
2022/05/03 19:35:28 创建节点2成功
2022/05/03 19:35:28 3 节点转变为Follower
2022/05/03 19:35:28 3 任期为1 重置心跳超时时间 为 338000000
2022/05/03 19:35:28 创建节点3成功
2022/05/03 19:35:28 4 节点转变为Follower
2022/05/03 19:35:28 4 任期为1 重置心跳超时时间 为 213000000
2022/05/03 19:35:28 创建节点4成功
2022/05/03 19:35:28 5 节点转变为Follower
2022/05/03 19:35:28 5 任期为1 重置心跳超时时间 为 364000000
2022/05/03 19:35:28 创建节点5成功
2022/05/03 19:35:28 6 节点转变为Follower
2022/05/03 19:35:28 6 任期为1 重置心跳超时时间 为 202000000
2022/05/03 19:35:28 创建节点6成功
Test (2A): multiple elections ...
2022/05/03 19:35:28 1 选举超时,开始新一轮选举
2022/05/03 19:35:28 1 节点转变为Candidate
2022/05/03 19:35:28 1 任期为20 重置选举超时时间 为 306000000
2022/05/03 19:35:28 1 开始竞选
2022/05/03 19:35:28 2 选举超时,开始新一轮选举
2022/05/03 19:35:28 2 节点转变为Candidate
2022/05/03 19:35:28 2 任期为18 重置选举超时时间 为 346000000
2022/05/03 19:35:28 2 开始竞选
2022/05/03 19:35:28 0 选举超时,开始新一轮选举
2022/05/03 19:35:28 0 节点转变为Candidate
2022/05/03 19:35:28 0 任期为20 重置选举超时时间 为 252000000
2022/05/03 19:35:28 0 开始竞选
2022/05/03 19:35:28 6 心跳超时 202000000,转换为Candidate
2022/05/03 19:35:28 6 节点转变为Candidate
2022/05/03 19:35:28 6 任期为2 重置选举超时时间 为 385000000
2022/05/03 19:35:28 6 开始竞选
2022/05/03 19:35:28 2 节点转变为Follower
2022/05/03 19:35:28 3 节点转变为Follower
2022/05/03 19:35:28 0 节点转变为Follower
2022/05/03 19:35:28 3 任期为2 重置心跳超时时间 为 381000000
2022/05/03 19:35:28 0 任期为2 重置心跳超时时间 为 216000000
2022/05/03 19:35:28 5 节点转变为Follower
2022/05/03 19:35:28 4 节点转变为Follower
2022/05/03 19:35:28 1 节点转变为Follower
2022/05/03 19:35:28 4 任期为2 重置心跳超时时间 为 296000000
2022/05/03 19:35:28 6 节点转变为Leader
2022/05/03 19:35:28 5 任期为2 重置心跳超时时间 为 323000000
2022/05/03 19:35:28 2 任期为2 重置心跳超时时间 为 285000000
2022/05/03 19:35:28 1 任期为2 重置心跳超时时间 为 281000000
2022/05/03 19:35:28 5 收到心跳
2022/05/03 19:35:28 3 收到心跳
2022/05/03 19:35:28 5 任期为2 重置心跳超时时间 为 308000000
2022/05/03 19:35:28 2 收到心跳
2022/05/03 19:35:28 4 收到心跳
2022/05/03 19:35:28 0 收到心跳
2022/05/03 19:35:28 3 任期为2 重置心跳超时时间 为 212000000
2022/05/03 19:35:28 2 任期为2 重置心跳超时时间 为 340000000
2022/05/03 19:35:28 1 收到心跳
2022/05/03 19:35:28 4 任期为2 重置心跳超时时间 为 298000000
2022/05/03 19:35:28 0 任期为2 重置心跳超时时间 为 212000000
2022/05/03 19:35:28 1 任期为2 重置心跳超时时间 为 347000000
2022/05/03 19:35:28 0 心跳超时 212000000,转换为Candidate
2022/05/03 19:35:28 0 节点转变为Candidate
2022/05/03 19:35:28 0 任期为3 重置选举超时时间 为 253000000
2022/05/03 19:35:28 0 开始竞选
2022/05/03 19:35:28 3 心跳超时 212000000,转换为Candidate
2022/05/03 19:35:28 3 节点转变为Candidate
2022/05/03 19:35:28 3 任期为3 重置选举超时时间 为 318000000
2022/05/03 19:35:28 3 开始竞选
2022/05/03 19:35:28 4 心跳超时 298000000,转换为Candidate
2022/05/03 19:35:28 4 节点转变为Candidate
2022/05/03 19:35:28 4 任期为3 重置选举超时时间 为 339000000
2022/05/03 19:35:28 4 开始竞选
2022/05/03 19:35:28 5 心跳超时 308000000,转换为Candidate
2022/05/03 19:35:28 5 节点转变为Candidate
2022/05/03 19:35:28 5 任期为3 重置选举超时时间 为 283000000
2022/05/03 19:35:28 5 开始竞选
2022/05/03 19:35:28 2 心跳超时 340000000,转换为Candidate
2022/05/03 19:35:28 2 节点转变为Candidate
2022/05/03 19:35:28 2 任期为3 重置选举超时时间 为 245000000
2022/05/03 19:35:28 2 开始竞选
2022/05/03 19:35:28 1 心跳超时 347000000,转换为Candidate
2022/05/03 19:35:28 1 节点转变为Candidate
2022/05/03 19:35:28 1 任期为3 重置选举超时时间 为 398000000
2022/05/03 19:35:28 1 开始竞选
2022/05/03 19:35:28 6 选举超时,开始新一轮选举
2022/05/03 19:35:28 0 选举超时,开始新一轮选举
2022/05/03 19:35:28 0 节点转变为Candidate
2022/05/03 19:35:28 0 任期为4 重置选举超时时间 为 269000000
2022/05/03 19:35:28 0 开始竞选
2022/05/03 19:35:28 6 发送心跳
2022/05/03 19:35:29 3 选举超时,开始新一轮选举
2022/05/03 19:35:29 3 节点转变为Candidate
2022/05/03 19:35:29 3 任期为4 重置选举超时时间 为 368000000
2022/05/03 19:35:29 3 开始竞选
2022/05/03 19:35:29 6 发送心跳
2022/05/03 19:35:29 2 选举超时,开始新一轮选举
2022/05/03 19:35:29 2 节点转变为Candidate
2022/05/03 19:35:29 2 任期为4 重置选举超时时间 为 287000000
2022/05/03 19:35:29 2 开始竞选
2022/05/03 19:35:29 5 选举超时,开始新一轮选举
2022/05/03 19:35:29 5 节点转变为Candidate
2022/05/03 19:35:29 5 任期为4 重置选举超时时间 为 229000000
2022/05/03 19:35:29 5 开始竞选
2022/05/03 19:35:29 4 选举超时,开始新一轮选举
2022/05/03 19:35:29 4 节点转变为Candidate
2022/05/03 19:35:29 4 任期为4 重置选举超时时间 为 205000000
2022/05/03 19:35:29 4 开始竞选
2022/05/03 19:35:29 6 发送心跳
2022/05/03 19:35:29 0 选举超时,开始新一轮选举
2022/05/03 19:35:29 0 节点转变为Candidate
2022/05/03 19:35:29 0 任期为5 重置选举超时时间 为 385000000
2022/05/03 19:35:29 0 开始竞选
2022/05/03 19:35:29 1 选举超时,开始新一轮选举
2022/05/03 19:35:29 1 节点转变为Candidate
2022/05/03 19:35:29 1 任期为4 重置选举超时时间 为 371000000
2022/05/03 19:35:29 1 开始竞选
2022/05/03 19:35:29 6 发送心跳
2022/05/03 19:35:29 5 选举超时,开始新一轮选举
2022/05/03 19:35:29 5 节点转变为Candidate
2022/05/03 19:35:29 5 任期为5 重置选举超时时间 为 206000000
2022/05/03 19:35:29 5 开始竞选
2022/05/03 19:35:29 4 选举超时,开始新一轮选举
2022/05/03 19:35:29 4 节点转变为Candidate
2022/05/03 19:35:29 4 任期为5 重置选举超时时间 为 397000000
2022/05/03 19:35:29 4 开始竞选
2022/05/03 19:35:29 2 选举超时,开始新一轮选举
2022/05/03 19:35:29 2 节点转变为Candidate
2022/05/03 19:35:29 2 任期为5 重置选举超时时间 为 266000000
2022/05/03 19:35:29 2 开始竞选
2022/05/03 19:35:29 6 发送心跳
2022/05/03 19:35:29 3 选举超时,开始新一轮选举
2022/05/03 19:35:29 3 节点转变为Candidate
2022/05/03 19:35:29 3 任期为5 重置选举超时时间 为 260000000
2022/05/03 19:35:29 3 开始竞选
2022/05/03 19:35:29 6 发送心跳
2022/05/03 19:35:29 5 选举超时,开始新一轮选举
2022/05/03 19:35:29 5 节点转变为Candidate
2022/05/03 19:35:29 5 任期为6 重置选举超时时间 为 313000000
2022/05/03 19:35:29 5 开始竞选
2022/05/03 19:35:29 6 发送心跳
2022/05/03 19:35:29 1 选举超时,开始新一轮选举
2022/05/03 19:35:29 1 节点转变为Candidate
2022/05/03 19:35:29 1 任期为5 重置选举超时时间 为 320000000
2022/05/03 19:35:29 1 开始竞选
2022/05/03 19:35:29 0 选举超时,开始新一轮选举
2022/05/03 19:35:29 0 节点转变为Candidate
2022/05/03 19:35:29 0 任期为6 重置选举超时时间 为 298000000
2022/05/03 19:35:29 0 开始竞选
2022/05/03 19:35:29 2 选举超时,开始新一轮选举
2022/05/03 19:35:29 2 节点转变为Candidate
2022/05/03 19:35:29 2 任期为6 重置选举超时时间 为 328000000
2022/05/03 19:35:29 2 开始竞选
2022/05/03 19:35:29 3 选举超时,开始新一轮选举
2022/05/03 19:35:29 3 节点转变为Candidate
2022/05/03 19:35:29 3 任期为6 重置选举超时时间 为 254000000
2022/05/03 19:35:29 3 开始竞选
2022/05/03 19:35:29 6 发送心跳
2022/05/03 19:35:29 4 选举超时,开始新一轮选举
2022/05/03 19:35:29 4 节点转变为Candidate
2022/05/03 19:35:29 4 任期为6 重置选举超时时间 为 343000000
2022/05/03 19:35:29 4 开始竞选
2022/05/03 19:35:29 6 发送心跳
2022/05/03 19:35:29 5 选举超时,开始新一轮选举
2022/05/03 19:35:29 5 节点转变为Candidate
2022/05/03 19:35:29 5 任期为7 重置选举超时时间 为 313000000
2022/05/03 19:35:29 5 开始竞选
2022/05/03 19:35:29 6 发送心跳
2022/05/03 19:35:29 3 选举超时,开始新一轮选举
2022/05/03 19:35:29 3 节点转变为Candidate
2022/05/03 19:35:29 3 任期为7 重置选举超时时间 为 213000000
2022/05/03 19:35:29 3 开始竞选
2022/05/03 19:35:29 0 选举超时,开始新一轮选举
2022/05/03 19:35:29 0 节点转变为Candidate
2022/05/03 19:35:29 0 任期为7 重置选举超时时间 为 342000000
2022/05/03 19:35:29 0 开始竞选
2022/05/03 19:35:29 1 选举超时,开始新一轮选举
2022/05/03 19:35:29 1 节点转变为Candidate
2022/05/03 19:35:29 1 任期为6 重置选举超时时间 为 381000000
2022/05/03 19:35:29 1 开始竞选
2022/05/03 19:35:29 2 选举超时,开始新一轮选举
2022/05/03 19:35:29 2 节点转变为Candidate
2022/05/03 19:35:29 2 任期为7 重置选举超时时间 为 276000000
2022/05/03 19:35:29 2 开始竞选
2022/05/03 19:35:30 6 发送心跳
2022/05/03 19:35:30 4 选举超时,开始新一轮选举
2022/05/03 19:35:30 4 节点转变为Candidate
2022/05/03 19:35:30 4 任期为7 重置选举超时时间 为 369000000
2022/05/03 19:35:30 4 开始竞选
2022/05/03 19:35:30 6 发送心跳
2022/05/03 19:35:30 3 选举超时,开始新一轮选举
2022/05/03 19:35:30 3 节点转变为Candidate
2022/05/03 19:35:30 3 任期为8 重置选举超时时间 为 261000000
2022/05/03 19:35:30 3 开始竞选
2022/05/03 19:35:30 5 选举超时,开始新一轮选举
2022/05/03 19:35:30 5 节点转变为Candidate
2022/05/03 19:35:30 5 任期为8 重置选举超时时间 为 202000000
2022/05/03 19:35:30 5 开始竞选
2022/05/03 19:35:30 6 发送心跳
2022/05/03 19:35:30 2 选举超时,开始新一轮选举
2022/05/03 19:35:30 2 节点转变为Candidate
2022/05/03 19:35:30 2 任期为8 重置选举超时时间 为 370000000
2022/05/03 19:35:30 2 开始竞选
2022/05/03 19:35:30 0 选举超时,开始新一轮选举
2022/05/03 19:35:30 0 节点转变为Candidate
2022/05/03 19:35:30 0 任期为8 重置选举超时时间 为 210000000
2022/05/03 19:35:30 0 开始竞选
2022/05/03 19:35:30 6 发送心跳
2022/05/03 19:35:30 1 选举超时,开始新一轮选举
2022/05/03 19:35:30 1 节点转变为Candidate
2022/05/03 19:35:30 1 任期为7 重置选举超时时间 为 322000000
2022/05/03 19:35:30 1 开始竞选
2022/05/03 19:35:30 5 选举超时,开始新一轮选举
2022/05/03 19:35:30 5 节点转变为Candidate
2022/05/03 19:35:30 5 任期为9 重置选举超时时间 为 390000000
2022/05/03 19:35:30 5 开始竞选
2022/05/03 19:35:30 3 选举超时,开始新一轮选举
2022/05/03 19:35:30 3 节点转变为Candidate
2022/05/03 19:35:30 3 任期为9 重置选举超时时间 为 353000000
2022/05/03 19:35:30 3 开始竞选
2022/05/03 19:35:30 6 发送心跳
2022/05/03 19:35:30 4 选举超时,开始新一轮选举
2022/05/03 19:35:30 4 节点转变为Candidate
2022/05/03 19:35:30 4 任期为8 重置选举超时时间 为 358000000
2022/05/03 19:35:30 4 开始竞选
2022/05/03 19:35:30 0 选举超时,开始新一轮选举
2022/05/03 19:35:30 0 节点转变为Candidate
2022/05/03 19:35:30 0 任期为9 重置选举超时时间 为 367000000
2022/05/03 19:35:30 0 开始竞选
2022/05/03 19:35:30 6 发送心跳
2022/05/03 19:35:30 6 发送心跳
2022/05/03 19:35:30 2 选举超时,开始新一轮选举
2022/05/03 19:35:30 2 节点转变为Candidate
2022/05/03 19:35:30 2 任期为9 重置选举超时时间 为 262000000
2022/05/03 19:35:30 2 开始竞选
2022/05/03 19:35:30 1 选举超时,开始新一轮选举
2022/05/03 19:35:30 1 节点转变为Candidate
2022/05/03 19:35:30 1 任期为8 重置选举超时时间 为 361000000
2022/05/03 19:35:30 1 开始竞选
2022/05/03 19:35:30 6 发送心跳
2022/05/03 19:35:30 3 选举超时,开始新一轮选举
2022/05/03 19:35:30 3 节点转变为Candidate
2022/05/03 19:35:30 3 任期为10 重置选举超时时间 为 305000000
2022/05/03 19:35:30 3 开始竞选
2022/05/03 19:35:30 5 选举超时,开始新一轮选举
2022/05/03 19:35:30 5 节点转变为Candidate
2022/05/03 19:35:30 5 任期为10 重置选举超时时间 为 207000000
2022/05/03 19:35:30 5 开始竞选
2022/05/03 19:35:30 6 发送心跳
2022/05/03 19:35:30 4 选举超时,开始新一轮选举
2022/05/03 19:35:30 4 节点转变为Candidate
2022/05/03 19:35:30 4 任期为9 重置选举超时时间 为 384000000
2022/05/03 19:35:30 4 开始竞选
2022/05/03 19:35:30 0 选举超时,开始新一轮选举
2022/05/03 19:35:30 0 节点转变为Candidate
2022/05/03 19:35:30 0 任期为10 重置选举超时时间 为 376000000
2022/05/03 19:35:30 0 开始竞选
2022/05/03 19:35:30 2 选举超时,开始新一轮选举
2022/05/03 19:35:30 2 节点转变为Candidate
2022/05/03 19:35:30 2 任期为10 重置选举超时时间 为 348000000
2022/05/03 19:35:30 2 开始竞选
2022/05/03 19:35:30 6 发送心跳
2022/05/03 19:35:30 5 选举超时,开始新一轮选举
2022/05/03 19:35:30 5 节点转变为Candidate
2022/05/03 19:35:30 5 任期为11 重置选举超时时间 为 234000000
2022/05/03 19:35:30 5 开始竞选
2022/05/03 19:35:31 6 发送心跳
2022/05/03 19:35:31 1 选举超时,开始新一轮选举
2022/05/03 19:35:31 1 节点转变为Candidate
2022/05/03 19:35:31 1 任期为9 重置选举超时时间 为 263000000
2022/05/03 19:35:31 1 开始竞选
2022/05/03 19:35:31 3 选举超时,开始新一轮选举
2022/05/03 19:35:31 3 节点转变为Candidate
2022/05/03 19:35:31 3 任期为11 重置选举超时时间 为 235000000
2022/05/03 19:35:31 3 开始竞选
2022/05/03 19:35:31 6 发送心跳
2022/05/03 19:35:31 5 选举超时,开始新一轮选举
2022/05/03 19:35:31 5 节点转变为Candidate
2022/05/03 19:35:31 5 任期为12 重置选举超时时间 为 260000000
2022/05/03 19:35:31 5 开始竞选
2022/05/03 19:35:31 4 选举超时,开始新一轮选举
2022/05/03 19:35:31 4 节点转变为Candidate
2022/05/03 19:35:31 4 任期为10 重置选举超时时间 为 356000000
2022/05/03 19:35:31 4 开始竞选
2022/05/03 19:35:31 6 发送心跳
2022/05/03 19:35:31 0 选举超时,开始新一轮选举
2022/05/03 19:35:31 0 节点转变为Candidate
2022/05/03 19:35:31 0 任期为11 重置选举超时时间 为 371000000
2022/05/03 19:35:31 0 开始竞选
2022/05/03 19:35:31 2 选举超时,开始新一轮选举
2022/05/03 19:35:31 2 节点转变为Candidate
2022/05/03 19:35:31 2 任期为11 重置选举超时时间 为 250000000
2022/05/03 19:35:31 2 开始竞选
2022/05/03 19:35:31 1 选举超时,开始新一轮选举
2022/05/03 19:35:31 1 节点转变为Candidate
2022/05/03 19:35:31 1 任期为10 重置选举超时时间 为 325000000
2022/05/03 19:35:31 1 开始竞选
2022/05/03 19:35:31 3 选举超时,开始新一轮选举
2022/05/03 19:35:31 3 节点转变为Candidate
2022/05/03 19:35:31 3 任期为12 重置选举超时时间 为 301000000
2022/05/03 19:35:31 3 开始竞选
2022/05/03 19:35:31 6 发送心跳
2022/05/03 19:35:31 6 发送心跳
2022/05/03 19:35:31 5 选举超时,开始新一轮选举
2022/05/03 19:35:31 5 节点转变为Candidate
2022/05/03 19:35:31 5 任期为13 重置选举超时时间 为 373000000
2022/05/03 19:35:31 5 开始竞选
2022/05/03 19:35:31 2 选举超时,开始新一轮选举
2022/05/03 19:35:31 2 节点转变为Candidate
2022/05/03 19:35:31 2 任期为12 重置选举超时时间 为 345000000
2022/05/03 19:35:31 2 开始竞选
2022/05/03 19:35:31 6 发送心跳
2022/05/03 19:35:31 4 选举超时,开始新一轮选举
2022/05/03 19:35:31 4 节点转变为Candidate
2022/05/03 19:35:31 4 任期为11 重置选举超时时间 为 315000000
2022/05/03 19:35:31 4 开始竞选
2022/05/03 19:35:31 0 选举超时,开始新一轮选举
2022/05/03 19:35:31 0 节点转变为Candidate
2022/05/03 19:35:31 0 任期为12 重置选举超时时间 为 233000000
2022/05/03 19:35:31 0 开始竞选
2022/05/03 19:35:31 3 选举超时,开始新一轮选举
2022/05/03 19:35:31 3 节点转变为Candidate
2022/05/03 19:35:31 3 任期为13 重置选举超时时间 为 238000000
2022/05/03 19:35:31 3 开始竞选
2022/05/03 19:35:31 1 选举超时,开始新一轮选举
2022/05/03 19:35:31 1 节点转变为Candidate
2022/05/03 19:35:31 1 任期为11 重置选举超时时间 为 293000000
2022/05/03 19:35:31 1 开始竞选
2022/05/03 19:35:31 6 发送心跳
2022/05/03 19:35:31 6 发送心跳
2022/05/03 19:35:31 6 发送心跳
2022/05/03 19:35:31 0 选举超时,开始新一轮选举
2022/05/03 19:35:31 0 节点转变为Candidate
2022/05/03 19:35:31 0 任期为13 重置选举超时时间 为 248000000
2022/05/03 19:35:31 0 开始竞选
2022/05/03 19:35:31 5 选举超时,开始新一轮选举
2022/05/03 19:35:31 5 节点转变为Candidate
2022/05/03 19:35:31 5 任期为14 重置选举超时时间 为 283000000
2022/05/03 19:35:31 5 开始竞选
2022/05/03 19:35:31 2 选举超时,开始新一轮选举
2022/05/03 19:35:31 2 节点转变为Candidate
2022/05/03 19:35:31 2 任期为13 重置选举超时时间 为 377000000
2022/05/03 19:35:31 2 开始竞选
2022/05/03 19:35:31 3 选举超时,开始新一轮选举
2022/05/03 19:35:31 3 节点转变为Candidate
2022/05/03 19:35:31 3 任期为14 重置选举超时时间 为 298000000
2022/05/03 19:35:31 3 开始竞选
2022/05/03 19:35:31 4 选举超时,开始新一轮选举
2022/05/03 19:35:31 4 节点转变为Candidate
2022/05/03 19:35:31 4 任期为12 重置选举超时时间 为 339000000
2022/05/03 19:35:31 4 开始竞选
2022/05/03 19:35:31 1 选举超时,开始新一轮选举
2022/05/03 19:35:31 1 节点转变为Candidate
2022/05/03 19:35:31 1 任期为12 重置选举超时时间 为 322000000
2022/05/03 19:35:31 1 开始竞选
2022/05/03 19:35:31 6 发送心跳
2022/05/03 19:35:32 6 发送心跳
2022/05/03 19:35:32 0 选举超时,开始新一轮选举
2022/05/03 19:35:32 0 节点转变为Candidate
2022/05/03 19:35:32 0 任期为14 重置选举超时时间 为 286000000
2022/05/03 19:35:32 0 开始竞选
2022/05/03 19:35:32 5 选举超时,开始新一轮选举
2022/05/03 19:35:32 5 节点转变为Candidate
2022/05/03 19:35:32 5 任期为15 重置选举超时时间 为 219000000
2022/05/03 19:35:32 5 开始竞选
2022/05/03 19:35:32 6 发送心跳
2022/05/03 19:35:32 3 选举超时,开始新一轮选举
2022/05/03 19:35:32 3 节点转变为Candidate
2022/05/03 19:35:32 3 任期为15 重置选举超时时间 为 386000000
2022/05/03 19:35:32 3 开始竞选
2022/05/03 19:35:32 2 选举超时,开始新一轮选举
2022/05/03 19:35:32 2 节点转变为Candidate
2022/05/03 19:35:32 2 任期为14 重置选举超时时间 为 387000000
2022/05/03 19:35:32 2 开始竞选
2022/05/03 19:35:32 6 发送心跳
2022/05/03 19:35:32 1 选举超时,开始新一轮选举
2022/05/03 19:35:32 1 节点转变为Candidate
2022/05/03 19:35:32 1 任期为13 重置选举超时时间 为 312000000
2022/05/03 19:35:32 1 开始竞选
2022/05/03 19:35:32 4 选举超时,开始新一轮选举
2022/05/03 19:35:32 4 节点转变为Candidate
2022/05/03 19:35:32 4 任期为13 重置选举超时时间 为 203000000
2022/05/03 19:35:32 4 开始竞选
2022/05/03 19:35:32 6 发送心跳
2022/05/03 19:35:32 5 选举超时,开始新一轮选举
2022/05/03 19:35:32 5 节点转变为Candidate
2022/05/03 19:35:32 5 任期为16 重置选举超时时间 为 303000000
2022/05/03 19:35:32 5 开始竞选
2022/05/03 19:35:32 0 选举超时,开始新一轮选举
2022/05/03 19:35:32 0 节点转变为Candidate
2022/05/03 19:35:32 0 任期为15 重置选举超时时间 为 349000000
2022/05/03 19:35:32 0 开始竞选
2022/05/03 19:35:32 6 发送心跳
2022/05/03 19:35:32 4 选举超时,开始新一轮选举
2022/05/03 19:35:32 4 节点转变为Candidate
2022/05/03 19:35:32 4 任期为14 重置选举超时时间 为 295000000
2022/05/03 19:35:32 4 开始竞选
2022/05/03 19:35:32 6 发送心跳
2022/05/03 19:35:32 3 选举超时,开始新一轮选举
2022/05/03 19:35:32 3 节点转变为Candidate
2022/05/03 19:35:32 3 任期为16 重置选举超时时间 为 301000000
2022/05/03 19:35:32 3 开始竞选
2022/05/03 19:35:32 1 选举超时,开始新一轮选举
2022/05/03 19:35:32 1 节点转变为Candidate
2022/05/03 19:35:32 1 任期为14 重置选举超时时间 为 372000000
2022/05/03 19:35:32 1 开始竞选
2022/05/03 19:35:32 2 选举超时,开始新一轮选举
2022/05/03 19:35:32 2 节点转变为Candidate
2022/05/03 19:35:32 2 任期为15 重置选举超时时间 为 395000000
2022/05/03 19:35:32 2 开始竞选
2022/05/03 19:35:32 6 发送心跳
2022/05/03 19:35:32 5 选举超时,开始新一轮选举
2022/05/03 19:35:32 5 节点转变为Candidate
2022/05/03 19:35:32 5 任期为17 重置选举超时时间 为 230000000
2022/05/03 19:35:32 5 开始竞选
2022/05/03 19:35:32 0 选举超时,开始新一轮选举
2022/05/03 19:35:32 0 节点转变为Candidate
2022/05/03 19:35:32 0 任期为16 重置选举超时时间 为 219000000
2022/05/03 19:35:32 0 开始竞选
2022/05/03 19:35:32 4 选举超时,开始新一轮选举
2022/05/03 19:35:32 4 节点转变为Candidate
2022/05/03 19:35:32 4 任期为15 重置选举超时时间 为 255000000
2022/05/03 19:35:32 4 开始竞选
2022/05/03 19:35:32 6 发送心跳
2022/05/03 19:35:32 3 选举超时,开始新一轮选举
2022/05/03 19:35:32 3 节点转变为Candidate
2022/05/03 19:35:32 3 任期为17 重置选举超时时间 为 309000000
2022/05/03 19:35:32 3 开始竞选
2022/05/03 19:35:32 6 发送心跳
2022/05/03 19:35:32 5 选举超时,开始新一轮选举
2022/05/03 19:35:32 5 节点转变为Candidate
2022/05/03 19:35:32 5 任期为18 重置选举超时时间 为 206000000
2022/05/03 19:35:32 5 开始竞选
2022/05/03 19:35:32 1 选举超时,开始新一轮选举
2022/05/03 19:35:32 1 节点转变为Candidate
2022/05/03 19:35:32 1 任期为15 重置选举超时时间 为 249000000
2022/05/03 19:35:32 1 开始竞选
2022/05/03 19:35:32 6 发送心跳
2022/05/03 19:35:32 0 选举超时,开始新一轮选举
2022/05/03 19:35:32 0 节点转变为Candidate
2022/05/03 19:35:32 0 任期为17 重置选举超时时间 为 362000000
2022/05/03 19:35:32 0 开始竞选
2022/05/03 19:35:32 4 选举超时,开始新一轮选举
2022/05/03 19:35:32 4 节点转变为Candidate
2022/05/03 19:35:32 4 任期为16 重置选举超时时间 为 372000000
2022/05/03 19:35:32 4 开始竞选
2022/05/03 19:35:32 2 选举超时,开始新一轮选举
2022/05/03 19:35:32 2 节点转变为Candidate
2022/05/03 19:35:32 2 任期为16 重置选举超时时间 为 293000000
2022/05/03 19:35:32 2 开始竞选
2022/05/03 19:35:33 6 发送心跳
2022/05/03 19:35:33 5 选举超时,开始新一轮选举
2022/05/03 19:35:33 5 节点转变为Candidate
2022/05/03 19:35:33 5 任期为19 重置选举超时时间 为 344000000
2022/05/03 19:35:33 5 开始竞选
2022/05/03 19:35:33 6 发送心跳
2022/05/03 19:35:33 3 选举超时,开始新一轮选举
2022/05/03 19:35:33 3 节点转变为Candidate
2022/05/03 19:35:33 3 任期为18 重置选举超时时间 为 285000000
2022/05/03 19:35:33 3 开始竞选
2022/05/03 19:35:33 1 选举超时,开始新一轮选举
2022/05/03 19:35:33 1 节点转变为Candidate
2022/05/03 19:35:33 1 任期为16 重置选举超时时间 为 343000000
2022/05/03 19:35:33 1 开始竞选
2022/05/03 19:35:33 6 发送心跳
2022/05/03 19:35:33 2 选举超时,开始新一轮选举
2022/05/03 19:35:33 2 节点转变为Candidate
2022/05/03 19:35:33 2 任期为17 重置选举超时时间 为 217000000
2022/05/03 19:35:33 2 开始竞选
2022/05/03 19:35:33 0 选举超时,开始新一轮选举
2022/05/03 19:35:33 0 节点转变为Candidate
2022/05/03 19:35:33 0 任期为18 重置选举超时时间 为 355000000
2022/05/03 19:35:33 0 开始竞选
2022/05/03 19:35:33 6 发送心跳
2022/05/03 19:35:33 4 选举超时,开始新一轮选举
2022/05/03 19:35:33 4 节点转变为Candidate
2022/05/03 19:35:33 4 任期为17 重置选举超时时间 为 363000000
2022/05/03 19:35:33 4 开始竞选
2022/05/03 19:35:33 3 选举超时,开始新一轮选举
2022/05/03 19:35:33 3 节点转变为Candidate
2022/05/03 19:35:33 3 任期为19 重置选举超时时间 为 305000000
2022/05/03 19:35:33 3 开始竞选
2022/05/03 19:35:33 5 选举超时,开始新一轮选举
2022/05/03 19:35:33 5 节点转变为Candidate
2022/05/03 19:35:33 5 任期为20 重置选举超时时间 为 354000000
2022/05/03 19:35:33 5 开始竞选
2022/05/03 19:35:33 6 发送心跳
2022/05/03 19:35:33 1 选举超时,开始新一轮选举
2022/05/03 19:35:33 1 节点转变为Candidate
2022/05/03 19:35:33 1 任期为17 重置选举超时时间 为 244000000
2022/05/03 19:35:33 1 开始竞选
2022/05/03 19:35:33 2 选举超时,开始新一轮选举
2022/05/03 19:35:33 2 节点转变为Candidate
2022/05/03 19:35:33 2 任期为18 重置选举超时时间 为 263000000
2022/05/03 19:35:33 2 开始竞选
2022/05/03 19:35:33 6 发送心跳
2022/05/03 19:35:33 6 发送心跳
2022/05/03 19:35:33 0 选举超时,开始新一轮选举
2022/05/03 19:35:33 0 节点转变为Candidate
2022/05/03 19:35:33 0 任期为19 重置选举超时时间 为 248000000
2022/05/03 19:35:33 0 开始竞选
2022/05/03 19:35:33 4 选举超时,开始新一轮选举
2022/05/03 19:35:33 4 节点转变为Candidate
2022/05/03 19:35:33 4 任期为18 重置选举超时时间 为 231000000
2022/05/03 19:35:33 4 开始竞选
2022/05/03 19:35:33 3 选举超时,开始新一轮选举
2022/05/03 19:35:33 3 节点转变为Candidate
2022/05/03 19:35:33 3 任期为20 重置选举超时时间 为 257000000
2022/05/03 19:35:33 3 开始竞选
2022/05/03 19:35:33 6 发送心跳
2022/05/03 19:35:33 1 选举超时,开始新一轮选举
2022/05/03 19:35:33 1 节点转变为Candidate
2022/05/03 19:35:33 1 任期为18 重置选举超时时间 为 341000000
2022/05/03 19:35:33 1 开始竞选
2022/05/03 19:35:33 2 选举超时,开始新一轮选举
2022/05/03 19:35:33 2 节点转变为Candidate
2022/05/03 19:35:33 2 任期为19 重置选举超时时间 为 221000000
2022/05/03 19:35:33 2 开始竞选
2022/05/03 19:35:33 5 选举超时,开始新一轮选举
2022/05/03 19:35:33 5 节点转变为Candidate
2022/05/03 19:35:33 5 任期为21 重置选举超时时间 为 209000000
2022/05/03 19:35:33 5 开始竞选
2022/05/03 19:35:33 6 发送心跳
--- FAIL: TestManyElections2A (5.60s)
    config.go:460: expected one leader, got none
FAIL
exit status 1
FAIL	6.824/raft	11.189s
