2022/05/03 19:35:34 0 节点转变为Follower
2022/05/03 19:35:34 0 任期为1 重置心跳超时时间 为 374000000
2022/05/03 19:35:34 创建节点0成功
2022/05/03 19:35:34 1 节点转变为Follower
2022/05/03 19:35:34 1 任期为1 重置心跳超时时间 为 375000000
2022/05/03 19:35:34 创建节点1成功
2022/05/03 19:35:34 2 节点转变为Follower
2022/05/03 19:35:34 2 任期为1 重置心跳超时时间 为 332000000
2022/05/03 19:35:34 创建节点2成功
Test (2A): initial election ...
2022/05/03 19:35:34 2 心跳超时 332000000,转换为Candidate
2022/05/03 19:35:34 2 节点转变为Candidate
2022/05/03 19:35:34 2 任期为2 重置选举超时时间 为 380000000
2022/05/03 19:35:34 2 开始竞选
2022/05/03 19:35:34 1 节点转变为Follower
2022/05/03 19:35:34 0 节点转变为Follower
2022/05/03 19:35:34 0 任期为2 重置心跳超时时间 为 277000000
2022/05/03 19:35:34 1 任期为2 重置心跳超时时间 为 228000000
2022/05/03 19:35:34 2 节点转变为Leader
2022/05/03 19:35:34 1 收到心跳
2022/05/03 19:35:34 0 收到心跳
2022/05/03 19:35:34 1 任期为2 重置心跳超时时间 为 364000000
2022/05/03 19:35:34 0 任期为2 重置心跳超时时间 为 216000000
2022/05/03 19:35:35 0 心跳超时 216000000,转换为Candidate
2022/05/03 19:35:35 0 节点转变为Candidate
2022/05/03 19:35:35 0 任期为3 重置选举超时时间 为 291000000
2022/05/03 19:35:35 0 开始竞选
2022/05/03 19:35:35 1 心跳超时 364000000,转换为Candidate
2022/05/03 19:35:35 1 节点转变为Candidate
2022/05/03 19:35:35 1 任期为3 重置选举超时时间 为 341000000
2022/05/03 19:35:35 1 开始竞选
2022/05/03 19:35:35 2 选举超时,开始新一轮选举
2022/05/03 19:35:35 2 发送心跳
2022/05/03 19:35:35 0 选举超时,开始新一轮选举
2022/05/03 19:35:35 0 节点转变为Candidate
2022/05/03 19:35:35 0 任期为4 重置选举超时时间 为 245000000
2022/05/03 19:35:35 0 开始竞选
2022/05/03 19:35:35 2 发送心跳
2022/05/03 19:35:35 2 发送心跳
2022/05/03 19:35:35 1 选举超时,开始新一轮选举
2022/05/03 19:35:35 1 节点转变为Candidate
2022/05/03 19:35:35 1 任期为4 重置选举超时时间 为 308000000
2022/05/03 19:35:35 1 开始竞选
2022/05/03 19:35:35 0 选举超时,开始新一轮选举
2022/05/03 19:35:35 0 节点转变为Candidate
2022/05/03 19:35:35 0 任期为5 重置选举超时时间 为 345000000
2022/05/03 19:35:35 0 开始竞选
2022/05/03 19:35:35 2 发送心跳
2022/05/03 19:35:35 2 发送心跳
2022/05/03 19:35:35 2 发送心跳
2022/05/03 19:35:35 1 选举超时,开始新一轮选举
2022/05/03 19:35:35 1 节点转变为Candidate
2022/05/03 19:35:35 1 任期为5 重置选举超时时间 为 260000000
2022/05/03 19:35:35 1 开始竞选
2022/05/03 19:35:35 2 发送心跳
2022/05/03 19:35:35 0 选举超时,开始新一轮选举
2022/05/03 19:35:35 0 节点转变为Candidate
2022/05/03 19:35:35 0 任期为6 重置选举超时时间 为 241000000
2022/05/03 19:35:35 0 开始竞选
2022/05/03 19:35:35 2 发送心跳
2022/05/03 19:35:36 1 选举超时,开始新一轮选举
2022/05/03 19:35:36 1 节点转变为Candidate
2022/05/03 19:35:36 1 任期为6 重置选举超时时间 为 335000000
2022/05/03 19:35:36 1 开始竞选
2022/05/03 19:35:36 2 发送心跳
2022/05/03 19:35:36 0 选举超时,开始新一轮选举
2022/05/03 19:35:36 0 节点转变为Candidate
2022/05/03 19:35:36 0 任期为7 重置选举超时时间 为 224000000
2022/05/03 19:35:36 0 开始竞选
2022/05/03 19:35:36 2 发送心跳
2022/05/03 19:35:36 2 发送心跳
2022/05/03 19:35:36 0 选举超时,开始新一轮选举
2022/05/03 19:35:36 0 节点转变为Candidate
2022/05/03 19:35:36 0 任期为8 重置选举超时时间 为 345000000
2022/05/03 19:35:36 0 开始竞选
2022/05/03 19:35:36 2 发送心跳
2022/05/03 19:35:36 1 选举超时,开始新一轮选举
2022/05/03 19:35:36 1 节点转变为Candidate
2022/05/03 19:35:36 1 任期为7 重置选举超时时间 为 259000000
2022/05/03 19:35:36 1 开始竞选
2022/05/03 19:35:36 2 发送心跳
2022/05/03 19:35:36 2 发送心跳
2022/05/03 19:35:36 1 选举超时,开始新一轮选举
2022/05/03 19:35:36 1 节点转变为Candidate
2022/05/03 19:35:36 1 任期为8 重置选举超时时间 为 234000000
2022/05/03 19:35:36 1 开始竞选
2022/05/03 19:35:36 2 发送心跳
2022/05/03 19:35:36 0 选举超时,开始新一轮选举
2022/05/03 19:35:36 0 节点转变为Candidate
2022/05/03 19:35:36 0 任期为9 重置选举超时时间 为 212000000
2022/05/03 19:35:36 0 开始竞选
2022/05/03 19:35:36 2 发送心跳
2022/05/03 19:35:36 2 发送心跳
2022/05/03 19:35:36 1 选举超时,开始新一轮选举
2022/05/03 19:35:36 1 节点转变为Candidate
2022/05/03 19:35:36 1 任期为9 重置选举超时时间 为 226000000
2022/05/03 19:35:36 1 开始竞选
2022/05/03 19:35:36 0 选举超时,开始新一轮选举
2022/05/03 19:35:36 0 节点转变为Candidate
2022/05/03 19:35:36 0 任期为10 重置选举超时时间 为 212000000
2022/05/03 19:35:36 0 开始竞选
2022/05/03 19:35:36 2 发送心跳
--- FAIL: TestInitialElection2A (2.54s)
    config.go:473: servers disagree on term
2022/05/03 19:35:37 0 节点转变为Follower
2022/05/03 19:35:37 0 任期为1 重置心跳超时时间 为 213000000
2022/05/03 19:35:37 创建节点0成功
2022/05/03 19:35:37 1 节点转变为Follower
2022/05/03 19:35:37 1 任期为1 重置心跳超时时间 为 380000000
2022/05/03 19:35:37 创建节点1成功
2022/05/03 19:35:37 2 节点转变为Follower
2022/05/03 19:35:37 2 任期为1 重置心跳超时时间 为 290000000
2022/05/03 19:35:37 创建节点2成功
Test (2A): election after network failure ...
2022/05/03 19:35:37 2 发送心跳
2022/05/03 19:35:37 1 选举超时,开始新一轮选举
2022/05/03 19:35:37 1 节点转变为Candidate
2022/05/03 19:35:37 1 任期为10 重置选举超时时间 为 248000000
2022/05/03 19:35:37 1 开始竞选
2022/05/03 19:35:37 0 选举超时,开始新一轮选举
2022/05/03 19:35:37 0 节点转变为Candidate
2022/05/03 19:35:37 0 任期为11 重置选举超时时间 为 268000000
2022/05/03 19:35:37 0 开始竞选
2022/05/03 19:35:37 0 心跳超时 213000000,转换为Candidate
2022/05/03 19:35:37 0 节点转变为Candidate
2022/05/03 19:35:37 0 任期为2 重置选举超时时间 为 386000000
2022/05/03 19:35:37 0 开始竞选
2022/05/03 19:35:37 2 节点转变为Follower
2022/05/03 19:35:37 1 节点转变为Follower
2022/05/03 19:35:37 2 任期为2 重置心跳超时时间 为 244000000
2022/05/03 19:35:37 1 任期为2 重置心跳超时时间 为 329000000
2022/05/03 19:35:37 0 节点转变为Leader
2022/05/03 19:35:37 1 收到心跳
2022/05/03 19:35:37 2 收到心跳
2022/05/03 19:35:37 1 任期为2 重置心跳超时时间 为 313000000
2022/05/03 19:35:37 2 任期为2 重置心跳超时时间 为 201000000
2022/05/03 19:35:37 2 心跳超时 201000000,转换为Candidate
2022/05/03 19:35:37 2 节点转变为Candidate
2022/05/03 19:35:37 2 任期为3 重置选举超时时间 为 359000000
2022/05/03 19:35:37 2 开始竞选
2022/05/03 19:35:37 1 心跳超时 313000000,转换为Candidate
2022/05/03 19:35:37 1 节点转变为Candidate
2022/05/03 19:35:37 1 任期为3 重置选举超时时间 为 276000000
2022/05/03 19:35:37 1 开始竞选
2022/05/03 19:35:37 0 选举超时,开始新一轮选举
2022/05/03 19:35:37 0 发送心跳
2022/05/03 19:35:37 2 选举超时,开始新一轮选举
2022/05/03 19:35:37 2 节点转变为Candidate
2022/05/03 19:35:37 2 任期为4 重置选举超时时间 为 347000000
2022/05/03 19:35:37 2 开始竞选
2022/05/03 19:35:37 0 发送心跳
2022/05/03 19:35:37 1 选举超时,开始新一轮选举
2022/05/03 19:35:37 1 节点转变为Candidate
2022/05/03 19:35:37 1 任期为4 重置选举超时时间 为 240000000
2022/05/03 19:35:37 1 开始竞选
2022/05/03 19:35:37 0 发送心跳
2022/05/03 19:35:38 0 发送心跳
2022/05/03 19:35:38 1 选举超时,开始新一轮选举
2022/05/03 19:35:38 1 节点转变为Candidate
2022/05/03 19:35:38 1 任期为5 重置选举超时时间 为 317000000
2022/05/03 19:35:38 1 开始竞选
2022/05/03 19:35:38 0 发送心跳
2022/05/03 19:35:38 2 选举超时,开始新一轮选举
2022/05/03 19:35:38 2 节点转变为Candidate
2022/05/03 19:35:38 2 任期为5 重置选举超时时间 为 282000000
2022/05/03 19:35:38 2 开始竞选
2022/05/03 19:35:38 0 发送心跳
2022/05/03 19:35:38 0 发送心跳
2022/05/03 19:35:38 1 选举超时,开始新一轮选举
2022/05/03 19:35:38 1 节点转变为Candidate
2022/05/03 19:35:38 1 任期为6 重置选举超时时间 为 371000000
2022/05/03 19:35:38 1 开始竞选
2022/05/03 19:35:38 2 选举超时,开始新一轮选举
2022/05/03 19:35:38 2 节点转变为Candidate
2022/05/03 19:35:38 2 任期为6 重置选举超时时间 为 384000000
2022/05/03 19:35:38 2 开始竞选
2022/05/03 19:35:38 0 发送心跳
2022/05/03 19:35:38 0 发送心跳
2022/05/03 19:35:38 0 发送心跳
2022/05/03 19:35:38 0 发送心跳
2022/05/03 19:35:38 1 选举超时,开始新一轮选举
2022/05/03 19:35:38 1 节点转变为Candidate
2022/05/03 19:35:38 1 任期为7 重置选举超时时间 为 370000000
2022/05/03 19:35:38 1 开始竞选
2022/05/03 19:35:38 2 选举超时,开始新一轮选举
2022/05/03 19:35:38 2 节点转变为Candidate
2022/05/03 19:35:38 2 任期为7 重置选举超时时间 为 243000000
2022/05/03 19:35:38 2 开始竞选
2022/05/03 19:35:38 0 发送心跳
2022/05/03 19:35:38 0 发送心跳
2022/05/03 19:35:39 0 发送心跳
2022/05/03 19:35:39 2 选举超时,开始新一轮选举
2022/05/03 19:35:39 2 节点转变为Candidate
2022/05/03 19:35:39 2 任期为8 重置选举超时时间 为 262000000
2022/05/03 19:35:39 2 开始竞选
2022/05/03 19:35:39 1 选举超时,开始新一轮选举
2022/05/03 19:35:39 1 节点转变为Candidate
2022/05/03 19:35:39 1 任期为8 重置选举超时时间 为 220000000
2022/05/03 19:35:39 1 开始竞选
2022/05/03 19:35:39 0 发送心跳
2022/05/03 19:35:39 0 发送心跳
2022/05/03 19:35:39 2 选举超时,开始新一轮选举
2022/05/03 19:35:39 2 节点转变为Candidate
2022/05/03 19:35:39 2 任期为9 重置选举超时时间 为 327000000
2022/05/03 19:35:39 2 开始竞选
2022/05/03 19:35:39 0 发送心跳
2022/05/03 19:35:39 1 选举超时,开始新一轮选举
2022/05/03 19:35:39 1 节点转变为Candidate
2022/05/03 19:35:39 1 任期为9 重置选举超时时间 为 257000000
2022/05/03 19:35:39 1 开始竞选
2022/05/03 19:35:39 0 发送心跳
2022/05/03 19:35:39 0 发送心跳
2022/05/03 19:35:39 1 选举超时,开始新一轮选举
2022/05/03 19:35:39 1 节点转变为Candidate
2022/05/03 19:35:39 1 任期为10 重置选举超时时间 为 361000000
2022/05/03 19:35:39 1 开始竞选
2022/05/03 19:35:39 0 发送心跳
2022/05/03 19:35:39 2 选举超时,开始新一轮选举
2022/05/03 19:35:39 2 节点转变为Candidate
2022/05/03 19:35:39 2 任期为10 重置选举超时时间 为 215000000
2022/05/03 19:35:39 2 开始竞选
2022/05/03 19:35:39 0 发送心跳
2022/05/03 19:35:39 0 发送心跳
2022/05/03 19:35:39 2 选举超时,开始新一轮选举
2022/05/03 19:35:39 2 节点转变为Candidate
2022/05/03 19:35:39 2 任期为11 重置选举超时时间 为 349000000
2022/05/03 19:35:39 2 开始竞选
2022/05/03 19:35:39 0 发送心跳
2022/05/03 19:35:39 1 选举超时,开始新一轮选举
2022/05/03 19:35:39 1 节点转变为Candidate
2022/05/03 19:35:39 1 任期为11 重置选举超时时间 为 211000000
2022/05/03 19:35:39 1 开始竞选
2022/05/03 19:35:40 0 发送心跳
2022/05/03 19:35:40 0 发送心跳
2022/05/03 19:35:40 1 选举超时,开始新一轮选举
2022/05/03 19:35:40 1 节点转变为Candidate
2022/05/03 19:35:40 1 任期为12 重置选举超时时间 为 377000000
2022/05/03 19:35:40 1 开始竞选
2022/05/03 19:35:40 2 选举超时,开始新一轮选举
2022/05/03 19:35:40 2 节点转变为Candidate
2022/05/03 19:35:40 2 任期为12 重置选举超时时间 为 349000000
2022/05/03 19:35:40 2 开始竞选
2022/05/03 19:35:40 0 发送心跳
2022/05/03 19:35:40 0 发送心跳
2022/05/03 19:35:40 0 发送心跳
2022/05/03 19:35:40 0 发送心跳
2022/05/03 19:35:40 1 选举超时,开始新一轮选举
2022/05/03 19:35:40 1 节点转变为Candidate
2022/05/03 19:35:40 1 任期为13 重置选举超时时间 为 373000000
2022/05/03 19:35:40 1 开始竞选
2022/05/03 19:35:40 2 选举超时,开始新一轮选举
2022/05/03 19:35:40 2 节点转变为Candidate
2022/05/03 19:35:40 2 任期为13 重置选举超时时间 为 351000000
2022/05/03 19:35:40 2 开始竞选
2022/05/03 19:35:40 0 发送心跳
2022/05/03 19:35:40 0 发送心跳
2022/05/03 19:35:40 0 发送心跳
2022/05/03 19:35:40 2 选举超时,开始新一轮选举
2022/05/03 19:35:40 2 节点转变为Candidate
2022/05/03 19:35:40 2 任期为14 重置选举超时时间 为 294000000
2022/05/03 19:35:40 2 开始竞选
2022/05/03 19:35:40 1 选举超时,开始新一轮选举
2022/05/03 19:35:40 1 节点转变为Candidate
2022/05/03 19:35:40 1 任期为14 重置选举超时时间 为 268000000
2022/05/03 19:35:40 1 开始竞选
2022/05/03 19:35:40 0 发送心跳
2022/05/03 19:35:41 0 发送心跳
2022/05/03 19:35:41 0 发送心跳
2022/05/03 19:35:41 1 选举超时,开始新一轮选举
2022/05/03 19:35:41 1 节点转变为Candidate
2022/05/03 19:35:41 1 任期为15 重置选举超时时间 为 383000000
2022/05/03 19:35:41 1 开始竞选
2022/05/03 19:35:41 2 选举超时,开始新一轮选举
2022/05/03 19:35:41 2 节点转变为Candidate
2022/05/03 19:35:41 2 任期为15 重置选举超时时间 为 287000000
2022/05/03 19:35:41 2 开始竞选
2022/05/03 19:35:41 0 发送心跳
2022/05/03 19:35:41 0 发送心跳
2022/05/03 19:35:41 0 发送心跳
2022/05/03 19:35:41 2 选举超时,开始新一轮选举
2022/05/03 19:35:41 2 节点转变为Candidate
2022/05/03 19:35:41 2 任期为16 重置选举超时时间 为 209000000
2022/05/03 19:35:41 2 开始竞选
2022/05/03 19:35:41 0 发送心跳
2022/05/03 19:35:41 1 选举超时,开始新一轮选举
2022/05/03 19:35:41 1 节点转变为Candidate
2022/05/03 19:35:41 1 任期为16 重置选举超时时间 为 300000000
2022/05/03 19:35:41 1 开始竞选
2022/05/03 19:35:41 0 发送心跳
2022/05/03 19:35:41 2 选举超时,开始新一轮选举
2022/05/03 19:35:41 2 节点转变为Candidate
2022/05/03 19:35:41 2 任期为17 重置选举超时时间 为 248000000
2022/05/03 19:35:41 2 开始竞选
2022/05/03 19:35:41 0 发送心跳
2022/05/03 19:35:41 0 发送心跳
2022/05/03 19:35:41 1 选举超时,开始新一轮选举
2022/05/03 19:35:41 1 节点转变为Candidate
2022/05/03 19:35:41 1 任期为17 重置选举超时时间 为 228000000
2022/05/03 19:35:41 1 开始竞选
2022/05/03 19:35:41 0 发送心跳
2022/05/03 19:35:41 2 选举超时,开始新一轮选举
2022/05/03 19:35:41 2 节点转变为Candidate
2022/05/03 19:35:41 2 任期为18 重置选举超时时间 为 291000000
2022/05/03 19:35:41 2 开始竞选
2022/05/03 19:35:42 0 发送心跳
2022/05/03 19:35:42 1 选举超时,开始新一轮选举
2022/05/03 19:35:42 1 节点转变为Candidate
2022/05/03 19:35:42 1 任期为18 重置选举超时时间 为 333000000
2022/05/03 19:35:42 1 开始竞选
2022/05/03 19:35:42 0 发送心跳
2022/05/03 19:35:42 2 选举超时,开始新一轮选举
2022/05/03 19:35:42 2 节点转变为Candidate
2022/05/03 19:35:42 2 任期为19 重置选举超时时间 为 359000000
2022/05/03 19:35:42 2 开始竞选
2022/05/03 19:35:42 0 发送心跳
2022/05/03 19:35:42 0 发送心跳
2022/05/03 19:35:42 1 选举超时,开始新一轮选举
2022/05/03 19:35:42 1 节点转变为Candidate
2022/05/03 19:35:42 1 任期为19 重置选举超时时间 为 255000000
2022/05/03 19:35:42 1 开始竞选
2022/05/03 19:35:42 0 发送心跳
--- FAIL: TestReElection2A (5.53s)
    config.go:460: expected one leader, got none
2022/05/03 19:35:42 0 节点转变为Follower
2022/05/03 19:35:42 0 任期为1 重置心跳超时时间 为 225000000
2022/05/03 19:35:42 创建节点0成功
2022/05/03 19:35:42 1 节点转变为Follower
2022/05/03 19:35:42 1 任期为1 重置心跳超时时间 为 203000000
2022/05/03 19:35:42 创建节点1成功
2022/05/03 19:35:42 2 节点转变为Follower
2022/05/03 19:35:42 2 任期为1 重置心跳超时时间 为 259000000
2022/05/03 19:35:42 创建节点2成功
2022/05/03 19:35:42 3 节点转变为Follower
2022/05/03 19:35:42 3 任期为1 重置心跳超时时间 为 322000000
2022/05/03 19:35:42 创建节点3成功
2022/05/03 19:35:42 4 节点转变为Follower
2022/05/03 19:35:42 4 任期为1 重置心跳超时时间 为 369000000
2022/05/03 19:35:42 创建节点4成功
2022/05/03 19:35:42 5 节点转变为Follower
2022/05/03 19:35:42 5 任期为1 重置心跳超时时间 为 304000000
2022/05/03 19:35:42 创建节点5成功
2022/05/03 19:35:42 6 节点转变为Follower
2022/05/03 19:35:42 6 任期为1 重置心跳超时时间 为 288000000
2022/05/03 19:35:42 创建节点6成功
Test (2A): multiple elections ...
2022/05/03 19:35:42 0 发送心跳
2022/05/03 19:35:42 2 选举超时,开始新一轮选举
2022/05/03 19:35:42 2 节点转变为Candidate
2022/05/03 19:35:42 2 任期为20 重置选举超时时间 为 237000000
2022/05/03 19:35:42 2 开始竞选
2022/05/03 19:35:42 1 选举超时,开始新一轮选举
2022/05/03 19:35:42 1 节点转变为Candidate
2022/05/03 19:35:42 1 任期为20 重置选举超时时间 为 274000000
2022/05/03 19:35:42 1 开始竞选
2022/05/03 19:35:42 1 心跳超时 203000000,转换为Candidate
2022/05/03 19:35:42 1 节点转变为Candidate
2022/05/03 19:35:42 1 任期为2 重置选举超时时间 为 344000000
2022/05/03 19:35:42 1 开始竞选
2022/05/03 19:35:42 6 节点转变为Follower
2022/05/03 19:35:42 4 节点转变为Follower
2022/05/03 19:35:42 3 节点转变为Follower
2022/05/03 19:35:42 0 节点转变为Follower
2022/05/03 19:35:42 4 任期为2 重置心跳超时时间 为 395000000
2022/05/03 19:35:42 6 任期为2 重置心跳超时时间 为 373000000
2022/05/03 19:35:42 5 节点转变为Follower
2022/05/03 19:35:42 3 任期为2 重置心跳超时时间 为 201000000
2022/05/03 19:35:42 2 节点转变为Follower
2022/05/03 19:35:42 1 节点转变为Leader
2022/05/03 19:35:42 5 任期为2 重置心跳超时时间 为 353000000
2022/05/03 19:35:42 0 任期为2 重置心跳超时时间 为 371000000
2022/05/03 19:35:42 2 任期为2 重置心跳超时时间 为 281000000
2022/05/03 19:35:42 3 收到心跳
2022/05/03 19:35:42 2 收到心跳
2022/05/03 19:35:42 3 任期为2 重置心跳超时时间 为 247000000
2022/05/03 19:35:42 6 收到心跳
2022/05/03 19:35:42 0 收到心跳
2022/05/03 19:35:42 2 任期为2 重置心跳超时时间 为 259000000
2022/05/03 19:35:42 4 收到心跳
2022/05/03 19:35:42 6 任期为2 重置心跳超时时间 为 349000000
2022/05/03 19:35:42 0 任期为2 重置心跳超时时间 为 202000000
2022/05/03 19:35:42 4 任期为2 重置心跳超时时间 为 219000000
2022/05/03 19:35:42 5 收到心跳
2022/05/03 19:35:42 5 任期为2 重置心跳超时时间 为 389000000
2022/05/03 19:35:42 0 心跳超时 202000000,转换为Candidate
2022/05/03 19:35:42 0 节点转变为Candidate
2022/05/03 19:35:42 0 任期为3 重置选举超时时间 为 319000000
2022/05/03 19:35:42 0 开始竞选
2022/05/03 19:35:42 4 心跳超时 219000000,转换为Candidate
2022/05/03 19:35:42 4 节点转变为Candidate
2022/05/03 19:35:42 4 任期为3 重置选举超时时间 为 337000000
2022/05/03 19:35:42 4 开始竞选
2022/05/03 19:35:42 3 心跳超时 247000000,转换为Candidate
2022/05/03 19:35:42 3 节点转变为Candidate
2022/05/03 19:35:42 3 任期为3 重置选举超时时间 为 331000000
2022/05/03 19:35:42 3 开始竞选
2022/05/03 19:35:42 2 心跳超时 259000000,转换为Candidate
2022/05/03 19:35:42 2 节点转变为Candidate
2022/05/03 19:35:42 2 任期为3 重置选举超时时间 为 251000000
2022/05/03 19:35:42 2 开始竞选
2022/05/03 19:35:43 1 选举超时,开始新一轮选举
2022/05/03 19:35:43 6 收到心跳
2022/05/03 19:35:43 6 任期为2 重置心跳超时时间 为 363000000
2022/05/03 19:35:43 5 心跳超时 389000000,转换为Candidate
2022/05/03 19:35:43 5 节点转变为Candidate
2022/05/03 19:35:43 5 任期为3 重置选举超时时间 为 313000000
2022/05/03 19:35:43 5 开始竞选
2022/05/03 19:35:43 1 发送心跳
2022/05/03 19:35:43 6 收到心跳
2022/05/03 19:35:43 6 任期为2 重置心跳超时时间 为 267000000
2022/05/03 19:35:43 2 选举超时,开始新一轮选举
2022/05/03 19:35:43 2 节点转变为Candidate
2022/05/03 19:35:43 2 任期为4 重置选举超时时间 为 316000000
2022/05/03 19:35:43 2 开始竞选
2022/05/03 19:35:43 0 选举超时,开始新一轮选举
2022/05/03 19:35:43 0 节点转变为Candidate
2022/05/03 19:35:43 0 任期为4 重置选举超时时间 为 349000000
2022/05/03 19:35:43 0 开始竞选
2022/05/03 19:35:43 1 发送心跳
2022/05/03 19:35:43 6 收到心跳
2022/05/03 19:35:43 6 任期为2 重置心跳超时时间 为 362000000
2022/05/03 19:35:43 4 选举超时,开始新一轮选举
2022/05/03 19:35:43 4 节点转变为Candidate
2022/05/03 19:35:43 4 任期为4 重置选举超时时间 为 362000000
2022/05/03 19:35:43 4 开始竞选
2022/05/03 19:35:43 3 选举超时,开始新一轮选举
2022/05/03 19:35:43 3 节点转变为Candidate
2022/05/03 19:35:43 3 任期为4 重置选举超时时间 为 364000000
2022/05/03 19:35:43 3 开始竞选
2022/05/03 19:35:43 1 发送心跳
2022/05/03 19:35:43 6 收到心跳
2022/05/03 19:35:43 6 任期为2 重置心跳超时时间 为 283000000
2022/05/03 19:35:43 5 选举超时,开始新一轮选举
2022/05/03 19:35:43 5 节点转变为Candidate
2022/05/03 19:35:43 5 任期为4 重置选举超时时间 为 340000000
2022/05/03 19:35:43 5 开始竞选
2022/05/03 19:35:43 1 发送心跳
2022/05/03 19:35:43 6 收到心跳
2022/05/03 19:35:43 6 任期为2 重置心跳超时时间 为 285000000
2022/05/03 19:35:43 2 选举超时,开始新一轮选举
2022/05/03 19:35:43 2 节点转变为Candidate
2022/05/03 19:35:43 2 任期为5 重置选举超时时间 为 225000000
2022/05/03 19:35:43 2 开始竞选
2022/05/03 19:35:43 1 发送心跳
2022/05/03 19:35:43 6 收到心跳
2022/05/03 19:35:43 6 任期为2 重置心跳超时时间 为 269000000
2022/05/03 19:35:43 0 选举超时,开始新一轮选举
2022/05/03 19:35:43 0 节点转变为Candidate
2022/05/03 19:35:43 0 任期为5 重置选举超时时间 为 257000000
2022/05/03 19:35:43 0 开始竞选
2022/05/03 19:35:43 4 选举超时,开始新一轮选举
2022/05/03 19:35:43 4 节点转变为Candidate
2022/05/03 19:35:43 4 任期为5 重置选举超时时间 为 366000000
2022/05/03 19:35:43 4 开始竞选
2022/05/03 19:35:43 3 选举超时,开始新一轮选举
2022/05/03 19:35:43 3 节点转变为Candidate
2022/05/03 19:35:43 3 任期为5 重置选举超时时间 为 237000000
2022/05/03 19:35:43 3 开始竞选
2022/05/03 19:35:43 1 发送心跳
2022/05/03 19:35:43 6 收到心跳
2022/05/03 19:35:43 6 任期为2 重置心跳超时时间 为 274000000
2022/05/03 19:35:43 5 选举超时,开始新一轮选举
2022/05/03 19:35:43 5 节点转变为Candidate
2022/05/03 19:35:43 5 任期为5 重置选举超时时间 为 316000000
2022/05/03 19:35:43 5 开始竞选
2022/05/03 19:35:43 1 发送心跳
2022/05/03 19:35:43 6 收到心跳
2022/05/03 19:35:43 6 任期为2 重置心跳超时时间 为 211000000
2022/05/03 19:35:43 2 选举超时,开始新一轮选举
2022/05/03 19:35:43 2 节点转变为Candidate
2022/05/03 19:35:43 2 任期为6 重置选举超时时间 为 379000000
2022/05/03 19:35:43 2 开始竞选
2022/05/03 19:35:43 0 选举超时,开始新一轮选举
2022/05/03 19:35:43 0 节点转变为Candidate
2022/05/03 19:35:43 0 任期为6 重置选举超时时间 为 364000000
2022/05/03 19:35:43 0 开始竞选
2022/05/03 19:35:43 1 发送心跳
2022/05/03 19:35:43 6 收到心跳
2022/05/03 19:35:43 6 任期为2 重置心跳超时时间 为 301000000
2022/05/03 19:35:43 3 选举超时,开始新一轮选举
2022/05/03 19:35:43 3 节点转变为Candidate
2022/05/03 19:35:43 3 任期为6 重置选举超时时间 为 320000000
2022/05/03 19:35:43 3 开始竞选
2022/05/03 19:35:43 1 发送心跳
2022/05/03 19:35:43 6 收到心跳
2022/05/03 19:35:43 6 任期为2 重置心跳超时时间 为 226000000
2022/05/03 19:35:44 4 选举超时,开始新一轮选举
2022/05/03 19:35:44 4 节点转变为Candidate
2022/05/03 19:35:44 4 任期为6 重置选举超时时间 为 374000000
2022/05/03 19:35:44 4 开始竞选
2022/05/03 19:35:44 1 发送心跳
2022/05/03 19:35:44 5 选举超时,开始新一轮选举
2022/05/03 19:35:44 5 节点转变为Candidate
2022/05/03 19:35:44 5 任期为6 重置选举超时时间 为 261000000
2022/05/03 19:35:44 5 开始竞选
2022/05/03 19:35:44 2 选举超时,开始新一轮选举
2022/05/03 19:35:44 2 节点转变为Candidate
2022/05/03 19:35:44 2 任期为7 重置选举超时时间 为 211000000
2022/05/03 19:35:44 2 开始竞选
2022/05/03 19:35:44 1 发送心跳
2022/05/03 19:35:44 6 心跳超时 226000000,转换为Candidate
2022/05/03 19:35:44 6 节点转变为Candidate
2022/05/03 19:35:44 6 任期为3 重置选举超时时间 为 286000000
2022/05/03 19:35:44 6 开始竞选
2022/05/03 19:35:44 0 选举超时,开始新一轮选举
2022/05/03 19:35:44 0 节点转变为Candidate
2022/05/03 19:35:44 0 任期为7 重置选举超时时间 为 296000000
2022/05/03 19:35:44 0 开始竞选
2022/05/03 19:35:44 3 选举超时,开始新一轮选举
2022/05/03 19:35:44 3 节点转变为Candidate
2022/05/03 19:35:44 3 任期为7 重置选举超时时间 为 339000000
2022/05/03 19:35:44 3 开始竞选
2022/05/03 19:35:44 1 发送心跳
2022/05/03 19:35:44 5 选举超时,开始新一轮选举
2022/05/03 19:35:44 5 节点转变为Candidate
2022/05/03 19:35:44 5 任期为7 重置选举超时时间 为 285000000
2022/05/03 19:35:44 5 开始竞选
2022/05/03 19:35:44 2 选举超时,开始新一轮选举
2022/05/03 19:35:44 2 节点转变为Candidate
2022/05/03 19:35:44 2 任期为8 重置选举超时时间 为 237000000
2022/05/03 19:35:44 2 开始竞选
2022/05/03 19:35:44 1 发送心跳
2022/05/03 19:35:44 4 选举超时,开始新一轮选举
2022/05/03 19:35:44 4 节点转变为Candidate
2022/05/03 19:35:44 4 任期为7 重置选举超时时间 为 208000000
2022/05/03 19:35:44 4 开始竞选
2022/05/03 19:35:44 1 发送心跳
2022/05/03 19:35:44 6 选举超时,开始新一轮选举
2022/05/03 19:35:44 6 节点转变为Candidate
2022/05/03 19:35:44 6 任期为4 重置选举超时时间 为 315000000
2022/05/03 19:35:44 6 开始竞选
2022/05/03 19:35:44 0 选举超时,开始新一轮选举
2022/05/03 19:35:44 0 节点转变为Candidate
2022/05/03 19:35:44 0 任期为8 重置选举超时时间 为 324000000
2022/05/03 19:35:44 0 开始竞选
2022/05/03 19:35:44 3 选举超时,开始新一轮选举
2022/05/03 19:35:44 3 节点转变为Candidate
2022/05/03 19:35:44 3 任期为8 重置选举超时时间 为 265000000
2022/05/03 19:35:44 3 开始竞选
2022/05/03 19:35:44 1 发送心跳
2022/05/03 19:35:44 4 选举超时,开始新一轮选举
2022/05/03 19:35:44 4 节点转变为Candidate
2022/05/03 19:35:44 4 任期为8 重置选举超时时间 为 245000000
2022/05/03 19:35:44 4 开始竞选
2022/05/03 19:35:44 2 选举超时,开始新一轮选举
2022/05/03 19:35:44 2 节点转变为Candidate
2022/05/03 19:35:44 2 任期为9 重置选举超时时间 为 229000000
2022/05/03 19:35:44 2 开始竞选
2022/05/03 19:35:44 5 选举超时,开始新一轮选举
2022/05/03 19:35:44 5 节点转变为Candidate
2022/05/03 19:35:44 5 任期为8 重置选举超时时间 为 304000000
2022/05/03 19:35:44 5 开始竞选
2022/05/03 19:35:44 1 发送心跳
2022/05/03 19:35:44 1 发送心跳
2022/05/03 19:35:44 6 选举超时,开始新一轮选举
2022/05/03 19:35:44 6 节点转变为Candidate
2022/05/03 19:35:44 6 任期为5 重置选举超时时间 为 351000000
2022/05/03 19:35:44 6 开始竞选
2022/05/03 19:35:44 3 选举超时,开始新一轮选举
2022/05/03 19:35:44 3 节点转变为Candidate
2022/05/03 19:35:44 3 任期为9 重置选举超时时间 为 374000000
2022/05/03 19:35:44 3 开始竞选
2022/05/03 19:35:44 2 选举超时,开始新一轮选举
2022/05/03 19:35:44 2 节点转变为Candidate
2022/05/03 19:35:44 2 任期为10 重置选举超时时间 为 387000000
2022/05/03 19:35:44 2 开始竞选
2022/05/03 19:35:44 0 选举超时,开始新一轮选举
2022/05/03 19:35:44 4 选举超时,开始新一轮选举
2022/05/03 19:35:44 4 节点转变为Candidate
2022/05/03 19:35:44 4 任期为9 重置选举超时时间 为 265000000
2022/05/03 19:35:44 4 开始竞选
2022/05/03 19:35:44 0 节点转变为Candidate
2022/05/03 19:35:44 0 任期为9 重置选举超时时间 为 380000000
2022/05/03 19:35:44 0 开始竞选
2022/05/03 19:35:44 1 发送心跳
2022/05/03 19:35:44 5 选举超时,开始新一轮选举
2022/05/03 19:35:44 5 节点转变为Candidate
2022/05/03 19:35:44 5 任期为9 重置选举超时时间 为 396000000
2022/05/03 19:35:44 5 开始竞选
2022/05/03 19:35:44 1 发送心跳
2022/05/03 19:35:45 1 发送心跳
2022/05/03 19:35:45 4 选举超时,开始新一轮选举
2022/05/03 19:35:45 4 节点转变为Candidate
2022/05/03 19:35:45 4 任期为10 重置选举超时时间 为 348000000
2022/05/03 19:35:45 4 开始竞选
2022/05/03 19:35:45 6 选举超时,开始新一轮选举
2022/05/03 19:35:45 6 节点转变为Candidate
2022/05/03 19:35:45 6 任期为6 重置选举超时时间 为 277000000
2022/05/03 19:35:45 6 开始竞选
2022/05/03 19:35:45 1 发送心跳
2022/05/03 19:35:45 3 选举超时,开始新一轮选举
2022/05/03 19:35:45 3 节点转变为Candidate
2022/05/03 19:35:45 3 任期为10 重置选举超时时间 为 365000000
2022/05/03 19:35:45 3 开始竞选
2022/05/03 19:35:45 0 选举超时,开始新一轮选举
2022/05/03 19:35:45 0 节点转变为Candidate
2022/05/03 19:35:45 0 任期为10 重置选举超时时间 为 240000000
2022/05/03 19:35:45 0 开始竞选
2022/05/03 19:35:45 2 选举超时,开始新一轮选举
2022/05/03 19:35:45 2 节点转变为Candidate
2022/05/03 19:35:45 2 任期为11 重置选举超时时间 为 392000000
2022/05/03 19:35:45 2 开始竞选
2022/05/03 19:35:45 1 发送心跳
2022/05/03 19:35:45 5 选举超时,开始新一轮选举
2022/05/03 19:35:45 5 节点转变为Candidate
2022/05/03 19:35:45 5 任期为10 重置选举超时时间 为 356000000
2022/05/03 19:35:45 5 开始竞选
2022/05/03 19:35:45 1 发送心跳
2022/05/03 19:35:45 6 选举超时,开始新一轮选举
2022/05/03 19:35:45 6 节点转变为Candidate
2022/05/03 19:35:45 6 任期为7 重置选举超时时间 为 319000000
2022/05/03 19:35:45 6 开始竞选
2022/05/03 19:35:45 4 选举超时,开始新一轮选举
2022/05/03 19:35:45 4 节点转变为Candidate
2022/05/03 19:35:45 4 任期为11 重置选举超时时间 为 330000000
2022/05/03 19:35:45 4 开始竞选
2022/05/03 19:35:45 0 选举超时,开始新一轮选举
2022/05/03 19:35:45 0 节点转变为Candidate
2022/05/03 19:35:45 0 任期为11 重置选举超时时间 为 286000000
2022/05/03 19:35:45 0 开始竞选
2022/05/03 19:35:45 1 发送心跳
2022/05/03 19:35:45 3 选举超时,开始新一轮选举
2022/05/03 19:35:45 3 节点转变为Candidate
2022/05/03 19:35:45 3 任期为11 重置选举超时时间 为 300000000
2022/05/03 19:35:45 3 开始竞选
2022/05/03 19:35:45 1 发送心跳
2022/05/03 19:35:45 2 选举超时,开始新一轮选举
2022/05/03 19:35:45 2 节点转变为Candidate
2022/05/03 19:35:45 2 任期为12 重置选举超时时间 为 204000000
2022/05/03 19:35:45 2 开始竞选
2022/05/03 19:35:45 1 发送心跳
2022/05/03 19:35:45 5 选举超时,开始新一轮选举
2022/05/03 19:35:45 5 节点转变为Candidate
2022/05/03 19:35:45 5 任期为11 重置选举超时时间 为 370000000
2022/05/03 19:35:45 5 开始竞选
2022/05/03 19:35:45 0 选举超时,开始新一轮选举
2022/05/03 19:35:45 0 节点转变为Candidate
2022/05/03 19:35:45 0 任期为12 重置选举超时时间 为 354000000
2022/05/03 19:35:45 0 开始竞选
2022/05/03 19:35:45 6 选举超时,开始新一轮选举
2022/05/03 19:35:45 6 节点转变为Candidate
2022/05/03 19:35:45 6 任期为8 重置选举超时时间 为 319000000
2022/05/03 19:35:45 6 开始竞选
2022/05/03 19:35:45 4 选举超时,开始新一轮选举
2022/05/03 19:35:45 4 节点转变为Candidate
2022/05/03 19:35:45 4 任期为12 重置选举超时时间 为 313000000
2022/05/03 19:35:45 4 开始竞选
2022/05/03 19:35:45 1 发送心跳
2022/05/03 19:35:45 2 选举超时,开始新一轮选举
2022/05/03 19:35:45 2 节点转变为Candidate
2022/05/03 19:35:45 2 任期为13 重置选举超时时间 为 329000000
2022/05/03 19:35:45 2 开始竞选
2022/05/03 19:35:45 3 选举超时,开始新一轮选举
2022/05/03 19:35:45 3 节点转变为Candidate
2022/05/03 19:35:45 3 任期为12 重置选举超时时间 为 261000000
2022/05/03 19:35:45 3 开始竞选
2022/05/03 19:35:45 1 发送心跳
2022/05/03 19:35:45 1 发送心跳
2022/05/03 19:35:46 5 选举超时,开始新一轮选举
2022/05/03 19:35:46 5 节点转变为Candidate
2022/05/03 19:35:46 5 任期为12 重置选举超时时间 为 389000000
2022/05/03 19:35:46 5 开始竞选
2022/05/03 19:35:46 6 选举超时,开始新一轮选举
2022/05/03 19:35:46 6 节点转变为Candidate
2022/05/03 19:35:46 6 任期为9 重置选举超时时间 为 333000000
2022/05/03 19:35:46 6 开始竞选
2022/05/03 19:35:46 1 发送心跳
2022/05/03 19:35:46 4 选举超时,开始新一轮选举
2022/05/03 19:35:46 4 节点转变为Candidate
2022/05/03 19:35:46 4 任期为13 重置选举超时时间 为 296000000
2022/05/03 19:35:46 4 开始竞选
2022/05/03 19:35:46 0 选举超时,开始新一轮选举
2022/05/03 19:35:46 0 节点转变为Candidate
2022/05/03 19:35:46 0 任期为13 重置选举超时时间 为 268000000
2022/05/03 19:35:46 0 开始竞选
2022/05/03 19:35:46 3 选举超时,开始新一轮选举
2022/05/03 19:35:46 3 节点转变为Candidate
2022/05/03 19:35:46 3 任期为13 重置选举超时时间 为 279000000
2022/05/03 19:35:46 3 开始竞选
2022/05/03 19:35:46 2 选举超时,开始新一轮选举
2022/05/03 19:35:46 2 节点转变为Candidate
2022/05/03 19:35:46 2 任期为14 重置选举超时时间 为 208000000
2022/05/03 19:35:46 2 开始竞选
2022/05/03 19:35:46 1 发送心跳
2022/05/03 19:35:46 1 发送心跳
2022/05/03 19:35:46 2 选举超时,开始新一轮选举
2022/05/03 19:35:46 2 节点转变为Candidate
2022/05/03 19:35:46 2 任期为15 重置选举超时时间 为 231000000
2022/05/03 19:35:46 2 开始竞选
2022/05/03 19:35:46 0 选举超时,开始新一轮选举
2022/05/03 19:35:46 0 节点转变为Candidate
2022/05/03 19:35:46 0 任期为14 重置选举超时时间 为 260000000
2022/05/03 19:35:46 0 开始竞选
2022/05/03 19:35:46 1 发送心跳
2022/05/03 19:35:46 4 选举超时,开始新一轮选举
2022/05/03 19:35:46 4 节点转变为Candidate
2022/05/03 19:35:46 4 任期为14 重置选举超时时间 为 265000000
2022/05/03 19:35:46 4 开始竞选
2022/05/03 19:35:46 6 选举超时,开始新一轮选举
2022/05/03 19:35:46 6 节点转变为Candidate
2022/05/03 19:35:46 6 任期为10 重置选举超时时间 为 306000000
2022/05/03 19:35:46 6 开始竞选
2022/05/03 19:35:46 3 选举超时,开始新一轮选举
2022/05/03 19:35:46 3 节点转变为Candidate
2022/05/03 19:35:46 3 任期为14 重置选举超时时间 为 224000000
2022/05/03 19:35:46 3 开始竞选
2022/05/03 19:35:46 5 选举超时,开始新一轮选举
2022/05/03 19:35:46 5 节点转变为Candidate
2022/05/03 19:35:46 5 任期为13 重置选举超时时间 为 397000000
2022/05/03 19:35:46 5 开始竞选
2022/05/03 19:35:46 1 发送心跳
2022/05/03 19:35:46 2 选举超时,开始新一轮选举
2022/05/03 19:35:46 2 节点转变为Candidate
2022/05/03 19:35:46 2 任期为16 重置选举超时时间 为 296000000
2022/05/03 19:35:46 2 开始竞选
2022/05/03 19:35:46 1 发送心跳
2022/05/03 19:35:46 0 选举超时,开始新一轮选举
2022/05/03 19:35:46 0 节点转变为Candidate
2022/05/03 19:35:46 0 任期为15 重置选举超时时间 为 383000000
2022/05/03 19:35:46 0 开始竞选
2022/05/03 19:35:46 3 选举超时,开始新一轮选举
2022/05/03 19:35:46 3 节点转变为Candidate
2022/05/03 19:35:46 3 任期为15 重置选举超时时间 为 248000000
2022/05/03 19:35:46 3 开始竞选
2022/05/03 19:35:46 4 选举超时,开始新一轮选举
2022/05/03 19:35:46 4 节点转变为Candidate
2022/05/03 19:35:46 4 任期为15 重置选举超时时间 为 237000000
2022/05/03 19:35:46 4 开始竞选
2022/05/03 19:35:46 1 发送心跳
2022/05/03 19:35:46 6 选举超时,开始新一轮选举
2022/05/03 19:35:46 6 节点转变为Candidate
2022/05/03 19:35:46 6 任期为11 重置选举超时时间 为 358000000
2022/05/03 19:35:46 6 开始竞选
2022/05/03 19:35:46 1 发送心跳
2022/05/03 19:35:46 5 选举超时,开始新一轮选举
2022/05/03 19:35:46 5 节点转变为Candidate
2022/05/03 19:35:46 5 任期为14 重置选举超时时间 为 200000000
2022/05/03 19:35:46 5 开始竞选
2022/05/03 19:35:46 2 选举超时,开始新一轮选举
2022/05/03 19:35:46 2 节点转变为Candidate
2022/05/03 19:35:46 2 任期为17 重置选举超时时间 为 338000000
2022/05/03 19:35:46 2 开始竞选
2022/05/03 19:35:46 3 选举超时,开始新一轮选举
2022/05/03 19:35:46 3 节点转变为Candidate
2022/05/03 19:35:46 3 任期为16 重置选举超时时间 为 383000000
2022/05/03 19:35:46 3 开始竞选
2022/05/03 19:35:46 1 发送心跳
2022/05/03 19:35:46 4 选举超时,开始新一轮选举
2022/05/03 19:35:46 4 节点转变为Candidate
2022/05/03 19:35:46 4 任期为16 重置选举超时时间 为 249000000
2022/05/03 19:35:46 4 开始竞选
2022/05/03 19:35:47 1 发送心跳
2022/05/03 19:35:47 0 选举超时,开始新一轮选举
2022/05/03 19:35:47 0 节点转变为Candidate
2022/05/03 19:35:47 0 任期为16 重置选举超时时间 为 311000000
2022/05/03 19:35:47 0 开始竞选
2022/05/03 19:35:47 5 选举超时,开始新一轮选举
2022/05/03 19:35:47 5 节点转变为Candidate
2022/05/03 19:35:47 5 任期为15 重置选举超时时间 为 361000000
2022/05/03 19:35:47 5 开始竞选
2022/05/03 19:35:47 6 选举超时,开始新一轮选举
2022/05/03 19:35:47 6 节点转变为Candidate
2022/05/03 19:35:47 6 任期为12 重置选举超时时间 为 293000000
2022/05/03 19:35:47 6 开始竞选
2022/05/03 19:35:47 1 发送心跳
2022/05/03 19:35:47 4 选举超时,开始新一轮选举
2022/05/03 19:35:47 4 节点转变为Candidate
2022/05/03 19:35:47 4 任期为17 重置选举超时时间 为 390000000
2022/05/03 19:35:47 4 开始竞选
2022/05/03 19:35:47 1 发送心跳
2022/05/03 19:35:47 2 选举超时,开始新一轮选举
2022/05/03 19:35:47 2 节点转变为Candidate
2022/05/03 19:35:47 2 任期为18 重置选举超时时间 为 356000000
2022/05/03 19:35:47 2 开始竞选
2022/05/03 19:35:47 3 选举超时,开始新一轮选举
2022/05/03 19:35:47 3 节点转变为Candidate
2022/05/03 19:35:47 3 任期为17 重置选举超时时间 为 224000000
2022/05/03 19:35:47 3 开始竞选
2022/05/03 19:35:47 1 发送心跳
2022/05/03 19:35:47 0 选举超时,开始新一轮选举
2022/05/03 19:35:47 0 节点转变为Candidate
2022/05/03 19:35:47 0 任期为17 重置选举超时时间 为 307000000
2022/05/03 19:35:47 0 开始竞选
2022/05/03 19:35:47 6 选举超时,开始新一轮选举
2022/05/03 19:35:47 6 节点转变为Candidate
2022/05/03 19:35:47 6 任期为13 重置选举超时时间 为 236000000
2022/05/03 19:35:47 6 开始竞选
2022/05/03 19:35:47 1 发送心跳
2022/05/03 19:35:47 5 选举超时,开始新一轮选举
2022/05/03 19:35:47 5 节点转变为Candidate
2022/05/03 19:35:47 5 任期为16 重置选举超时时间 为 231000000
2022/05/03 19:35:47 5 开始竞选
2022/05/03 19:35:47 3 选举超时,开始新一轮选举
2022/05/03 19:35:47 3 节点转变为Candidate
2022/05/03 19:35:47 3 任期为18 重置选举超时时间 为 310000000
2022/05/03 19:35:47 3 开始竞选
2022/05/03 19:35:47 1 发送心跳
2022/05/03 19:35:47 4 选举超时,开始新一轮选举
2022/05/03 19:35:47 4 节点转变为Candidate
2022/05/03 19:35:47 4 任期为18 重置选举超时时间 为 339000000
2022/05/03 19:35:47 4 开始竞选
2022/05/03 19:35:47 2 选举超时,开始新一轮选举
2022/05/03 19:35:47 2 节点转变为Candidate
2022/05/03 19:35:47 2 任期为19 重置选举超时时间 为 212000000
2022/05/03 19:35:47 2 开始竞选
2022/05/03 19:35:47 1 发送心跳
2022/05/03 19:35:47 6 选举超时,开始新一轮选举
2022/05/03 19:35:47 6 节点转变为Candidate
2022/05/03 19:35:47 6 任期为14 重置选举超时时间 为 291000000
2022/05/03 19:35:47 6 开始竞选
2022/05/03 19:35:47 0 选举超时,开始新一轮选举
2022/05/03 19:35:47 0 节点转变为Candidate
2022/05/03 19:35:47 0 任期为18 重置选举超时时间 为 260000000
2022/05/03 19:35:47 0 开始竞选
2022/05/03 19:35:47 5 选举超时,开始新一轮选举
2022/05/03 19:35:47 5 节点转变为Candidate
2022/05/03 19:35:47 5 任期为17 重置选举超时时间 为 229000000
2022/05/03 19:35:47 5 开始竞选
2022/05/03 19:35:47 1 发送心跳
2022/05/03 19:35:47 2 选举超时,开始新一轮选举
2022/05/03 19:35:47 2 节点转变为Candidate
2022/05/03 19:35:47 2 任期为20 重置选举超时时间 为 270000000
2022/05/03 19:35:47 2 开始竞选
2022/05/03 19:35:47 1 发送心跳
2022/05/03 19:35:47 3 选举超时,开始新一轮选举
2022/05/03 19:35:47 3 节点转变为Candidate
2022/05/03 19:35:47 3 任期为19 重置选举超时时间 为 242000000
2022/05/03 19:35:47 3 开始竞选
2022/05/03 19:35:47 5 选举超时,开始新一轮选举
2022/05/03 19:35:47 5 节点转变为Candidate
2022/05/03 19:35:47 5 任期为18 重置选举超时时间 为 249000000
2022/05/03 19:35:47 5 开始竞选
2022/05/03 19:35:47 4 选举超时,开始新一轮选举
2022/05/03 19:35:47 4 节点转变为Candidate
2022/05/03 19:35:47 4 任期为19 重置选举超时时间 为 351000000
2022/05/03 19:35:47 4 开始竞选
2022/05/03 19:35:47 6 选举超时,开始新一轮选举
2022/05/03 19:35:47 6 节点转变为Candidate
2022/05/03 19:35:47 6 任期为15 重置选举超时时间 为 351000000
2022/05/03 19:35:47 6 开始竞选
2022/05/03 19:35:47 0 选举超时,开始新一轮选举
2022/05/03 19:35:47 0 节点转变为Candidate
2022/05/03 19:35:47 0 任期为19 重置选举超时时间 为 263000000
2022/05/03 19:35:47 0 开始竞选
2022/05/03 19:35:47 1 发送心跳
2022/05/03 19:35:48 1 发送心跳
2022/05/03 19:35:48 3 选举超时,开始新一轮选举
2022/05/03 19:35:48 3 节点转变为Candidate
2022/05/03 19:35:48 3 任期为20 重置选举超时时间 为 203000000
2022/05/03 19:35:48 3 开始竞选
2022/05/03 19:35:48 2 选举超时,开始新一轮选举
2022/05/03 19:35:48 2 节点转变为Candidate
2022/05/03 19:35:48 2 任期为21 重置选举超时时间 为 386000000
2022/05/03 19:35:48 2 开始竞选
2022/05/03 19:35:48 1 发送心跳
2022/05/03 19:35:48 5 选举超时,开始新一轮选举
2022/05/03 19:35:48 5 节点转变为Candidate
2022/05/03 19:35:48 5 任期为19 重置选举超时时间 为 254000000
2022/05/03 19:35:48 5 开始竞选
2022/05/03 19:35:48 0 选举超时,开始新一轮选举
2022/05/03 19:35:48 0 节点转变为Candidate
2022/05/03 19:35:48 0 任期为20 重置选举超时时间 为 369000000
2022/05/03 19:35:48 0 开始竞选
2022/05/03 19:35:48 1 发送心跳
2022/05/03 19:35:48 4 选举超时,开始新一轮选举
2022/05/03 19:35:48 4 节点转变为Candidate
2022/05/03 19:35:48 4 任期为20 重置选举超时时间 为 289000000
2022/05/03 19:35:48 4 开始竞选
2022/05/03 19:35:48 6 选举超时,开始新一轮选举
2022/05/03 19:35:48 6 节点转变为Candidate
2022/05/03 19:35:48 6 任期为16 重置选举超时时间 为 243000000
2022/05/03 19:35:48 6 开始竞选
2022/05/03 19:35:48 3 选举超时,开始新一轮选举
2022/05/03 19:35:48 3 节点转变为Candidate
2022/05/03 19:35:48 3 任期为21 重置选举超时时间 为 399000000
2022/05/03 19:35:48 3 开始竞选
2022/05/03 19:35:48 1 发送心跳
2022/05/03 19:35:48 5 选举超时,开始新一轮选举
2022/05/03 19:35:48 5 节点转变为Candidate
2022/05/03 19:35:48 5 任期为20 重置选举超时时间 为 202000000
2022/05/03 19:35:48 5 开始竞选
2022/05/03 19:35:48 1 发送心跳
2022/05/03 19:35:48 2 选举超时,开始新一轮选举
2022/05/03 19:35:48 2 节点转变为Candidate
2022/05/03 19:35:48 2 任期为22 重置选举超时时间 为 228000000
2022/05/03 19:35:48 2 开始竞选
2022/05/03 19:35:48 6 选举超时,开始新一轮选举
2022/05/03 19:35:48 6 节点转变为Candidate
2022/05/03 19:35:48 6 任期为17 重置选举超时时间 为 313000000
2022/05/03 19:35:48 6 开始竞选
2022/05/03 19:35:48 1 发送心跳
2022/05/03 19:35:48 4 选举超时,开始新一轮选举
2022/05/03 19:35:48 4 节点转变为Candidate
2022/05/03 19:35:48 4 任期为21 重置选举超时时间 为 339000000
2022/05/03 19:35:48 4 开始竞选
2022/05/03 19:35:48 0 选举超时,开始新一轮选举
2022/05/03 19:35:48 0 节点转变为Candidate
2022/05/03 19:35:48 0 任期为21 重置选举超时时间 为 254000000
2022/05/03 19:35:48 0 开始竞选
2022/05/03 19:35:48 5 选举超时,开始新一轮选举
2022/05/03 19:35:48 5 节点转变为Candidate
2022/05/03 19:35:48 5 任期为21 重置选举超时时间 为 343000000
2022/05/03 19:35:48 5 开始竞选
2022/05/03 19:35:48 1 发送心跳
2022/05/03 19:35:48 3 选举超时,开始新一轮选举
2022/05/03 19:35:48 3 节点转变为Candidate
2022/05/03 19:35:48 3 任期为22 重置选举超时时间 为 386000000
2022/05/03 19:35:48 3 开始竞选
2022/05/03 19:35:48 2 选举超时,开始新一轮选举
2022/05/03 19:35:48 2 节点转变为Candidate
2022/05/03 19:35:48 2 任期为23 重置选举超时时间 为 272000000
2022/05/03 19:35:48 2 开始竞选
2022/05/03 19:35:48 1 发送心跳
2022/05/03 19:35:48 0 选举超时,开始新一轮选举
2022/05/03 19:35:48 0 节点转变为Candidate
2022/05/03 19:35:48 0 任期为22 重置选举超时时间 为 319000000
2022/05/03 19:35:48 0 开始竞选
2022/05/03 19:35:48 6 选举超时,开始新一轮选举
2022/05/03 19:35:48 6 节点转变为Candidate
2022/05/03 19:35:48 6 任期为18 重置选举超时时间 为 322000000
2022/05/03 19:35:48 6 开始竞选
2022/05/03 19:35:48 1 发送心跳
2022/05/03 19:35:48 4 选举超时,开始新一轮选举
2022/05/03 19:35:48 4 节点转变为Candidate
2022/05/03 19:35:48 4 任期为22 重置选举超时时间 为 278000000
2022/05/03 19:35:48 4 开始竞选
2022/05/03 19:35:48 1 发送心跳
2022/05/03 19:35:48 5 选举超时,开始新一轮选举
2022/05/03 19:35:48 5 节点转变为Candidate
2022/05/03 19:35:48 5 任期为22 重置选举超时时间 为 272000000
2022/05/03 19:35:48 5 开始竞选
2022/05/03 19:35:48 2 选举超时,开始新一轮选举
2022/05/03 19:35:48 2 节点转变为Candidate
2022/05/03 19:35:48 2 任期为24 重置选举超时时间 为 370000000
2022/05/03 19:35:48 2 开始竞选
2022/05/03 19:35:49 1 发送心跳
2022/05/03 19:35:49 3 选举超时,开始新一轮选举
2022/05/03 19:35:49 3 节点转变为Candidate
2022/05/03 19:35:49 3 任期为23 重置选举超时时间 为 367000000
2022/05/03 19:35:49 3 开始竞选
2022/05/03 19:35:49 0 选举超时,开始新一轮选举
2022/05/03 19:35:49 0 节点转变为Candidate
2022/05/03 19:35:49 0 任期为23 重置选举超时时间 为 368000000
2022/05/03 19:35:49 0 开始竞选
2022/05/03 19:35:49 1 发送心跳
2022/05/03 19:35:49 6 选举超时,开始新一轮选举
2022/05/03 19:35:49 6 节点转变为Candidate
2022/05/03 19:35:49 6 任期为19 重置选举超时时间 为 381000000
2022/05/03 19:35:49 6 开始竞选
2022/05/03 19:35:49 4 选举超时,开始新一轮选举
2022/05/03 19:35:49 4 节点转变为Candidate
2022/05/03 19:35:49 4 任期为23 重置选举超时时间 为 304000000
2022/05/03 19:35:49 4 开始竞选
2022/05/03 19:35:49 5 选举超时,开始新一轮选举
2022/05/03 19:35:49 5 节点转变为Candidate
2022/05/03 19:35:49 5 任期为23 重置选举超时时间 为 365000000
2022/05/03 19:35:49 5 开始竞选
2022/05/03 19:35:49 1 发送心跳
2022/05/03 19:35:49 1 发送心跳
2022/05/03 19:35:49 2 选举超时,开始新一轮选举
2022/05/03 19:35:49 2 节点转变为Candidate
2022/05/03 19:35:49 2 任期为25 重置选举超时时间 为 320000000
2022/05/03 19:35:49 2 开始竞选
2022/05/03 19:35:49 3 选举超时,开始新一轮选举
2022/05/03 19:35:49 3 节点转变为Candidate
2022/05/03 19:35:49 3 任期为24 重置选举超时时间 为 269000000
2022/05/03 19:35:49 3 开始竞选
2022/05/03 19:35:49 1 发送心跳
2022/05/03 19:35:49 4 选举超时,开始新一轮选举
2022/05/03 19:35:49 4 节点转变为Candidate
2022/05/03 19:35:49 4 任期为24 重置选举超时时间 为 205000000
2022/05/03 19:35:49 4 开始竞选
--- FAIL: TestManyElections2A (6.94s)
    config.go:460: expected one leader, got none
FAIL
exit status 1
FAIL	6.824/raft	15.006s
