2022/05/03 19:35:49 0 节点转变为Follower
2022/05/03 19:35:49 0 任期为1 重置心跳超时时间 为 212000000
2022/05/03 19:35:49 创建节点0成功
2022/05/03 19:35:49 1 节点转变为Follower
2022/05/03 19:35:49 1 任期为1 重置心跳超时时间 为 275000000
2022/05/03 19:35:49 创建节点1成功
2022/05/03 19:35:49 2 节点转变为Follower
2022/05/03 19:35:49 2 任期为1 重置心跳超时时间 为 221000000
2022/05/03 19:35:49 创建节点2成功
Test (2A): initial election ...
2022/05/03 19:35:50 0 心跳超时 212000000,转换为Candidate
2022/05/03 19:35:50 0 节点转变为Candidate
2022/05/03 19:35:50 0 任期为2 重置选举超时时间 为 348000000
2022/05/03 19:35:50 0 开始竞选
2022/05/03 19:35:50 2 节点转变为Follower
2022/05/03 19:35:50 1 节点转变为Follower
2022/05/03 19:35:50 2 任期为2 重置心跳超时时间 为 237000000
2022/05/03 19:35:50 1 任期为2 重置心跳超时时间 为 202000000
2022/05/03 19:35:50 0 节点转变为Leader
2022/05/03 19:35:50 2 收到心跳
2022/05/03 19:35:50 2 任期为2 重置心跳超时时间 为 252000000
2022/05/03 19:35:50 1 收到心跳
2022/05/03 19:35:50 1 任期为2 重置心跳超时时间 为 220000000
2022/05/03 19:35:50 1 心跳超时 220000000,转换为Candidate
2022/05/03 19:35:50 1 节点转变为Candidate
2022/05/03 19:35:50 1 任期为3 重置选举超时时间 为 251000000
2022/05/03 19:35:50 1 开始竞选
2022/05/03 19:35:50 2 心跳超时 252000000,转换为Candidate
2022/05/03 19:35:50 2 节点转变为Candidate
2022/05/03 19:35:50 2 任期为3 重置选举超时时间 为 329000000
2022/05/03 19:35:50 2 开始竞选
--- FAIL: TestInitialElection2A (0.53s)
    config.go:473: servers disagree on term
2022/05/03 19:35:50 0 节点转变为Follower
2022/05/03 19:35:50 0 任期为1 重置心跳超时时间 为 247000000
2022/05/03 19:35:50 创建节点0成功
2022/05/03 19:35:50 1 节点转变为Follower
2022/05/03 19:35:50 1 任期为1 重置心跳超时时间 为 315000000
2022/05/03 19:35:50 创建节点1成功
2022/05/03 19:35:50 2 节点转变为Follower
2022/05/03 19:35:50 2 任期为1 重置心跳超时时间 为 351000000
2022/05/03 19:35:50 创建节点2成功
Test (2A): election after network failure ...
2022/05/03 19:35:50 0 选举超时,开始新一轮选举
2022/05/03 19:35:50 1 选举超时,开始新一轮选举
2022/05/03 19:35:50 1 节点转变为Candidate
2022/05/03 19:35:50 1 任期为4 重置选举超时时间 为 300000000
2022/05/03 19:35:50 1 开始竞选
2022/05/03 19:35:50 0 心跳超时 247000000,转换为Candidate
2022/05/03 19:35:50 0 节点转变为Candidate
2022/05/03 19:35:50 0 任期为2 重置选举超时时间 为 380000000
2022/05/03 19:35:50 0 开始竞选
2022/05/03 19:35:50 2 节点转变为Follower
2022/05/03 19:35:50 1 节点转变为Follower
2022/05/03 19:35:50 2 任期为2 重置心跳超时时间 为 352000000
2022/05/03 19:35:50 1 任期为2 重置心跳超时时间 为 377000000
2022/05/03 19:35:50 0 节点转变为Leader
2022/05/03 19:35:50 2 收到心跳
2022/05/03 19:35:50 2 任期为2 重置心跳超时时间 为 334000000
2022/05/03 19:35:50 1 收到心跳
2022/05/03 19:35:50 1 任期为2 重置心跳超时时间 为 229000000
2022/05/03 19:35:50 2 选举超时,开始新一轮选举
2022/05/03 19:35:50 2 节点转变为Candidate
2022/05/03 19:35:50 2 任期为4 重置选举超时时间 为 221000000
2022/05/03 19:35:50 2 开始竞选
2022/05/03 19:35:50 1 心跳超时 229000000,转换为Candidate
2022/05/03 19:35:50 1 节点转变为Candidate
2022/05/03 19:35:50 1 任期为3 重置选举超时时间 为 383000000
2022/05/03 19:35:50 1 开始竞选
2022/05/03 19:35:50 2 心跳超时 334000000,转换为Candidate
2022/05/03 19:35:50 2 节点转变为Candidate
2022/05/03 19:35:50 2 任期为3 重置选举超时时间 为 362000000
2022/05/03 19:35:50 2 开始竞选
2022/05/03 19:35:50 0 选举超时,开始新一轮选举
2022/05/03 19:35:51 0 发送心跳
2022/05/03 19:35:51 0 发送心跳
2022/05/03 19:35:51 1 选举超时,开始新一轮选举
2022/05/03 19:35:51 1 节点转变为Candidate
2022/05/03 19:35:51 1 任期为4 重置选举超时时间 为 317000000
2022/05/03 19:35:51 1 开始竞选
2022/05/03 19:35:51 0 发送心跳
2022/05/03 19:35:51 2 选举超时,开始新一轮选举
2022/05/03 19:35:51 2 节点转变为Candidate
2022/05/03 19:35:51 2 任期为4 重置选举超时时间 为 369000000
2022/05/03 19:35:51 2 开始竞选
2022/05/03 19:35:51 0 发送心跳
2022/05/03 19:35:51 0 发送心跳
2022/05/03 19:35:51 1 选举超时,开始新一轮选举
2022/05/03 19:35:51 1 节点转变为Candidate
2022/05/03 19:35:51 1 任期为5 重置选举超时时间 为 267000000
2022/05/03 19:35:51 1 开始竞选
2022/05/03 19:35:51 0 发送心跳
2022/05/03 19:35:51 2 选举超时,开始新一轮选举
2022/05/03 19:35:51 2 节点转变为Candidate
2022/05/03 19:35:51 2 任期为5 重置选举超时时间 为 260000000
2022/05/03 19:35:51 2 开始竞选
2022/05/03 19:35:51 0 发送心跳
2022/05/03 19:35:51 0 发送心跳
2022/05/03 19:35:51 1 选举超时,开始新一轮选举
2022/05/03 19:35:51 1 节点转变为Candidate
2022/05/03 19:35:51 1 任期为6 重置选举超时时间 为 317000000
2022/05/03 19:35:51 1 开始竞选
2022/05/03 19:35:51 0 发送心跳
2022/05/03 19:35:51 2 选举超时,开始新一轮选举
2022/05/03 19:35:51 2 节点转变为Candidate
2022/05/03 19:35:51 2 任期为6 重置选举超时时间 为 385000000
2022/05/03 19:35:51 2 开始竞选
2022/05/03 19:35:51 0 发送心跳
2022/05/03 19:35:52 0 发送心跳
2022/05/03 19:35:52 1 选举超时,开始新一轮选举
2022/05/03 19:35:52 1 节点转变为Candidate
2022/05/03 19:35:52 1 任期为7 重置选举超时时间 为 352000000
2022/05/03 19:35:52 1 开始竞选
2022/05/03 19:35:52 0 发送心跳
2022/05/03 19:35:52 0 发送心跳
2022/05/03 19:35:52 2 选举超时,开始新一轮选举
2022/05/03 19:35:52 2 节点转变为Candidate
2022/05/03 19:35:52 2 任期为7 重置选举超时时间 为 344000000
2022/05/03 19:35:52 2 开始竞选
2022/05/03 19:35:52 0 发送心跳
2022/05/03 19:35:52 1 选举超时,开始新一轮选举
2022/05/03 19:35:52 1 节点转变为Candidate
2022/05/03 19:35:52 1 任期为8 重置选举超时时间 为 241000000
2022/05/03 19:35:52 1 开始竞选
2022/05/03 19:35:52 0 发送心跳
2022/05/03 19:35:52 0 发送心跳
2022/05/03 19:35:52 2 选举超时,开始新一轮选举
2022/05/03 19:35:52 2 节点转变为Candidate
2022/05/03 19:35:52 2 任期为8 重置选举超时时间 为 209000000
2022/05/03 19:35:52 2 开始竞选
2022/05/03 19:35:52 0 发送心跳
2022/05/03 19:35:52 1 选举超时,开始新一轮选举
2022/05/03 19:35:52 1 节点转变为Candidate
2022/05/03 19:35:52 1 任期为9 重置选举超时时间 为 336000000
2022/05/03 19:35:52 1 开始竞选
2022/05/03 19:35:52 0 发送心跳
2022/05/03 19:35:52 2 选举超时,开始新一轮选举
2022/05/03 19:35:52 2 节点转变为Candidate
2022/05/03 19:35:52 2 任期为9 重置选举超时时间 为 366000000
2022/05/03 19:35:52 2 开始竞选
2022/05/03 19:35:52 0 发送心跳
2022/05/03 19:35:52 0 发送心跳
2022/05/03 19:35:53 1 选举超时,开始新一轮选举
2022/05/03 19:35:53 1 节点转变为Candidate
2022/05/03 19:35:53 1 任期为10 重置选举超时时间 为 392000000
2022/05/03 19:35:53 1 开始竞选
2022/05/03 19:35:53 0 发送心跳
2022/05/03 19:35:53 0 发送心跳
2022/05/03 19:35:53 2 选举超时,开始新一轮选举
2022/05/03 19:35:53 2 节点转变为Candidate
2022/05/03 19:35:53 2 任期为10 重置选举超时时间 为 243000000
2022/05/03 19:35:53 2 开始竞选
2022/05/03 19:35:53 0 发送心跳
2022/05/03 19:35:53 0 发送心跳
2022/05/03 19:35:53 1 选举超时,开始新一轮选举
2022/05/03 19:35:53 1 节点转变为Candidate
2022/05/03 19:35:53 1 任期为11 重置选举超时时间 为 247000000
2022/05/03 19:35:53 1 开始竞选
2022/05/03 19:35:53 2 选举超时,开始新一轮选举
2022/05/03 19:35:53 2 节点转变为Candidate
2022/05/03 19:35:53 2 任期为11 重置选举超时时间 为 283000000
2022/05/03 19:35:53 2 开始竞选
2022/05/03 19:35:53 0 发送心跳
2022/05/03 19:35:53 0 发送心跳
2022/05/03 19:35:53 1 选举超时,开始新一轮选举
2022/05/03 19:35:53 1 节点转变为Candidate
2022/05/03 19:35:53 1 任期为12 重置选举超时时间 为 231000000
2022/05/03 19:35:53 1 开始竞选
2022/05/03 19:35:53 0 发送心跳
2022/05/03 19:35:53 2 选举超时,开始新一轮选举
2022/05/03 19:35:53 2 节点转变为Candidate
2022/05/03 19:35:53 2 任期为12 重置选举超时时间 为 239000000
2022/05/03 19:35:53 2 开始竞选
2022/05/03 19:35:53 0 发送心跳
2022/05/03 19:35:53 0 发送心跳
2022/05/03 19:35:53 1 选举超时,开始新一轮选举
2022/05/03 19:35:53 1 节点转变为Candidate
2022/05/03 19:35:53 1 任期为13 重置选举超时时间 为 354000000
2022/05/03 19:35:53 1 开始竞选
2022/05/03 19:35:53 0 发送心跳
2022/05/03 19:35:54 2 选举超时,开始新一轮选举
2022/05/03 19:35:54 2 节点转变为Candidate
2022/05/03 19:35:54 2 任期为13 重置选举超时时间 为 335000000
2022/05/03 19:35:54 2 开始竞选
2022/05/03 19:35:54 0 发送心跳
2022/05/03 19:35:54 0 发送心跳
2022/05/03 19:35:54 1 选举超时,开始新一轮选举
2022/05/03 19:35:54 1 节点转变为Candidate
2022/05/03 19:35:54 1 任期为14 重置选举超时时间 为 263000000
2022/05/03 19:35:54 1 开始竞选
2022/05/03 19:35:54 0 发送心跳
2022/05/03 19:35:54 2 选举超时,开始新一轮选举
2022/05/03 19:35:54 2 节点转变为Candidate
2022/05/03 19:35:54 2 任期为14 重置选举超时时间 为 211000000
2022/05/03 19:35:54 2 开始竞选
2022/05/03 19:35:54 0 发送心跳
2022/05/03 19:35:54 0 发送心跳
2022/05/03 19:35:54 1 选举超时,开始新一轮选举
2022/05/03 19:35:54 1 节点转变为Candidate
2022/05/03 19:35:54 1 任期为15 重置选举超时时间 为 335000000
2022/05/03 19:35:54 1 开始竞选
2022/05/03 19:35:54 2 选举超时,开始新一轮选举
2022/05/03 19:35:54 2 节点转变为Candidate
2022/05/03 19:35:54 2 任期为15 重置选举超时时间 为 258000000
2022/05/03 19:35:54 2 开始竞选
2022/05/03 19:35:54 0 发送心跳
2022/05/03 19:35:54 0 发送心跳
2022/05/03 19:35:54 0 发送心跳
2022/05/03 19:35:54 2 选举超时,开始新一轮选举
2022/05/03 19:35:54 2 节点转变为Candidate
2022/05/03 19:35:54 2 任期为16 重置选举超时时间 为 213000000
2022/05/03 19:35:54 2 开始竞选
2022/05/03 19:35:54 1 选举超时,开始新一轮选举
2022/05/03 19:35:54 1 节点转变为Candidate
2022/05/03 19:35:54 1 任期为16 重置选举超时时间 为 294000000
2022/05/03 19:35:54 1 开始竞选
2022/05/03 19:35:54 0 发送心跳
2022/05/03 19:35:55 0 发送心跳
2022/05/03 19:35:55 2 选举超时,开始新一轮选举
2022/05/03 19:35:55 2 节点转变为Candidate
2022/05/03 19:35:55 2 任期为17 重置选举超时时间 为 349000000
2022/05/03 19:35:55 2 开始竞选
2022/05/03 19:35:55 0 发送心跳
2022/05/03 19:35:55 1 选举超时,开始新一轮选举
2022/05/03 19:35:55 1 节点转变为Candidate
2022/05/03 19:35:55 1 任期为17 重置选举超时时间 为 234000000
2022/05/03 19:35:55 1 开始竞选
2022/05/03 19:35:55 0 发送心跳
2022/05/03 19:35:55 0 发送心跳
2022/05/03 19:35:55 2 选举超时,开始新一轮选举
2022/05/03 19:35:55 2 节点转变为Candidate
2022/05/03 19:35:55 2 任期为18 重置选举超时时间 为 225000000
2022/05/03 19:35:55 2 开始竞选
2022/05/03 19:35:55 1 选举超时,开始新一轮选举
2022/05/03 19:35:55 1 节点转变为Candidate
2022/05/03 19:35:55 1 任期为18 重置选举超时时间 为 374000000
2022/05/03 19:35:55 1 开始竞选
2022/05/03 19:35:55 0 发送心跳
2022/05/03 19:35:55 0 发送心跳
2022/05/03 19:35:55 2 选举超时,开始新一轮选举
2022/05/03 19:35:55 2 节点转变为Candidate
2022/05/03 19:35:55 2 任期为19 重置选举超时时间 为 291000000
2022/05/03 19:35:55 2 开始竞选
2022/05/03 19:35:55 0 发送心跳
2022/05/03 19:35:55 0 发送心跳
2022/05/03 19:35:55 1 选举超时,开始新一轮选举
2022/05/03 19:35:55 1 节点转变为Candidate
2022/05/03 19:35:55 1 任期为19 重置选举超时时间 为 376000000
2022/05/03 19:35:55 1 开始竞选
2022/05/03 19:35:55 0 发送心跳
2022/05/03 19:35:55 2 选举超时,开始新一轮选举
2022/05/03 19:35:55 2 节点转变为Candidate
2022/05/03 19:35:55 2 任期为20 重置选举超时时间 为 203000000
2022/05/03 19:35:55 2 开始竞选
2022/05/03 19:35:55 0 发送心跳
--- FAIL: TestReElection2A (5.56s)
    config.go:460: expected one leader, got none
2022/05/03 19:35:55 0 节点转变为Follower
2022/05/03 19:35:55 0 任期为1 重置心跳超时时间 为 307000000
2022/05/03 19:35:55 创建节点0成功
2022/05/03 19:35:55 1 节点转变为Follower
2022/05/03 19:35:55 1 任期为1 重置心跳超时时间 为 301000000
2022/05/03 19:35:55 创建节点1成功
2022/05/03 19:35:55 2 节点转变为Follower
2022/05/03 19:35:55 2 任期为1 重置心跳超时时间 为 278000000
2022/05/03 19:35:55 创建节点2成功
2022/05/03 19:35:55 3 节点转变为Follower
2022/05/03 19:35:55 3 任期为1 重置心跳超时时间 为 346000000
2022/05/03 19:35:55 创建节点3成功
2022/05/03 19:35:55 4 节点转变为Follower
2022/05/03 19:35:55 4 任期为1 重置心跳超时时间 为 387000000
2022/05/03 19:35:55 创建节点4成功
2022/05/03 19:35:55 5 节点转变为Follower
2022/05/03 19:35:55 5 任期为1 重置心跳超时时间 为 330000000
2022/05/03 19:35:55 创建节点5成功
2022/05/03 19:35:55 6 节点转变为Follower
2022/05/03 19:35:55 6 任期为1 重置心跳超时时间 为 227000000
2022/05/03 19:35:55 创建节点6成功
Test (2A): multiple elections ...
2022/05/03 19:35:56 0 发送心跳
2022/05/03 19:35:56 2 选举超时,开始新一轮选举
2022/05/03 19:35:56 2 节点转变为Candidate
2022/05/03 19:35:56 2 任期为21 重置选举超时时间 为 231000000
2022/05/03 19:35:56 2 开始竞选
2022/05/03 19:35:56 6 心跳超时 227000000,转换为Candidate
2022/05/03 19:35:56 6 节点转变为Candidate
2022/05/03 19:35:56 6 任期为2 重置选举超时时间 为 280000000
2022/05/03 19:35:56 6 开始竞选
2022/05/03 19:35:56 3 节点转变为Follower
2022/05/03 19:35:56 0 节点转变为Follower
2022/05/03 19:35:56 5 节点转变为Follower
2022/05/03 19:35:56 4 节点转变为Follower
2022/05/03 19:35:56 1 节点转变为Follower
2022/05/03 19:35:56 5 任期为2 重置心跳超时时间 为 338000000
2022/05/03 19:35:56 0 任期为2 重置心跳超时时间 为 364000000
2022/05/03 19:35:56 4 任期为2 重置心跳超时时间 为 399000000
2022/05/03 19:35:56 3 任期为2 重置心跳超时时间 为 398000000
2022/05/03 19:35:56 1 任期为2 重置心跳超时时间 为 308000000
2022/05/03 19:35:56 6 节点转变为Leader
2022/05/03 19:35:56 2 节点转变为Follower
2022/05/03 19:35:56 5 收到心跳
2022/05/03 19:35:56 2 任期为2 重置心跳超时时间 为 315000000
2022/05/03 19:35:56 2 收到心跳
2022/05/03 19:35:56 3 收到心跳
2022/05/03 19:35:56 3 任期为2 重置心跳超时时间 为 377000000
2022/05/03 19:35:56 2 任期为2 重置心跳超时时间 为 386000000
2022/05/03 19:35:56 0 收到心跳
2022/05/03 19:35:56 5 任期为2 重置心跳超时时间 为 208000000
2022/05/03 19:35:56 4 收到心跳
2022/05/03 19:35:56 1 收到心跳
2022/05/03 19:35:56 0 任期为2 重置心跳超时时间 为 326000000
2022/05/03 19:35:56 4 任期为2 重置心跳超时时间 为 323000000
2022/05/03 19:35:56 1 任期为2 重置心跳超时时间 为 370000000
2022/05/03 19:35:56 1 选举超时,开始新一轮选举
2022/05/03 19:35:56 1 节点转变为Candidate
2022/05/03 19:35:56 1 任期为20 重置选举超时时间 为 352000000
2022/05/03 19:35:56 1 开始竞选
2022/05/03 19:35:56 5 心跳超时 208000000,转换为Candidate
2022/05/03 19:35:56 5 节点转变为Candidate
2022/05/03 19:35:56 5 任期为3 重置选举超时时间 为 341000000
2022/05/03 19:35:56 5 开始竞选
2022/05/03 19:35:56 6 选举超时,开始新一轮选举
2022/05/03 19:35:56 3 收到心跳
2022/05/03 19:35:56 4 收到心跳
2022/05/03 19:35:56 0 收到心跳
2022/05/03 19:35:56 4 任期为2 重置心跳超时时间 为 339000000
2022/05/03 19:35:56 2 收到心跳
2022/05/03 19:35:56 1 收到心跳
2022/05/03 19:35:56 0 任期为2 重置心跳超时时间 为 279000000
2022/05/03 19:35:56 1 任期为2 重置心跳超时时间 为 244000000
2022/05/03 19:35:56 3 任期为2 重置心跳超时时间 为 390000000
2022/05/03 19:35:56 2 任期为2 重置心跳超时时间 为 329000000
2022/05/03 19:35:56 6 发送心跳
2022/05/03 19:35:56 6 发送心跳
2022/05/03 19:35:56 1 心跳超时 244000000,转换为Candidate
2022/05/03 19:35:56 1 节点转变为Candidate
2022/05/03 19:35:56 1 任期为3 重置选举超时时间 为 348000000
2022/05/03 19:35:56 1 开始竞选
2022/05/03 19:35:56 5 选举超时,开始新一轮选举
2022/05/03 19:35:56 5 节点转变为Candidate
2022/05/03 19:35:56 5 任期为4 重置选举超时时间 为 274000000
2022/05/03 19:35:56 5 开始竞选
2022/05/03 19:35:56 0 心跳超时 279000000,转换为Candidate
2022/05/03 19:35:56 0 节点转变为Candidate
2022/05/03 19:35:56 0 任期为3 重置选举超时时间 为 349000000
2022/05/03 19:35:56 0 开始竞选
2022/05/03 19:35:56 6 发送心跳
2022/05/03 19:35:56 2 心跳超时 329000000,转换为Candidate
2022/05/03 19:35:56 2 节点转变为Candidate
2022/05/03 19:35:56 2 任期为3 重置选举超时时间 为 391000000
2022/05/03 19:35:56 2 开始竞选
2022/05/03 19:35:56 4 心跳超时 339000000,转换为Candidate
2022/05/03 19:35:56 4 节点转变为Candidate
2022/05/03 19:35:56 4 任期为3 重置选举超时时间 为 322000000
2022/05/03 19:35:56 4 开始竞选
2022/05/03 19:35:56 3 心跳超时 390000000,转换为Candidate
2022/05/03 19:35:56 3 节点转变为Candidate
2022/05/03 19:35:56 3 任期为3 重置选举超时时间 为 274000000
2022/05/03 19:35:56 3 开始竞选
2022/05/03 19:35:56 6 发送心跳
2022/05/03 19:35:56 6 发送心跳
2022/05/03 19:35:56 5 选举超时,开始新一轮选举
2022/05/03 19:35:56 5 节点转变为Candidate
2022/05/03 19:35:56 5 任期为5 重置选举超时时间 为 216000000
2022/05/03 19:35:56 5 开始竞选
2022/05/03 19:35:57 1 选举超时,开始新一轮选举
2022/05/03 19:35:57 1 节点转变为Candidate
2022/05/03 19:35:57 1 任期为4 重置选举超时时间 为 267000000
2022/05/03 19:35:57 1 开始竞选
2022/05/03 19:35:57 6 发送心跳
2022/05/03 19:35:57 0 选举超时,开始新一轮选举
2022/05/03 19:35:57 0 节点转变为Candidate
2022/05/03 19:35:57 0 任期为4 重置选举超时时间 为 325000000
2022/05/03 19:35:57 0 开始竞选
2022/05/03 19:35:57 4 选举超时,开始新一轮选举
2022/05/03 19:35:57 4 节点转变为Candidate
2022/05/03 19:35:57 4 任期为4 重置选举超时时间 为 318000000
2022/05/03 19:35:57 4 开始竞选
2022/05/03 19:35:57 3 选举超时,开始新一轮选举
2022/05/03 19:35:57 3 节点转变为Candidate
2022/05/03 19:35:57 3 任期为4 重置选举超时时间 为 397000000
2022/05/03 19:35:57 3 开始竞选
2022/05/03 19:35:57 6 发送心跳
2022/05/03 19:35:57 2 选举超时,开始新一轮选举
2022/05/03 19:35:57 2 节点转变为Candidate
2022/05/03 19:35:57 2 任期为4 重置选举超时时间 为 224000000
2022/05/03 19:35:57 2 开始竞选
2022/05/03 19:35:57 5 选举超时,开始新一轮选举
2022/05/03 19:35:57 5 节点转变为Candidate
2022/05/03 19:35:57 5 任期为6 重置选举超时时间 为 375000000
2022/05/03 19:35:57 5 开始竞选
2022/05/03 19:35:57 6 发送心跳
2022/05/03 19:35:57 1 选举超时,开始新一轮选举
2022/05/03 19:35:57 1 节点转变为Candidate
2022/05/03 19:35:57 1 任期为5 重置选举超时时间 为 318000000
2022/05/03 19:35:57 1 开始竞选
2022/05/03 19:35:57 6 发送心跳
2022/05/03 19:35:57 2 选举超时,开始新一轮选举
2022/05/03 19:35:57 2 节点转变为Candidate
2022/05/03 19:35:57 2 任期为5 重置选举超时时间 为 216000000
2022/05/03 19:35:57 2 开始竞选
2022/05/03 19:35:57 0 选举超时,开始新一轮选举
2022/05/03 19:35:57 0 节点转变为Candidate
2022/05/03 19:35:57 0 任期为5 重置选举超时时间 为 319000000
2022/05/03 19:35:57 0 开始竞选
2022/05/03 19:35:57 4 选举超时,开始新一轮选举
2022/05/03 19:35:57 4 节点转变为Candidate
2022/05/03 19:35:57 4 任期为5 重置选举超时时间 为 393000000
2022/05/03 19:35:57 4 开始竞选
2022/05/03 19:35:57 6 发送心跳
2022/05/03 19:35:57 3 选举超时,开始新一轮选举
2022/05/03 19:35:57 3 节点转变为Candidate
2022/05/03 19:35:57 3 任期为5 重置选举超时时间 为 326000000
2022/05/03 19:35:57 3 开始竞选
2022/05/03 19:35:57 6 发送心跳
2022/05/03 19:35:57 5 选举超时,开始新一轮选举
2022/05/03 19:35:57 5 节点转变为Candidate
2022/05/03 19:35:57 5 任期为7 重置选举超时时间 为 284000000
2022/05/03 19:35:57 5 开始竞选
2022/05/03 19:35:57 2 选举超时,开始新一轮选举
2022/05/03 19:35:57 2 节点转变为Candidate
2022/05/03 19:35:57 2 任期为6 重置选举超时时间 为 230000000
2022/05/03 19:35:57 2 开始竞选
2022/05/03 19:35:57 1 选举超时,开始新一轮选举
2022/05/03 19:35:57 1 节点转变为Candidate
2022/05/03 19:35:57 1 任期为6 重置选举超时时间 为 373000000
2022/05/03 19:35:57 1 开始竞选
2022/05/03 19:35:57 6 发送心跳
2022/05/03 19:35:57 0 选举超时,开始新一轮选举
2022/05/03 19:35:57 0 节点转变为Candidate
2022/05/03 19:35:57 0 任期为6 重置选举超时时间 为 276000000
2022/05/03 19:35:57 0 开始竞选
2022/05/03 19:35:57 6 发送心跳
2022/05/03 19:35:57 4 选举超时,开始新一轮选举
2022/05/03 19:35:57 4 节点转变为Candidate
2022/05/03 19:35:57 4 任期为6 重置选举超时时间 为 390000000
2022/05/03 19:35:57 4 开始竞选
2022/05/03 19:35:57 3 选举超时,开始新一轮选举
2022/05/03 19:35:57 3 节点转变为Candidate
2022/05/03 19:35:57 3 任期为6 重置选举超时时间 为 207000000
2022/05/03 19:35:57 3 开始竞选
2022/05/03 19:35:57 2 选举超时,开始新一轮选举
2022/05/03 19:35:57 2 节点转变为Candidate
2022/05/03 19:35:57 2 任期为7 重置选举超时时间 为 213000000
2022/05/03 19:35:57 2 开始竞选
2022/05/03 19:35:57 6 发送心跳
2022/05/03 19:35:57 5 选举超时,开始新一轮选举
2022/05/03 19:35:57 5 节点转变为Candidate
2022/05/03 19:35:57 5 任期为8 重置选举超时时间 为 382000000
2022/05/03 19:35:57 5 开始竞选
2022/05/03 19:35:57 6 发送心跳
2022/05/03 19:35:57 0 选举超时,开始新一轮选举
2022/05/03 19:35:57 0 节点转变为Candidate
2022/05/03 19:35:57 0 任期为7 重置选举超时时间 为 275000000
2022/05/03 19:35:57 0 开始竞选
2022/05/03 19:35:57 1 选举超时,开始新一轮选举
2022/05/03 19:35:57 1 节点转变为Candidate
2022/05/03 19:35:57 1 任期为7 重置选举超时时间 为 297000000
2022/05/03 19:35:57 1 开始竞选
2022/05/03 19:35:58 3 选举超时,开始新一轮选举
2022/05/03 19:35:58 3 节点转变为Candidate
2022/05/03 19:35:58 3 任期为7 重置选举超时时间 为 320000000
2022/05/03 19:35:58 3 开始竞选
2022/05/03 19:35:58 2 选举超时,开始新一轮选举
2022/05/03 19:35:58 2 节点转变为Candidate
2022/05/03 19:35:58 2 任期为8 重置选举超时时间 为 392000000
2022/05/03 19:35:58 2 开始竞选
2022/05/03 19:35:58 6 发送心跳
2022/05/03 19:35:58 6 发送心跳
2022/05/03 19:35:58 4 选举超时,开始新一轮选举
2022/05/03 19:35:58 4 节点转变为Candidate
2022/05/03 19:35:58 4 任期为7 重置选举超时时间 为 377000000
2022/05/03 19:35:58 4 开始竞选
2022/05/03 19:35:58 5 选举超时,开始新一轮选举
2022/05/03 19:35:58 5 节点转变为Candidate
2022/05/03 19:35:58 5 任期为9 重置选举超时时间 为 367000000
2022/05/03 19:35:58 5 开始竞选
2022/05/03 19:35:58 6 发送心跳
2022/05/03 19:35:58 0 选举超时,开始新一轮选举
2022/05/03 19:35:58 0 节点转变为Candidate
2022/05/03 19:35:58 0 任期为8 重置选举超时时间 为 261000000
2022/05/03 19:35:58 0 开始竞选
2022/05/03 19:35:58 1 选举超时,开始新一轮选举
2022/05/03 19:35:58 1 节点转变为Candidate
2022/05/03 19:35:58 1 任期为8 重置选举超时时间 为 203000000
2022/05/03 19:35:58 1 开始竞选
2022/05/03 19:35:58 6 发送心跳
2022/05/03 19:35:58 3 选举超时,开始新一轮选举
2022/05/03 19:35:58 3 节点转变为Candidate
2022/05/03 19:35:58 3 任期为8 重置选举超时时间 为 397000000
2022/05/03 19:35:58 3 开始竞选
2022/05/03 19:35:58 2 选举超时,开始新一轮选举
2022/05/03 19:35:58 2 节点转变为Candidate
2022/05/03 19:35:58 2 任期为9 重置选举超时时间 为 262000000
2022/05/03 19:35:58 2 开始竞选
2022/05/03 19:35:58 6 发送心跳
2022/05/03 19:35:58 1 选举超时,开始新一轮选举
2022/05/03 19:35:58 1 节点转变为Candidate
2022/05/03 19:35:58 1 任期为9 重置选举超时时间 为 285000000
2022/05/03 19:35:58 1 开始竞选
2022/05/03 19:35:58 0 选举超时,开始新一轮选举
2022/05/03 19:35:58 0 节点转变为Candidate
2022/05/03 19:35:58 0 任期为9 重置选举超时时间 为 296000000
2022/05/03 19:35:58 0 开始竞选
2022/05/03 19:35:58 6 发送心跳
2022/05/03 19:35:58 4 选举超时,开始新一轮选举
2022/05/03 19:35:58 4 节点转变为Candidate
2022/05/03 19:35:58 4 任期为8 重置选举超时时间 为 314000000
2022/05/03 19:35:58 4 开始竞选
2022/05/03 19:35:58 5 选举超时,开始新一轮选举
2022/05/03 19:35:58 5 节点转变为Candidate
2022/05/03 19:35:58 5 任期为10 重置选举超时时间 为 336000000
2022/05/03 19:35:58 5 开始竞选
2022/05/03 19:35:58 6 发送心跳
2022/05/03 19:35:58 2 选举超时,开始新一轮选举
2022/05/03 19:35:58 2 节点转变为Candidate
2022/05/03 19:35:58 2 任期为10 重置选举超时时间 为 330000000
2022/05/03 19:35:58 2 开始竞选
2022/05/03 19:35:58 6 发送心跳
2022/05/03 19:35:58 3 选举超时,开始新一轮选举
2022/05/03 19:35:58 3 节点转变为Candidate
2022/05/03 19:35:58 3 任期为9 重置选举超时时间 为 343000000
2022/05/03 19:35:58 3 开始竞选
2022/05/03 19:35:58 1 选举超时,开始新一轮选举
2022/05/03 19:35:58 1 节点转变为Candidate
2022/05/03 19:35:58 1 任期为10 重置选举超时时间 为 294000000
2022/05/03 19:35:58 1 开始竞选
2022/05/03 19:35:58 0 选举超时,开始新一轮选举
2022/05/03 19:35:58 0 节点转变为Candidate
2022/05/03 19:35:58 0 任期为10 重置选举超时时间 为 256000000
2022/05/03 19:35:58 0 开始竞选
2022/05/03 19:35:58 6 发送心跳
2022/05/03 19:35:58 4 选举超时,开始新一轮选举
2022/05/03 19:35:58 4 节点转变为Candidate
2022/05/03 19:35:58 4 任期为9 重置选举超时时间 为 317000000
2022/05/03 19:35:58 4 开始竞选
2022/05/03 19:35:58 5 选举超时,开始新一轮选举
2022/05/03 19:35:58 5 节点转变为Candidate
2022/05/03 19:35:58 5 任期为11 重置选举超时时间 为 344000000
2022/05/03 19:35:58 5 开始竞选
2022/05/03 19:35:58 6 发送心跳
2022/05/03 19:35:59 2 选举超时,开始新一轮选举
2022/05/03 19:35:59 2 节点转变为Candidate
2022/05/03 19:35:59 2 任期为11 重置选举超时时间 为 220000000
2022/05/03 19:35:59 2 开始竞选
2022/05/03 19:35:59 6 发送心跳
2022/05/03 19:35:59 1 选举超时,开始新一轮选举
2022/05/03 19:35:59 1 节点转变为Candidate
2022/05/03 19:35:59 1 任期为11 重置选举超时时间 为 212000000
2022/05/03 19:35:59 1 开始竞选
2022/05/03 19:35:59 0 选举超时,开始新一轮选举
2022/05/03 19:35:59 0 节点转变为Candidate
2022/05/03 19:35:59 0 任期为11 重置选举超时时间 为 239000000
2022/05/03 19:35:59 0 开始竞选
2022/05/03 19:35:59 3 选举超时,开始新一轮选举
2022/05/03 19:35:59 3 节点转变为Candidate
2022/05/03 19:35:59 3 任期为10 重置选举超时时间 为 266000000
2022/05/03 19:35:59 3 开始竞选
2022/05/03 19:35:59 6 发送心跳
2022/05/03 19:35:59 4 选举超时,开始新一轮选举
2022/05/03 19:35:59 4 节点转变为Candidate
2022/05/03 19:35:59 4 任期为10 重置选举超时时间 为 239000000
2022/05/03 19:35:59 4 开始竞选
2022/05/03 19:35:59 2 选举超时,开始新一轮选举
2022/05/03 19:35:59 2 节点转变为Candidate
2022/05/03 19:35:59 2 任期为12 重置选举超时时间 为 212000000
2022/05/03 19:35:59 2 开始竞选
2022/05/03 19:35:59 6 发送心跳
2022/05/03 19:35:59 1 选举超时,开始新一轮选举
2022/05/03 19:35:59 1 节点转变为Candidate
2022/05/03 19:35:59 1 任期为12 重置选举超时时间 为 345000000
2022/05/03 19:35:59 1 开始竞选
2022/05/03 19:35:59 5 选举超时,开始新一轮选举
2022/05/03 19:35:59 5 节点转变为Candidate
2022/05/03 19:35:59 5 任期为12 重置选举超时时间 为 323000000
2022/05/03 19:35:59 5 开始竞选
2022/05/03 19:35:59 0 选举超时,开始新一轮选举
2022/05/03 19:35:59 0 节点转变为Candidate
2022/05/03 19:35:59 0 任期为12 重置选举超时时间 为 357000000
2022/05/03 19:35:59 0 开始竞选
2022/05/03 19:35:59 6 发送心跳
2022/05/03 19:35:59 3 选举超时,开始新一轮选举
2022/05/03 19:35:59 3 节点转变为Candidate
2022/05/03 19:35:59 3 任期为11 重置选举超时时间 为 388000000
2022/05/03 19:35:59 3 开始竞选
2022/05/03 19:35:59 4 选举超时,开始新一轮选举
2022/05/03 19:35:59 4 节点转变为Candidate
2022/05/03 19:35:59 4 任期为11 重置选举超时时间 为 200000000
2022/05/03 19:35:59 4 开始竞选
2022/05/03 19:35:59 6 发送心跳
2022/05/03 19:35:59 2 选举超时,开始新一轮选举
2022/05/03 19:35:59 2 节点转变为Candidate
2022/05/03 19:35:59 2 任期为13 重置选举超时时间 为 285000000
2022/05/03 19:35:59 2 开始竞选
2022/05/03 19:35:59 6 发送心跳
2022/05/03 19:35:59 5 选举超时,开始新一轮选举
2022/05/03 19:35:59 5 节点转变为Candidate
2022/05/03 19:35:59 5 任期为13 重置选举超时时间 为 258000000
2022/05/03 19:35:59 5 开始竞选
2022/05/03 19:35:59 1 选举超时,开始新一轮选举
2022/05/03 19:35:59 1 节点转变为Candidate
2022/05/03 19:35:59 1 任期为13 重置选举超时时间 为 269000000
2022/05/03 19:35:59 1 开始竞选
2022/05/03 19:35:59 4 选举超时,开始新一轮选举
2022/05/03 19:35:59 4 节点转变为Candidate
2022/05/03 19:35:59 4 任期为12 重置选举超时时间 为 305000000
2022/05/03 19:35:59 4 开始竞选
2022/05/03 19:35:59 6 发送心跳
2022/05/03 19:35:59 0 选举超时,开始新一轮选举
2022/05/03 19:35:59 0 节点转变为Candidate
2022/05/03 19:35:59 0 任期为13 重置选举超时时间 为 231000000
2022/05/03 19:35:59 0 开始竞选
2022/05/03 19:35:59 3 选举超时,开始新一轮选举
2022/05/03 19:35:59 3 节点转变为Candidate
2022/05/03 19:35:59 2 选举超时,开始新一轮选举
2022/05/03 19:35:59 2 节点转变为Candidate
2022/05/03 19:35:59 2 任期为14 重置选举超时时间 为 395000000
2022/05/03 19:35:59 2 开始竞选
2022/05/03 19:35:59 3 任期为12 重置选举超时时间 为 334000000
2022/05/03 19:35:59 3 开始竞选
2022/05/03 19:35:59 6 发送心跳
2022/05/03 19:35:59 6 发送心跳
2022/05/03 19:35:59 5 选举超时,开始新一轮选举
2022/05/03 19:35:59 5 节点转变为Candidate
2022/05/03 19:35:59 5 任期为14 重置选举超时时间 为 253000000
2022/05/03 19:35:59 5 开始竞选
2022/05/03 19:35:59 1 选举超时,开始新一轮选举
2022/05/03 19:35:59 1 节点转变为Candidate
2022/05/03 19:35:59 1 任期为14 重置选举超时时间 为 282000000
2022/05/03 19:35:59 1 开始竞选
2022/05/03 19:35:59 0 选举超时,开始新一轮选举
2022/05/03 19:35:59 0 节点转变为Candidate
2022/05/03 19:35:59 0 任期为14 重置选举超时时间 为 213000000
2022/05/03 19:35:59 0 开始竞选
2022/05/03 19:35:59 4 选举超时,开始新一轮选举
2022/05/03 19:35:59 4 节点转变为Candidate
2022/05/03 19:35:59 4 任期为13 重置选举超时时间 为 282000000
2022/05/03 19:35:59 4 开始竞选
2022/05/03 19:35:59 6 发送心跳
2022/05/03 19:36:00 6 发送心跳
2022/05/03 19:36:00 3 选举超时,开始新一轮选举
2022/05/03 19:36:00 3 节点转变为Candidate
2022/05/03 19:36:00 3 任期为13 重置选举超时时间 为 377000000
2022/05/03 19:36:00 3 开始竞选
2022/05/03 19:36:00 0 选举超时,开始新一轮选举
2022/05/03 19:36:00 0 节点转变为Candidate
2022/05/03 19:36:00 0 任期为15 重置选举超时时间 为 295000000
2022/05/03 19:36:00 0 开始竞选
2022/05/03 19:36:00 5 选举超时,开始新一轮选举
2022/05/03 19:36:00 5 节点转变为Candidate
2022/05/03 19:36:00 5 任期为15 重置选举超时时间 为 315000000
2022/05/03 19:36:00 5 开始竞选
2022/05/03 19:36:00 2 选举超时,开始新一轮选举
2022/05/03 19:36:00 2 节点转变为Candidate
2022/05/03 19:36:00 2 任期为15 重置选举超时时间 为 272000000
2022/05/03 19:36:00 2 开始竞选
2022/05/03 19:36:00 6 发送心跳
2022/05/03 19:36:00 1 选举超时,开始新一轮选举
2022/05/03 19:36:00 1 节点转变为Candidate
2022/05/03 19:36:00 1 任期为15 重置选举超时时间 为 399000000
2022/05/03 19:36:00 1 开始竞选
2022/05/03 19:36:00 4 选举超时,开始新一轮选举
2022/05/03 19:36:00 4 节点转变为Candidate
2022/05/03 19:36:00 4 任期为14 重置选举超时时间 为 368000000
2022/05/03 19:36:00 4 开始竞选
2022/05/03 19:36:00 6 发送心跳
2022/05/03 19:36:00 6 发送心跳
2022/05/03 19:36:00 2 选举超时,开始新一轮选举
2022/05/03 19:36:00 2 节点转变为Candidate
2022/05/03 19:36:00 0 选举超时,开始新一轮选举
2022/05/03 19:36:00 0 节点转变为Candidate
2022/05/03 19:36:00 0 任期为16 重置选举超时时间 为 353000000
2022/05/03 19:36:00 0 开始竞选
2022/05/03 19:36:00 2 任期为16 重置选举超时时间 为 276000000
2022/05/03 19:36:00 2 开始竞选
2022/05/03 19:36:00 5 选举超时,开始新一轮选举
2022/05/03 19:36:00 5 节点转变为Candidate
2022/05/03 19:36:00 5 任期为16 重置选举超时时间 为 289000000
2022/05/03 19:36:00 5 开始竞选
2022/05/03 19:36:00 3 选举超时,开始新一轮选举
2022/05/03 19:36:00 3 节点转变为Candidate
2022/05/03 19:36:00 3 任期为14 重置选举超时时间 为 305000000
2022/05/03 19:36:00 3 开始竞选
2022/05/03 19:36:00 6 发送心跳
2022/05/03 19:36:00 6 发送心跳
2022/05/03 19:36:00 1 选举超时,开始新一轮选举
2022/05/03 19:36:00 1 节点转变为Candidate
2022/05/03 19:36:00 1 任期为16 重置选举超时时间 为 266000000
2022/05/03 19:36:00 1 开始竞选
2022/05/03 19:36:00 4 选举超时,开始新一轮选举
2022/05/03 19:36:00 4 节点转变为Candidate
2022/05/03 19:36:00 4 任期为15 重置选举超时时间 为 311000000
2022/05/03 19:36:00 4 开始竞选
2022/05/03 19:36:00 6 发送心跳
2022/05/03 19:36:00 2 选举超时,开始新一轮选举
2022/05/03 19:36:00 2 节点转变为Candidate
2022/05/03 19:36:00 2 任期为17 重置选举超时时间 为 308000000
2022/05/03 19:36:00 2 开始竞选
2022/05/03 19:36:00 5 选举超时,开始新一轮选举
2022/05/03 19:36:00 5 节点转变为Candidate
2022/05/03 19:36:00 5 任期为17 重置选举超时时间 为 219000000
2022/05/03 19:36:00 5 开始竞选
2022/05/03 19:36:00 6 发送心跳
2022/05/03 19:36:00 3 选举超时,开始新一轮选举
2022/05/03 19:36:00 3 节点转变为Candidate
2022/05/03 19:36:00 3 任期为15 重置选举超时时间 为 308000000
2022/05/03 19:36:00 3 开始竞选
2022/05/03 19:36:00 0 选举超时,开始新一轮选举
2022/05/03 19:36:00 0 节点转变为Candidate
2022/05/03 19:36:00 0 任期为17 重置选举超时时间 为 358000000
2022/05/03 19:36:00 0 开始竞选
2022/05/03 19:36:00 1 选举超时,开始新一轮选举
2022/05/03 19:36:00 1 节点转变为Candidate
2022/05/03 19:36:00 1 任期为17 重置选举超时时间 为 234000000
2022/05/03 19:36:00 1 开始竞选
2022/05/03 19:36:00 6 发送心跳
2022/05/03 19:36:00 4 选举超时,开始新一轮选举
2022/05/03 19:36:00 4 节点转变为Candidate
2022/05/03 19:36:00 4 任期为16 重置选举超时时间 为 236000000
2022/05/03 19:36:00 4 开始竞选
2022/05/03 19:36:00 5 选举超时,开始新一轮选举
2022/05/03 19:36:00 5 节点转变为Candidate
2022/05/03 19:36:00 5 任期为18 重置选举超时时间 为 318000000
2022/05/03 19:36:00 5 开始竞选
2022/05/03 19:36:00 6 发送心跳
2022/05/03 19:36:00 2 选举超时,开始新一轮选举
2022/05/03 19:36:00 2 节点转变为Candidate
2022/05/03 19:36:00 2 任期为18 重置选举超时时间 为 286000000
2022/05/03 19:36:00 2 开始竞选
2022/05/03 19:36:01 6 发送心跳
2022/05/03 19:36:01 3 选举超时,开始新一轮选举
2022/05/03 19:36:01 3 节点转变为Candidate
2022/05/03 19:36:01 3 任期为16 重置选举超时时间 为 216000000
2022/05/03 19:36:01 3 开始竞选
2022/05/03 19:36:01 1 选举超时,开始新一轮选举
2022/05/03 19:36:01 1 节点转变为Candidate
2022/05/03 19:36:01 1 任期为18 重置选举超时时间 为 330000000
2022/05/03 19:36:01 1 开始竞选
2022/05/03 19:36:01 0 选举超时,开始新一轮选举
2022/05/03 19:36:01 0 节点转变为Candidate
2022/05/03 19:36:01 0 任期为18 重置选举超时时间 为 380000000
2022/05/03 19:36:01 0 开始竞选
2022/05/03 19:36:01 4 选举超时,开始新一轮选举
2022/05/03 19:36:01 4 节点转变为Candidate
2022/05/03 19:36:01 4 任期为17 重置选举超时时间 为 317000000
2022/05/03 19:36:01 4 开始竞选
2022/05/03 19:36:01 6 发送心跳
2022/05/03 19:36:01 5 选举超时,开始新一轮选举
2022/05/03 19:36:01 5 节点转变为Candidate
2022/05/03 19:36:01 5 任期为19 重置选举超时时间 为 289000000
2022/05/03 19:36:01 5 开始竞选
2022/05/03 19:36:01 6 发送心跳
2022/05/03 19:36:01 2 选举超时,开始新一轮选举
2022/05/03 19:36:01 2 节点转变为Candidate
2022/05/03 19:36:01 2 任期为19 重置选举超时时间 为 380000000
2022/05/03 19:36:01 2 开始竞选
2022/05/03 19:36:01 3 选举超时,开始新一轮选举
2022/05/03 19:36:01 3 节点转变为Candidate
2022/05/03 19:36:01 3 任期为17 重置选举超时时间 为 285000000
2022/05/03 19:36:01 3 开始竞选
--- FAIL: TestManyElections2A (5.42s)
    config.go:460: expected one leader, got none
FAIL
exit status 1
FAIL	6.824/raft	11.526s
