2022/05/03 19:36:02 0 节点转变为Follower
2022/05/03 19:36:02 0 任期为1 重置心跳超时时间 为 200000000
2022/05/03 19:36:02 创建节点0成功
2022/05/03 19:36:02 1 节点转变为Follower
2022/05/03 19:36:02 1 任期为1 重置心跳超时时间 为 342000000
2022/05/03 19:36:02 创建节点1成功
2022/05/03 19:36:02 2 节点转变为Follower
2022/05/03 19:36:02 2 任期为1 重置心跳超时时间 为 367000000
2022/05/03 19:36:02 创建节点2成功
Test (2A): initial election ...
2022/05/03 19:36:02 0 心跳超时 200000000,转换为Candidate
2022/05/03 19:36:02 0 节点转变为Candidate
2022/05/03 19:36:02 0 任期为2 重置选举超时时间 为 206000000
2022/05/03 19:36:02 0 开始竞选
2022/05/03 19:36:02 2 节点转变为Follower
2022/05/03 19:36:02 1 节点转变为Follower
2022/05/03 19:36:02 1 任期为2 重置心跳超时时间 为 331000000
2022/05/03 19:36:02 2 任期为2 重置心跳超时时间 为 258000000
2022/05/03 19:36:02 0 节点转变为Leader
2022/05/03 19:36:02 2 收到心跳
2022/05/03 19:36:02 1 收到心跳
2022/05/03 19:36:02 2 任期为2 重置心跳超时时间 为 268000000
2022/05/03 19:36:02 1 任期为2 重置心跳超时时间 为 387000000
2022/05/03 19:36:02 0 选举超时,开始新一轮选举
2022/05/03 19:36:02 1 收到心跳
2022/05/03 19:36:02 2 收到心跳
2022/05/03 19:36:02 1 任期为2 重置心跳超时时间 为 250000000
2022/05/03 19:36:02 2 任期为2 重置心跳超时时间 为 201000000
2022/05/03 19:36:02 0 发送心跳
2022/05/03 19:36:02 2 收到心跳
2022/05/03 19:36:02 1 收到心跳
2022/05/03 19:36:02 2 任期为2 重置心跳超时时间 为 394000000
2022/05/03 19:36:02 1 任期为2 重置心跳超时时间 为 387000000
2022/05/03 19:36:02 0 发送心跳
2022/05/03 19:36:02 1 收到心跳
2022/05/03 19:36:02 2 收到心跳
2022/05/03 19:36:02 1 任期为2 重置心跳超时时间 为 365000000
2022/05/03 19:36:02 2 任期为2 重置心跳超时时间 为 377000000
2022/05/03 19:36:02 0 发送心跳
2022/05/03 19:36:02 2 收到心跳
2022/05/03 19:36:02 1 收到心跳
2022/05/03 19:36:02 1 任期为2 重置心跳超时时间 为 271000000
2022/05/03 19:36:02 2 任期为2 重置心跳超时时间 为 306000000
2022/05/03 19:36:02 0 发送心跳
2022/05/03 19:36:02 1 收到心跳
2022/05/03 19:36:02 2 收到心跳
2022/05/03 19:36:02 1 任期为2 重置心跳超时时间 为 241000000
2022/05/03 19:36:02 2 任期为2 重置心跳超时时间 为 309000000
2022/05/03 19:36:03 0 发送心跳
2022/05/03 19:36:03 2 收到心跳
2022/05/03 19:36:03 1 收到心跳
2022/05/03 19:36:03 2 任期为2 重置心跳超时时间 为 396000000
2022/05/03 19:36:03 1 任期为2 重置心跳超时时间 为 298000000
2022/05/03 19:36:03 0 发送心跳
2022/05/03 19:36:03 2 收到心跳
2022/05/03 19:36:03 1 收到心跳
2022/05/03 19:36:03 2 任期为2 重置心跳超时时间 为 241000000
2022/05/03 19:36:03 1 任期为2 重置心跳超时时间 为 343000000
2022/05/03 19:36:03 0 发送心跳
2022/05/03 19:36:03 2 收到心跳
2022/05/03 19:36:03 1 收到心跳
2022/05/03 19:36:03 2 任期为2 重置心跳超时时间 为 228000000
2022/05/03 19:36:03 1 任期为2 重置心跳超时时间 为 364000000
2022/05/03 19:36:03 0 发送心跳
2022/05/03 19:36:03 2 收到心跳
2022/05/03 19:36:03 2 任期为2 重置心跳超时时间 为 336000000
2022/05/03 19:36:03 1 收到心跳
2022/05/03 19:36:03 1 任期为2 重置心跳超时时间 为 259000000
2022/05/03 19:36:03 0 发送心跳
2022/05/03 19:36:03 2 收到心跳
2022/05/03 19:36:03 1 收到心跳
2022/05/03 19:36:03 2 任期为2 重置心跳超时时间 为 338000000
2022/05/03 19:36:03 1 任期为2 重置心跳超时时间 为 348000000
2022/05/03 19:36:03 0 发送心跳
2022/05/03 19:36:03 2 收到心跳
2022/05/03 19:36:03 1 收到心跳
2022/05/03 19:36:03 1 任期为2 重置心跳超时时间 为 387000000
2022/05/03 19:36:03 2 任期为2 重置心跳超时时间 为 238000000
2022/05/03 19:36:03 0 发送心跳
2022/05/03 19:36:03 1 收到心跳
2022/05/03 19:36:03 2 收到心跳
2022/05/03 19:36:03 1 任期为2 重置心跳超时时间 为 275000000
2022/05/03 19:36:03 2 任期为2 重置心跳超时时间 为 223000000
2022/05/03 19:36:03 0 发送心跳
2022/05/03 19:36:03 2 收到心跳
2022/05/03 19:36:03 1 收到心跳
2022/05/03 19:36:03 1 任期为2 重置心跳超时时间 为 243000000
2022/05/03 19:36:03 2 任期为2 重置心跳超时时间 为 274000000
2022/05/03 19:36:03 0 发送心跳
2022/05/03 19:36:03 1 收到心跳
2022/05/03 19:36:03 2 收到心跳
2022/05/03 19:36:03 1 任期为2 重置心跳超时时间 为 338000000
2022/05/03 19:36:03 2 任期为2 重置心跳超时时间 为 355000000
2022/05/03 19:36:03 0 发送心跳
2022/05/03 19:36:03 2 收到心跳
2022/05/03 19:36:03 1 收到心跳
2022/05/03 19:36:03 2 任期为2 重置心跳超时时间 为 309000000
2022/05/03 19:36:03 1 任期为2 重置心跳超时时间 为 289000000
2022/05/03 19:36:04 0 发送心跳
2022/05/03 19:36:04 2 收到心跳
2022/05/03 19:36:04 1 收到心跳
2022/05/03 19:36:04 2 任期为2 重置心跳超时时间 为 217000000
2022/05/03 19:36:04 1 任期为2 重置心跳超时时间 为 224000000
2022/05/03 19:36:04 0 发送心跳
2022/05/03 19:36:04 2 收到心跳
2022/05/03 19:36:04 1 收到心跳
2022/05/03 19:36:04 2 任期为2 重置心跳超时时间 为 237000000
2022/05/03 19:36:04 1 任期为2 重置心跳超时时间 为 252000000
2022/05/03 19:36:04 0 发送心跳
2022/05/03 19:36:04 2 收到心跳
2022/05/03 19:36:04 2 任期为2 重置心跳超时时间 为 243000000
2022/05/03 19:36:04 1 收到心跳
2022/05/03 19:36:04 1 任期为2 重置心跳超时时间 为 203000000
2022/05/03 19:36:04 0 发送心跳
2022/05/03 19:36:04 2 收到心跳
2022/05/03 19:36:04 1 收到心跳
2022/05/03 19:36:04 2 任期为2 重置心跳超时时间 为 213000000
2022/05/03 19:36:04 1 任期为2 重置心跳超时时间 为 207000000
2022/05/03 19:36:04 0 发送心跳
2022/05/03 19:36:04 2 收到心跳
2022/05/03 19:36:04 1 收到心跳
2022/05/03 19:36:04 2 任期为2 重置心跳超时时间 为 263000000
2022/05/03 19:36:04 1 任期为2 重置心跳超时时间 为 252000000
2022/05/03 19:36:04 0 发送心跳
2022/05/03 19:36:04 2 收到心跳
2022/05/03 19:36:04 1 收到心跳
2022/05/03 19:36:04 2 任期为2 重置心跳超时时间 为 296000000
2022/05/03 19:36:04 1 任期为2 重置心跳超时时间 为 256000000
2022/05/03 19:36:04 0 发送心跳
2022/05/03 19:36:04 2 收到心跳
2022/05/03 19:36:04 1 收到心跳
2022/05/03 19:36:04 2 任期为2 重置心跳超时时间 为 346000000
2022/05/03 19:36:04 1 任期为2 重置心跳超时时间 为 211000000
2022/05/03 19:36:04 0 发送心跳
2022/05/03 19:36:04 2 收到心跳
2022/05/03 19:36:04 1 收到心跳
2022/05/03 19:36:04 2 任期为2 重置心跳超时时间 为 221000000
2022/05/03 19:36:04 1 任期为2 重置心跳超时时间 为 283000000
2022/05/03 19:36:04 0 发送心跳
2022/05/03 19:36:04 1 收到心跳
2022/05/03 19:36:04 1 任期为2 重置心跳超时时间 为 254000000
2022/05/03 19:36:04 2 收到心跳
2022/05/03 19:36:04 2 任期为2 重置心跳超时时间 为 318000000
2022/05/03 19:36:04 0 发送心跳
2022/05/03 19:36:04 2 收到心跳
2022/05/03 19:36:04 1 收到心跳
2022/05/03 19:36:04 2 任期为2 重置心跳超时时间 为 322000000
2022/05/03 19:36:04 1 任期为2 重置心跳超时时间 为 347000000
2022/05/03 19:36:05 0 发送心跳
2022/05/03 19:36:05 1 收到心跳
2022/05/03 19:36:05 2 收到心跳
2022/05/03 19:36:05 1 任期为2 重置心跳超时时间 为 243000000
2022/05/03 19:36:05 2 任期为2 重置心跳超时时间 为 393000000
  ... Passed --   3.0  3   56   15008    0
2022/05/03 19:36:05 0 节点转变为Follower
2022/05/03 19:36:05 0 任期为1 重置心跳超时时间 为 282000000
2022/05/03 19:36:05 创建节点0成功
2022/05/03 19:36:05 1 节点转变为Follower
2022/05/03 19:36:05 1 任期为1 重置心跳超时时间 为 311000000
2022/05/03 19:36:05 创建节点1成功
2022/05/03 19:36:05 2 节点转变为Follower
2022/05/03 19:36:05 2 任期为1 重置心跳超时时间 为 285000000
2022/05/03 19:36:05 创建节点2成功
Test (2A): election after network failure ...
2022/05/03 19:36:05 0 发送心跳
2022/05/03 19:36:05 1 心跳超时 243000000,转换为Candidate
2022/05/03 19:36:05 1 节点转变为Candidate
2022/05/03 19:36:05 1 任期为3 重置选举超时时间 为 396000000
2022/05/03 19:36:05 1 开始竞选
2022/05/03 19:36:05 0 心跳超时 282000000,转换为Candidate
2022/05/03 19:36:05 0 节点转变为Candidate
2022/05/03 19:36:05 0 任期为2 重置选举超时时间 为 376000000
2022/05/03 19:36:05 0 开始竞选
2022/05/03 19:36:05 2 节点转变为Follower
2022/05/03 19:36:05 1 节点转变为Follower
2022/05/03 19:36:05 2 任期为2 重置心跳超时时间 为 385000000
2022/05/03 19:36:05 1 任期为2 重置心跳超时时间 为 342000000
2022/05/03 19:36:05 0 节点转变为Leader
2022/05/03 19:36:05 2 收到心跳
2022/05/03 19:36:05 1 收到心跳
2022/05/03 19:36:05 2 任期为2 重置心跳超时时间 为 214000000
2022/05/03 19:36:05 1 任期为2 重置心跳超时时间 为 243000000
2022/05/03 19:36:05 2 心跳超时 393000000,转换为Candidate
2022/05/03 19:36:05 2 节点转变为Candidate
2022/05/03 19:36:05 2 任期为3 重置选举超时时间 为 306000000
2022/05/03 19:36:05 2 开始竞选
2022/05/03 19:36:05 2 心跳超时 214000000,转换为Candidate
2022/05/03 19:36:05 2 节点转变为Candidate
2022/05/03 19:36:05 2 任期为3 重置选举超时时间 为 368000000
2022/05/03 19:36:05 2 开始竞选
2022/05/03 19:36:05 1 心跳超时 243000000,转换为Candidate
2022/05/03 19:36:05 1 节点转变为Candidate
2022/05/03 19:36:05 1 任期为3 重置选举超时时间 为 316000000
2022/05/03 19:36:05 1 开始竞选
2022/05/03 19:36:05 0 选举超时,开始新一轮选举
2022/05/03 19:36:05 0 发送心跳
2022/05/03 19:36:05 1 选举超时,开始新一轮选举
2022/05/03 19:36:05 1 节点转变为Candidate
2022/05/03 19:36:05 1 任期为4 重置选举超时时间 为 366000000
2022/05/03 19:36:05 1 开始竞选
2022/05/03 19:36:05 0 发送心跳
2022/05/03 19:36:05 2 选举超时,开始新一轮选举
2022/05/03 19:36:05 2 节点转变为Candidate
2022/05/03 19:36:05 2 任期为4 重置选举超时时间 为 242000000
2022/05/03 19:36:05 2 开始竞选
2022/05/03 19:36:06 0 发送心跳
2022/05/03 19:36:06 0 发送心跳
2022/05/03 19:36:06 2 选举超时,开始新一轮选举
2022/05/03 19:36:06 2 节点转变为Candidate
2022/05/03 19:36:06 2 任期为5 重置选举超时时间 为 213000000
2022/05/03 19:36:06 2 开始竞选
2022/05/03 19:36:06 0 发送心跳
2022/05/03 19:36:06 1 选举超时,开始新一轮选举
2022/05/03 19:36:06 1 节点转变为Candidate
2022/05/03 19:36:06 1 任期为5 重置选举超时时间 为 365000000
2022/05/03 19:36:06 1 开始竞选
2022/05/03 19:36:06 0 发送心跳
2022/05/03 19:36:06 2 选举超时,开始新一轮选举
2022/05/03 19:36:06 2 节点转变为Candidate
2022/05/03 19:36:06 2 任期为6 重置选举超时时间 为 312000000
2022/05/03 19:36:06 2 开始竞选
2022/05/03 19:36:06 0 发送心跳
2022/05/03 19:36:06 0 发送心跳
2022/05/03 19:36:06 0 发送心跳
2022/05/03 19:36:06 1 选举超时,开始新一轮选举
2022/05/03 19:36:06 1 节点转变为Candidate
2022/05/03 19:36:06 1 任期为6 重置选举超时时间 为 238000000
2022/05/03 19:36:06 1 开始竞选
2022/05/03 19:36:06 2 选举超时,开始新一轮选举
2022/05/03 19:36:06 2 节点转变为Candidate
2022/05/03 19:36:06 2 任期为7 重置选举超时时间 为 308000000
2022/05/03 19:36:06 2 开始竞选
2022/05/03 19:36:06 0 发送心跳
2022/05/03 19:36:06 0 发送心跳
2022/05/03 19:36:06 1 选举超时,开始新一轮选举
2022/05/03 19:36:06 1 节点转变为Candidate
2022/05/03 19:36:06 1 任期为7 重置选举超时时间 为 360000000
2022/05/03 19:36:06 1 开始竞选
2022/05/03 19:36:06 0 发送心跳
2022/05/03 19:36:07 2 选举超时,开始新一轮选举
2022/05/03 19:36:07 2 节点转变为Candidate
2022/05/03 19:36:07 2 任期为8 重置选举超时时间 为 337000000
2022/05/03 19:36:07 2 开始竞选
2022/05/03 19:36:07 0 发送心跳
2022/05/03 19:36:07 0 发送心跳
2022/05/03 19:36:07 0 发送心跳
2022/05/03 19:36:07 1 选举超时,开始新一轮选举
2022/05/03 19:36:07 1 节点转变为Candidate
2022/05/03 19:36:07 1 任期为8 重置选举超时时间 为 252000000
2022/05/03 19:36:07 1 开始竞选
2022/05/03 19:36:07 0 发送心跳
2022/05/03 19:36:07 2 选举超时,开始新一轮选举
2022/05/03 19:36:07 2 节点转变为Candidate
2022/05/03 19:36:07 2 任期为9 重置选举超时时间 为 215000000
2022/05/03 19:36:07 2 开始竞选
2022/05/03 19:36:07 0 发送心跳
2022/05/03 19:36:07 1 选举超时,开始新一轮选举
2022/05/03 19:36:07 1 节点转变为Candidate
2022/05/03 19:36:07 1 任期为9 重置选举超时时间 为 265000000
2022/05/03 19:36:07 1 开始竞选
2022/05/03 19:36:07 0 发送心跳
2022/05/03 19:36:07 2 选举超时,开始新一轮选举
2022/05/03 19:36:07 2 节点转变为Candidate
2022/05/03 19:36:07 2 任期为10 重置选举超时时间 为 347000000
2022/05/03 19:36:07 2 开始竞选
2022/05/03 19:36:07 0 发送心跳
2022/05/03 19:36:07 0 发送心跳
2022/05/03 19:36:07 1 选举超时,开始新一轮选举
2022/05/03 19:36:07 1 节点转变为Candidate
2022/05/03 19:36:07 1 任期为10 重置选举超时时间 为 285000000
2022/05/03 19:36:07 1 开始竞选
2022/05/03 19:36:07 0 发送心跳
2022/05/03 19:36:07 2 选举超时,开始新一轮选举
2022/05/03 19:36:07 2 节点转变为Candidate
2022/05/03 19:36:07 2 任期为11 重置选举超时时间 为 399000000
2022/05/03 19:36:07 2 开始竞选
2022/05/03 19:36:07 0 发送心跳
2022/05/03 19:36:08 0 发送心跳
2022/05/03 19:36:08 1 选举超时,开始新一轮选举
2022/05/03 19:36:08 1 节点转变为Candidate
2022/05/03 19:36:08 1 任期为11 重置选举超时时间 为 360000000
2022/05/03 19:36:08 1 开始竞选
2022/05/03 19:36:08 0 发送心跳
2022/05/03 19:36:08 0 发送心跳
2022/05/03 19:36:08 2 选举超时,开始新一轮选举
2022/05/03 19:36:08 2 节点转变为Candidate
2022/05/03 19:36:08 2 任期为12 重置选举超时时间 为 230000000
2022/05/03 19:36:08 2 开始竞选
2022/05/03 19:36:08 0 发送心跳
2022/05/03 19:36:08 1 选举超时,开始新一轮选举
2022/05/03 19:36:08 1 节点转变为Candidate
2022/05/03 19:36:08 1 任期为12 重置选举超时时间 为 228000000
2022/05/03 19:36:08 1 开始竞选
2022/05/03 19:36:08 0 发送心跳
2022/05/03 19:36:08 2 选举超时,开始新一轮选举
2022/05/03 19:36:08 2 节点转变为Candidate
2022/05/03 19:36:08 2 任期为13 重置选举超时时间 为 258000000
2022/05/03 19:36:08 2 开始竞选
2022/05/03 19:36:08 0 发送心跳
2022/05/03 19:36:08 1 选举超时,开始新一轮选举
2022/05/03 19:36:08 1 节点转变为Candidate
2022/05/03 19:36:08 1 任期为13 重置选举超时时间 为 332000000
2022/05/03 19:36:08 1 开始竞选
2022/05/03 19:36:08 0 发送心跳
2022/05/03 19:36:08 0 发送心跳
2022/05/03 19:36:08 2 选举超时,开始新一轮选举
2022/05/03 19:36:08 2 节点转变为Candidate
2022/05/03 19:36:08 2 任期为14 重置选举超时时间 为 230000000
2022/05/03 19:36:08 2 开始竞选
2022/05/03 19:36:08 0 发送心跳
2022/05/03 19:36:08 0 发送心跳
2022/05/03 19:36:09 1 选举超时,开始新一轮选举
2022/05/03 19:36:09 1 节点转变为Candidate
2022/05/03 19:36:09 1 任期为14 重置选举超时时间 为 203000000
2022/05/03 19:36:09 1 开始竞选
2022/05/03 19:36:09 2 选举超时,开始新一轮选举
2022/05/03 19:36:09 2 节点转变为Candidate
2022/05/03 19:36:09 2 任期为15 重置选举超时时间 为 237000000
2022/05/03 19:36:09 2 开始竞选
2022/05/03 19:36:09 0 发送心跳
2022/05/03 19:36:09 0 发送心跳
2022/05/03 19:36:09 1 选举超时,开始新一轮选举
2022/05/03 19:36:09 1 节点转变为Candidate
2022/05/03 19:36:09 1 任期为15 重置选举超时时间 为 225000000
2022/05/03 19:36:09 1 开始竞选
2022/05/03 19:36:09 0 发送心跳
2022/05/03 19:36:09 2 选举超时,开始新一轮选举
2022/05/03 19:36:09 2 节点转变为Candidate
2022/05/03 19:36:09 2 任期为16 重置选举超时时间 为 352000000
2022/05/03 19:36:09 2 开始竞选
2022/05/03 19:36:09 0 发送心跳
2022/05/03 19:36:09 1 选举超时,开始新一轮选举
2022/05/03 19:36:09 1 节点转变为Candidate
2022/05/03 19:36:09 1 任期为16 重置选举超时时间 为 266000000
2022/05/03 19:36:09 1 开始竞选
2022/05/03 19:36:09 0 发送心跳
2022/05/03 19:36:09 0 发送心跳
2022/05/03 19:36:09 2 选举超时,开始新一轮选举
2022/05/03 19:36:09 2 节点转变为Candidate
2022/05/03 19:36:09 2 任期为17 重置选举超时时间 为 397000000
2022/05/03 19:36:09 2 开始竞选
2022/05/03 19:36:09 0 发送心跳
2022/05/03 19:36:09 1 选举超时,开始新一轮选举
2022/05/03 19:36:09 1 节点转变为Candidate
2022/05/03 19:36:09 1 任期为17 重置选举超时时间 为 272000000
2022/05/03 19:36:09 1 开始竞选
2022/05/03 19:36:09 0 发送心跳
2022/05/03 19:36:09 0 发送心跳
2022/05/03 19:36:09 1 选举超时,开始新一轮选举
2022/05/03 19:36:09 1 节点转变为Candidate
2022/05/03 19:36:09 1 任期为18 重置选举超时时间 为 206000000
2022/05/03 19:36:09 1 开始竞选
2022/05/03 19:36:10 0 发送心跳
2022/05/03 19:36:10 2 选举超时,开始新一轮选举
2022/05/03 19:36:10 2 节点转变为Candidate
2022/05/03 19:36:10 2 任期为18 重置选举超时时间 为 346000000
2022/05/03 19:36:10 2 开始竞选
2022/05/03 19:36:10 0 发送心跳
2022/05/03 19:36:10 1 选举超时,开始新一轮选举
2022/05/03 19:36:10 1 节点转变为Candidate
2022/05/03 19:36:10 1 任期为19 重置选举超时时间 为 346000000
2022/05/03 19:36:10 1 开始竞选
2022/05/03 19:36:10 0 发送心跳
2022/05/03 19:36:10 0 发送心跳
2022/05/03 19:36:10 0 发送心跳
2022/05/03 19:36:10 2 选举超时,开始新一轮选举
2022/05/03 19:36:10 2 节点转变为Candidate
2022/05/03 19:36:10 2 任期为19 重置选举超时时间 为 328000000
2022/05/03 19:36:10 2 开始竞选
2022/05/03 19:36:10 0 发送心跳
2022/05/03 19:36:10 1 选举超时,开始新一轮选举
2022/05/03 19:36:10 1 节点转变为Candidate
2022/05/03 19:36:10 1 任期为20 重置选举超时时间 为 242000000
2022/05/03 19:36:10 1 开始竞选
2022/05/03 19:36:10 0 发送心跳
--- FAIL: TestReElection2A (5.59s)
    config.go:460: expected one leader, got none
2022/05/03 19:36:10 0 节点转变为Follower
2022/05/03 19:36:10 0 任期为1 重置心跳超时时间 为 228000000
2022/05/03 19:36:10 创建节点0成功
2022/05/03 19:36:10 1 节点转变为Follower
2022/05/03 19:36:10 1 任期为1 重置心跳超时时间 为 283000000
2022/05/03 19:36:10 创建节点1成功
2022/05/03 19:36:10 2 节点转变为Follower
2022/05/03 19:36:10 2 任期为1 重置心跳超时时间 为 298000000
2022/05/03 19:36:10 创建节点2成功
2022/05/03 19:36:10 3 节点转变为Follower
2022/05/03 19:36:10 3 任期为1 重置心跳超时时间 为 369000000
2022/05/03 19:36:10 创建节点3成功
2022/05/03 19:36:10 4 节点转变为Follower
2022/05/03 19:36:10 4 任期为1 重置心跳超时时间 为 252000000
2022/05/03 19:36:10 创建节点4成功
2022/05/03 19:36:10 5 节点转变为Follower
2022/05/03 19:36:10 5 任期为1 重置心跳超时时间 为 237000000
2022/05/03 19:36:10 创建节点5成功
2022/05/03 19:36:10 6 节点转变为Follower
2022/05/03 19:36:10 6 任期为1 重置心跳超时时间 为 354000000
2022/05/03 19:36:10 创建节点6成功
Test (2A): multiple elections ...
2022/05/03 19:36:10 0 发送心跳
2022/05/03 19:36:10 2 选举超时,开始新一轮选举
2022/05/03 19:36:10 2 节点转变为Candidate
2022/05/03 19:36:10 2 任期为20 重置选举超时时间 为 211000000
2022/05/03 19:36:10 2 开始竞选
2022/05/03 19:36:10 1 选举超时,开始新一轮选举
2022/05/03 19:36:10 1 节点转变为Candidate
2022/05/03 19:36:10 1 任期为21 重置选举超时时间 为 245000000
2022/05/03 19:36:10 1 开始竞选
2022/05/03 19:36:10 0 心跳超时 228000000,转换为Candidate
2022/05/03 19:36:10 0 节点转变为Candidate
2022/05/03 19:36:10 0 任期为2 重置选举超时时间 为 300000000
2022/05/03 19:36:10 0 开始竞选
2022/05/03 19:36:10 6 节点转变为Follower
2022/05/03 19:36:10 1 节点转变为Follower
2022/05/03 19:36:10 3 节点转变为Follower
2022/05/03 19:36:10 6 任期为2 重置心跳超时时间 为 272000000
2022/05/03 19:36:10 1 任期为2 重置心跳超时时间 为 341000000
2022/05/03 19:36:10 4 节点转变为Follower
2022/05/03 19:36:10 3 任期为2 重置心跳超时时间 为 360000000
2022/05/03 19:36:10 0 节点转变为Leader
2022/05/03 19:36:10 4 任期为2 重置心跳超时时间 为 288000000
2022/05/03 19:36:10 5 节点转变为Follower
2022/05/03 19:36:10 2 节点转变为Follower
2022/05/03 19:36:10 3 收到心跳
2022/05/03 19:36:10 2 任期为2 重置心跳超时时间 为 363000000
2022/05/03 19:36:10 5 任期为2 重置心跳超时时间 为 211000000
2022/05/03 19:36:10 6 收到心跳
2022/05/03 19:36:10 4 收到心跳
2022/05/03 19:36:10 1 收到心跳
2022/05/03 19:36:10 6 任期为2 重置心跳超时时间 为 395000000
2022/05/03 19:36:10 3 任期为2 重置心跳超时时间 为 217000000
2022/05/03 19:36:10 5 收到心跳
2022/05/03 19:36:10 4 任期为2 重置心跳超时时间 为 372000000
2022/05/03 19:36:10 1 任期为2 重置心跳超时时间 为 237000000
2022/05/03 19:36:10 5 任期为2 重置心跳超时时间 为 253000000
2022/05/03 19:36:10 2 收到心跳
2022/05/03 19:36:10 2 任期为2 重置心跳超时时间 为 213000000
2022/05/03 19:36:11 2 心跳超时 213000000,转换为Candidate
2022/05/03 19:36:11 2 节点转变为Candidate
2022/05/03 19:36:11 2 任期为3 重置选举超时时间 为 282000000
2022/05/03 19:36:11 2 开始竞选
2022/05/03 19:36:11 3 心跳超时 217000000,转换为Candidate
2022/05/03 19:36:11 3 节点转变为Candidate
2022/05/03 19:36:11 3 任期为3 重置选举超时时间 为 270000000
2022/05/03 19:36:11 3 开始竞选
2022/05/03 19:36:11 1 心跳超时 237000000,转换为Candidate
2022/05/03 19:36:11 1 节点转变为Candidate
2022/05/03 19:36:11 1 任期为3 重置选举超时时间 为 295000000
2022/05/03 19:36:11 1 开始竞选
2022/05/03 19:36:11 5 心跳超时 253000000,转换为Candidate
2022/05/03 19:36:11 5 节点转变为Candidate
2022/05/03 19:36:11 5 任期为3 重置选举超时时间 为 382000000
2022/05/03 19:36:11 5 开始竞选
2022/05/03 19:36:11 0 选举超时,开始新一轮选举
2022/05/03 19:36:11 4 心跳超时 372000000,转换为Candidate
2022/05/03 19:36:11 4 节点转变为Candidate
2022/05/03 19:36:11 4 任期为3 重置选举超时时间 为 330000000
2022/05/03 19:36:11 4 开始竞选
2022/05/03 19:36:11 6 心跳超时 395000000,转换为Candidate
2022/05/03 19:36:11 6 节点转变为Candidate
2022/05/03 19:36:11 6 任期为3 重置选举超时时间 为 202000000
2022/05/03 19:36:11 6 开始竞选
2022/05/03 19:36:11 0 发送心跳
2022/05/03 19:36:11 3 选举超时,开始新一轮选举
2022/05/03 19:36:11 3 节点转变为Candidate
2022/05/03 19:36:11 3 任期为4 重置选举超时时间 为 274000000
2022/05/03 19:36:11 3 开始竞选
2022/05/03 19:36:11 2 选举超时,开始新一轮选举
2022/05/03 19:36:11 2 节点转变为Candidate
2022/05/03 19:36:11 2 任期为4 重置选举超时时间 为 399000000
2022/05/03 19:36:11 2 开始竞选
2022/05/03 19:36:11 0 发送心跳
2022/05/03 19:36:11 1 选举超时,开始新一轮选举
2022/05/03 19:36:11 1 节点转变为Candidate
2022/05/03 19:36:11 1 任期为4 重置选举超时时间 为 372000000
2022/05/03 19:36:11 1 开始竞选
2022/05/03 19:36:11 6 选举超时,开始新一轮选举
2022/05/03 19:36:11 6 节点转变为Candidate
2022/05/03 19:36:11 6 任期为4 重置选举超时时间 为 355000000
2022/05/03 19:36:11 6 开始竞选
2022/05/03 19:36:11 0 发送心跳
2022/05/03 19:36:11 5 选举超时,开始新一轮选举
2022/05/03 19:36:11 5 节点转变为Candidate
2022/05/03 19:36:11 5 任期为4 重置选举超时时间 为 255000000
2022/05/03 19:36:11 5 开始竞选
2022/05/03 19:36:11 0 发送心跳
2022/05/03 19:36:11 4 选举超时,开始新一轮选举
2022/05/03 19:36:11 4 节点转变为Candidate
2022/05/03 19:36:11 4 任期为4 重置选举超时时间 为 351000000
2022/05/03 19:36:11 4 开始竞选
2022/05/03 19:36:11 3 选举超时,开始新一轮选举
2022/05/03 19:36:11 3 节点转变为Candidate
2022/05/03 19:36:11 3 任期为5 重置选举超时时间 为 273000000
2022/05/03 19:36:11 3 开始竞选
2022/05/03 19:36:11 0 发送心跳
2022/05/03 19:36:11 5 选举超时,开始新一轮选举
2022/05/03 19:36:11 5 节点转变为Candidate
2022/05/03 19:36:11 5 任期为5 重置选举超时时间 为 280000000
2022/05/03 19:36:11 5 开始竞选
2022/05/03 19:36:11 2 选举超时,开始新一轮选举
2022/05/03 19:36:11 2 节点转变为Candidate
2022/05/03 19:36:11 2 任期为5 重置选举超时时间 为 347000000
2022/05/03 19:36:11 2 开始竞选
2022/05/03 19:36:11 0 发送心跳
2022/05/03 19:36:11 1 选举超时,开始新一轮选举
2022/05/03 19:36:11 1 节点转变为Candidate
2022/05/03 19:36:11 1 任期为5 重置选举超时时间 为 211000000
2022/05/03 19:36:11 1 开始竞选
2022/05/03 19:36:11 6 选举超时,开始新一轮选举
2022/05/03 19:36:11 6 节点转变为Candidate
2022/05/03 19:36:11 6 任期为5 重置选举超时时间 为 253000000
2022/05/03 19:36:11 6 开始竞选
2022/05/03 19:36:11 0 发送心跳
2022/05/03 19:36:11 3 选举超时,开始新一轮选举
2022/05/03 19:36:11 3 节点转变为Candidate
2022/05/03 19:36:11 3 任期为6 重置选举超时时间 为 342000000
2022/05/03 19:36:11 3 开始竞选
2022/05/03 19:36:11 4 选举超时,开始新一轮选举
2022/05/03 19:36:11 4 节点转变为Candidate
2022/05/03 19:36:11 4 任期为5 重置选举超时时间 为 278000000
2022/05/03 19:36:11 4 开始竞选
2022/05/03 19:36:12 0 发送心跳
2022/05/03 19:36:12 1 选举超时,开始新一轮选举
2022/05/03 19:36:12 1 节点转变为Candidate
2022/05/03 19:36:12 1 任期为6 重置选举超时时间 为 247000000
2022/05/03 19:36:12 1 开始竞选
2022/05/03 19:36:12 5 选举超时,开始新一轮选举
2022/05/03 19:36:12 5 节点转变为Candidate
2022/05/03 19:36:12 5 任期为6 重置选举超时时间 为 235000000
2022/05/03 19:36:12 5 开始竞选
2022/05/03 19:36:12 0 发送心跳
2022/05/03 19:36:12 6 选举超时,开始新一轮选举
2022/05/03 19:36:12 6 节点转变为Candidate
2022/05/03 19:36:12 6 任期为6 重置选举超时时间 为 275000000
2022/05/03 19:36:12 6 开始竞选
2022/05/03 19:36:12 2 选举超时,开始新一轮选举
2022/05/03 19:36:12 2 节点转变为Candidate
2022/05/03 19:36:12 2 任期为6 重置选举超时时间 为 355000000
2022/05/03 19:36:12 2 开始竞选
2022/05/03 19:36:12 0 发送心跳
2022/05/03 19:36:12 4 选举超时,开始新一轮选举
2022/05/03 19:36:12 4 节点转变为Candidate
2022/05/03 19:36:12 4 任期为6 重置选举超时时间 为 221000000
2022/05/03 19:36:12 4 开始竞选
2022/05/03 19:36:12 1 选举超时,开始新一轮选举
2022/05/03 19:36:12 1 节点转变为Candidate
2022/05/03 19:36:12 1 任期为7 重置选举超时时间 为 382000000
2022/05/03 19:36:12 1 开始竞选
2022/05/03 19:36:12 3 选举超时,开始新一轮选举
2022/05/03 19:36:12 3 节点转变为Candidate
2022/05/03 19:36:12 3 任期为7 重置选举超时时间 为 239000000
2022/05/03 19:36:12 3 开始竞选
2022/05/03 19:36:12 0 发送心跳
2022/05/03 19:36:12 5 选举超时,开始新一轮选举
2022/05/03 19:36:12 5 节点转变为Candidate
2022/05/03 19:36:12 5 任期为7 重置选举超时时间 为 385000000
2022/05/03 19:36:12 5 开始竞选
2022/05/03 19:36:12 6 选举超时,开始新一轮选举
2022/05/03 19:36:12 6 节点转变为Candidate
2022/05/03 19:36:12 6 任期为7 重置选举超时时间 为 206000000
2022/05/03 19:36:12 6 开始竞选
2022/05/03 19:36:12 0 发送心跳
2022/05/03 19:36:12 4 选举超时,开始新一轮选举
2022/05/03 19:36:12 4 节点转变为Candidate
2022/05/03 19:36:12 4 任期为7 重置选举超时时间 为 232000000
2022/05/03 19:36:12 4 开始竞选
2022/05/03 19:36:12 2 选举超时,开始新一轮选举
2022/05/03 19:36:12 2 节点转变为Candidate
2022/05/03 19:36:12 2 任期为7 重置选举超时时间 为 343000000
2022/05/03 19:36:12 2 开始竞选
2022/05/03 19:36:12 0 发送心跳
2022/05/03 19:36:12 3 选举超时,开始新一轮选举
2022/05/03 19:36:12 3 节点转变为Candidate
2022/05/03 19:36:12 3 任期为8 重置选举超时时间 为 295000000
2022/05/03 19:36:12 3 开始竞选
2022/05/03 19:36:12 6 选举超时,开始新一轮选举
2022/05/03 19:36:12 6 节点转变为Candidate
2022/05/03 19:36:12 6 任期为8 重置选举超时时间 为 277000000
2022/05/03 19:36:12 6 开始竞选
2022/05/03 19:36:12 0 发送心跳
2022/05/03 19:36:12 1 选举超时,开始新一轮选举
2022/05/03 19:36:12 1 节点转变为Candidate
2022/05/03 19:36:12 1 任期为8 重置选举超时时间 为 250000000
2022/05/03 19:36:12 1 开始竞选
2022/05/03 19:36:12 4 选举超时,开始新一轮选举
2022/05/03 19:36:12 4 节点转变为Candidate
2022/05/03 19:36:12 4 任期为8 重置选举超时时间 为 376000000
2022/05/03 19:36:12 4 开始竞选
2022/05/03 19:36:12 5 选举超时,开始新一轮选举
2022/05/03 19:36:12 5 节点转变为Candidate
2022/05/03 19:36:12 5 任期为8 重置选举超时时间 为 394000000
2022/05/03 19:36:12 5 开始竞选
2022/05/03 19:36:12 0 发送心跳
2022/05/03 19:36:12 0 发送心跳
2022/05/03 19:36:12 3 选举超时,开始新一轮选举
2022/05/03 19:36:12 3 节点转变为Candidate
2022/05/03 19:36:12 3 任期为9 重置选举超时时间 为 297000000
2022/05/03 19:36:12 3 开始竞选
2022/05/03 19:36:12 2 选举超时,开始新一轮选举
2022/05/03 19:36:12 2 节点转变为Candidate
2022/05/03 19:36:12 2 任期为8 重置选举超时时间 为 239000000
2022/05/03 19:36:12 2 开始竞选
2022/05/03 19:36:12 6 选举超时,开始新一轮选举
2022/05/03 19:36:12 6 节点转变为Candidate
2022/05/03 19:36:12 6 任期为9 重置选举超时时间 为 291000000
2022/05/03 19:36:12 6 开始竞选
2022/05/03 19:36:12 1 选举超时,开始新一轮选举
2022/05/03 19:36:12 1 节点转变为Candidate
2022/05/03 19:36:12 1 任期为9 重置选举超时时间 为 245000000
2022/05/03 19:36:12 1 开始竞选
2022/05/03 19:36:12 0 发送心跳
2022/05/03 19:36:13 0 发送心跳
2022/05/03 19:36:13 4 选举超时,开始新一轮选举
2022/05/03 19:36:13 4 节点转变为Candidate
2022/05/03 19:36:13 4 任期为9 重置选举超时时间 为 397000000
2022/05/03 19:36:13 4 开始竞选
2022/05/03 19:36:13 2 选举超时,开始新一轮选举
2022/05/03 19:36:13 2 节点转变为Candidate
2022/05/03 19:36:13 2 任期为9 重置选举超时时间 为 360000000
2022/05/03 19:36:13 2 开始竞选
2022/05/03 19:36:13 5 选举超时,开始新一轮选举
2022/05/03 19:36:13 5 节点转变为Candidate
2022/05/03 19:36:13 5 任期为9 重置选举超时时间 为 227000000
2022/05/03 19:36:13 5 开始竞选
2022/05/03 19:36:13 0 发送心跳
2022/05/03 19:36:13 3 选举超时,开始新一轮选举
2022/05/03 19:36:13 3 节点转变为Candidate
2022/05/03 19:36:13 3 任期为10 重置选举超时时间 为 383000000
2022/05/03 19:36:13 3 开始竞选
2022/05/03 19:36:13 1 选举超时,开始新一轮选举
2022/05/03 19:36:13 1 节点转变为Candidate
2022/05/03 19:36:13 1 任期为10 重置选举超时时间 为 322000000
2022/05/03 19:36:13 1 开始竞选
2022/05/03 19:36:13 6 选举超时,开始新一轮选举
2022/05/03 19:36:13 6 节点转变为Candidate
2022/05/03 19:36:13 6 任期为10 重置选举超时时间 为 312000000
2022/05/03 19:36:13 6 开始竞选
2022/05/03 19:36:13 0 发送心跳
2022/05/03 19:36:13 0 发送心跳
2022/05/03 19:36:13 5 选举超时,开始新一轮选举
2022/05/03 19:36:13 5 节点转变为Candidate
2022/05/03 19:36:13 5 任期为10 重置选举超时时间 为 271000000
2022/05/03 19:36:13 5 开始竞选
2022/05/03 19:36:13 0 发送心跳
2022/05/03 19:36:13 2 选举超时,开始新一轮选举
2022/05/03 19:36:13 2 节点转变为Candidate
2022/05/03 19:36:13 2 任期为10 重置选举超时时间 为 246000000
2022/05/03 19:36:13 2 开始竞选
2022/05/03 19:36:13 4 选举超时,开始新一轮选举
2022/05/03 19:36:13 4 节点转变为Candidate
2022/05/03 19:36:13 4 任期为10 重置选举超时时间 为 338000000
2022/05/03 19:36:13 4 开始竞选
2022/05/03 19:36:13 1 选举超时,开始新一轮选举
2022/05/03 19:36:13 1 节点转变为Candidate
2022/05/03 19:36:13 1 任期为11 重置选举超时时间 为 278000000
2022/05/03 19:36:13 1 开始竞选
2022/05/03 19:36:13 6 选举超时,开始新一轮选举
2022/05/03 19:36:13 6 节点转变为Candidate
2022/05/03 19:36:13 6 任期为11 重置选举超时时间 为 270000000
2022/05/03 19:36:13 6 开始竞选
2022/05/03 19:36:13 3 选举超时,开始新一轮选举
2022/05/03 19:36:13 3 节点转变为Candidate
2022/05/03 19:36:13 3 任期为11 重置选举超时时间 为 344000000
2022/05/03 19:36:13 3 开始竞选
2022/05/03 19:36:13 0 发送心跳
2022/05/03 19:36:13 5 选举超时,开始新一轮选举
2022/05/03 19:36:13 5 节点转变为Candidate
2022/05/03 19:36:13 5 任期为11 重置选举超时时间 为 359000000
2022/05/03 19:36:13 5 开始竞选
2022/05/03 19:36:13 0 发送心跳
2022/05/03 19:36:13 2 选举超时,开始新一轮选举
2022/05/03 19:36:13 2 节点转变为Candidate
2022/05/03 19:36:13 2 任期为11 重置选举超时时间 为 231000000
2022/05/03 19:36:13 2 开始竞选
2022/05/03 19:36:13 0 发送心跳
2022/05/03 19:36:13 6 选举超时,开始新一轮选举
2022/05/03 19:36:13 6 节点转变为Candidate
2022/05/03 19:36:13 6 任期为12 重置选举超时时间 为 223000000
2022/05/03 19:36:13 6 开始竞选
2022/05/03 19:36:13 1 选举超时,开始新一轮选举
2022/05/03 19:36:13 1 节点转变为Candidate
2022/05/03 19:36:13 1 任期为12 重置选举超时时间 为 214000000
2022/05/03 19:36:13 1 开始竞选
2022/05/03 19:36:13 4 选举超时,开始新一轮选举
2022/05/03 19:36:13 4 节点转变为Candidate
2022/05/03 19:36:13 4 任期为11 重置选举超时时间 为 240000000
2022/05/03 19:36:13 4 开始竞选
2022/05/03 19:36:13 0 发送心跳
2022/05/03 19:36:13 3 选举超时,开始新一轮选举
2022/05/03 19:36:13 3 节点转变为Candidate
2022/05/03 19:36:13 3 任期为12 重置选举超时时间 为 207000000
2022/05/03 19:36:13 3 开始竞选
2022/05/03 19:36:13 0 发送心跳
2022/05/03 19:36:13 2 选举超时,开始新一轮选举
2022/05/03 19:36:13 2 节点转变为Candidate
2022/05/03 19:36:13 2 任期为12 重置选举超时时间 为 321000000
2022/05/03 19:36:13 2 开始竞选
2022/05/03 19:36:13 5 选举超时,开始新一轮选举
2022/05/03 19:36:13 5 节点转变为Candidate
2022/05/03 19:36:13 5 任期为12 重置选举超时时间 为 260000000
2022/05/03 19:36:13 5 开始竞选
2022/05/03 19:36:13 1 选举超时,开始新一轮选举
2022/05/03 19:36:13 1 节点转变为Candidate
2022/05/03 19:36:13 1 任期为13 重置选举超时时间 为 304000000
2022/05/03 19:36:13 1 开始竞选
2022/05/03 19:36:14 6 选举超时,开始新一轮选举
2022/05/03 19:36:14 6 节点转变为Candidate
2022/05/03 19:36:14 6 任期为13 重置选举超时时间 为 301000000
2022/05/03 19:36:14 6 开始竞选
2022/05/03 19:36:14 0 发送心跳
2022/05/03 19:36:14 4 选举超时,开始新一轮选举
2022/05/03 19:36:14 4 节点转变为Candidate
2022/05/03 19:36:14 4 任期为12 重置选举超时时间 为 324000000
2022/05/03 19:36:14 4 开始竞选
2022/05/03 19:36:14 3 选举超时,开始新一轮选举
2022/05/03 19:36:14 3 节点转变为Candidate
2022/05/03 19:36:14 3 任期为13 重置选举超时时间 为 307000000
2022/05/03 19:36:14 3 开始竞选
2022/05/03 19:36:14 0 发送心跳
2022/05/03 19:36:14 5 选举超时,开始新一轮选举
2022/05/03 19:36:14 5 节点转变为Candidate
2022/05/03 19:36:14 5 任期为13 重置选举超时时间 为 307000000
2022/05/03 19:36:14 5 开始竞选
2022/05/03 19:36:14 0 发送心跳
2022/05/03 19:36:14 2 选举超时,开始新一轮选举
2022/05/03 19:36:14 2 节点转变为Candidate
2022/05/03 19:36:14 2 任期为13 重置选举超时时间 为 255000000
2022/05/03 19:36:14 2 开始竞选
2022/05/03 19:36:14 1 选举超时,开始新一轮选举
2022/05/03 19:36:14 1 节点转变为Candidate
2022/05/03 19:36:14 1 任期为14 重置选举超时时间 为 365000000
2022/05/03 19:36:14 1 开始竞选
2022/05/03 19:36:14 6 选举超时,开始新一轮选举
2022/05/03 19:36:14 6 节点转变为Candidate
2022/05/03 19:36:14 6 任期为14 重置选举超时时间 为 333000000
2022/05/03 19:36:14 6 开始竞选
2022/05/03 19:36:14 0 发送心跳
2022/05/03 19:36:14 3 选举超时,开始新一轮选举
2022/05/03 19:36:14 3 节点转变为Candidate
2022/05/03 19:36:14 3 任期为14 重置选举超时时间 为 320000000
2022/05/03 19:36:14 3 开始竞选
2022/05/03 19:36:14 4 选举超时,开始新一轮选举
2022/05/03 19:36:14 4 节点转变为Candidate
2022/05/03 19:36:14 4 任期为13 重置选举超时时间 为 208000000
2022/05/03 19:36:14 4 开始竞选
2022/05/03 19:36:14 0 发送心跳
2022/05/03 19:36:14 2 选举超时,开始新一轮选举
2022/05/03 19:36:14 2 节点转变为Candidate
2022/05/03 19:36:14 2 任期为14 重置选举超时时间 为 376000000
2022/05/03 19:36:14 2 开始竞选
2022/05/03 19:36:14 5 选举超时,开始新一轮选举
2022/05/03 19:36:14 5 节点转变为Candidate
2022/05/03 19:36:14 5 任期为14 重置选举超时时间 为 296000000
2022/05/03 19:36:14 5 开始竞选
2022/05/03 19:36:14 0 发送心跳
2022/05/03 19:36:14 4 选举超时,开始新一轮选举
2022/05/03 19:36:14 4 节点转变为Candidate
2022/05/03 19:36:14 4 任期为14 重置选举超时时间 为 308000000
2022/05/03 19:36:14 4 开始竞选
2022/05/03 19:36:14 6 选举超时,开始新一轮选举
2022/05/03 19:36:14 6 节点转变为Candidate
2022/05/03 19:36:14 6 任期为15 重置选举超时时间 为 381000000
2022/05/03 19:36:14 6 开始竞选
2022/05/03 19:36:14 0 发送心跳
2022/05/03 19:36:14 1 选举超时,开始新一轮选举
2022/05/03 19:36:14 1 节点转变为Candidate
2022/05/03 19:36:14 1 任期为15 重置选举超时时间 为 295000000
2022/05/03 19:36:14 1 开始竞选
2022/05/03 19:36:14 3 选举超时,开始新一轮选举
2022/05/03 19:36:14 3 节点转变为Candidate
2022/05/03 19:36:14 3 任期为15 重置选举超时时间 为 366000000
2022/05/03 19:36:14 3 开始竞选
2022/05/03 19:36:14 0 发送心跳
2022/05/03 19:36:14 5 选举超时,开始新一轮选举
2022/05/03 19:36:14 5 节点转变为Candidate
2022/05/03 19:36:14 5 任期为15 重置选举超时时间 为 350000000
2022/05/03 19:36:14 5 开始竞选
2022/05/03 19:36:14 0 发送心跳
2022/05/03 19:36:14 2 选举超时,开始新一轮选举
2022/05/03 19:36:14 2 节点转变为Candidate
2022/05/03 19:36:14 2 任期为15 重置选举超时时间 为 248000000
2022/05/03 19:36:14 2 开始竞选
2022/05/03 19:36:14 4 选举超时,开始新一轮选举
2022/05/03 19:36:14 4 节点转变为Candidate
2022/05/03 19:36:14 4 任期为15 重置选举超时时间 为 394000000
2022/05/03 19:36:14 4 开始竞选
2022/05/03 19:36:14 0 发送心跳
2022/05/03 19:36:14 1 选举超时,开始新一轮选举
2022/05/03 19:36:14 1 节点转变为Candidate
2022/05/03 19:36:14 1 任期为16 重置选举超时时间 为 381000000
2022/05/03 19:36:14 1 开始竞选
2022/05/03 19:36:15 6 选举超时,开始新一轮选举
2022/05/03 19:36:15 6 节点转变为Candidate
2022/05/03 19:36:15 6 任期为16 重置选举超时时间 为 241000000
2022/05/03 19:36:15 6 开始竞选
2022/05/03 19:36:15 0 发送心跳
2022/05/03 19:36:15 3 选举超时,开始新一轮选举
2022/05/03 19:36:15 3 节点转变为Candidate
2022/05/03 19:36:15 3 任期为16 重置选举超时时间 为 387000000
2022/05/03 19:36:15 3 开始竞选
2022/05/03 19:36:15 0 发送心跳
2022/05/03 19:36:15 2 选举超时,开始新一轮选举
2022/05/03 19:36:15 2 节点转变为Candidate
2022/05/03 19:36:15 2 任期为16 重置选举超时时间 为 343000000
2022/05/03 19:36:15 2 开始竞选
2022/05/03 19:36:15 5 选举超时,开始新一轮选举
2022/05/03 19:36:15 5 节点转变为Candidate
2022/05/03 19:36:15 5 任期为16 重置选举超时时间 为 288000000
2022/05/03 19:36:15 5 开始竞选
2022/05/03 19:36:15 6 选举超时,开始新一轮选举
2022/05/03 19:36:15 6 节点转变为Candidate
2022/05/03 19:36:15 6 任期为17 重置选举超时时间 为 339000000
2022/05/03 19:36:15 6 开始竞选
2022/05/03 19:36:15 0 发送心跳
2022/05/03 19:36:15 4 选举超时,开始新一轮选举
2022/05/03 19:36:15 4 节点转变为Candidate
2022/05/03 19:36:15 4 任期为16 重置选举超时时间 为 261000000
2022/05/03 19:36:15 4 开始竞选
2022/05/03 19:36:15 1 选举超时,开始新一轮选举
2022/05/03 19:36:15 1 节点转变为Candidate
2022/05/03 19:36:15 1 任期为17 重置选举超时时间 为 288000000
2022/05/03 19:36:15 1 开始竞选
2022/05/03 19:36:15 0 发送心跳
2022/05/03 19:36:15 0 发送心跳
2022/05/03 19:36:15 3 选举超时,开始新一轮选举
2022/05/03 19:36:15 3 节点转变为Candidate
2022/05/03 19:36:15 3 任期为17 重置选举超时时间 为 380000000
2022/05/03 19:36:15 3 开始竞选
2022/05/03 19:36:15 5 选举超时,开始新一轮选举
2022/05/03 19:36:15 5 节点转变为Candidate
2022/05/03 19:36:15 5 任期为17 重置选举超时时间 为 324000000
2022/05/03 19:36:15 5 开始竞选
2022/05/03 19:36:15 2 选举超时,开始新一轮选举
2022/05/03 19:36:15 2 节点转变为Candidate
2022/05/03 19:36:15 2 任期为17 重置选举超时时间 为 358000000
2022/05/03 19:36:15 2 开始竞选
2022/05/03 19:36:15 0 发送心跳
2022/05/03 19:36:15 4 选举超时,开始新一轮选举
2022/05/03 19:36:15 4 节点转变为Candidate
2022/05/03 19:36:15 4 任期为17 重置选举超时时间 为 265000000
2022/05/03 19:36:15 4 开始竞选
2022/05/03 19:36:15 6 选举超时,开始新一轮选举
2022/05/03 19:36:15 6 节点转变为Candidate
2022/05/03 19:36:15 6 任期为18 重置选举超时时间 为 331000000
2022/05/03 19:36:15 6 开始竞选
2022/05/03 19:36:15 1 选举超时,开始新一轮选举
2022/05/03 19:36:15 1 节点转变为Candidate
2022/05/03 19:36:15 1 任期为18 重置选举超时时间 为 319000000
2022/05/03 19:36:15 1 开始竞选
2022/05/03 19:36:15 0 发送心跳
2022/05/03 19:36:15 0 发送心跳
2022/05/03 19:36:15 5 选举超时,开始新一轮选举
2022/05/03 19:36:15 5 节点转变为Candidate
2022/05/03 19:36:15 5 任期为18 重置选举超时时间 为 399000000
2022/05/03 19:36:15 5 开始竞选
2022/05/03 19:36:15 4 选举超时,开始新一轮选举
2022/05/03 19:36:15 4 节点转变为Candidate
2022/05/03 19:36:15 4 任期为18 重置选举超时时间 为 379000000
2022/05/03 19:36:15 4 开始竞选
2022/05/03 19:36:15 3 选举超时,开始新一轮选举
2022/05/03 19:36:15 3 节点转变为Candidate
2022/05/03 19:36:15 3 任期为18 重置选举超时时间 为 393000000
2022/05/03 19:36:15 3 开始竞选
2022/05/03 19:36:15 2 选举超时,开始新一轮选举
2022/05/03 19:36:15 2 节点转变为Candidate
2022/05/03 19:36:15 2 任期为18 重置选举超时时间 为 316000000
2022/05/03 19:36:15 2 开始竞选
2022/05/03 19:36:15 0 发送心跳
2022/05/03 19:36:15 6 选举超时,开始新一轮选举
2022/05/03 19:36:15 6 节点转变为Candidate
2022/05/03 19:36:15 6 任期为19 重置选举超时时间 为 375000000
2022/05/03 19:36:15 6 开始竞选
2022/05/03 19:36:15 1 选举超时,开始新一轮选举
2022/05/03 19:36:15 1 节点转变为Candidate
2022/05/03 19:36:15 1 任期为19 重置选举超时时间 为 380000000
2022/05/03 19:36:15 1 开始竞选
2022/05/03 19:36:15 0 发送心跳
2022/05/03 19:36:16 0 发送心跳
2022/05/03 19:36:16 0 发送心跳
2022/05/03 19:36:16 2 选举超时,开始新一轮选举
2022/05/03 19:36:16 2 节点转变为Candidate
2022/05/03 19:36:16 2 任期为19 重置选举超时时间 为 388000000
2022/05/03 19:36:16 2 开始竞选
2022/05/03 19:36:16 5 选举超时,开始新一轮选举
2022/05/03 19:36:16 5 节点转变为Candidate
2022/05/03 19:36:16 5 任期为19 重置选举超时时间 为 288000000
2022/05/03 19:36:16 5 开始竞选
2022/05/03 19:36:16 4 选举超时,开始新一轮选举
2022/05/03 19:36:16 4 节点转变为Candidate
2022/05/03 19:36:16 4 任期为19 重置选举超时时间 为 306000000
2022/05/03 19:36:16 4 开始竞选
2022/05/03 19:36:16 3 选举超时,开始新一轮选举
2022/05/03 19:36:16 3 节点转变为Candidate
2022/05/03 19:36:16 3 任期为19 重置选举超时时间 为 355000000
2022/05/03 19:36:16 3 开始竞选
2022/05/03 19:36:16 0 发送心跳
2022/05/03 19:36:16 6 选举超时,开始新一轮选举
2022/05/03 19:36:16 6 节点转变为Candidate
2022/05/03 19:36:16 6 任期为20 重置选举超时时间 为 248000000
2022/05/03 19:36:16 6 开始竞选
2022/05/03 19:36:16 1 选举超时,开始新一轮选举
2022/05/03 19:36:16 1 节点转变为Candidate
2022/05/03 19:36:16 1 任期为20 重置选举超时时间 为 324000000
2022/05/03 19:36:16 1 开始竞选
2022/05/03 19:36:16 0 发送心跳
2022/05/03 19:36:16 0 发送心跳
2022/05/03 19:36:16 5 选举超时,开始新一轮选举
2022/05/03 19:36:16 5 节点转变为Candidate
2022/05/03 19:36:16 5 任期为20 重置选举超时时间 为 207000000
2022/05/03 19:36:16 5 开始竞选
2022/05/03 19:36:16 4 选举超时,开始新一轮选举
2022/05/03 19:36:16 4 节点转变为Candidate
2022/05/03 19:36:16 4 任期为20 重置选举超时时间 为 244000000
2022/05/03 19:36:16 4 开始竞选
2022/05/03 19:36:16 6 选举超时,开始新一轮选举
2022/05/03 19:36:16 6 节点转变为Candidate
2022/05/03 19:36:16 6 任期为21 重置选举超时时间 为 295000000
2022/05/03 19:36:16 6 开始竞选
2022/05/03 19:36:16 2 选举超时,开始新一轮选举
2022/05/03 19:36:16 2 节点转变为Candidate
2022/05/03 19:36:16 2 任期为20 重置选举超时时间 为 201000000
2022/05/03 19:36:16 2 开始竞选
2022/05/03 19:36:16 0 发送心跳
2022/05/03 19:36:16 3 选举超时,开始新一轮选举
2022/05/03 19:36:16 3 节点转变为Candidate
2022/05/03 19:36:16 3 任期为20 重置选举超时时间 为 268000000
2022/05/03 19:36:16 3 开始竞选
2022/05/03 19:36:16 1 选举超时,开始新一轮选举
2022/05/03 19:36:16 1 节点转变为Candidate
2022/05/03 19:36:16 1 任期为21 重置选举超时时间 为 384000000
2022/05/03 19:36:16 1 开始竞选
2022/05/03 19:36:16 0 发送心跳
2022/05/03 19:36:16 5 选举超时,开始新一轮选举
2022/05/03 19:36:16 5 节点转变为Candidate
2022/05/03 19:36:16 5 任期为21 重置选举超时时间 为 369000000
2022/05/03 19:36:16 5 开始竞选
2022/05/03 19:36:16 2 选举超时,开始新一轮选举
2022/05/03 19:36:16 2 节点转变为Candidate
2022/05/03 19:36:16 2 任期为21 重置选举超时时间 为 256000000
2022/05/03 19:36:16 2 开始竞选
2022/05/03 19:36:16 4 选举超时,开始新一轮选举
2022/05/03 19:36:16 4 节点转变为Candidate
2022/05/03 19:36:16 4 任期为21 重置选举超时时间 为 334000000
2022/05/03 19:36:16 4 开始竞选
2022/05/03 19:36:16 0 发送心跳
2022/05/03 19:36:16 6 选举超时,开始新一轮选举
2022/05/03 19:36:16 6 节点转变为Candidate
2022/05/03 19:36:16 6 任期为22 重置选举超时时间 为 321000000
2022/05/03 19:36:16 6 开始竞选
2022/05/03 19:36:16 3 选举超时,开始新一轮选举
2022/05/03 19:36:16 3 节点转变为Candidate
2022/05/03 19:36:16 3 任期为21 重置选举超时时间 为 210000000
2022/05/03 19:36:16 3 开始竞选
2022/05/03 19:36:16 0 发送心跳
2022/05/03 19:36:16 0 发送心跳
2022/05/03 19:36:17 2 选举超时,开始新一轮选举
2022/05/03 19:36:17 2 节点转变为Candidate
2022/05/03 19:36:17 2 任期为22 重置选举超时时间 为 346000000
2022/05/03 19:36:17 2 开始竞选
2022/05/03 19:36:17 1 选举超时,开始新一轮选举
2022/05/03 19:36:17 1 节点转变为Candidate
2022/05/03 19:36:17 1 任期为22 重置选举超时时间 为 368000000
2022/05/03 19:36:17 1 开始竞选
2022/05/03 19:36:17 0 发送心跳
2022/05/03 19:36:17 3 选举超时,开始新一轮选举
2022/05/03 19:36:17 3 节点转变为Candidate
2022/05/03 19:36:17 3 任期为22 重置选举超时时间 为 299000000
2022/05/03 19:36:17 3 开始竞选
2022/05/03 19:36:17 5 选举超时,开始新一轮选举
2022/05/03 19:36:17 5 节点转变为Candidate
2022/05/03 19:36:17 5 任期为22 重置选举超时时间 为 319000000
2022/05/03 19:36:17 5 开始竞选
2022/05/03 19:36:17 4 选举超时,开始新一轮选举
2022/05/03 19:36:17 4 节点转变为Candidate
2022/05/03 19:36:17 4 任期为22 重置选举超时时间 为 203000000
2022/05/03 19:36:17 4 开始竞选
2022/05/03 19:36:17 0 发送心跳
2022/05/03 19:36:17 6 选举超时,开始新一轮选举
2022/05/03 19:36:17 6 节点转变为Candidate
2022/05/03 19:36:17 6 任期为23 重置选举超时时间 为 383000000
2022/05/03 19:36:17 6 开始竞选
--- FAIL: TestManyElections2A (6.55s)
    config.go:460: expected one leader, got none
FAIL
exit status 1
FAIL	6.824/raft	15.155s
