2022/05/03 19:36:17 0 节点转变为Follower
2022/05/03 19:36:17 0 任期为1 重置心跳超时时间 为 351000000
2022/05/03 19:36:17 创建节点0成功
2022/05/03 19:36:17 1 节点转变为Follower
2022/05/03 19:36:17 1 任期为1 重置心跳超时时间 为 275000000
2022/05/03 19:36:17 创建节点1成功
2022/05/03 19:36:17 2 节点转变为Follower
2022/05/03 19:36:17 2 任期为1 重置心跳超时时间 为 212000000
2022/05/03 19:36:17 创建节点2成功
Test (2A): initial election ...
2022/05/03 19:36:18 2 心跳超时 212000000,转换为Candidate
2022/05/03 19:36:18 2 节点转变为Candidate
2022/05/03 19:36:18 2 任期为2 重置选举超时时间 为 267000000
2022/05/03 19:36:18 2 开始竞选
2022/05/03 19:36:18 1 节点转变为Follower
2022/05/03 19:36:18 0 节点转变为Follower
2022/05/03 19:36:18 2 节点转变为Leader
2022/05/03 19:36:18 0 任期为2 重置心跳超时时间 为 390000000
2022/05/03 19:36:18 1 任期为2 重置心跳超时时间 为 295000000
2022/05/03 19:36:18 1 收到心跳
2022/05/03 19:36:18 0 收到心跳
2022/05/03 19:36:18 1 任期为2 重置心跳超时时间 为 231000000
2022/05/03 19:36:18 0 任期为2 重置心跳超时时间 为 332000000
2022/05/03 19:36:18 1 心跳超时 231000000,转换为Candidate
2022/05/03 19:36:18 1 节点转变为Candidate
2022/05/03 19:36:18 1 任期为3 重置选举超时时间 为 366000000
2022/05/03 19:36:18 1 开始竞选
2022/05/03 19:36:18 2 选举超时,开始新一轮选举
2022/05/03 19:36:18 0 收到心跳
2022/05/03 19:36:18 0 任期为2 重置心跳超时时间 为 324000000
--- FAIL: TestInitialElection2A (0.52s)
    config.go:473: servers disagree on term
2022/05/03 19:36:18 0 节点转变为Follower
2022/05/03 19:36:18 0 任期为1 重置心跳超时时间 为 328000000
2022/05/03 19:36:18 创建节点0成功
2022/05/03 19:36:18 1 节点转变为Follower
2022/05/03 19:36:18 1 任期为1 重置心跳超时时间 为 363000000
2022/05/03 19:36:18 创建节点1成功
2022/05/03 19:36:18 2 节点转变为Follower
2022/05/03 19:36:18 2 任期为1 重置心跳超时时间 为 204000000
2022/05/03 19:36:18 创建节点2成功
Test (2A): election after network failure ...
2022/05/03 19:36:18 2 发送心跳
2022/05/03 19:36:18 2 心跳超时 204000000,转换为Candidate
2022/05/03 19:36:18 2 节点转变为Candidate
2022/05/03 19:36:18 2 任期为2 重置选举超时时间 为 266000000
2022/05/03 19:36:18 2 开始竞选
2022/05/03 19:36:18 1 节点转变为Follower
2022/05/03 19:36:18 0 节点转变为Follower
2022/05/03 19:36:18 0 任期为2 重置心跳超时时间 为 324000000
2022/05/03 19:36:18 2 节点转变为Leader
2022/05/03 19:36:18 1 任期为2 重置心跳超时时间 为 382000000
2022/05/03 19:36:18 1 收到心跳
2022/05/03 19:36:18 0 收到心跳
2022/05/03 19:36:18 1 任期为2 重置心跳超时时间 为 230000000
2022/05/03 19:36:18 0 任期为2 重置心跳超时时间 为 291000000
2022/05/03 19:36:18 0 心跳超时 324000000,转换为Candidate
2022/05/03 19:36:18 0 节点转变为Candidate
2022/05/03 19:36:18 0 任期为3 重置选举超时时间 为 342000000
2022/05/03 19:36:18 0 开始竞选
2022/05/03 19:36:18 1 选举超时,开始新一轮选举
2022/05/03 19:36:18 1 节点转变为Candidate
2022/05/03 19:36:18 1 任期为4 重置选举超时时间 为 380000000
2022/05/03 19:36:18 1 开始竞选
2022/05/03 19:36:18 1 心跳超时 230000000,转换为Candidate
2022/05/03 19:36:18 1 节点转变为Candidate
2022/05/03 19:36:18 1 任期为3 重置选举超时时间 为 337000000
2022/05/03 19:36:18 1 开始竞选
2022/05/03 19:36:18 2 选举超时,开始新一轮选举
2022/05/03 19:36:18 0 收到心跳
2022/05/03 19:36:18 0 任期为2 重置心跳超时时间 为 377000000
2022/05/03 19:36:18 2 发送心跳
2022/05/03 19:36:19 2 发送心跳
2022/05/03 19:36:19 1 选举超时,开始新一轮选举
2022/05/03 19:36:19 1 节点转变为Candidate
2022/05/03 19:36:19 1 任期为4 重置选举超时时间 为 330000000
2022/05/03 19:36:19 2 发送心跳
2022/05/03 19:36:19 1 开始竞选
2022/05/03 19:36:19 0 心跳超时 377000000,转换为Candidate
2022/05/03 19:36:19 0 节点转变为Candidate
2022/05/03 19:36:19 0 任期为3 重置选举超时时间 为 200000000
2022/05/03 19:36:19 0 开始竞选
2022/05/03 19:36:19 2 发送心跳
2022/05/03 19:36:19 2 发送心跳
2022/05/03 19:36:19 0 选举超时,开始新一轮选举
2022/05/03 19:36:19 0 节点转变为Candidate
2022/05/03 19:36:19 0 任期为4 重置选举超时时间 为 357000000
2022/05/03 19:36:19 0 开始竞选
2022/05/03 19:36:19 2 发送心跳
2022/05/03 19:36:19 1 选举超时,开始新一轮选举
2022/05/03 19:36:19 1 节点转变为Candidate
2022/05/03 19:36:19 1 任期为5 重置选举超时时间 为 379000000
2022/05/03 19:36:19 1 开始竞选
2022/05/03 19:36:19 2 发送心跳
2022/05/03 19:36:19 2 发送心跳
2022/05/03 19:36:19 2 发送心跳
2022/05/03 19:36:19 0 选举超时,开始新一轮选举
2022/05/03 19:36:19 0 节点转变为Candidate
2022/05/03 19:36:19 0 任期为5 重置选举超时时间 为 280000000
2022/05/03 19:36:19 0 开始竞选
2022/05/03 19:36:19 2 发送心跳
2022/05/03 19:36:19 1 选举超时,开始新一轮选举
2022/05/03 19:36:19 1 节点转变为Candidate
2022/05/03 19:36:19 1 任期为6 重置选举超时时间 为 340000000
2022/05/03 19:36:19 1 开始竞选
2022/05/03 19:36:19 2 发送心跳
2022/05/03 19:36:20 2 发送心跳
2022/05/03 19:36:20 0 选举超时,开始新一轮选举
2022/05/03 19:36:20 0 节点转变为Candidate
2022/05/03 19:36:20 0 任期为6 重置选举超时时间 为 286000000
2022/05/03 19:36:20 0 开始竞选
2022/05/03 19:36:20 2 发送心跳
2022/05/03 19:36:20 1 选举超时,开始新一轮选举
2022/05/03 19:36:20 1 节点转变为Candidate
2022/05/03 19:36:20 1 任期为7 重置选举超时时间 为 227000000
2022/05/03 19:36:20 1 开始竞选
2022/05/03 19:36:20 2 发送心跳
2022/05/03 19:36:20 0 选举超时,开始新一轮选举
2022/05/03 19:36:20 0 节点转变为Candidate
2022/05/03 19:36:20 0 任期为7 重置选举超时时间 为 316000000
2022/05/03 19:36:20 0 开始竞选
2022/05/03 19:36:20 2 发送心跳
2022/05/03 19:36:20 1 选举超时,开始新一轮选举
2022/05/03 19:36:20 1 节点转变为Candidate
2022/05/03 19:36:20 1 任期为8 重置选举超时时间 为 334000000
2022/05/03 19:36:20 1 开始竞选
2022/05/03 19:36:20 2 发送心跳
2022/05/03 19:36:20 2 发送心跳
2022/05/03 19:36:20 2 发送心跳
2022/05/03 19:36:20 0 选举超时,开始新一轮选举
2022/05/03 19:36:20 0 节点转变为Candidate
2022/05/03 19:36:20 0 任期为8 重置选举超时时间 为 390000000
2022/05/03 19:36:20 0 开始竞选
2022/05/03 19:36:20 2 发送心跳
2022/05/03 19:36:20 1 选举超时,开始新一轮选举
2022/05/03 19:36:20 1 节点转变为Candidate
2022/05/03 19:36:20 1 任期为9 重置选举超时时间 为 336000000
2022/05/03 19:36:20 1 开始竞选
2022/05/03 19:36:20 2 发送心跳
2022/05/03 19:36:20 2 发送心跳
2022/05/03 19:36:21 0 选举超时,开始新一轮选举
2022/05/03 19:36:21 0 节点转变为Candidate
2022/05/03 19:36:21 0 任期为9 重置选举超时时间 为 360000000
2022/05/03 19:36:21 0 开始竞选
2022/05/03 19:36:21 2 发送心跳
2022/05/03 19:36:21 1 选举超时,开始新一轮选举
2022/05/03 19:36:21 1 节点转变为Candidate
2022/05/03 19:36:21 1 任期为10 重置选举超时时间 为 215000000
2022/05/03 19:36:21 1 开始竞选
2022/05/03 19:36:21 2 发送心跳
2022/05/03 19:36:21 2 发送心跳
2022/05/03 19:36:21 1 选举超时,开始新一轮选举
2022/05/03 19:36:21 1 节点转变为Candidate
2022/05/03 19:36:21 1 任期为11 重置选举超时时间 为 288000000
2022/05/03 19:36:21 1 开始竞选
2022/05/03 19:36:21 2 发送心跳
2022/05/03 19:36:21 0 选举超时,开始新一轮选举
2022/05/03 19:36:21 0 节点转变为Candidate
2022/05/03 19:36:21 0 任期为10 重置选举超时时间 为 359000000
2022/05/03 19:36:21 0 开始竞选
2022/05/03 19:36:21 2 发送心跳
2022/05/03 19:36:21 2 发送心跳
2022/05/03 19:36:21 1 选举超时,开始新一轮选举
2022/05/03 19:36:21 1 节点转变为Candidate
2022/05/03 19:36:21 1 任期为12 重置选举超时时间 为 226000000
2022/05/03 19:36:21 1 开始竞选
2022/05/03 19:36:21 2 发送心跳
2022/05/03 19:36:21 2 发送心跳
2022/05/03 19:36:21 0 选举超时,开始新一轮选举
2022/05/03 19:36:21 0 节点转变为Candidate
2022/05/03 19:36:21 0 任期为11 重置选举超时时间 为 276000000
2022/05/03 19:36:21 0 开始竞选
2022/05/03 19:36:21 1 选举超时,开始新一轮选举
2022/05/03 19:36:21 1 节点转变为Candidate
2022/05/03 19:36:21 1 任期为13 重置选举超时时间 为 286000000
2022/05/03 19:36:21 1 开始竞选
2022/05/03 19:36:21 2 发送心跳
2022/05/03 19:36:21 2 发送心跳
2022/05/03 19:36:22 0 选举超时,开始新一轮选举
2022/05/03 19:36:22 0 节点转变为Candidate
2022/05/03 19:36:22 0 任期为12 重置选举超时时间 为 380000000
2022/05/03 19:36:22 0 开始竞选
2022/05/03 19:36:22 2 发送心跳
2022/05/03 19:36:22 1 选举超时,开始新一轮选举
2022/05/03 19:36:22 1 节点转变为Candidate
2022/05/03 19:36:22 1 任期为14 重置选举超时时间 为 313000000
2022/05/03 19:36:22 1 开始竞选
2022/05/03 19:36:22 2 发送心跳
2022/05/03 19:36:22 2 发送心跳
2022/05/03 19:36:22 2 发送心跳
2022/05/03 19:36:22 1 选举超时,开始新一轮选举
2022/05/03 19:36:22 1 节点转变为Candidate
2022/05/03 19:36:22 1 任期为15 重置选举超时时间 为 363000000
2022/05/03 19:36:22 1 开始竞选
2022/05/03 19:36:22 0 选举超时,开始新一轮选举
2022/05/03 19:36:22 0 节点转变为Candidate
2022/05/03 19:36:22 0 任期为13 重置选举超时时间 为 311000000
2022/05/03 19:36:22 0 开始竞选
2022/05/03 19:36:22 2 发送心跳
2022/05/03 19:36:22 2 发送心跳
2022/05/03 19:36:22 2 发送心跳
2022/05/03 19:36:22 0 选举超时,开始新一轮选举
2022/05/03 19:36:22 0 节点转变为Candidate
2022/05/03 19:36:22 0 任期为14 重置选举超时时间 为 343000000
2022/05/03 19:36:22 0 开始竞选
2022/05/03 19:36:22 2 发送心跳
2022/05/03 19:36:22 1 选举超时,开始新一轮选举
2022/05/03 19:36:22 1 节点转变为Candidate
2022/05/03 19:36:22 1 任期为16 重置选举超时时间 为 301000000
2022/05/03 19:36:22 1 开始竞选
2022/05/03 19:36:22 2 发送心跳
2022/05/03 19:36:22 2 发送心跳
2022/05/03 19:36:23 2 发送心跳
2022/05/03 19:36:23 0 选举超时,开始新一轮选举
2022/05/03 19:36:23 0 节点转变为Candidate
2022/05/03 19:36:23 0 任期为15 重置选举超时时间 为 302000000
2022/05/03 19:36:23 0 开始竞选
2022/05/03 19:36:23 1 选举超时,开始新一轮选举
2022/05/03 19:36:23 1 节点转变为Candidate
2022/05/03 19:36:23 1 任期为17 重置选举超时时间 为 263000000
2022/05/03 19:36:23 1 开始竞选
2022/05/03 19:36:23 2 发送心跳
2022/05/03 19:36:23 2 发送心跳
2022/05/03 19:36:23 1 选举超时,开始新一轮选举
2022/05/03 19:36:23 1 节点转变为Candidate
2022/05/03 19:36:23 1 任期为18 重置选举超时时间 为 385000000
2022/05/03 19:36:23 1 开始竞选
2022/05/03 19:36:23 2 发送心跳
2022/05/03 19:36:23 0 选举超时,开始新一轮选举
2022/05/03 19:36:23 0 节点转变为Candidate
2022/05/03 19:36:23 0 任期为16 重置选举超时时间 为 374000000
2022/05/03 19:36:23 0 开始竞选
2022/05/03 19:36:23 2 发送心跳
2022/05/03 19:36:23 2 发送心跳
2022/05/03 19:36:23 2 发送心跳
2022/05/03 19:36:23 1 选举超时,开始新一轮选举
2022/05/03 19:36:23 1 节点转变为Candidate
2022/05/03 19:36:23 1 任期为19 重置选举超时时间 为 280000000
2022/05/03 19:36:23 1 开始竞选
2022/05/03 19:36:23 0 选举超时,开始新一轮选举
2022/05/03 19:36:23 0 节点转变为Candidate
2022/05/03 19:36:23 0 任期为17 重置选举超时时间 为 330000000
2022/05/03 19:36:23 0 开始竞选
2022/05/03 19:36:23 2 发送心跳
2022/05/03 19:36:23 2 发送心跳
--- FAIL: TestReElection2A (5.55s)
    config.go:460: expected one leader, got none
2022/05/03 19:36:23 0 节点转变为Follower
2022/05/03 19:36:23 0 任期为1 重置心跳超时时间 为 246000000
2022/05/03 19:36:23 创建节点0成功
2022/05/03 19:36:23 1 节点转变为Follower
2022/05/03 19:36:23 1 任期为1 重置心跳超时时间 为 230000000
2022/05/03 19:36:23 创建节点1成功
2022/05/03 19:36:23 2 节点转变为Follower
2022/05/03 19:36:23 2 任期为1 重置心跳超时时间 为 388000000
2022/05/03 19:36:23 创建节点2成功
2022/05/03 19:36:23 3 节点转变为Follower
2022/05/03 19:36:23 3 任期为1 重置心跳超时时间 为 310000000
2022/05/03 19:36:23 创建节点3成功
2022/05/03 19:36:23 4 节点转变为Follower
2022/05/03 19:36:23 4 任期为1 重置心跳超时时间 为 328000000
2022/05/03 19:36:23 创建节点4成功
2022/05/03 19:36:23 5 节点转变为Follower
2022/05/03 19:36:23 5 任期为1 重置心跳超时时间 为 231000000
2022/05/03 19:36:23 创建节点5成功
2022/05/03 19:36:23 6 节点转变为Follower
2022/05/03 19:36:23 6 任期为1 重置心跳超时时间 为 234000000
2022/05/03 19:36:23 创建节点6成功
Test (2A): multiple elections ...
2022/05/03 19:36:23 2 发送心跳
2022/05/03 19:36:24 1 选举超时,开始新一轮选举
2022/05/03 19:36:24 1 节点转变为Candidate
2022/05/03 19:36:24 1 任期为20 重置选举超时时间 为 215000000
2022/05/03 19:36:24 1 开始竞选
2022/05/03 19:36:24 0 选举超时,开始新一轮选举
2022/05/03 19:36:24 0 节点转变为Candidate
2022/05/03 19:36:24 0 任期为18 重置选举超时时间 为 333000000
2022/05/03 19:36:24 0 开始竞选
2022/05/03 19:36:24 1 心跳超时 230000000,转换为Candidate
2022/05/03 19:36:24 1 节点转变为Candidate
2022/05/03 19:36:24 1 任期为2 重置选举超时时间 为 381000000
2022/05/03 19:36:24 1 开始竞选
2022/05/03 19:36:24 6 节点转变为Follower
2022/05/03 19:36:24 4 节点转变为Follower
2022/05/03 19:36:24 5 节点转变为Follower
2022/05/03 19:36:24 4 任期为2 重置心跳超时时间 为 215000000
2022/05/03 19:36:24 5 任期为2 重置心跳超时时间 为 327000000
2022/05/03 19:36:24 3 节点转变为Follower
2022/05/03 19:36:24 6 任期为2 重置心跳超时时间 为 203000000
2022/05/03 19:36:24 0 节点转变为Follower
2022/05/03 19:36:24 3 任期为2 重置心跳超时时间 为 220000000
2022/05/03 19:36:24 0 任期为2 重置心跳超时时间 为 355000000
2022/05/03 19:36:24 1 节点转变为Leader
2022/05/03 19:36:24 2 节点转变为Follower
2022/05/03 19:36:24 2 任期为2 重置心跳超时时间 为 370000000
2022/05/03 19:36:24 6 收到心跳
2022/05/03 19:36:24 0 收到心跳
2022/05/03 19:36:24 4 收到心跳
2022/05/03 19:36:24 3 收到心跳
2022/05/03 19:36:24 5 收到心跳
2022/05/03 19:36:24 4 任期为2 重置心跳超时时间 为 215000000
2022/05/03 19:36:24 0 任期为2 重置心跳超时时间 为 238000000
2022/05/03 19:36:24 6 任期为2 重置心跳超时时间 为 392000000
2022/05/03 19:36:24 3 任期为2 重置心跳超时时间 为 333000000
2022/05/03 19:36:24 5 任期为2 重置心跳超时时间 为 278000000
2022/05/03 19:36:24 2 收到心跳
2022/05/03 19:36:24 2 任期为2 重置心跳超时时间 为 204000000
2022/05/03 19:36:24 2 心跳超时 204000000,转换为Candidate
2022/05/03 19:36:24 2 节点转变为Candidate
2022/05/03 19:36:24 2 任期为3 重置选举超时时间 为 278000000
2022/05/03 19:36:24 2 开始竞选
2022/05/03 19:36:24 4 心跳超时 215000000,转换为Candidate
2022/05/03 19:36:24 4 节点转变为Candidate
2022/05/03 19:36:24 4 任期为3 重置选举超时时间 为 276000000
2022/05/03 19:36:24 4 开始竞选
2022/05/03 19:36:24 0 心跳超时 238000000,转换为Candidate
2022/05/03 19:36:24 0 节点转变为Candidate
2022/05/03 19:36:24 0 任期为3 重置选举超时时间 为 351000000
2022/05/03 19:36:24 0 开始竞选
2022/05/03 19:36:24 5 心跳超时 278000000,转换为Candidate
2022/05/03 19:36:24 5 节点转变为Candidate
2022/05/03 19:36:24 5 任期为3 重置选举超时时间 为 239000000
2022/05/03 19:36:24 5 开始竞选
2022/05/03 19:36:24 3 心跳超时 333000000,转换为Candidate
2022/05/03 19:36:24 3 节点转变为Candidate
2022/05/03 19:36:24 3 任期为3 重置选举超时时间 为 377000000
2022/05/03 19:36:24 3 开始竞选
2022/05/03 19:36:24 1 选举超时,开始新一轮选举
2022/05/03 19:36:24 6 心跳超时 392000000,转换为Candidate
2022/05/03 19:36:24 6 节点转变为Candidate
2022/05/03 19:36:24 6 任期为3 重置选举超时时间 为 272000000
2022/05/03 19:36:24 6 开始竞选
2022/05/03 19:36:24 1 发送心跳
2022/05/03 19:36:24 2 选举超时,开始新一轮选举
2022/05/03 19:36:24 2 节点转变为Candidate
2022/05/03 19:36:24 2 任期为4 重置选举超时时间 为 233000000
2022/05/03 19:36:24 2 开始竞选
2022/05/03 19:36:24 4 选举超时,开始新一轮选举
2022/05/03 19:36:24 4 节点转变为Candidate
2022/05/03 19:36:24 4 任期为4 重置选举超时时间 为 229000000
2022/05/03 19:36:24 4 开始竞选
2022/05/03 19:36:24 5 选举超时,开始新一轮选举
2022/05/03 19:36:24 5 节点转变为Candidate
2022/05/03 19:36:24 5 任期为4 重置选举超时时间 为 337000000
2022/05/03 19:36:24 5 开始竞选
2022/05/03 19:36:24 1 发送心跳
2022/05/03 19:36:24 0 选举超时,开始新一轮选举
2022/05/03 19:36:24 0 节点转变为Candidate
2022/05/03 19:36:24 0 任期为4 重置选举超时时间 为 219000000
2022/05/03 19:36:24 0 开始竞选
2022/05/03 19:36:24 6 选举超时,开始新一轮选举
2022/05/03 19:36:24 6 节点转变为Candidate
2022/05/03 19:36:24 6 任期为4 重置选举超时时间 为 353000000
2022/05/03 19:36:24 6 开始竞选
2022/05/03 19:36:24 1 发送心跳
2022/05/03 19:36:24 3 选举超时,开始新一轮选举
2022/05/03 19:36:24 3 节点转变为Candidate
2022/05/03 19:36:24 3 任期为4 重置选举超时时间 为 256000000
2022/05/03 19:36:24 3 开始竞选
2022/05/03 19:36:24 2 选举超时,开始新一轮选举
2022/05/03 19:36:24 2 节点转变为Candidate
2022/05/03 19:36:24 2 任期为5 重置选举超时时间 为 230000000
2022/05/03 19:36:24 2 开始竞选
2022/05/03 19:36:24 4 选举超时,开始新一轮选举
2022/05/03 19:36:24 4 节点转变为Candidate
2022/05/03 19:36:24 4 任期为5 重置选举超时时间 为 300000000
2022/05/03 19:36:24 4 开始竞选
2022/05/03 19:36:24 1 发送心跳
2022/05/03 19:36:24 0 选举超时,开始新一轮选举
2022/05/03 19:36:24 0 节点转变为Candidate
2022/05/03 19:36:24 0 任期为5 重置选举超时时间 为 203000000
2022/05/03 19:36:24 0 开始竞选
2022/05/03 19:36:25 5 选举超时,开始新一轮选举
2022/05/03 19:36:25 5 节点转变为Candidate
2022/05/03 19:36:25 5 任期为5 重置选举超时时间 为 269000000
2022/05/03 19:36:25 5 开始竞选
2022/05/03 19:36:25 1 发送心跳
2022/05/03 19:36:25 2 选举超时,开始新一轮选举
2022/05/03 19:36:25 2 节点转变为Candidate
2022/05/03 19:36:25 2 任期为6 重置选举超时时间 为 242000000
2022/05/03 19:36:25 2 开始竞选
2022/05/03 19:36:25 3 选举超时,开始新一轮选举
2022/05/03 19:36:25 3 节点转变为Candidate
2022/05/03 19:36:25 3 任期为5 重置选举超时时间 为 214000000
2022/05/03 19:36:25 3 开始竞选
2022/05/03 19:36:25 1 发送心跳
2022/05/03 19:36:25 0 选举超时,开始新一轮选举
2022/05/03 19:36:25 0 节点转变为Candidate
2022/05/03 19:36:25 0 任期为6 重置选举超时时间 为 316000000
2022/05/03 19:36:25 0 开始竞选
2022/05/03 19:36:25 6 选举超时,开始新一轮选举
2022/05/03 19:36:25 6 节点转变为Candidate
2022/05/03 19:36:25 6 任期为5 重置选举超时时间 为 271000000
2022/05/03 19:36:25 6 开始竞选
2022/05/03 19:36:25 4 选举超时,开始新一轮选举
2022/05/03 19:36:25 4 节点转变为Candidate
2022/05/03 19:36:25 4 任期为6 重置选举超时时间 为 357000000
2022/05/03 19:36:25 4 开始竞选
2022/05/03 19:36:25 1 发送心跳
2022/05/03 19:36:25 5 选举超时,开始新一轮选举
2022/05/03 19:36:25 5 节点转变为Candidate
2022/05/03 19:36:25 5 任期为6 重置选举超时时间 为 218000000
2022/05/03 19:36:25 5 开始竞选
2022/05/03 19:36:25 3 选举超时,开始新一轮选举
2022/05/03 19:36:25 3 节点转变为Candidate
2022/05/03 19:36:25 3 任期为6 重置选举超时时间 为 240000000
2022/05/03 19:36:25 3 开始竞选
2022/05/03 19:36:25 1 发送心跳
2022/05/03 19:36:25 2 选举超时,开始新一轮选举
2022/05/03 19:36:25 2 节点转变为Candidate
2022/05/03 19:36:25 2 任期为7 重置选举超时时间 为 216000000
2022/05/03 19:36:25 2 开始竞选
2022/05/03 19:36:25 1 发送心跳
2022/05/03 19:36:25 6 选举超时,开始新一轮选举
2022/05/03 19:36:25 6 节点转变为Candidate
2022/05/03 19:36:25 6 任期为6 重置选举超时时间 为 354000000
2022/05/03 19:36:25 6 开始竞选
2022/05/03 19:36:25 0 选举超时,开始新一轮选举
2022/05/03 19:36:25 0 节点转变为Candidate
2022/05/03 19:36:25 0 任期为7 重置选举超时时间 为 280000000
2022/05/03 19:36:25 0 开始竞选
2022/05/03 19:36:25 5 选举超时,开始新一轮选举
2022/05/03 19:36:25 5 节点转变为Candidate
2022/05/03 19:36:25 5 任期为7 重置选举超时时间 为 313000000
2022/05/03 19:36:25 5 开始竞选
2022/05/03 19:36:25 4 选举超时,开始新一轮选举
2022/05/03 19:36:25 4 节点转变为Candidate
2022/05/03 19:36:25 4 任期为7 重置选举超时时间 为 209000000
2022/05/03 19:36:25 4 开始竞选
2022/05/03 19:36:25 1 发送心跳
2022/05/03 19:36:25 2 选举超时,开始新一轮选举
2022/05/03 19:36:25 2 节点转变为Candidate
2022/05/03 19:36:25 2 任期为8 重置选举超时时间 为 268000000
2022/05/03 19:36:25 2 开始竞选
2022/05/03 19:36:25 3 选举超时,开始新一轮选举
2022/05/03 19:36:25 3 节点转变为Candidate
2022/05/03 19:36:25 3 任期为7 重置选举超时时间 为 385000000
2022/05/03 19:36:25 3 开始竞选
2022/05/03 19:36:25 1 发送心跳
2022/05/03 19:36:25 1 发送心跳
2022/05/03 19:36:25 4 选举超时,开始新一轮选举
2022/05/03 19:36:25 4 节点转变为Candidate
2022/05/03 19:36:25 4 任期为8 重置选举超时时间 为 341000000
2022/05/03 19:36:25 4 开始竞选
2022/05/03 19:36:25 0 选举超时,开始新一轮选举
2022/05/03 19:36:25 0 节点转变为Candidate
2022/05/03 19:36:25 0 任期为8 重置选举超时时间 为 242000000
2022/05/03 19:36:25 0 开始竞选
2022/05/03 19:36:25 6 选举超时,开始新一轮选举
2022/05/03 19:36:25 6 节点转变为Candidate
2022/05/03 19:36:25 6 任期为7 重置选举超时时间 为 371000000
2022/05/03 19:36:25 6 开始竞选
2022/05/03 19:36:25 5 选举超时,开始新一轮选举
2022/05/03 19:36:25 5 节点转变为Candidate
2022/05/03 19:36:25 5 任期为8 重置选举超时时间 为 231000000
2022/05/03 19:36:25 5 开始竞选
2022/05/03 19:36:25 2 选举超时,开始新一轮选举
2022/05/03 19:36:25 2 节点转变为Candidate
2022/05/03 19:36:25 2 任期为9 重置选举超时时间 为 251000000
2022/05/03 19:36:25 2 开始竞选
2022/05/03 19:36:25 1 发送心跳
2022/05/03 19:36:25 1 发送心跳
2022/05/03 19:36:25 3 选举超时,开始新一轮选举
2022/05/03 19:36:25 3 节点转变为Candidate
2022/05/03 19:36:25 3 任期为8 重置选举超时时间 为 337000000
2022/05/03 19:36:25 3 开始竞选
2022/05/03 19:36:26 0 选举超时,开始新一轮选举
2022/05/03 19:36:26 0 节点转变为Candidate
2022/05/03 19:36:26 0 任期为9 重置选举超时时间 为 367000000
2022/05/03 19:36:26 0 开始竞选
2022/05/03 19:36:26 1 发送心跳
2022/05/03 19:36:26 5 选举超时,开始新一轮选举
2022/05/03 19:36:26 5 节点转变为Candidate
2022/05/03 19:36:26 5 任期为9 重置选举超时时间 为 213000000
2022/05/03 19:36:26 5 开始竞选
2022/05/03 19:36:26 2 选举超时,开始新一轮选举
2022/05/03 19:36:26 2 节点转变为Candidate
2022/05/03 19:36:26 2 任期为10 重置选举超时时间 为 358000000
2022/05/03 19:36:26 2 开始竞选
2022/05/03 19:36:26 4 选举超时,开始新一轮选举
2022/05/03 19:36:26 4 节点转变为Candidate
2022/05/03 19:36:26 4 任期为9 重置选举超时时间 为 387000000
2022/05/03 19:36:26 4 开始竞选
2022/05/03 19:36:26 1 发送心跳
2022/05/03 19:36:26 6 选举超时,开始新一轮选举
2022/05/03 19:36:26 6 节点转变为Candidate
2022/05/03 19:36:26 6 任期为8 重置选举超时时间 为 202000000
2022/05/03 19:36:26 6 开始竞选
2022/05/03 19:36:26 1 发送心跳
2022/05/03 19:36:26 5 选举超时,开始新一轮选举
2022/05/03 19:36:26 5 节点转变为Candidate
2022/05/03 19:36:26 5 任期为10 重置选举超时时间 为 277000000
2022/05/03 19:36:26 5 开始竞选
2022/05/03 19:36:26 3 选举超时,开始新一轮选举
2022/05/03 19:36:26 3 节点转变为Candidate
2022/05/03 19:36:26 3 任期为9 重置选举超时时间 为 392000000
2022/05/03 19:36:26 3 开始竞选
2022/05/03 19:36:26 1 发送心跳
2022/05/03 19:36:26 6 选举超时,开始新一轮选举
2022/05/03 19:36:26 6 节点转变为Candidate
2022/05/03 19:36:26 6 任期为9 重置选举超时时间 为 348000000
2022/05/03 19:36:26 6 开始竞选
2022/05/03 19:36:26 0 选举超时,开始新一轮选举
2022/05/03 19:36:26 0 节点转变为Candidate
2022/05/03 19:36:26 0 任期为10 重置选举超时时间 为 285000000
2022/05/03 19:36:26 0 开始竞选
2022/05/03 19:36:26 2 选举超时,开始新一轮选举
2022/05/03 19:36:26 2 节点转变为Candidate
2022/05/03 19:36:26 2 任期为11 重置选举超时时间 为 393000000
2022/05/03 19:36:26 2 开始竞选
2022/05/03 19:36:26 1 发送心跳
2022/05/03 19:36:26 4 选举超时,开始新一轮选举
2022/05/03 19:36:26 4 节点转变为Candidate
2022/05/03 19:36:26 4 任期为10 重置选举超时时间 为 364000000
2022/05/03 19:36:26 4 开始竞选
2022/05/03 19:36:26 5 选举超时,开始新一轮选举
2022/05/03 19:36:26 5 节点转变为Candidate
2022/05/03 19:36:26 5 任期为11 重置选举超时时间 为 330000000
2022/05/03 19:36:26 5 开始竞选
2022/05/03 19:36:26 1 发送心跳
2022/05/03 19:36:26 1 发送心跳
2022/05/03 19:36:26 0 选举超时,开始新一轮选举
2022/05/03 19:36:26 0 节点转变为Candidate
2022/05/03 19:36:26 0 任期为11 重置选举超时时间 为 330000000
2022/05/03 19:36:26 0 开始竞选
2022/05/03 19:36:26 3 选举超时,开始新一轮选举
2022/05/03 19:36:26 3 节点转变为Candidate
2022/05/03 19:36:26 3 任期为10 重置选举超时时间 为 317000000
2022/05/03 19:36:26 3 开始竞选
2022/05/03 19:36:26 6 选举超时,开始新一轮选举
2022/05/03 19:36:26 6 节点转变为Candidate
2022/05/03 19:36:26 6 任期为10 重置选举超时时间 为 360000000
2022/05/03 19:36:26 6 开始竞选
2022/05/03 19:36:26 1 发送心跳
2022/05/03 19:36:26 2 选举超时,开始新一轮选举
2022/05/03 19:36:26 2 节点转变为Candidate
2022/05/03 19:36:26 2 任期为12 重置选举超时时间 为 332000000
2022/05/03 19:36:26 2 开始竞选
2022/05/03 19:36:26 4 选举超时,开始新一轮选举
2022/05/03 19:36:26 4 节点转变为Candidate
2022/05/03 19:36:26 4 任期为11 重置选举超时时间 为 310000000
2022/05/03 19:36:26 4 开始竞选
2022/05/03 19:36:26 1 发送心跳
2022/05/03 19:36:26 5 选举超时,开始新一轮选举
2022/05/03 19:36:26 5 节点转变为Candidate
2022/05/03 19:36:26 5 任期为12 重置选举超时时间 为 243000000
2022/05/03 19:36:26 5 开始竞选
2022/05/03 19:36:26 1 发送心跳
2022/05/03 19:36:26 0 选举超时,开始新一轮选举
2022/05/03 19:36:26 0 节点转变为Candidate
2022/05/03 19:36:26 0 任期为12 重置选举超时时间 为 345000000
2022/05/03 19:36:26 0 开始竞选
2022/05/03 19:36:27 3 选举超时,开始新一轮选举
2022/05/03 19:36:27 3 节点转变为Candidate
2022/05/03 19:36:27 3 任期为11 重置选举超时时间 为 256000000
2022/05/03 19:36:27 3 开始竞选
2022/05/03 19:36:27 1 发送心跳
2022/05/03 19:36:27 6 选举超时,开始新一轮选举
2022/05/03 19:36:27 6 节点转变为Candidate
2022/05/03 19:36:27 6 任期为11 重置选举超时时间 为 298000000
2022/05/03 19:36:27 6 开始竞选
2022/05/03 19:36:27 5 选举超时,开始新一轮选举
2022/05/03 19:36:27 5 节点转变为Candidate
2022/05/03 19:36:27 5 任期为13 重置选举超时时间 为 294000000
2022/05/03 19:36:27 5 开始竞选
2022/05/03 19:36:27 4 选举超时,开始新一轮选举
2022/05/03 19:36:27 4 节点转变为Candidate
2022/05/03 19:36:27 1 发送心跳
2022/05/03 19:36:27 4 任期为12 重置选举超时时间 为 285000000
2022/05/03 19:36:27 4 开始竞选
2022/05/03 19:36:27 2 选举超时,开始新一轮选举
2022/05/03 19:36:27 2 节点转变为Candidate
2022/05/03 19:36:27 2 任期为13 重置选举超时时间 为 378000000
2022/05/03 19:36:27 2 开始竞选
2022/05/03 19:36:27 1 发送心跳
2022/05/03 19:36:27 3 选举超时,开始新一轮选举
2022/05/03 19:36:27 3 节点转变为Candidate
2022/05/03 19:36:27 3 任期为12 重置选举超时时间 为 377000000
2022/05/03 19:36:27 3 开始竞选
2022/05/03 19:36:27 0 选举超时,开始新一轮选举
2022/05/03 19:36:27 0 节点转变为Candidate
2022/05/03 19:36:27 0 任期为13 重置选举超时时间 为 215000000
2022/05/03 19:36:27 0 开始竞选
2022/05/03 19:36:27 1 发送心跳
2022/05/03 19:36:27 6 选举超时,开始新一轮选举
2022/05/03 19:36:27 6 节点转变为Candidate
2022/05/03 19:36:27 6 任期为12 重置选举超时时间 为 286000000
2022/05/03 19:36:27 6 开始竞选
2022/05/03 19:36:27 5 选举超时,开始新一轮选举
2022/05/03 19:36:27 5 节点转变为Candidate
2022/05/03 19:36:27 5 任期为14 重置选举超时时间 为 260000000
2022/05/03 19:36:27 5 开始竞选
2022/05/03 19:36:27 4 选举超时,开始新一轮选举
2022/05/03 19:36:27 4 节点转变为Candidate
2022/05/03 19:36:27 4 任期为13 重置选举超时时间 为 213000000
2022/05/03 19:36:27 4 开始竞选
2022/05/03 19:36:27 1 发送心跳
2022/05/03 19:36:27 2 选举超时,开始新一轮选举
2022/05/03 19:36:27 2 节点转变为Candidate
2022/05/03 19:36:27 2 任期为14 重置选举超时时间 为 399000000
2022/05/03 19:36:27 2 开始竞选
2022/05/03 19:36:27 0 选举超时,开始新一轮选举
2022/05/03 19:36:27 0 节点转变为Candidate
2022/05/03 19:36:27 0 任期为14 重置选举超时时间 为 363000000
2022/05/03 19:36:27 0 开始竞选
2022/05/03 19:36:27 1 发送心跳
2022/05/03 19:36:27 3 选举超时,开始新一轮选举
2022/05/03 19:36:27 3 节点转变为Candidate
2022/05/03 19:36:27 3 任期为13 重置选举超时时间 为 261000000
2022/05/03 19:36:27 3 开始竞选
2022/05/03 19:36:27 4 选举超时,开始新一轮选举
2022/05/03 19:36:27 4 节点转变为Candidate
2022/05/03 19:36:27 4 任期为14 重置选举超时时间 为 371000000
2022/05/03 19:36:27 4 开始竞选
2022/05/03 19:36:27 1 发送心跳
2022/05/03 19:36:27 5 选举超时,开始新一轮选举
2022/05/03 19:36:27 5 节点转变为Candidate
2022/05/03 19:36:27 5 任期为15 重置选举超时时间 为 381000000
2022/05/03 19:36:27 5 开始竞选
2022/05/03 19:36:27 6 选举超时,开始新一轮选举
2022/05/03 19:36:27 6 节点转变为Candidate
2022/05/03 19:36:27 6 任期为13 重置选举超时时间 为 332000000
2022/05/03 19:36:27 6 开始竞选
2022/05/03 19:36:27 1 发送心跳
2022/05/03 19:36:27 1 发送心跳
2022/05/03 19:36:27 3 选举超时,开始新一轮选举
2022/05/03 19:36:27 3 节点转变为Candidate
2022/05/03 19:36:27 3 任期为14 重置选举超时时间 为 204000000
2022/05/03 19:36:27 3 开始竞选
2022/05/03 19:36:27 0 选举超时,开始新一轮选举
2022/05/03 19:36:27 0 节点转变为Candidate
2022/05/03 19:36:27 0 任期为15 重置选举超时时间 为 301000000
2022/05/03 19:36:27 0 开始竞选
2022/05/03 19:36:27 2 选举超时,开始新一轮选举
2022/05/03 19:36:27 2 节点转变为Candidate
2022/05/03 19:36:27 2 任期为15 重置选举超时时间 为 355000000
2022/05/03 19:36:27 2 开始竞选
2022/05/03 19:36:27 1 发送心跳
2022/05/03 19:36:28 6 选举超时,开始新一轮选举
2022/05/03 19:36:28 6 节点转变为Candidate
2022/05/03 19:36:28 6 任期为14 重置选举超时时间 为 349000000
2022/05/03 19:36:28 6 开始竞选
2022/05/03 19:36:28 4 选举超时,开始新一轮选举
2022/05/03 19:36:28 4 节点转变为Candidate
2022/05/03 19:36:28 4 任期为15 重置选举超时时间 为 294000000
2022/05/03 19:36:28 4 开始竞选
2022/05/03 19:36:28 5 选举超时,开始新一轮选举
2022/05/03 19:36:28 5 节点转变为Candidate
2022/05/03 19:36:28 5 任期为16 重置选举超时时间 为 394000000
2022/05/03 19:36:28 5 开始竞选
2022/05/03 19:36:28 1 发送心跳
2022/05/03 19:36:28 3 选举超时,开始新一轮选举
2022/05/03 19:36:28 3 节点转变为Candidate
2022/05/03 19:36:28 3 任期为15 重置选举超时时间 为 377000000
2022/05/03 19:36:28 3 开始竞选
2022/05/03 19:36:28 1 发送心跳
2022/05/03 19:36:28 0 选举超时,开始新一轮选举
2022/05/03 19:36:28 0 节点转变为Candidate
2022/05/03 19:36:28 0 任期为16 重置选举超时时间 为 312000000
2022/05/03 19:36:28 0 开始竞选
2022/05/03 19:36:28 1 发送心跳
2022/05/03 19:36:28 2 选举超时,开始新一轮选举
2022/05/03 19:36:28 2 节点转变为Candidate
2022/05/03 19:36:28 2 任期为16 重置选举超时时间 为 376000000
2022/05/03 19:36:28 2 开始竞选
2022/05/03 19:36:28 4 选举超时,开始新一轮选举
2022/05/03 19:36:28 4 节点转变为Candidate
2022/05/03 19:36:28 4 任期为16 重置选举超时时间 为 214000000
2022/05/03 19:36:28 4 开始竞选
2022/05/03 19:36:28 6 选举超时,开始新一轮选举
2022/05/03 19:36:28 6 节点转变为Candidate
2022/05/03 19:36:28 6 任期为15 重置选举超时时间 为 320000000
2022/05/03 19:36:28 6 开始竞选
2022/05/03 19:36:28 1 发送心跳
2022/05/03 19:36:28 5 选举超时,开始新一轮选举
2022/05/03 19:36:28 5 节点转变为Candidate
2022/05/03 19:36:28 5 任期为17 重置选举超时时间 为 374000000
2022/05/03 19:36:28 5 开始竞选
2022/05/03 19:36:28 1 发送心跳
2022/05/03 19:36:28 3 选举超时,开始新一轮选举
2022/05/03 19:36:28 3 节点转变为Candidate
2022/05/03 19:36:28 3 任期为16 重置选举超时时间 为 221000000
2022/05/03 19:36:28 3 开始竞选
2022/05/03 19:36:28 0 选举超时,开始新一轮选举
2022/05/03 19:36:28 0 节点转变为Candidate
2022/05/03 19:36:28 0 任期为17 重置选举超时时间 为 324000000
2022/05/03 19:36:28 0 开始竞选
2022/05/03 19:36:28 4 选举超时,开始新一轮选举
2022/05/03 19:36:28 4 节点转变为Candidate
2022/05/03 19:36:28 4 任期为17 重置选举超时时间 为 355000000
2022/05/03 19:36:28 4 开始竞选
2022/05/03 19:36:28 1 发送心跳
2022/05/03 19:36:28 1 发送心跳
2022/05/03 19:36:28 6 选举超时,开始新一轮选举
2022/05/03 19:36:28 6 节点转变为Candidate
2022/05/03 19:36:28 6 任期为16 重置选举超时时间 为 396000000
2022/05/03 19:36:28 6 开始竞选
2022/05/03 19:36:28 2 选举超时,开始新一轮选举
2022/05/03 19:36:28 2 节点转变为Candidate
2022/05/03 19:36:28 2 任期为17 重置选举超时时间 为 227000000
2022/05/03 19:36:28 2 开始竞选
2022/05/03 19:36:28 3 选举超时,开始新一轮选举
2022/05/03 19:36:28 3 节点转变为Candidate
2022/05/03 19:36:28 3 任期为17 重置选举超时时间 为 301000000
2022/05/03 19:36:28 3 开始竞选
2022/05/03 19:36:28 1 发送心跳
2022/05/03 19:36:28 5 选举超时,开始新一轮选举
2022/05/03 19:36:28 5 节点转变为Candidate
2022/05/03 19:36:28 5 任期为18 重置选举超时时间 为 292000000
2022/05/03 19:36:28 5 开始竞选
2022/05/03 19:36:28 0 选举超时,开始新一轮选举
2022/05/03 19:36:28 0 节点转变为Candidate
2022/05/03 19:36:28 0 任期为18 重置选举超时时间 为 391000000
2022/05/03 19:36:28 0 开始竞选
2022/05/03 19:36:28 1 发送心跳
2022/05/03 19:36:28 4 选举超时,开始新一轮选举
2022/05/03 19:36:28 4 节点转变为Candidate
2022/05/03 19:36:28 4 任期为18 重置选举超时时间 为 240000000
2022/05/03 19:36:28 4 开始竞选
2022/05/03 19:36:28 2 选举超时,开始新一轮选举
2022/05/03 19:36:28 2 节点转变为Candidate
2022/05/03 19:36:28 2 任期为18 重置选举超时时间 为 348000000
2022/05/03 19:36:28 2 开始竞选
2022/05/03 19:36:28 1 发送心跳
2022/05/03 19:36:29 3 选举超时,开始新一轮选举
2022/05/03 19:36:29 3 节点转变为Candidate
2022/05/03 19:36:29 3 任期为18 重置选举超时时间 为 261000000
2022/05/03 19:36:29 3 开始竞选
2022/05/03 19:36:29 1 发送心跳
2022/05/03 19:36:29 6 选举超时,开始新一轮选举
2022/05/03 19:36:29 6 节点转变为Candidate
2022/05/03 19:36:29 6 任期为17 重置选举超时时间 为 293000000
2022/05/03 19:36:29 6 开始竞选
2022/05/03 19:36:29 5 选举超时,开始新一轮选举
2022/05/03 19:36:29 5 节点转变为Candidate
2022/05/03 19:36:29 5 任期为19 重置选举超时时间 为 286000000
2022/05/03 19:36:29 5 开始竞选
2022/05/03 19:36:29 4 选举超时,开始新一轮选举
2022/05/03 19:36:29 4 节点转变为Candidate
2022/05/03 19:36:29 4 任期为19 重置选举超时时间 为 376000000
2022/05/03 19:36:29 4 开始竞选
2022/05/03 19:36:29 1 发送心跳
2022/05/03 19:36:29 0 选举超时,开始新一轮选举
2022/05/03 19:36:29 0 节点转变为Candidate
2022/05/03 19:36:29 0 任期为19 重置选举超时时间 为 244000000
2022/05/03 19:36:29 0 开始竞选
2022/05/03 19:36:29 2 选举超时,开始新一轮选举
2022/05/03 19:36:29 2 节点转变为Candidate
2022/05/03 19:36:29 2 任期为19 重置选举超时时间 为 277000000
2022/05/03 19:36:29 2 开始竞选
2022/05/03 19:36:29 1 发送心跳
2022/05/03 19:36:29 3 选举超时,开始新一轮选举
2022/05/03 19:36:29 3 节点转变为Candidate
2022/05/03 19:36:29 3 任期为19 重置选举超时时间 为 207000000
2022/05/03 19:36:29 3 开始竞选
2022/05/03 19:36:29 6 选举超时,开始新一轮选举
2022/05/03 19:36:29 6 节点转变为Candidate
2022/05/03 19:36:29 6 任期为18 重置选举超时时间 为 380000000
2022/05/03 19:36:29 6 开始竞选
2022/05/03 19:36:29 1 发送心跳
2022/05/03 19:36:29 5 选举超时,开始新一轮选举
2022/05/03 19:36:29 5 节点转变为Candidate
2022/05/03 19:36:29 5 任期为20 重置选举超时时间 为 360000000
2022/05/03 19:36:29 5 开始竞选
--- FAIL: TestManyElections2A (5.53s)
    config.go:460: expected one leader, got none
FAIL
exit status 1
FAIL	6.824/raft	11.612s
