2022/05/03 19:36:29 0 节点转变为Follower
2022/05/03 19:36:29 0 任期为1 重置心跳超时时间 为 332000000
2022/05/03 19:36:29 创建节点0成功
2022/05/03 19:36:29 1 节点转变为Follower
2022/05/03 19:36:29 1 任期为1 重置心跳超时时间 为 395000000
2022/05/03 19:36:29 创建节点1成功
2022/05/03 19:36:29 2 节点转变为Follower
2022/05/03 19:36:29 2 任期为1 重置心跳超时时间 为 335000000
2022/05/03 19:36:29 创建节点2成功
Test (2A): initial election ...
2022/05/03 19:36:30 0 心跳超时 332000000,转换为Candidate
2022/05/03 19:36:30 0 节点转变为Candidate
2022/05/03 19:36:30 0 任期为2 重置选举超时时间 为 220000000
2022/05/03 19:36:30 0 开始竞选
2022/05/03 19:36:30 2 节点转变为Follower
2022/05/03 19:36:30 1 节点转变为Follower
2022/05/03 19:36:30 1 任期为2 重置心跳超时时间 为 350000000
2022/05/03 19:36:30 0 节点转变为Leader
2022/05/03 19:36:30 2 任期为2 重置心跳超时时间 为 332000000
2022/05/03 19:36:30 2 收到心跳
2022/05/03 19:36:30 2 任期为2 重置心跳超时时间 为 279000000
2022/05/03 19:36:30 1 收到心跳
2022/05/03 19:36:30 1 任期为2 重置心跳超时时间 为 284000000
2022/05/03 19:36:30 0 选举超时,开始新一轮选举
2022/05/03 19:36:30 1 收到心跳
2022/05/03 19:36:30 2 收到心跳
2022/05/03 19:36:30 1 任期为2 重置心跳超时时间 为 382000000
2022/05/03 19:36:30 2 任期为2 重置心跳超时时间 为 278000000
2022/05/03 19:36:30 0 发送心跳
2022/05/03 19:36:30 2 收到心跳
2022/05/03 19:36:30 1 收到心跳
2022/05/03 19:36:30 2 任期为2 重置心跳超时时间 为 202000000
2022/05/03 19:36:30 1 任期为2 重置心跳超时时间 为 200000000
2022/05/03 19:36:30 0 发送心跳
2022/05/03 19:36:30 2 收到心跳
2022/05/03 19:36:30 1 收到心跳
2022/05/03 19:36:30 2 任期为2 重置心跳超时时间 为 398000000
2022/05/03 19:36:30 1 任期为2 重置心跳超时时间 为 265000000
2022/05/03 19:36:30 0 发送心跳
2022/05/03 19:36:30 2 收到心跳
2022/05/03 19:36:30 1 收到心跳
2022/05/03 19:36:30 1 任期为2 重置心跳超时时间 为 294000000
2022/05/03 19:36:30 2 任期为2 重置心跳超时时间 为 215000000
2022/05/03 19:36:30 0 发送心跳
2022/05/03 19:36:30 1 收到心跳
2022/05/03 19:36:30 2 收到心跳
2022/05/03 19:36:30 1 任期为2 重置心跳超时时间 为 336000000
2022/05/03 19:36:30 2 任期为2 重置心跳超时时间 为 267000000
2022/05/03 19:36:31 0 发送心跳
2022/05/03 19:36:31 2 收到心跳
2022/05/03 19:36:31 1 收到心跳
2022/05/03 19:36:31 2 任期为2 重置心跳超时时间 为 361000000
2022/05/03 19:36:31 1 任期为2 重置心跳超时时间 为 294000000
2022/05/03 19:36:31 0 发送心跳
2022/05/03 19:36:31 1 收到心跳
2022/05/03 19:36:31 2 收到心跳
2022/05/03 19:36:31 1 任期为2 重置心跳超时时间 为 216000000
2022/05/03 19:36:31 2 任期为2 重置心跳超时时间 为 331000000
2022/05/03 19:36:31 0 发送心跳
2022/05/03 19:36:31 2 收到心跳
2022/05/03 19:36:31 2 任期为2 重置心跳超时时间 为 236000000
2022/05/03 19:36:31 1 收到心跳
2022/05/03 19:36:31 1 任期为2 重置心跳超时时间 为 348000000
2022/05/03 19:36:31 0 发送心跳
2022/05/03 19:36:31 2 收到心跳
2022/05/03 19:36:31 1 收到心跳
2022/05/03 19:36:31 2 任期为2 重置心跳超时时间 为 237000000
2022/05/03 19:36:31 1 任期为2 重置心跳超时时间 为 335000000
2022/05/03 19:36:31 0 发送心跳
2022/05/03 19:36:31 2 收到心跳
2022/05/03 19:36:31 1 收到心跳
2022/05/03 19:36:31 2 任期为2 重置心跳超时时间 为 375000000
2022/05/03 19:36:31 1 任期为2 重置心跳超时时间 为 218000000
2022/05/03 19:36:31 0 发送心跳
2022/05/03 19:36:31 2 收到心跳
2022/05/03 19:36:31 1 收到心跳
2022/05/03 19:36:31 2 任期为2 重置心跳超时时间 为 355000000
2022/05/03 19:36:31 1 任期为2 重置心跳超时时间 为 301000000
2022/05/03 19:36:31 0 发送心跳
2022/05/03 19:36:31 2 收到心跳
2022/05/03 19:36:31 1 收到心跳
2022/05/03 19:36:31 2 任期为2 重置心跳超时时间 为 219000000
2022/05/03 19:36:31 1 任期为2 重置心跳超时时间 为 225000000
2022/05/03 19:36:31 0 发送心跳
2022/05/03 19:36:31 2 收到心跳
2022/05/03 19:36:31 1 收到心跳
2022/05/03 19:36:31 2 任期为2 重置心跳超时时间 为 227000000
2022/05/03 19:36:31 1 任期为2 重置心跳超时时间 为 205000000
2022/05/03 19:36:31 0 发送心跳
2022/05/03 19:36:31 2 收到心跳
2022/05/03 19:36:31 1 收到心跳
2022/05/03 19:36:31 2 任期为2 重置心跳超时时间 为 261000000
2022/05/03 19:36:31 1 任期为2 重置心跳超时时间 为 244000000
2022/05/03 19:36:31 0 发送心跳
2022/05/03 19:36:31 1 收到心跳
2022/05/03 19:36:31 2 收到心跳
2022/05/03 19:36:31 1 任期为2 重置心跳超时时间 为 354000000
2022/05/03 19:36:31 2 任期为2 重置心跳超时时间 为 273000000
2022/05/03 19:36:32 0 发送心跳
2022/05/03 19:36:32 2 收到心跳
2022/05/03 19:36:32 1 收到心跳
2022/05/03 19:36:32 2 任期为2 重置心跳超时时间 为 251000000
2022/05/03 19:36:32 1 任期为2 重置心跳超时时间 为 220000000
2022/05/03 19:36:32 0 发送心跳
2022/05/03 19:36:32 1 收到心跳
2022/05/03 19:36:32 2 收到心跳
2022/05/03 19:36:32 1 任期为2 重置心跳超时时间 为 232000000
2022/05/03 19:36:32 2 任期为2 重置心跳超时时间 为 220000000
2022/05/03 19:36:32 0 发送心跳
2022/05/03 19:36:32 2 收到心跳
2022/05/03 19:36:32 2 任期为2 重置心跳超时时间 为 259000000
2022/05/03 19:36:32 1 收到心跳
2022/05/03 19:36:32 1 任期为2 重置心跳超时时间 为 216000000
2022/05/03 19:36:32 0 发送心跳
2022/05/03 19:36:32 1 收到心跳
2022/05/03 19:36:32 2 收到心跳
2022/05/03 19:36:32 1 任期为2 重置心跳超时时间 为 376000000
2022/05/03 19:36:32 2 任期为2 重置心跳超时时间 为 392000000
2022/05/03 19:36:32 0 发送心跳
2022/05/03 19:36:32 1 收到心跳
2022/05/03 19:36:32 2 收到心跳
2022/05/03 19:36:32 1 任期为2 重置心跳超时时间 为 318000000
2022/05/03 19:36:32 2 任期为2 重置心跳超时时间 为 267000000
2022/05/03 19:36:32 0 发送心跳
2022/05/03 19:36:32 1 收到心跳
2022/05/03 19:36:32 2 收到心跳
2022/05/03 19:36:32 1 任期为2 重置心跳超时时间 为 279000000
2022/05/03 19:36:32 2 任期为2 重置心跳超时时间 为 399000000
2022/05/03 19:36:32 0 发送心跳
2022/05/03 19:36:32 2 收到心跳
2022/05/03 19:36:32 1 收到心跳
2022/05/03 19:36:32 2 任期为2 重置心跳超时时间 为 316000000
2022/05/03 19:36:32 1 任期为2 重置心跳超时时间 为 233000000
2022/05/03 19:36:32 0 发送心跳
2022/05/03 19:36:32 1 收到心跳
2022/05/03 19:36:32 2 收到心跳
2022/05/03 19:36:32 2 任期为2 重置心跳超时时间 为 201000000
2022/05/03 19:36:32 1 任期为2 重置心跳超时时间 为 225000000
2022/05/03 19:36:32 0 发送心跳
2022/05/03 19:36:32 2 收到心跳
2022/05/03 19:36:32 1 收到心跳
2022/05/03 19:36:32 2 任期为2 重置心跳超时时间 为 336000000
2022/05/03 19:36:32 1 任期为2 重置心跳超时时间 为 254000000
2022/05/03 19:36:32 0 发送心跳
2022/05/03 19:36:32 1 收到心跳
2022/05/03 19:36:32 2 收到心跳
2022/05/03 19:36:32 2 任期为2 重置心跳超时时间 为 355000000
2022/05/03 19:36:32 1 任期为2 重置心跳超时时间 为 355000000
2022/05/03 19:36:33 0 发送心跳
2022/05/03 19:36:33 1 收到心跳
2022/05/03 19:36:33 2 收到心跳
2022/05/03 19:36:33 1 任期为2 重置心跳超时时间 为 368000000
2022/05/03 19:36:33 2 任期为2 重置心跳超时时间 为 267000000
  ... Passed --   3.1  3   56   15008    0
2022/05/03 19:36:33 0 节点转变为Follower
2022/05/03 19:36:33 0 任期为1 重置心跳超时时间 为 253000000
2022/05/03 19:36:33 创建节点0成功
2022/05/03 19:36:33 1 节点转变为Follower
2022/05/03 19:36:33 1 任期为1 重置心跳超时时间 为 246000000
2022/05/03 19:36:33 创建节点1成功
2022/05/03 19:36:33 2 节点转变为Follower
2022/05/03 19:36:33 2 任期为1 重置心跳超时时间 为 371000000
2022/05/03 19:36:33 创建节点2成功
Test (2A): election after network failure ...
2022/05/03 19:36:33 0 发送心跳
2022/05/03 19:36:33 2 心跳超时 267000000,转换为Candidate
2022/05/03 19:36:33 2 节点转变为Candidate
2022/05/03 19:36:33 2 任期为3 重置选举超时时间 为 366000000
2022/05/03 19:36:33 2 开始竞选
2022/05/03 19:36:33 1 心跳超时 246000000,转换为Candidate
2022/05/03 19:36:33 1 节点转变为Candidate
2022/05/03 19:36:33 1 任期为2 重置选举超时时间 为 310000000
2022/05/03 19:36:33 1 开始竞选
2022/05/03 19:36:33 2 节点转变为Follower
2022/05/03 19:36:33 0 节点转变为Follower
2022/05/03 19:36:33 2 任期为2 重置心跳超时时间 为 290000000
2022/05/03 19:36:33 0 任期为2 重置心跳超时时间 为 222000000
2022/05/03 19:36:33 1 节点转变为Leader
2022/05/03 19:36:33 2 收到心跳
2022/05/03 19:36:33 0 收到心跳
2022/05/03 19:36:33 2 任期为2 重置心跳超时时间 为 269000000
2022/05/03 19:36:33 0 任期为2 重置心跳超时时间 为 387000000
2022/05/03 19:36:33 1 心跳超时 368000000,转换为Candidate
2022/05/03 19:36:33 1 节点转变为Candidate
2022/05/03 19:36:33 1 任期为3 重置选举超时时间 为 264000000
2022/05/03 19:36:33 1 开始竞选
2022/05/03 19:36:33 2 心跳超时 269000000,转换为Candidate
2022/05/03 19:36:33 2 节点转变为Candidate
2022/05/03 19:36:33 2 任期为3 重置选举超时时间 为 397000000
2022/05/03 19:36:33 2 开始竞选
2022/05/03 19:36:33 1 选举超时,开始新一轮选举
2022/05/03 19:36:33 0 心跳超时 387000000,转换为Candidate
2022/05/03 19:36:33 0 节点转变为Candidate
2022/05/03 19:36:33 0 任期为3 重置选举超时时间 为 275000000
2022/05/03 19:36:33 0 开始竞选
2022/05/03 19:36:33 1 发送心跳
2022/05/03 19:36:33 1 发送心跳
2022/05/03 19:36:33 1 发送心跳
2022/05/03 19:36:33 0 选举超时,开始新一轮选举
2022/05/03 19:36:33 0 节点转变为Candidate
2022/05/03 19:36:33 0 任期为4 重置选举超时时间 为 205000000
2022/05/03 19:36:33 0 开始竞选
2022/05/03 19:36:33 2 选举超时,开始新一轮选举
2022/05/03 19:36:33 2 节点转变为Candidate
2022/05/03 19:36:33 2 任期为4 重置选举超时时间 为 261000000
2022/05/03 19:36:33 2 开始竞选
2022/05/03 19:36:34 1 发送心跳
2022/05/03 19:36:34 1 发送心跳
2022/05/03 19:36:34 0 选举超时,开始新一轮选举
2022/05/03 19:36:34 0 节点转变为Candidate
2022/05/03 19:36:34 0 任期为5 重置选举超时时间 为 356000000
2022/05/03 19:36:34 0 开始竞选
2022/05/03 19:36:34 1 发送心跳
2022/05/03 19:36:34 2 选举超时,开始新一轮选举
2022/05/03 19:36:34 2 节点转变为Candidate
2022/05/03 19:36:34 2 任期为5 重置选举超时时间 为 338000000
2022/05/03 19:36:34 2 开始竞选
2022/05/03 19:36:34 1 发送心跳
2022/05/03 19:36:34 1 发送心跳
2022/05/03 19:36:34 1 发送心跳
2022/05/03 19:36:34 0 选举超时,开始新一轮选举
2022/05/03 19:36:34 0 节点转变为Candidate
2022/05/03 19:36:34 0 任期为6 重置选举超时时间 为 315000000
2022/05/03 19:36:34 0 开始竞选
2022/05/03 19:36:34 2 选举超时,开始新一轮选举
2022/05/03 19:36:34 2 节点转变为Candidate
2022/05/03 19:36:34 2 任期为6 重置选举超时时间 为 240000000
2022/05/03 19:36:34 2 开始竞选
2022/05/03 19:36:34 1 发送心跳
2022/05/03 19:36:34 1 发送心跳
2022/05/03 19:36:34 2 选举超时,开始新一轮选举
2022/05/03 19:36:34 2 节点转变为Candidate
2022/05/03 19:36:34 2 任期为7 重置选举超时时间 为 202000000
2022/05/03 19:36:34 2 开始竞选
2022/05/03 19:36:34 1 发送心跳
2022/05/03 19:36:34 0 选举超时,开始新一轮选举
2022/05/03 19:36:34 0 节点转变为Candidate
2022/05/03 19:36:34 0 任期为7 重置选举超时时间 为 363000000
2022/05/03 19:36:34 0 开始竞选
2022/05/03 19:36:34 1 发送心跳
2022/05/03 19:36:35 2 选举超时,开始新一轮选举
2022/05/03 19:36:35 2 节点转变为Candidate
2022/05/03 19:36:35 2 任期为8 重置选举超时时间 为 252000000
2022/05/03 19:36:35 2 开始竞选
2022/05/03 19:36:35 1 发送心跳
2022/05/03 19:36:35 1 发送心跳
2022/05/03 19:36:35 0 选举超时,开始新一轮选举
2022/05/03 19:36:35 0 节点转变为Candidate
2022/05/03 19:36:35 0 任期为8 重置选举超时时间 为 394000000
2022/05/03 19:36:35 0 开始竞选
2022/05/03 19:36:35 1 发送心跳
2022/05/03 19:36:35 2 选举超时,开始新一轮选举
2022/05/03 19:36:35 2 节点转变为Candidate
2022/05/03 19:36:35 2 任期为9 重置选举超时时间 为 292000000
2022/05/03 19:36:35 2 开始竞选
2022/05/03 19:36:35 1 发送心跳
2022/05/03 19:36:35 1 发送心跳
2022/05/03 19:36:35 1 发送心跳
2022/05/03 19:36:35 2 选举超时,开始新一轮选举
2022/05/03 19:36:35 2 节点转变为Candidate
2022/05/03 19:36:35 2 任期为10 重置选举超时时间 为 272000000
2022/05/03 19:36:35 2 开始竞选
2022/05/03 19:36:35 0 选举超时,开始新一轮选举
2022/05/03 19:36:35 0 节点转变为Candidate
2022/05/03 19:36:35 0 任期为9 重置选举超时时间 为 373000000
2022/05/03 19:36:35 0 开始竞选
2022/05/03 19:36:35 1 发送心跳
2022/05/03 19:36:35 1 发送心跳
2022/05/03 19:36:35 1 发送心跳
2022/05/03 19:36:35 2 选举超时,开始新一轮选举
2022/05/03 19:36:35 2 节点转变为Candidate
2022/05/03 19:36:35 2 任期为11 重置选举超时时间 为 213000000
2022/05/03 19:36:35 2 开始竞选
2022/05/03 19:36:35 1 发送心跳
2022/05/03 19:36:36 0 选举超时,开始新一轮选举
2022/05/03 19:36:36 0 节点转变为Candidate
2022/05/03 19:36:36 0 任期为10 重置选举超时时间 为 388000000
2022/05/03 19:36:36 0 开始竞选
2022/05/03 19:36:36 1 发送心跳
2022/05/03 19:36:36 2 选举超时,开始新一轮选举
2022/05/03 19:36:36 2 节点转变为Candidate
2022/05/03 19:36:36 2 任期为12 重置选举超时时间 为 395000000
2022/05/03 19:36:36 2 开始竞选
2022/05/03 19:36:36 1 发送心跳
2022/05/03 19:36:36 1 发送心跳
2022/05/03 19:36:36 1 发送心跳
2022/05/03 19:36:36 0 选举超时,开始新一轮选举
2022/05/03 19:36:36 0 节点转变为Candidate
2022/05/03 19:36:36 0 任期为11 重置选举超时时间 为 324000000
2022/05/03 19:36:36 0 开始竞选
2022/05/03 19:36:36 1 发送心跳
2022/05/03 19:36:36 2 选举超时,开始新一轮选举
2022/05/03 19:36:36 2 节点转变为Candidate
2022/05/03 19:36:36 2 任期为13 重置选举超时时间 为 211000000
2022/05/03 19:36:36 2 开始竞选
2022/05/03 19:36:36 1 发送心跳
2022/05/03 19:36:36 1 发送心跳
2022/05/03 19:36:36 2 选举超时,开始新一轮选举
2022/05/03 19:36:36 2 节点转变为Candidate
2022/05/03 19:36:36 2 任期为14 重置选举超时时间 为 373000000
2022/05/03 19:36:36 2 开始竞选
2022/05/03 19:36:36 0 选举超时,开始新一轮选举
2022/05/03 19:36:36 0 节点转变为Candidate
2022/05/03 19:36:36 0 任期为12 重置选举超时时间 为 352000000
2022/05/03 19:36:36 0 开始竞选
2022/05/03 19:36:36 1 发送心跳
2022/05/03 19:36:36 1 发送心跳
2022/05/03 19:36:36 1 发送心跳
2022/05/03 19:36:37 2 选举超时,开始新一轮选举
2022/05/03 19:36:37 2 节点转变为Candidate
2022/05/03 19:36:37 2 任期为15 重置选举超时时间 为 336000000
2022/05/03 19:36:37 2 开始竞选
2022/05/03 19:36:37 1 发送心跳
2022/05/03 19:36:37 0 选举超时,开始新一轮选举
2022/05/03 19:36:37 0 节点转变为Candidate
2022/05/03 19:36:37 0 任期为13 重置选举超时时间 为 352000000
2022/05/03 19:36:37 0 开始竞选
2022/05/03 19:36:37 1 发送心跳
2022/05/03 19:36:37 1 发送心跳
2022/05/03 19:36:37 1 发送心跳
2022/05/03 19:36:37 2 选举超时,开始新一轮选举
2022/05/03 19:36:37 2 节点转变为Candidate
2022/05/03 19:36:37 2 任期为16 重置选举超时时间 为 296000000
2022/05/03 19:36:37 2 开始竞选
2022/05/03 19:36:37 0 选举超时,开始新一轮选举
2022/05/03 19:36:37 0 节点转变为Candidate
2022/05/03 19:36:37 0 任期为14 重置选举超时时间 为 249000000
2022/05/03 19:36:37 0 开始竞选
2022/05/03 19:36:37 1 发送心跳
2022/05/03 19:36:37 1 发送心跳
2022/05/03 19:36:37 1 发送心跳
2022/05/03 19:36:37 0 选举超时,开始新一轮选举
2022/05/03 19:36:37 0 节点转变为Candidate
2022/05/03 19:36:37 0 任期为15 重置选举超时时间 为 328000000
2022/05/03 19:36:37 0 开始竞选
2022/05/03 19:36:37 2 选举超时,开始新一轮选举
2022/05/03 19:36:37 2 节点转变为Candidate
2022/05/03 19:36:37 2 任期为17 重置选举超时时间 为 350000000
2022/05/03 19:36:37 2 开始竞选
2022/05/03 19:36:37 1 发送心跳
2022/05/03 19:36:37 1 发送心跳
2022/05/03 19:36:37 1 发送心跳
2022/05/03 19:36:38 0 选举超时,开始新一轮选举
2022/05/03 19:36:38 0 节点转变为Candidate
2022/05/03 19:36:38 0 任期为16 重置选举超时时间 为 366000000
2022/05/03 19:36:38 0 开始竞选
2022/05/03 19:36:38 2 选举超时,开始新一轮选举
2022/05/03 19:36:38 2 节点转变为Candidate
2022/05/03 19:36:38 2 任期为18 重置选举超时时间 为 228000000
2022/05/03 19:36:38 2 开始竞选
2022/05/03 19:36:38 1 发送心跳
2022/05/03 19:36:38 1 发送心跳
2022/05/03 19:36:38 2 选举超时,开始新一轮选举
2022/05/03 19:36:38 2 节点转变为Candidate
2022/05/03 19:36:38 2 任期为19 重置选举超时时间 为 364000000
2022/05/03 19:36:38 2 开始竞选
2022/05/03 19:36:38 1 发送心跳
2022/05/03 19:36:38 0 选举超时,开始新一轮选举
2022/05/03 19:36:38 0 节点转变为Candidate
2022/05/03 19:36:38 0 任期为17 重置选举超时时间 为 303000000
2022/05/03 19:36:38 0 开始竞选
2022/05/03 19:36:38 1 发送心跳
2022/05/03 19:36:38 1 发送心跳
2022/05/03 19:36:38 1 发送心跳
2022/05/03 19:36:38 2 选举超时,开始新一轮选举
2022/05/03 19:36:38 2 节点转变为Candidate
2022/05/03 19:36:38 2 任期为20 重置选举超时时间 为 234000000
2022/05/03 19:36:38 2 开始竞选
2022/05/03 19:36:38 1 发送心跳
2022/05/03 19:36:38 0 选举超时,开始新一轮选举
2022/05/03 19:36:38 0 节点转变为Candidate
2022/05/03 19:36:38 0 任期为18 重置选举超时时间 为 253000000
2022/05/03 19:36:38 0 开始竞选
--- FAIL: TestReElection2A (5.67s)
    config.go:460: expected one leader, got none
2022/05/03 19:36:38 0 节点转变为Follower
2022/05/03 19:36:38 0 任期为1 重置心跳超时时间 为 324000000
2022/05/03 19:36:38 创建节点0成功
2022/05/03 19:36:38 1 节点转变为Follower
2022/05/03 19:36:38 1 任期为1 重置心跳超时时间 为 241000000
2022/05/03 19:36:38 创建节点1成功
2022/05/03 19:36:38 2 节点转变为Follower
2022/05/03 19:36:38 2 任期为1 重置心跳超时时间 为 394000000
2022/05/03 19:36:38 创建节点2成功
2022/05/03 19:36:38 3 节点转变为Follower
2022/05/03 19:36:38 3 任期为1 重置心跳超时时间 为 248000000
2022/05/03 19:36:38 创建节点3成功
2022/05/03 19:36:38 4 节点转变为Follower
2022/05/03 19:36:38 4 任期为1 重置心跳超时时间 为 237000000
2022/05/03 19:36:38 创建节点4成功
2022/05/03 19:36:38 5 节点转变为Follower
2022/05/03 19:36:38 5 任期为1 重置心跳超时时间 为 361000000
2022/05/03 19:36:38 创建节点5成功
2022/05/03 19:36:38 6 节点转变为Follower
2022/05/03 19:36:38 6 任期为1 重置心跳超时时间 为 388000000
2022/05/03 19:36:38 创建节点6成功
Test (2A): multiple elections ...
2022/05/03 19:36:38 1 发送心跳
2022/05/03 19:36:38 2 选举超时,开始新一轮选举
2022/05/03 19:36:38 2 节点转变为Candidate
2022/05/03 19:36:38 2 任期为21 重置选举超时时间 为 282000000
2022/05/03 19:36:38 2 开始竞选
2022/05/03 19:36:38 0 选举超时,开始新一轮选举
2022/05/03 19:36:38 0 节点转变为Candidate
2022/05/03 19:36:38 0 任期为19 重置选举超时时间 为 323000000
2022/05/03 19:36:38 0 开始竞选
2022/05/03 19:36:38 4 心跳超时 237000000,转换为Candidate
2022/05/03 19:36:38 4 节点转变为Candidate
2022/05/03 19:36:38 4 任期为2 重置选举超时时间 为 286000000
2022/05/03 19:36:38 4 开始竞选
2022/05/03 19:36:38 6 节点转变为Follower
2022/05/03 19:36:38 2 节点转变为Follower
2022/05/03 19:36:38 3 节点转变为Follower
2022/05/03 19:36:38 5 节点转变为Follower
2022/05/03 19:36:38 6 任期为2 重置心跳超时时间 为 328000000
2022/05/03 19:36:38 3 任期为2 重置心跳超时时间 为 227000000
2022/05/03 19:36:38 5 任期为2 重置心跳超时时间 为 314000000
2022/05/03 19:36:38 4 节点转变为Leader
2022/05/03 19:36:38 2 任期为2 重置心跳超时时间 为 347000000
2022/05/03 19:36:38 0 节点转变为Follower
2022/05/03 19:36:38 1 节点转变为Follower
2022/05/03 19:36:38 0 任期为2 重置心跳超时时间 为 286000000
2022/05/03 19:36:38 1 任期为2 重置心跳超时时间 为 300000000
2022/05/03 19:36:38 2 收到心跳
2022/05/03 19:36:38 0 收到心跳
2022/05/03 19:36:38 2 任期为2 重置心跳超时时间 为 393000000
2022/05/03 19:36:38 6 收到心跳
2022/05/03 19:36:38 0 任期为2 重置心跳超时时间 为 352000000
2022/05/03 19:36:38 5 收到心跳
2022/05/03 19:36:38 6 任期为2 重置心跳超时时间 为 219000000
2022/05/03 19:36:38 5 任期为2 重置心跳超时时间 为 302000000
2022/05/03 19:36:38 1 收到心跳
2022/05/03 19:36:38 3 收到心跳
2022/05/03 19:36:38 3 任期为2 重置心跳超时时间 为 290000000
2022/05/03 19:36:38 1 任期为2 重置心跳超时时间 为 316000000
2022/05/03 19:36:39 6 心跳超时 219000000,转换为Candidate
2022/05/03 19:36:39 6 节点转变为Candidate
2022/05/03 19:36:39 6 任期为3 重置选举超时时间 为 210000000
2022/05/03 19:36:39 6 开始竞选
2022/05/03 19:36:39 4 选举超时,开始新一轮选举
2022/05/03 19:36:39 2 收到心跳
2022/05/03 19:36:39 0 收到心跳
2022/05/03 19:36:39 1 收到心跳
2022/05/03 19:36:39 2 任期为2 重置心跳超时时间 为 360000000
2022/05/03 19:36:39 0 任期为2 重置心跳超时时间 为 231000000
2022/05/03 19:36:39 1 任期为2 重置心跳超时时间 为 341000000
2022/05/03 19:36:39 3 收到心跳
2022/05/03 19:36:39 3 任期为2 重置心跳超时时间 为 278000000
2022/05/03 19:36:39 5 收到心跳
2022/05/03 19:36:39 5 任期为2 重置心跳超时时间 为 327000000
2022/05/03 19:36:39 4 发送心跳
2022/05/03 19:36:39 3 收到心跳
2022/05/03 19:36:39 2 收到心跳
2022/05/03 19:36:39 1 收到心跳
2022/05/03 19:36:39 2 任期为2 重置心跳超时时间 为 212000000
2022/05/03 19:36:39 1 任期为2 重置心跳超时时间 为 355000000
2022/05/03 19:36:39 3 任期为2 重置心跳超时时间 为 213000000
2022/05/03 19:36:39 6 选举超时,开始新一轮选举
2022/05/03 19:36:39 6 节点转变为Candidate
2022/05/03 19:36:39 6 任期为4 重置选举超时时间 为 354000000
2022/05/03 19:36:39 6 开始竞选
2022/05/03 19:36:39 4 发送心跳
2022/05/03 19:36:39 2 收到心跳
2022/05/03 19:36:39 3 收到心跳
2022/05/03 19:36:39 2 任期为2 重置心跳超时时间 为 223000000
2022/05/03 19:36:39 3 任期为2 重置心跳超时时间 为 232000000
2022/05/03 19:36:39 1 收到心跳
2022/05/03 19:36:39 1 任期为2 重置心跳超时时间 为 226000000
2022/05/03 19:36:39 0 心跳超时 231000000,转换为Candidate
2022/05/03 19:36:39 0 节点转变为Candidate
2022/05/03 19:36:39 0 任期为3 重置选举超时时间 为 272000000
2022/05/03 19:36:39 0 开始竞选
2022/05/03 19:36:39 4 发送心跳
2022/05/03 19:36:39 1 收到心跳
2022/05/03 19:36:39 2 收到心跳
2022/05/03 19:36:39 1 任期为2 重置心跳超时时间 为 356000000
2022/05/03 19:36:39 3 收到心跳
2022/05/03 19:36:39 2 任期为2 重置心跳超时时间 为 380000000
2022/05/03 19:36:39 3 任期为2 重置心跳超时时间 为 269000000
2022/05/03 19:36:39 5 心跳超时 327000000,转换为Candidate
2022/05/03 19:36:39 5 节点转变为Candidate
2022/05/03 19:36:39 5 任期为3 重置选举超时时间 为 363000000
2022/05/03 19:36:39 5 开始竞选
2022/05/03 19:36:39 4 发送心跳
2022/05/03 19:36:39 3 收到心跳
2022/05/03 19:36:39 2 收到心跳
2022/05/03 19:36:39 3 任期为2 重置心跳超时时间 为 375000000
2022/05/03 19:36:39 2 任期为2 重置心跳超时时间 为 235000000
2022/05/03 19:36:39 1 收到心跳
2022/05/03 19:36:39 1 任期为2 重置心跳超时时间 为 280000000
2022/05/03 19:36:39 6 选举超时,开始新一轮选举
2022/05/03 19:36:39 6 节点转变为Candidate
2022/05/03 19:36:39 6 任期为5 重置选举超时时间 为 351000000
2022/05/03 19:36:39 6 开始竞选
2022/05/03 19:36:39 4 发送心跳
2022/05/03 19:36:39 1 收到心跳
2022/05/03 19:36:39 3 收到心跳
2022/05/03 19:36:39 1 任期为2 重置心跳超时时间 为 213000000
2022/05/03 19:36:39 3 任期为2 重置心跳超时时间 为 357000000
2022/05/03 19:36:39 2 收到心跳
2022/05/03 19:36:39 2 任期为2 重置心跳超时时间 为 293000000
2022/05/03 19:36:39 0 选举超时,开始新一轮选举
2022/05/03 19:36:39 0 节点转变为Candidate
2022/05/03 19:36:39 0 任期为4 重置选举超时时间 为 256000000
2022/05/03 19:36:39 0 开始竞选
2022/05/03 19:36:39 4 发送心跳
2022/05/03 19:36:39 5 选举超时,开始新一轮选举
2022/05/03 19:36:39 5 节点转变为Candidate
2022/05/03 19:36:39 5 任期为4 重置选举超时时间 为 279000000
2022/05/03 19:36:39 5 开始竞选
2022/05/03 19:36:39 4 发送心跳
2022/05/03 19:36:39 1 心跳超时 213000000,转换为Candidate
2022/05/03 19:36:39 1 节点转变为Candidate
2022/05/03 19:36:39 1 任期为3 重置选举超时时间 为 325000000
2022/05/03 19:36:39 1 开始竞选
2022/05/03 19:36:40 0 选举超时,开始新一轮选举
2022/05/03 19:36:40 0 节点转变为Candidate
2022/05/03 19:36:40 0 任期为5 重置选举超时时间 为 309000000
2022/05/03 19:36:40 0 开始竞选
2022/05/03 19:36:40 2 心跳超时 293000000,转换为Candidate
2022/05/03 19:36:40 2 节点转变为Candidate
2022/05/03 19:36:40 2 任期为3 重置选举超时时间 为 326000000
2022/05/03 19:36:40 2 开始竞选
2022/05/03 19:36:40 4 发送心跳
2022/05/03 19:36:40 6 选举超时,开始新一轮选举
2022/05/03 19:36:40 6 节点转变为Candidate
2022/05/03 19:36:40 6 任期为6 重置选举超时时间 为 339000000
2022/05/03 19:36:40 6 开始竞选
2022/05/03 19:36:40 3 心跳超时 357000000,转换为Candidate
2022/05/03 19:36:40 3 节点转变为Candidate
2022/05/03 19:36:40 3 任期为3 重置选举超时时间 为 361000000
2022/05/03 19:36:40 3 开始竞选
2022/05/03 19:36:40 4 发送心跳
2022/05/03 19:36:40 5 选举超时,开始新一轮选举
2022/05/03 19:36:40 5 节点转变为Candidate
2022/05/03 19:36:40 5 任期为5 重置选举超时时间 为 263000000
2022/05/03 19:36:40 5 开始竞选
2022/05/03 19:36:40 4 发送心跳
2022/05/03 19:36:40 1 选举超时,开始新一轮选举
2022/05/03 19:36:40 1 节点转变为Candidate
2022/05/03 19:36:40 1 任期为4 重置选举超时时间 为 364000000
2022/05/03 19:36:40 1 开始竞选
2022/05/03 19:36:40 0 选举超时,开始新一轮选举
2022/05/03 19:36:40 0 节点转变为Candidate
2022/05/03 19:36:40 0 任期为6 重置选举超时时间 为 210000000
2022/05/03 19:36:40 0 开始竞选
2022/05/03 19:36:40 4 发送心跳
2022/05/03 19:36:40 2 选举超时,开始新一轮选举
2022/05/03 19:36:40 2 节点转变为Candidate
2022/05/03 19:36:40 2 任期为4 重置选举超时时间 为 290000000
2022/05/03 19:36:40 2 开始竞选
2022/05/03 19:36:40 6 选举超时,开始新一轮选举
2022/05/03 19:36:40 6 节点转变为Candidate
2022/05/03 19:36:40 6 任期为7 重置选举超时时间 为 238000000
2022/05/03 19:36:40 6 开始竞选
2022/05/03 19:36:40 4 发送心跳
2022/05/03 19:36:40 3 选举超时,开始新一轮选举
2022/05/03 19:36:40 3 节点转变为Candidate
2022/05/03 19:36:40 3 任期为4 重置选举超时时间 为 204000000
2022/05/03 19:36:40 3 开始竞选
2022/05/03 19:36:40 5 选举超时,开始新一轮选举
2022/05/03 19:36:40 5 节点转变为Candidate
2022/05/03 19:36:40 5 任期为6 重置选举超时时间 为 222000000
2022/05/03 19:36:40 5 开始竞选
2022/05/03 19:36:40 0 选举超时,开始新一轮选举
2022/05/03 19:36:40 0 节点转变为Candidate
2022/05/03 19:36:40 0 任期为7 重置选举超时时间 为 224000000
2022/05/03 19:36:40 0 开始竞选
2022/05/03 19:36:40 4 发送心跳
2022/05/03 19:36:40 1 选举超时,开始新一轮选举
2022/05/03 19:36:40 1 节点转变为Candidate
2022/05/03 19:36:40 1 任期为5 重置选举超时时间 为 290000000
2022/05/03 19:36:40 1 开始竞选
2022/05/03 19:36:40 4 发送心跳
2022/05/03 19:36:40 2 选举超时,开始新一轮选举
2022/05/03 19:36:40 2 节点转变为Candidate
2022/05/03 19:36:40 2 任期为5 重置选举超时时间 为 375000000
2022/05/03 19:36:40 2 开始竞选
2022/05/03 19:36:40 3 选举超时,开始新一轮选举
2022/05/03 19:36:40 3 节点转变为Candidate
2022/05/03 19:36:40 3 任期为5 重置选举超时时间 为 313000000
2022/05/03 19:36:40 3 开始竞选
2022/05/03 19:36:40 6 选举超时,开始新一轮选举
2022/05/03 19:36:40 6 节点转变为Candidate
2022/05/03 19:36:40 6 任期为8 重置选举超时时间 为 380000000
2022/05/03 19:36:40 6 开始竞选
2022/05/03 19:36:40 5 选举超时,开始新一轮选举
2022/05/03 19:36:40 5 节点转变为Candidate
2022/05/03 19:36:40 5 任期为7 重置选举超时时间 为 260000000
2022/05/03 19:36:40 5 开始竞选
2022/05/03 19:36:40 0 选举超时,开始新一轮选举
2022/05/03 19:36:40 0 节点转变为Candidate
2022/05/03 19:36:40 0 任期为8 重置选举超时时间 为 298000000
2022/05/03 19:36:40 0 开始竞选
2022/05/03 19:36:40 4 发送心跳
2022/05/03 19:36:40 4 发送心跳
2022/05/03 19:36:40 1 选举超时,开始新一轮选举
2022/05/03 19:36:40 1 节点转变为Candidate
2022/05/03 19:36:40 1 任期为6 重置选举超时时间 为 274000000
2022/05/03 19:36:40 1 开始竞选
2022/05/03 19:36:40 4 发送心跳
2022/05/03 19:36:40 5 选举超时,开始新一轮选举
2022/05/03 19:36:40 5 节点转变为Candidate
2022/05/03 19:36:40 5 任期为8 重置选举超时时间 为 382000000
2022/05/03 19:36:40 5 开始竞选
2022/05/03 19:36:41 3 选举超时,开始新一轮选举
2022/05/03 19:36:41 3 节点转变为Candidate
2022/05/03 19:36:41 3 任期为6 重置选举超时时间 为 379000000
2022/05/03 19:36:41 3 开始竞选
2022/05/03 19:36:41 2 选举超时,开始新一轮选举
2022/05/03 19:36:41 2 节点转变为Candidate
2022/05/03 19:36:41 2 任期为6 重置选举超时时间 为 382000000
2022/05/03 19:36:41 2 开始竞选
2022/05/03 19:36:41 0 选举超时,开始新一轮选举
2022/05/03 19:36:41 0 节点转变为Candidate
2022/05/03 19:36:41 0 任期为9 重置选举超时时间 为 269000000
2022/05/03 19:36:41 0 开始竞选
2022/05/03 19:36:41 6 选举超时,开始新一轮选举
2022/05/03 19:36:41 6 节点转变为Candidate
2022/05/03 19:36:41 6 任期为9 重置选举超时时间 为 396000000
2022/05/03 19:36:41 6 开始竞选
2022/05/03 19:36:41 4 发送心跳
2022/05/03 19:36:41 4 发送心跳
2022/05/03 19:36:41 1 选举超时,开始新一轮选举
2022/05/03 19:36:41 1 节点转变为Candidate
2022/05/03 19:36:41 1 任期为7 重置选举超时时间 为 275000000
2022/05/03 19:36:41 1 开始竞选
2022/05/03 19:36:41 4 发送心跳
2022/05/03 19:36:41 0 选举超时,开始新一轮选举
2022/05/03 19:36:41 0 节点转变为Candidate
2022/05/03 19:36:41 0 任期为10 重置选举超时时间 为 309000000
2022/05/03 19:36:41 0 开始竞选
2022/05/03 19:36:41 5 选举超时,开始新一轮选举
2022/05/03 19:36:41 5 节点转变为Candidate
2022/05/03 19:36:41 5 任期为9 重置选举超时时间 为 234000000
2022/05/03 19:36:41 5 开始竞选
2022/05/03 19:36:41 4 发送心跳
2022/05/03 19:36:41 3 选举超时,开始新一轮选举
2022/05/03 19:36:41 3 节点转变为Candidate
2022/05/03 19:36:41 3 任期为7 重置选举超时时间 为 293000000
2022/05/03 19:36:41 3 开始竞选
2022/05/03 19:36:41 2 选举超时,开始新一轮选举
2022/05/03 19:36:41 2 节点转变为Candidate
2022/05/03 19:36:41 2 任期为7 重置选举超时时间 为 242000000
2022/05/03 19:36:41 2 开始竞选
2022/05/03 19:36:41 6 选举超时,开始新一轮选举
2022/05/03 19:36:41 6 节点转变为Candidate
2022/05/03 19:36:41 6 任期为10 重置选举超时时间 为 215000000
2022/05/03 19:36:41 6 开始竞选
2022/05/03 19:36:41 4 发送心跳
2022/05/03 19:36:41 1 选举超时,开始新一轮选举
2022/05/03 19:36:41 1 节点转变为Candidate
2022/05/03 19:36:41 1 任期为8 重置选举超时时间 为 297000000
2022/05/03 19:36:41 1 开始竞选
2022/05/03 19:36:41 4 发送心跳
2022/05/03 19:36:41 5 选举超时,开始新一轮选举
2022/05/03 19:36:41 5 节点转变为Candidate
2022/05/03 19:36:41 5 任期为10 重置选举超时时间 为 232000000
2022/05/03 19:36:41 5 开始竞选
2022/05/03 19:36:41 0 选举超时,开始新一轮选举
2022/05/03 19:36:41 0 节点转变为Candidate
2022/05/03 19:36:41 0 任期为11 重置选举超时时间 为 351000000
2022/05/03 19:36:41 0 开始竞选
2022/05/03 19:36:41 3 选举超时,开始新一轮选举
2022/05/03 19:36:41 3 节点转变为Candidate
2022/05/03 19:36:41 3 任期为8 重置选举超时时间 为 372000000
2022/05/03 19:36:41 3 开始竞选
2022/05/03 19:36:41 2 选举超时,开始新一轮选举
2022/05/03 19:36:41 2 节点转变为Candidate
2022/05/03 19:36:41 2 任期为8 重置选举超时时间 为 301000000
2022/05/03 19:36:41 2 开始竞选
2022/05/03 19:36:41 4 发送心跳
2022/05/03 19:36:41 6 选举超时,开始新一轮选举
2022/05/03 19:36:41 6 节点转变为Candidate
2022/05/03 19:36:41 6 任期为11 重置选举超时时间 为 209000000
2022/05/03 19:36:41 6 开始竞选
2022/05/03 19:36:41 4 发送心跳
2022/05/03 19:36:41 1 选举超时,开始新一轮选举
2022/05/03 19:36:41 1 节点转变为Candidate
2022/05/03 19:36:41 1 任期为9 重置选举超时时间 为 236000000
2022/05/03 19:36:41 1 开始竞选
2022/05/03 19:36:41 5 选举超时,开始新一轮选举
2022/05/03 19:36:41 5 节点转变为Candidate
2022/05/03 19:36:41 5 任期为11 重置选举超时时间 为 295000000
2022/05/03 19:36:41 5 开始竞选
2022/05/03 19:36:41 4 发送心跳
2022/05/03 19:36:41 6 选举超时,开始新一轮选举
2022/05/03 19:36:41 6 节点转变为Candidate
2022/05/03 19:36:41 6 任期为12 重置选举超时时间 为 265000000
2022/05/03 19:36:41 6 开始竞选
2022/05/03 19:36:41 2 选举超时,开始新一轮选举
2022/05/03 19:36:41 2 节点转变为Candidate
2022/05/03 19:36:41 2 任期为9 重置选举超时时间 为 377000000
2022/05/03 19:36:41 2 开始竞选
2022/05/03 19:36:41 4 发送心跳
2022/05/03 19:36:42 0 选举超时,开始新一轮选举
2022/05/03 19:36:42 0 节点转变为Candidate
2022/05/03 19:36:42 0 任期为12 重置选举超时时间 为 212000000
2022/05/03 19:36:42 0 开始竞选
2022/05/03 19:36:42 1 选举超时,开始新一轮选举
2022/05/03 19:36:42 1 节点转变为Candidate
2022/05/03 19:36:42 1 任期为10 重置选举超时时间 为 280000000
2022/05/03 19:36:42 1 开始竞选
2022/05/03 19:36:42 3 选举超时,开始新一轮选举
2022/05/03 19:36:42 3 节点转变为Candidate
2022/05/03 19:36:42 3 任期为9 重置选举超时时间 为 311000000
2022/05/03 19:36:42 3 开始竞选
2022/05/03 19:36:42 4 发送心跳
2022/05/03 19:36:42 5 选举超时,开始新一轮选举
2022/05/03 19:36:42 5 节点转变为Candidate
2022/05/03 19:36:42 5 任期为12 重置选举超时时间 为 344000000
2022/05/03 19:36:42 5 开始竞选
2022/05/03 19:36:42 6 选举超时,开始新一轮选举
2022/05/03 19:36:42 6 节点转变为Candidate
2022/05/03 19:36:42 6 任期为13 重置选举超时时间 为 388000000
2022/05/03 19:36:42 6 开始竞选
2022/05/03 19:36:42 4 发送心跳
2022/05/03 19:36:42 0 选举超时,开始新一轮选举
2022/05/03 19:36:42 0 节点转变为Candidate
2022/05/03 19:36:42 0 任期为13 重置选举超时时间 为 293000000
2022/05/03 19:36:42 0 开始竞选
2022/05/03 19:36:42 4 发送心跳
2022/05/03 19:36:42 1 选举超时,开始新一轮选举
2022/05/03 19:36:42 1 节点转变为Candidate
2022/05/03 19:36:42 1 任期为11 重置选举超时时间 为 280000000
2022/05/03 19:36:42 1 开始竞选
2022/05/03 19:36:42 2 选举超时,开始新一轮选举
2022/05/03 19:36:42 2 节点转变为Candidate
2022/05/03 19:36:42 2 任期为10 重置选举超时时间 为 271000000
2022/05/03 19:36:42 2 开始竞选
2022/05/03 19:36:42 3 选举超时,开始新一轮选举
2022/05/03 19:36:42 3 节点转变为Candidate
2022/05/03 19:36:42 3 任期为10 重置选举超时时间 为 335000000
2022/05/03 19:36:42 3 开始竞选
2022/05/03 19:36:42 4 发送心跳
2022/05/03 19:36:42 5 选举超时,开始新一轮选举
2022/05/03 19:36:42 5 节点转变为Candidate
2022/05/03 19:36:42 5 任期为13 重置选举超时时间 为 377000000
2022/05/03 19:36:42 5 开始竞选
2022/05/03 19:36:42 4 发送心跳
2022/05/03 19:36:42 0 选举超时,开始新一轮选举
2022/05/03 19:36:42 0 节点转变为Candidate
2022/05/03 19:36:42 0 任期为14 重置选举超时时间 为 398000000
2022/05/03 19:36:42 0 开始竞选
2022/05/03 19:36:42 6 选举超时,开始新一轮选举
2022/05/03 19:36:42 6 节点转变为Candidate
2022/05/03 19:36:42 6 任期为14 重置选举超时时间 为 206000000
2022/05/03 19:36:42 6 开始竞选
2022/05/03 19:36:42 4 发送心跳
2022/05/03 19:36:42 1 选举超时,开始新一轮选举
2022/05/03 19:36:42 1 节点转变为Candidate
2022/05/03 19:36:42 1 任期为12 重置选举超时时间 为 313000000
2022/05/03 19:36:42 1 开始竞选
2022/05/03 19:36:42 2 选举超时,开始新一轮选举
2022/05/03 19:36:42 2 节点转变为Candidate
2022/05/03 19:36:42 2 任期为11 重置选举超时时间 为 235000000
2022/05/03 19:36:42 2 开始竞选
2022/05/03 19:36:42 4 发送心跳
2022/05/03 19:36:42 3 选举超时,开始新一轮选举
2022/05/03 19:36:42 3 节点转变为Candidate
2022/05/03 19:36:42 3 任期为11 重置选举超时时间 为 323000000
2022/05/03 19:36:42 3 开始竞选
2022/05/03 19:36:42 6 选举超时,开始新一轮选举
2022/05/03 19:36:42 6 节点转变为Candidate
2022/05/03 19:36:42 6 任期为15 重置选举超时时间 为 213000000
2022/05/03 19:36:42 6 开始竞选
2022/05/03 19:36:42 4 发送心跳
2022/05/03 19:36:42 5 选举超时,开始新一轮选举
2022/05/03 19:36:42 5 节点转变为Candidate
2022/05/03 19:36:42 5 任期为14 重置选举超时时间 为 309000000
2022/05/03 19:36:42 5 开始竞选
2022/05/03 19:36:42 2 选举超时,开始新一轮选举
2022/05/03 19:36:42 2 节点转变为Candidate
2022/05/03 19:36:42 2 任期为12 重置选举超时时间 为 306000000
2022/05/03 19:36:42 2 开始竞选
2022/05/03 19:36:42 4 发送心跳
2022/05/03 19:36:42 0 选举超时,开始新一轮选举
2022/05/03 19:36:42 0 节点转变为Candidate
2022/05/03 19:36:42 0 任期为15 重置选举超时时间 为 338000000
2022/05/03 19:36:42 0 开始竞选
2022/05/03 19:36:42 1 选举超时,开始新一轮选举
2022/05/03 19:36:42 1 节点转变为Candidate
2022/05/03 19:36:42 1 任期为13 重置选举超时时间 为 341000000
2022/05/03 19:36:42 1 开始竞选
2022/05/03 19:36:42 6 选举超时,开始新一轮选举
2022/05/03 19:36:42 6 节点转变为Candidate
2022/05/03 19:36:42 6 任期为16 重置选举超时时间 为 276000000
2022/05/03 19:36:42 6 开始竞选
2022/05/03 19:36:43 4 发送心跳
2022/05/03 19:36:43 3 选举超时,开始新一轮选举
2022/05/03 19:36:43 3 节点转变为Candidate
2022/05/03 19:36:43 3 任期为12 重置选举超时时间 为 372000000
2022/05/03 19:36:43 3 开始竞选
2022/05/03 19:36:43 4 发送心跳
2022/05/03 19:36:43 5 选举超时,开始新一轮选举
2022/05/03 19:36:43 5 节点转变为Candidate
2022/05/03 19:36:43 5 任期为15 重置选举超时时间 为 305000000
2022/05/03 19:36:43 5 开始竞选
2022/05/03 19:36:43 2 选举超时,开始新一轮选举
2022/05/03 19:36:43 2 节点转变为Candidate
2022/05/03 19:36:43 2 任期为13 重置选举超时时间 为 263000000
2022/05/03 19:36:43 2 开始竞选
2022/05/03 19:36:43 4 发送心跳
2022/05/03 19:36:43 0 选举超时,开始新一轮选举
2022/05/03 19:36:43 0 节点转变为Candidate
2022/05/03 19:36:43 0 任期为16 重置选举超时时间 为 232000000
2022/05/03 19:36:43 0 开始竞选
2022/05/03 19:36:43 6 选举超时,开始新一轮选举
2022/05/03 19:36:43 6 节点转变为Candidate
2022/05/03 19:36:43 6 任期为17 重置选举超时时间 为 226000000
2022/05/03 19:36:43 6 开始竞选
2022/05/03 19:36:43 1 选举超时,开始新一轮选举
2022/05/03 19:36:43 1 节点转变为Candidate
2022/05/03 19:36:43 1 任期为14 重置选举超时时间 为 387000000
2022/05/03 19:36:43 1 开始竞选
2022/05/03 19:36:43 4 发送心跳
2022/05/03 19:36:43 3 选举超时,开始新一轮选举
2022/05/03 19:36:43 3 节点转变为Candidate
2022/05/03 19:36:43 3 任期为13 重置选举超时时间 为 338000000
2022/05/03 19:36:43 3 开始竞选
2022/05/03 19:36:43 4 发送心跳
2022/05/03 19:36:43 2 选举超时,开始新一轮选举
2022/05/03 19:36:43 2 节点转变为Candidate
2022/05/03 19:36:43 2 任期为14 重置选举超时时间 为 226000000
2022/05/03 19:36:43 2 开始竞选
2022/05/03 19:36:43 5 选举超时,开始新一轮选举
2022/05/03 19:36:43 5 节点转变为Candidate
2022/05/03 19:36:43 5 任期为16 重置选举超时时间 为 235000000
2022/05/03 19:36:43 5 开始竞选
2022/05/03 19:36:43 6 选举超时,开始新一轮选举
2022/05/03 19:36:43 6 节点转变为Candidate
2022/05/03 19:36:43 6 任期为18 重置选举超时时间 为 397000000
2022/05/03 19:36:43 6 开始竞选
2022/05/03 19:36:43 0 选举超时,开始新一轮选举
2022/05/03 19:36:43 0 节点转变为Candidate
2022/05/03 19:36:43 0 任期为17 重置选举超时时间 为 323000000
2022/05/03 19:36:43 0 开始竞选
2022/05/03 19:36:43 4 发送心跳
2022/05/03 19:36:43 4 发送心跳
2022/05/03 19:36:43 1 选举超时,开始新一轮选举
2022/05/03 19:36:43 1 节点转变为Candidate
2022/05/03 19:36:43 1 任期为15 重置选举超时时间 为 269000000
2022/05/03 19:36:43 1 开始竞选
2022/05/03 19:36:43 2 选举超时,开始新一轮选举
2022/05/03 19:36:43 2 节点转变为Candidate
2022/05/03 19:36:43 2 任期为15 重置选举超时时间 为 374000000
2022/05/03 19:36:43 2 开始竞选
2022/05/03 19:36:43 4 发送心跳
2022/05/03 19:36:43 5 选举超时,开始新一轮选举
2022/05/03 19:36:43 5 节点转变为Candidate
2022/05/03 19:36:43 5 任期为17 重置选举超时时间 为 230000000
2022/05/03 19:36:43 5 开始竞选
2022/05/03 19:36:43 3 选举超时,开始新一轮选举
2022/05/03 19:36:43 3 节点转变为Candidate
2022/05/03 19:36:43 3 任期为14 重置选举超时时间 为 201000000
2022/05/03 19:36:43 3 开始竞选
2022/05/03 19:36:43 4 发送心跳
2022/05/03 19:36:43 0 选举超时,开始新一轮选举
2022/05/03 19:36:43 0 节点转变为Candidate
2022/05/03 19:36:43 0 任期为18 重置选举超时时间 为 253000000
2022/05/03 19:36:43 0 开始竞选
2022/05/03 19:36:43 6 选举超时,开始新一轮选举
2022/05/03 19:36:43 6 节点转变为Candidate
2022/05/03 19:36:43 6 任期为19 重置选举超时时间 为 232000000
2022/05/03 19:36:43 6 开始竞选
2022/05/03 19:36:43 4 发送心跳
2022/05/03 19:36:43 1 选举超时,开始新一轮选举
2022/05/03 19:36:43 1 节点转变为Candidate
2022/05/03 19:36:43 1 任期为16 重置选举超时时间 为 361000000
2022/05/03 19:36:43 1 开始竞选
2022/05/03 19:36:43 5 选举超时,开始新一轮选举
2022/05/03 19:36:43 5 节点转变为Candidate
2022/05/03 19:36:43 5 任期为18 重置选举超时时间 为 240000000
2022/05/03 19:36:43 5 开始竞选
2022/05/03 19:36:43 3 选举超时,开始新一轮选举
2022/05/03 19:36:43 3 节点转变为Candidate
2022/05/03 19:36:43 3 任期为15 重置选举超时时间 为 367000000
2022/05/03 19:36:43 3 开始竞选
2022/05/03 19:36:44 4 发送心跳
2022/05/03 19:36:44 2 选举超时,开始新一轮选举
2022/05/03 19:36:44 2 节点转变为Candidate
2022/05/03 19:36:44 2 任期为16 重置选举超时时间 为 356000000
2022/05/03 19:36:44 2 开始竞选
2022/05/03 19:36:44 0 选举超时,开始新一轮选举
2022/05/03 19:36:44 0 节点转变为Candidate
2022/05/03 19:36:44 0 任期为19 重置选举超时时间 为 282000000
2022/05/03 19:36:44 0 开始竞选
2022/05/03 19:36:44 4 发送心跳
2022/05/03 19:36:44 6 选举超时,开始新一轮选举
2022/05/03 19:36:44 6 节点转变为Candidate
2022/05/03 19:36:44 6 任期为20 重置选举超时时间 为 231000000
2022/05/03 19:36:44 6 开始竞选
2022/05/03 19:36:44 5 选举超时,开始新一轮选举
2022/05/03 19:36:44 5 节点转变为Candidate
2022/05/03 19:36:44 5 任期为19 重置选举超时时间 为 305000000
2022/05/03 19:36:44 5 开始竞选
2022/05/03 19:36:44 4 发送心跳
2022/05/03 19:36:44 1 选举超时,开始新一轮选举
2022/05/03 19:36:44 1 节点转变为Candidate
2022/05/03 19:36:44 1 任期为17 重置选举超时时间 为 335000000
2022/05/03 19:36:44 1 开始竞选
2022/05/03 19:36:44 4 发送心跳
2022/05/03 19:36:44 3 选举超时,开始新一轮选举
2022/05/03 19:36:44 3 节点转变为Candidate
2022/05/03 19:36:44 3 任期为16 重置选举超时时间 为 233000000
2022/05/03 19:36:44 3 开始竞选
2022/05/03 19:36:44 0 选举超时,开始新一轮选举
2022/05/03 19:36:44 0 节点转变为Candidate
2022/05/03 19:36:44 0 任期为20 重置选举超时时间 为 365000000
2022/05/03 19:36:44 0 开始竞选
2022/05/03 19:36:44 6 选举超时,开始新一轮选举
2022/05/03 19:36:44 6 节点转变为Candidate
2022/05/03 19:36:44 6 任期为21 重置选举超时时间 为 301000000
2022/05/03 19:36:44 6 开始竞选
2022/05/03 19:36:44 2 选举超时,开始新一轮选举
2022/05/03 19:36:44 2 节点转变为Candidate
2022/05/03 19:36:44 2 任期为17 重置选举超时时间 为 326000000
2022/05/03 19:36:44 2 开始竞选
2022/05/03 19:36:44 4 发送心跳
2022/05/03 19:36:44 5 选举超时,开始新一轮选举
2022/05/03 19:36:44 5 节点转变为Candidate
2022/05/03 19:36:44 5 任期为20 重置选举超时时间 为 380000000
2022/05/03 19:36:44 5 开始竞选
2022/05/03 19:36:44 4 发送心跳
2022/05/03 19:36:44 3 选举超时,开始新一轮选举
2022/05/03 19:36:44 3 节点转变为Candidate
2022/05/03 19:36:44 3 任期为17 重置选举超时时间 为 279000000
2022/05/03 19:36:44 3 开始竞选
2022/05/03 19:36:44 4 发送心跳
2022/05/03 19:36:44 1 选举超时,开始新一轮选举
2022/05/03 19:36:44 1 节点转变为Candidate
2022/05/03 19:36:44 1 任期为18 重置选举超时时间 为 376000000
2022/05/03 19:36:44 1 开始竞选
2022/05/03 19:36:44 6 选举超时,开始新一轮选举
2022/05/03 19:36:44 6 节点转变为Candidate
2022/05/03 19:36:44 6 任期为22 重置选举超时时间 为 320000000
2022/05/03 19:36:44 6 开始竞选
2022/05/03 19:36:44 0 选举超时,开始新一轮选举
2022/05/03 19:36:44 0 节点转变为Candidate
2022/05/03 19:36:44 0 任期为21 重置选举超时时间 为 261000000
2022/05/03 19:36:44 0 开始竞选
2022/05/03 19:36:44 4 发送心跳
2022/05/03 19:36:44 2 选举超时,开始新一轮选举
2022/05/03 19:36:44 2 节点转变为Candidate
2022/05/03 19:36:44 2 任期为18 重置选举超时时间 为 396000000
2022/05/03 19:36:44 2 开始竞选
--- FAIL: TestManyElections2A (6.02s)
    config.go:460: expected one leader, got none
FAIL
exit status 1
FAIL	6.824/raft	14.788s
